<?xml version="1.0" encoding="UTF-8"?>
<testng-results skipped="0" failed="0" total="1" passed="1">
  <reporter-output>
  </reporter-output>
  <suite name="Firefox" duration-ms="14605" started-at="2015-04-22T20:58:53Z" finished-at="2015-04-22T20:59:08Z">
    <groups>
    </groups>
    <test name="LoadBaublebarTest" duration-ms="14605" started-at="2015-04-22T20:58:53Z" finished-at="2015-04-22T20:59:08Z">
      <class name="com.baublebar.testcases.LoadBaublebarTest">
        <test-method status="PASS" signature="setupDesireCapabilities(java.lang.String, org.openqa.selenium.Platform, java.lang.String)[pri:0, instance:com.baublebar.testcases.LoadBaublebarTest@2322bce]" name="setupDesireCapabilities" is-config="true" duration-ms="9991" started-at="2015-04-22T16:58:43Z" finished-at="2015-04-22T16:58:53Z">
          <params>
            <param index="0">
              <value>
                <![CDATA[FIREFOX]]>
              </value>
            </param>
            <param index="1">
              <value>
                <![CDATA[WIN8_1]]>
              </value>
            </param>
            <param index="2">
              <value>
                <![CDATA[35]]>
              </value>
            </param>
          </params>
          <reporter-output>
          </reporter-output>
        </test-method> <!-- setupDesireCapabilities -->
        <test-method status="PASS" signature="loadBaublebar()[pri:0, instance:com.baublebar.testcases.LoadBaublebarTest@2322bce]" name="loadBaublebar" duration-ms="13060" started-at="2015-04-22T16:58:53Z" finished-at="2015-04-22T16:59:06Z">
          <reporter-output>
          </reporter-output>
        </test-method> <!-- loadBaublebar -->
        <test-method status="PASS" signature="updateSauceTestName(org.testng.ITestResult)[pri:0, instance:com.baublebar.testcases.LoadBaublebarTest@2322bce]" name="updateSauceTestName" is-config="true" duration-ms="1540" started-at="2015-04-22T16:59:06Z" finished-at="2015-04-22T16:59:08Z">
          <params>
            <param index="0">
              <value>
                <![CDATA[[TestResult name=loadBaublebar status=SUCCESS method=LoadBaublebarTest.loadBaublebar()[pri:0, instance:com.baublebar.testcases.LoadBaublebarTest@2322bce] output={null}]]]>
              </value>
            </param>
          </params>
          <reporter-output>
          </reporter-output>
        </test-method> <!-- updateSauceTestName -->
        <test-method status="PASS" signature="quitDriver()[pri:0, instance:com.baublebar.testcases.LoadBaublebarTest@2322bce]" name="quitDriver" is-config="true" duration-ms="208" started-at="2015-04-22T16:59:08Z" finished-at="2015-04-22T16:59:08Z">
          <reporter-output>
          </reporter-output>
        </test-method> <!-- quitDriver -->
      </class> <!-- com.baublebar.testcases.LoadBaublebarTest -->
    </test> <!-- LoadBaublebarTest -->
  </suite> <!-- Firefox -->
</testng-results>
