<?xml version="1.0" encoding="UTF-8"?>
<!-- Generated by org.testng.reporters.JUnitXMLReporter -->
<testsuite hostname="Maitris-MacBook-Pro.local" name="MyAccountOptionsTest" tests="5" failures="0" timestamp="1 Jun 2015 19:39:01 GMT" time="44.746" errors="0">
  <testcase name="LoginTest" time="8.614" classname="com.baublebar.testcases.topmenubar.MyAccountOptionsTest"/>
  <testcase name="LoginTest" time="8.945" classname="com.baublebar.testcases.topmenubar.MyAccountOptionsTest"/>
  <testcase name="LoginTest" time="7.273" classname="com.baublebar.testcases.topmenubar.MyAccountOptionsTest"/>
  <testcase name="LoginTest" time="8.956" classname="com.baublebar.testcases.topmenubar.MyAccountOptionsTest"/>
  <testcase name="LoginTest" time="9.086" classname="com.baublebar.testcases.topmenubar.MyAccountOptionsTest"/>
</testsuite> <!-- MyAccountOptionsTest -->
