<?xml version="1.0" encoding="UTF-8"?>
<testng-results skipped="1" failed="0" total="1" passed="0">
  <reporter-output>
  </reporter-output>
  <suite name="Firefox" duration-ms="5" started-at="2015-04-22T21:46:45Z" finished-at="2015-04-22T21:46:45Z">
    <groups>
    </groups>
    <test name="LoadBaublebarTest" duration-ms="5" started-at="2015-04-22T21:46:45Z" finished-at="2015-04-22T21:46:45Z">
      <class name="com.baublebar.testcases.LoadBaublebarTest">
        <test-method status="FAIL" signature="setupDesireCapabilities(java.lang.String, org.openqa.selenium.Platform, java.lang.String)[pri:0, instance:com.baublebar.testcases.LoadBaublebarTest@6e92b1a1]" name="setupDesireCapabilities" is-config="true" duration-ms="0" started-at="2015-04-22T17:46:44Z" finished-at="2015-04-22T17:46:44Z">
          <params>
            <param index="0">
              <value>
                <![CDATA[FIREFOX]]>
              </value>
            </param>
            <param index="1">
              <value>
                <![CDATA[WIN8_1]]>
              </value>
            </param>
            <param index="2">
              <value>
                <![CDATA[35]]>
              </value>
            </param>
          </params>
          <exception class="org.openqa.selenium.remote.UnreachableBrowserException">
            <message>
              <![CDATA[Could not start a new session. Possible causes are invalid address of the remote server or browser start-up failure.
Build info: version: '2.43.1', revision: '5163bce', time: '2014-09-10 16:27:58'
System info: host: 'Maitris-MacBook-Pro.local', ip: '127.0.0.1', os.name: 'Mac OS X', os.arch: 'x86_64', os.version: '10.9.5', java.version: '1.6.0_65'
Driver info: driver.version: RemoteWebDriver]]>
            </message>
            <full-stacktrace>
              <![CDATA[org.openqa.selenium.remote.UnreachableBrowserException: Could not start a new session. Possible causes are invalid address of the remote server or browser start-up failure.
Build info: version: '2.43.1', revision: '5163bce', time: '2014-09-10 16:27:58'
System info: host: 'Maitris-MacBook-Pro.local', ip: '127.0.0.1', os.name: 'Mac OS X', os.arch: 'x86_64', os.version: '10.9.5', java.version: '1.6.0_65'
Driver info: driver.version: RemoteWebDriver
	at org.openqa.selenium.remote.RemoteWebDriver.execute(RemoteWebDriver.java:593)
	at org.openqa.selenium.remote.RemoteWebDriver.startSession(RemoteWebDriver.java:240)
	at org.openqa.selenium.remote.RemoteWebDriver.<init>(RemoteWebDriver.java:126)
	at org.openqa.selenium.remote.RemoteWebDriver.<init>(RemoteWebDriver.java:153)
	at com.baublebar.testcases.TestBase.initRemoteDriver(TestBase.java:136)
	at com.baublebar.testcases.LoadBaublebarTest.setupDesireCapabilities(LoadBaublebarTest.java:48)
	at sun.reflect.NativeMethodAccessorImpl.invoke0(Native Method)
	at sun.reflect.NativeMethodAccessorImpl.invoke(NativeMethodAccessorImpl.java:39)
	at sun.reflect.DelegatingMethodAccessorImpl.invoke(DelegatingMethodAccessorImpl.java:25)
	at java.lang.reflect.Method.invoke(Method.java:597)
	at org.testng.internal.MethodInvocationHelper.invokeMethod(MethodInvocationHelper.java:84)
	at org.testng.internal.Invoker.invokeConfigurationMethod(Invoker.java:564)
	at org.testng.internal.Invoker.invokeConfigurations(Invoker.java:213)
	at org.testng.internal.Invoker.invokeConfigurations(Invoker.java:138)
	at org.testng.SuiteRunner.privateRun(SuiteRunner.java:277)
	at org.testng.SuiteRunner.run(SuiteRunner.java:240)
	at org.testng.SuiteRunnerWorker.runSuite(SuiteRunnerWorker.java:52)
	at org.testng.SuiteRunnerWorker.run(SuiteRunnerWorker.java:86)
	at org.testng.TestNG.runSuitesSequentially(TestNG.java:1224)
	at org.testng.TestNG.runSuitesLocally(TestNG.java:1149)
	at org.testng.TestNG.run(TestNG.java:1057)
	at org.testng.TestNG.privateMain(TestNG.java:1364)
	at org.testng.TestNG.main(TestNG.java:1333)
Caused by: java.net.UnknownHostException: ondemand.saucelabs.com
	at java.net.Inet6AddressImpl.lookupAllHostAddr(Native Method)
	at java.net.InetAddress$1.lookupAllHostAddr(InetAddress.java:883)
	at java.net.InetAddress.getAddressFromNameService(InetAddress.java:1236)
	at java.net.InetAddress.getAllByName0(InetAddress.java:1187)
	at java.net.InetAddress.getAllByName(InetAddress.java:1117)
	at java.net.InetAddress.getAllByName(InetAddress.java:1053)
	at org.apache.http.impl.conn.SystemDefaultDnsResolver.resolve(SystemDefaultDnsResolver.java:44)
	at org.apache.http.impl.conn.HttpClientConnectionOperator.connect(HttpClientConnectionOperator.java:101)
	at org.apache.http.impl.conn.PoolingHttpClientConnectionManager.connect(PoolingHttpClientConnectionManager.java:318)
	at org.apache.http.impl.execchain.MainClientExec.establishRoute(MainClientExec.java:363)
	at org.apache.http.impl.execchain.MainClientExec.execute(MainClientExec.java:219)
	at org.apache.http.impl.execchain.ProtocolExec.execute(ProtocolExec.java:195)
	at org.apache.http.impl.execchain.RetryExec.execute(RetryExec.java:86)
	at org.apache.http.impl.execchain.RedirectExec.execute(RedirectExec.java:108)
	at org.apache.http.impl.client.InternalHttpClient.doExecute(InternalHttpClient.java:184)
	at org.apache.http.impl.client.CloseableHttpClient.execute(CloseableHttpClient.java:72)
	at org.apache.http.impl.client.CloseableHttpClient.execute(CloseableHttpClient.java:57)
	at org.openqa.selenium.remote.HttpCommandExecutor.fallBackExecute(HttpCommandExecutor.java:215)
	at org.openqa.selenium.remote.HttpCommandExecutor.execute(HttpCommandExecutor.java:184)
	at org.openqa.selenium.remote.RemoteWebDriver.execute(RemoteWebDriver.java:572)
	... 22 more
]]>
            </full-stacktrace>
          </exception> <!-- org.openqa.selenium.remote.UnreachableBrowserException -->
          <reporter-output>
          </reporter-output>
        </test-method> <!-- setupDesireCapabilities -->
        <test-method status="SKIP" signature="loadBaublebar()[pri:0, instance:com.baublebar.testcases.LoadBaublebarTest@6e92b1a1]" name="loadBaublebar" duration-ms="0" started-at="2015-04-22T17:46:45Z" finished-at="2015-04-22T17:46:45Z">
          <reporter-output>
          </reporter-output>
        </test-method> <!-- loadBaublebar -->
        <test-method status="SKIP" signature="updateSauceTestName(org.testng.ITestResult)[pri:0, instance:com.baublebar.testcases.LoadBaublebarTest@6e92b1a1]" name="updateSauceTestName" is-config="true" duration-ms="0" started-at="2015-04-22T17:46:45Z" finished-at="2015-04-22T17:46:45Z">
          <reporter-output>
          </reporter-output>
        </test-method> <!-- updateSauceTestName -->
        <test-method status="SKIP" signature="quitDriver()[pri:0, instance:com.baublebar.testcases.LoadBaublebarTest@6e92b1a1]" name="quitDriver" is-config="true" duration-ms="0" started-at="2015-04-22T17:46:45Z" finished-at="2015-04-22T17:46:45Z">
          <reporter-output>
          </reporter-output>
        </test-method> <!-- quitDriver -->
      </class> <!-- com.baublebar.testcases.LoadBaublebarTest -->
    </test> <!-- LoadBaublebarTest -->
  </suite> <!-- Firefox -->
</testng-results>
