<?xml version="1.0" encoding="UTF-8"?>
<testng-results skipped="0" failed="0" total="1" passed="1">
  <reporter-output>
  </reporter-output>
  <suite name="Firefox" duration-ms="16528" started-at="2015-04-22T20:38:18Z" finished-at="2015-04-22T20:38:35Z">
    <groups>
    </groups>
    <test name="LoadBaublebarTest" duration-ms="16528" started-at="2015-04-22T20:38:18Z" finished-at="2015-04-22T20:38:35Z">
      <class name="com.baublebar.testcases.LoadBaublebarTest">
        <test-method status="PASS" signature="setupDesireCapabilities(java.lang.String, org.openqa.selenium.Platform, java.lang.String)[pri:0, instance:com.baublebar.testcases.LoadBaublebarTest@2322bce]" name="setupDesireCapabilities" is-config="true" duration-ms="9030" started-at="2015-04-22T16:38:09Z" finished-at="2015-04-22T16:38:18Z">
          <params>
            <param index="0">
              <value>
                <![CDATA[FIREFOX]]>
              </value>
            </param>
            <param index="1">
              <value>
                <![CDATA[WIN8_1]]>
              </value>
            </param>
            <param index="2">
              <value>
                <![CDATA[35]]>
              </value>
            </param>
          </params>
          <reporter-output>
          </reporter-output>
        </test-method> <!-- setupDesireCapabilities -->
        <test-method status="PASS" signature="loadBaublebar()[pri:0, instance:com.baublebar.testcases.LoadBaublebarTest@2322bce]" name="loadBaublebar" duration-ms="16049" started-at="2015-04-22T16:38:18Z" finished-at="2015-04-22T16:38:34Z">
          <reporter-output>
          </reporter-output>
        </test-method> <!-- loadBaublebar -->
        <test-method status="PASS" signature="updateSauceTestName(org.testng.ITestResult)[pri:0, instance:com.baublebar.testcases.LoadBaublebarTest@2322bce]" name="updateSauceTestName" is-config="true" duration-ms="474" started-at="2015-04-22T16:38:34Z" finished-at="2015-04-22T16:38:35Z">
          <params>
            <param index="0">
              <value>
                <![CDATA[[TestResult name=loadBaublebar status=SUCCESS method=LoadBaublebarTest.loadBaublebar()[pri:0, instance:com.baublebar.testcases.LoadBaublebarTest@2322bce] output={null}]]]>
              </value>
            </param>
          </params>
          <reporter-output>
          </reporter-output>
        </test-method> <!-- updateSauceTestName -->
        <test-method status="PASS" signature="quitDriver()[pri:0, instance:com.baublebar.testcases.LoadBaublebarTest@2322bce]" name="quitDriver" is-config="true" duration-ms="234" started-at="2015-04-22T16:38:35Z" finished-at="2015-04-22T16:38:35Z">
          <reporter-output>
          </reporter-output>
        </test-method> <!-- quitDriver -->
      </class> <!-- com.baublebar.testcases.LoadBaublebarTest -->
    </test> <!-- LoadBaublebarTest -->
  </suite> <!-- Firefox -->
</testng-results>
