<html xmlns:math="http://exslt.org/math" xmlns:testng="http://testng.org">
   <head>
      <title>TestNG Results</title>
      <meta http-equiv="content-type" content="text/html; charset=utf-8"></meta>
      <meta http-equiv="pragma" content="no-cache"></meta>
      <meta http-equiv="cache-control" content="max-age=0"></meta>
      <meta http-equiv="cache-control" content="no-cache"></meta>
      <meta http-equiv="cache-control" content="no-store"></meta>
      <LINK rel="stylesheet" href="style.css"></LINK>
      <script type="text/javascript" src="main.js"></script>
   </head>
   <body>
      <table width="100%" style="font-size: 16px; margin-bottom: 10px;" cellspacing="1">
         <tr>
            <td width="100%">
               Test case
               
               <b>LoginTest</b>
            </td>
            <td style="background-color: #FFBBBB; padding: 3px 3px 3px 0;" align="center">
               <div style="width: 50px;">1</div>
            </td>
            <td style="background-color: lightgreen; padding: 3px 3px 3px 0;" align="center">
               <div style="width: 50px;">0</div>
            </td>
            <td style="background-color: #FFFFBB; padding: 3px 3px 3px 0;" align="center">
               <div style="width: 50px;">0</div>
            </td>
            <td align="center" style="background-color: #eaf0f7; padding: 3px 3px 3px 0;">
               <div style="width: 50px;">1</div>
            </td>
            <td align="center"
                style="font-weight: bold; background-color: #eaf0f7; padding: 3px 3px 3px 0;">
               <div style="width: 50px;">0%</div>
            </td>
            <td style="background-color: #eaf0f7; padding: 3px 3px 3px 0;" align="center"
                nowrap="true">9s
               
            </td>
         </tr>
      </table>
      <div style="width: 200px;">
         <label for="groupMethodsCheckBox" style="font-weight: bold; margin: 0;">
            <input id="groupMethodsCheckBox" type="checkbox" onclick="switchTestMethodsView(this)"
                   checked=""></input>
            Group by class
            
         </label>
         <br></br>
         <label for="methodsFilter_ALL" style="font-weight: bold; margin: 0;">
            <input id="methodsFilter_ALL" type="checkbox"
                   onclick="testMethodsFilterChanged(this, 'ALL')"
                   checked=""></input>
            All
            
         </label>
      </div>
      <label for="methodsFilter_FAIL" style="margin-left: 20px;">
         <input id="methodsFilter_FAIL" type="checkbox"
                onclick="testMethodsFilterChanged(this, 'FAIL')"
                checked=""></input>
         Failed
         
      </label>
      <label for="methodsFilter_PASS">
         <input id="methodsFilter_PASS" type="checkbox"
                onclick="testMethodsFilterChanged(this, 'PASS')"
                checked=""></input>
         Passed
         
      </label>
      <label for="methodsFilter_SKIP">
         <input id="methodsFilter_SKIP" type="checkbox"
                onclick="testMethodsFilterChanged(this, 'SKIP')"
                checked=""></input>
         Skipped
         
      </label>
      <label for="methodsFilter_CONF">
         <input id="methodsFilter_CONF" type="checkbox"
                onclick="testMethodsFilterChanged(this, 'CONF')"
                checked=""></input>
         Config
         
      </label>
      <br></br>
      <div id="testMethodsByStatus" style="display: none;">
         <table class="testMethodsTable" cellpadding="0" cellspacing="0">
            <tr class="methodsTableHeader">
               <td width="100%">Name</td>
               <td nowrap="true">Started</td>
               <td nowrap="true">Duration</td>
               <td>Exception</td>
            </tr>
            <tr id="com.baublebar.testcases.topmenubar.LoginTest_LoginTest_byStatus_failed_FAIL1_row"
                class="testMethodStatusFAIL">
               <td width="100%" class="firstMethodCell">
                  <a onclick="toggleDetailsVisibility('com.baublebar.testcases.topmenubar.LoginTest_LoginTest_byStatus_failed_FAIL1_details')">LoginTest({Username=qa@baublebar.com, Password=test123, Runmode=Y})</a>
               </td>
               <td nowrap="true">13:06:20</td>
               <td nowrap="true" align="right">9s
                  
               </td>
               <td nowrap="true">
                  <a onclick="toggleDetailsVisibility('com.baublebar.testcases.topmenubar.LoginTest_LoginTest_byStatus_failed_FAIL1_exception')">org.openqa.selenium.StaleElementReferenceException: 
                     Element not found in the cache - perhaps the page has changed since it was looked up
                     For documentation on this error, please visit: http://seleniumhq.org/exceptions/stale_element_reference.html
                     Build info: version: '2.45.0', revision: '5017cb8', time: '2015-02-26 23:59:50'
                     System info: host: 'WIN-HLEK05V71GA', ip: '172.20.41.77', os.name: 'Windows Server 2012 R2', os.arch: 'x86', os.version: '6.3',
                     java.version: '1.7.0_67'
                     Driver info: driver.version: unknown
                     Command duration or timeout: 4.07 seconds
                     For documentation on this error, please visit: http://seleniumhq.org/exceptions/stale_element_reference.html
                     Build info: version: '2.43.1', revision: '5163bce', time: '2014-09-10 16:27:58'
                     System info: host: 'Maitris-MacBook-Pro.local', ip: '10.20.2.238', os.name: 'Mac OS X', os.arch: 'x86_64', os.version: '10.9.5',
                     java.version: '1.6.0_65'
                     Session ID: 115f68036cb3463f94c8fac421a43b97
                     Driver info: org.openqa.selenium.remote.RemoteWebDriver
                     Capabilities [{platform=WINDOWS, acceptSslCerts=true, javascriptEnabled=true, hasMetadata=true, browserName=firefox, rotatable=false,
                     locationContextEnabled=true, webdriver.remote.sessionid=115f68036cb3463f94c8fac421a43b97, version=35.0, cssSelectorsEnabled=true,
                     databaseEnabled=true, handlesAlerts=true, webStorageEnabled=true, nativeEvents=false, applicationCacheEnabled=true, takesScreenshot=true}]
                     
                  </a>
                   
                  
               </td>
            </tr>
            <tr>
               <td colspan="4" class="detailsBox">
                  <div id="com.baublebar.testcases.topmenubar.LoginTest_LoginTest_byStatus_failed_FAIL1_details"
                       class="testMethodDetails">
                     <div>
                        <b>Name: </b>LoginTest
                     </div>
                     <div>
                        <b>Signature: </b>LoginTest(java.util.Hashtable)[pri:0, instance:com.baublebar.testcases.topmenubar.LoginTest@6760bf50]
                     </div>
                     <div>
                        <b>Parameters: </b>
                        
                        {Username=qa@baublebar.com, Password=test123, Runmode=Y}
                        
                        
                     </div>
                     <div>
                        <b>Start time: </b>13:06:20
                     </div>
                     <div>
                        <b>End time: </b>13:06:29
                     </div>
                     <div>
                        <b>Duration: </b>9s
                        
                     </div>
                  </div>
               </td>
            </tr>
            <tr>
               <td colspan="4" class="detailsBox">
                  <div id="com.baublebar.testcases.topmenubar.LoginTest_LoginTest_byStatus_failed_FAIL1_exception"
                       class="testMethodDetails">
                     <pre style="padding: 5px; margin: 0;">org.openqa.selenium.StaleElementReferenceException: Element not found in the cache - perhaps the page has changed since it
                        was looked up
                        For documentation on this error, please visit: http://seleniumhq.org/exceptions/stale_element_reference.html
                        Build info: version: '2.45.0', revision: '5017cb8', time: '2015-02-26 23:59:50'
                        System info: host: 'WIN-HLEK05V71GA', ip: '172.20.41.77', os.name: 'Windows Server 2012 R2', os.arch: 'x86', os.version: '6.3',
                        java.version: '1.7.0_67'
                        Driver info: driver.version: unknown
                        Command duration or timeout: 4.07 seconds
                        For documentation on this error, please visit: http://seleniumhq.org/exceptions/stale_element_reference.html
                        Build info: version: '2.43.1', revision: '5163bce', time: '2014-09-10 16:27:58'
                        System info: host: 'Maitris-MacBook-Pro.local', ip: '10.20.2.238', os.name: 'Mac OS X', os.arch: 'x86_64', os.version: '10.9.5',
                        java.version: '1.6.0_65'
                        Session ID: 115f68036cb3463f94c8fac421a43b97
                        Driver info: org.openqa.selenium.remote.RemoteWebDriver
                        Capabilities [{platform=WINDOWS, acceptSslCerts=true, javascriptEnabled=true, hasMetadata=true, browserName=firefox, rotatable=false,
                        locationContextEnabled=true, webdriver.remote.sessionid=115f68036cb3463f94c8fac421a43b97, version=35.0, cssSelectorsEnabled=true,
                        databaseEnabled=true, handlesAlerts=true, webStorageEnabled=true, nativeEvents=false, applicationCacheEnabled=true, takesScreenshot=true}]
                        	at sun.reflect.NativeConstructorAccessorImpl.newInstance0(Native Method)
                        	at sun.reflect.NativeConstructorAccessorImpl.newInstance(NativeConstructorAccessorImpl.java:39)
                        	at sun.reflect.DelegatingConstructorAccessorImpl.newInstance(DelegatingConstructorAccessorImpl.java:27)
                        	at java.lang.reflect.Constructor.newInstance(Constructor.java:513)
                        	at org.openqa.selenium.remote.ErrorHandler.createThrowable(ErrorHandler.java:204)
                        	at org.openqa.selenium.remote.ErrorHandler.throwIfResponseFailed(ErrorHandler.java:156)
                        	at org.openqa.selenium.remote.RemoteWebDriver.execute(RemoteWebDriver.java:599)
                        	at org.openqa.selenium.remote.RemoteWebElement.execute(RemoteWebElement.java:268)
                        	at org.openqa.selenium.remote.RemoteWebElement.getText(RemoteWebElement.java:152)
                        	at com.baublebar.pages.TopMenuBarPage.doLogin(TopMenuBarPage.java:237)
                        	at com.baublebar.testcases.topmenubar.LoginTest.LoginTest(LoginTest.java:33)
                        	at sun.reflect.NativeMethodAccessorImpl.invoke0(Native Method)
                        	at sun.reflect.NativeMethodAccessorImpl.invoke(NativeMethodAccessorImpl.java:39)
                        	at sun.reflect.DelegatingMethodAccessorImpl.invoke(DelegatingMethodAccessorImpl.java:25)
                        	at java.lang.reflect.Method.invoke(Method.java:597)
                        	at org.testng.internal.MethodInvocationHelper.invokeMethod(MethodInvocationHelper.java:84)
                        	at org.testng.internal.Invoker.invokeMethod(Invoker.java:714)
                        	at org.testng.internal.Invoker.invokeTestMethod(Invoker.java:901)
                        	at org.testng.internal.TestMethodWithDataProviderMethodWorker.call(TestMethodWithDataProviderMethodWorker.java:73)
                        	at org.testng.internal.TestMethodWithDataProviderMethodWorker.call(TestMethodWithDataProviderMethodWorker.java:14)
                        	at java.util.concurrent.FutureTask$Sync.innerRun(FutureTask.java:303)
                        	at java.util.concurrent.FutureTask.run(FutureTask.java:138)
                        	at java.util.concurrent.Executors$RunnableAdapter.call(Executors.java:439)
                        	at java.util.concurrent.FutureTask$Sync.innerRun(FutureTask.java:303)
                        	at java.util.concurrent.FutureTask.run(FutureTask.java:138)
                        	at java.util.concurrent.ThreadPoolExecutor$Worker.runTask(ThreadPoolExecutor.java:895)
                        	at java.util.concurrent.ThreadPoolExecutor$Worker.run(ThreadPoolExecutor.java:918)
                        	at java.lang.Thread.run(Thread.java:695)
                        Caused by: org.openqa.selenium.StaleElementReferenceException: Element not found in the cache - perhaps the page has changed
                        since it was looked up
                        For documentation on this error, please visit: http://seleniumhq.org/exceptions/stale_element_reference.html
                        Build info: version: '2.45.0', revision: '5017cb8', time: '2015-02-26 23:59:50'
                        System info: host: 'WIN-HLEK05V71GA', ip: '172.20.41.77', os.name: 'Windows Server 2012 R2', os.arch: 'x86', os.version: '6.3',
                        java.version: '1.7.0_67'
                        Driver info: driver.version: unknown
                        For documentation on this error, please visit: http://seleniumhq.org/exceptions/stale_element_reference.html
                        Build info: version: '2.43.1', revision: '5163bce', time: '2014-09-10 16:27:58'
                        System info: host: 'Maitris-MacBook-Pro.local', ip: '10.20.2.238', os.name: 'Mac OS X', os.arch: 'x86_64', os.version: '10.9.5',
                        java.version: '1.6.0_65'
                        Driver info: driver.version: unknown
                        	at &lt;anonymous class&gt;.fxdriver.cache.getElementAt(resource://fxdriver/modules/web-element-cache.js:8953)
                        	at &lt;anonymous class&gt;.Utils.getElementAt(file:///C:/Users/ADMINI~1/AppData/Local/Temp/anonymous8090321497475433878webdriver-profile/extensions/fxdriver@googlecode.com/components/command-processor.js:8546)
                        	at &lt;anonymous class&gt;.WebElement.getElementText(file:///C:/Users/ADMINI~1/AppData/Local/Temp/anonymous8090321497475433878webdriver-profile/extensions/fxdriver@googlecode.com/components/command-processor.js:11704)
                        	at &lt;anonymous class&gt;.DelayedCommand.prototype.executeInternal_/h(file:///C:/Users/ADMINI~1/AppData/Local/Temp/anonymous8090321497475433878webdriver-profile/extensions/fxdriver@googlecode.com/components/command-processor.js:12274)
                        	at &lt;anonymous class&gt;.DelayedCommand.prototype.executeInternal_(file:///C:/Users/ADMINI~1/AppData/Local/Temp/anonymous8090321497475433878webdriver-profile/extensions/fxdriver@googlecode.com/components/command-processor.js:12279)
                        	at &lt;anonymous class&gt;.DelayedCommand.prototype.execute/&lt;(file:///C:/Users/ADMINI~1/AppData/Local/Temp/anonymous8090321497475433878webdriver-profile/extensions/fxdriver@googlecode.com/components/command-processor.js:12221)
                     </pre>
                  </div>
               </td>
            </tr>
            <tr id="com.baublebar.testcases.topmenubar.LoginTest_updateSauceTestName_byStatus_passed_PASS1_row"
                class="testMethodStatusPASS testMethodStatusCONF">
               <td width="100%" class="firstMethodCell">
                  <a onclick="toggleDetailsVisibility('com.baublebar.testcases.topmenubar.LoginTest_updateSauceTestName_byStatus_passed_PASS1_details')">updateSauceTestName([TestResult name=LoginTest status=FAILURE method=LoginTest.LoginTest(java.util.Hashtable)[pri:0, instance:com.baublebar.testcases.topmenubar.LoginTest@6760bf50]
                     output={null}])
                  </a>
               </td>
               <td nowrap="true">13:06:29</td>
               <td nowrap="true" align="right">373 ms
                  
               </td>
               <td nowrap="true">
                   
                  
               </td>
            </tr>
            <tr>
               <td colspan="4" class="detailsBox">
                  <div id="com.baublebar.testcases.topmenubar.LoginTest_updateSauceTestName_byStatus_passed_PASS1_details"
                       class="testMethodDetails">
                     <div>
                        <b>Name: </b>updateSauceTestName
                     </div>
                     <div>
                        <b>Signature: </b>updateSauceTestName(org.testng.ITestResult)[pri:0, instance:com.baublebar.testcases.topmenubar.LoginTest@6760bf50]
                     </div>
                     <div>
                        <b>Parameters: </b>
                        
                        [TestResult name=LoginTest status=FAILURE method=LoginTest.LoginTest(java.util.Hashtable)[pri:0, instance:com.baublebar.testcases.topmenubar.LoginTest@6760bf50]
                        output={null}]
                        
                        
                     </div>
                     <div>
                        <b>Start time: </b>13:06:29
                     </div>
                     <div>
                        <b>End time: </b>13:06:29
                     </div>
                     <div>
                        <b>Duration: </b>373 ms
                        
                     </div>
                  </div>
               </td>
            </tr>
            <tr></tr>
         </table>
      </div>
      <div id="testMethodsByClass">
         <table class="testMethodsTable" cellpadding="0" cellspacing="0">
            <tr>
               <td colspan="4">
                  <h3 style="display: inline;">com.baublebar.testcases.topmenubar.LoginTest</h3>
               </td>
            </tr>
            <tr class="methodsTableHeader">
               <td width="100%">Name</td>
               <td nowrap="true">Started</td>
               <td nowrap="true">Duration</td>
               <td>Exception</td>
            </tr>
            <tr id="com.baublebar.testcases.topmenubar.LoginTest_LoginTest_byClass_FAIL1_row"
                class="testMethodStatusFAIL">
               <td width="100%" class="firstMethodCell">
                  <a onclick="toggleDetailsVisibility('com.baublebar.testcases.topmenubar.LoginTest_LoginTest_byClass_FAIL1_details')">LoginTest({Username=qa@baublebar.com, Password=test123, Runmode=Y})</a>
               </td>
               <td nowrap="true">13:06:20</td>
               <td nowrap="true" align="right">9s
                  
               </td>
               <td nowrap="true">
                  <a onclick="toggleDetailsVisibility('com.baublebar.testcases.topmenubar.LoginTest_LoginTest_byClass_FAIL1_exception')">org.openqa.selenium.StaleElementReferenceException: 
                     Element not found in the cache - perhaps the page has changed since it was looked up
                     For documentation on this error, please visit: http://seleniumhq.org/exceptions/stale_element_reference.html
                     Build info: version: '2.45.0', revision: '5017cb8', time: '2015-02-26 23:59:50'
                     System info: host: 'WIN-HLEK05V71GA', ip: '172.20.41.77', os.name: 'Windows Server 2012 R2', os.arch: 'x86', os.version: '6.3',
                     java.version: '1.7.0_67'
                     Driver info: driver.version: unknown
                     Command duration or timeout: 4.07 seconds
                     For documentation on this error, please visit: http://seleniumhq.org/exceptions/stale_element_reference.html
                     Build info: version: '2.43.1', revision: '5163bce', time: '2014-09-10 16:27:58'
                     System info: host: 'Maitris-MacBook-Pro.local', ip: '10.20.2.238', os.name: 'Mac OS X', os.arch: 'x86_64', os.version: '10.9.5',
                     java.version: '1.6.0_65'
                     Session ID: 115f68036cb3463f94c8fac421a43b97
                     Driver info: org.openqa.selenium.remote.RemoteWebDriver
                     Capabilities [{platform=WINDOWS, acceptSslCerts=true, javascriptEnabled=true, hasMetadata=true, browserName=firefox, rotatable=false,
                     locationContextEnabled=true, webdriver.remote.sessionid=115f68036cb3463f94c8fac421a43b97, version=35.0, cssSelectorsEnabled=true,
                     databaseEnabled=true, handlesAlerts=true, webStorageEnabled=true, nativeEvents=false, applicationCacheEnabled=true, takesScreenshot=true}]
                     
                  </a>
                   
                  
               </td>
            </tr>
            <tr>
               <td colspan="4" class="detailsBox">
                  <div id="com.baublebar.testcases.topmenubar.LoginTest_LoginTest_byClass_FAIL1_details"
                       class="testMethodDetails">
                     <div>
                        <b>Name: </b>LoginTest
                     </div>
                     <div>
                        <b>Signature: </b>LoginTest(java.util.Hashtable)[pri:0, instance:com.baublebar.testcases.topmenubar.LoginTest@6760bf50]
                     </div>
                     <div>
                        <b>Parameters: </b>
                        
                        {Username=qa@baublebar.com, Password=test123, Runmode=Y}
                        
                        
                     </div>
                     <div>
                        <b>Start time: </b>13:06:20
                     </div>
                     <div>
                        <b>End time: </b>13:06:29
                     </div>
                     <div>
                        <b>Duration: </b>9s
                        
                     </div>
                  </div>
               </td>
            </tr>
            <tr>
               <td colspan="4" class="detailsBox">
                  <div id="com.baublebar.testcases.topmenubar.LoginTest_LoginTest_byClass_FAIL1_exception"
                       class="testMethodDetails">
                     <pre style="padding: 5px; margin: 0;">org.openqa.selenium.StaleElementReferenceException: Element not found in the cache - perhaps the page has changed since it
                        was looked up
                        For documentation on this error, please visit: http://seleniumhq.org/exceptions/stale_element_reference.html
                        Build info: version: '2.45.0', revision: '5017cb8', time: '2015-02-26 23:59:50'
                        System info: host: 'WIN-HLEK05V71GA', ip: '172.20.41.77', os.name: 'Windows Server 2012 R2', os.arch: 'x86', os.version: '6.3',
                        java.version: '1.7.0_67'
                        Driver info: driver.version: unknown
                        Command duration or timeout: 4.07 seconds
                        For documentation on this error, please visit: http://seleniumhq.org/exceptions/stale_element_reference.html
                        Build info: version: '2.43.1', revision: '5163bce', time: '2014-09-10 16:27:58'
                        System info: host: 'Maitris-MacBook-Pro.local', ip: '10.20.2.238', os.name: 'Mac OS X', os.arch: 'x86_64', os.version: '10.9.5',
                        java.version: '1.6.0_65'
                        Session ID: 115f68036cb3463f94c8fac421a43b97
                        Driver info: org.openqa.selenium.remote.RemoteWebDriver
                        Capabilities [{platform=WINDOWS, acceptSslCerts=true, javascriptEnabled=true, hasMetadata=true, browserName=firefox, rotatable=false,
                        locationContextEnabled=true, webdriver.remote.sessionid=115f68036cb3463f94c8fac421a43b97, version=35.0, cssSelectorsEnabled=true,
                        databaseEnabled=true, handlesAlerts=true, webStorageEnabled=true, nativeEvents=false, applicationCacheEnabled=true, takesScreenshot=true}]
                        	at sun.reflect.NativeConstructorAccessorImpl.newInstance0(Native Method)
                        	at sun.reflect.NativeConstructorAccessorImpl.newInstance(NativeConstructorAccessorImpl.java:39)
                        	at sun.reflect.DelegatingConstructorAccessorImpl.newInstance(DelegatingConstructorAccessorImpl.java:27)
                        	at java.lang.reflect.Constructor.newInstance(Constructor.java:513)
                        	at org.openqa.selenium.remote.ErrorHandler.createThrowable(ErrorHandler.java:204)
                        	at org.openqa.selenium.remote.ErrorHandler.throwIfResponseFailed(ErrorHandler.java:156)
                        	at org.openqa.selenium.remote.RemoteWebDriver.execute(RemoteWebDriver.java:599)
                        	at org.openqa.selenium.remote.RemoteWebElement.execute(RemoteWebElement.java:268)
                        	at org.openqa.selenium.remote.RemoteWebElement.getText(RemoteWebElement.java:152)
                        	at com.baublebar.pages.TopMenuBarPage.doLogin(TopMenuBarPage.java:237)
                        	at com.baublebar.testcases.topmenubar.LoginTest.LoginTest(LoginTest.java:33)
                        	at sun.reflect.NativeMethodAccessorImpl.invoke0(Native Method)
                        	at sun.reflect.NativeMethodAccessorImpl.invoke(NativeMethodAccessorImpl.java:39)
                        	at sun.reflect.DelegatingMethodAccessorImpl.invoke(DelegatingMethodAccessorImpl.java:25)
                        	at java.lang.reflect.Method.invoke(Method.java:597)
                        	at org.testng.internal.MethodInvocationHelper.invokeMethod(MethodInvocationHelper.java:84)
                        	at org.testng.internal.Invoker.invokeMethod(Invoker.java:714)
                        	at org.testng.internal.Invoker.invokeTestMethod(Invoker.java:901)
                        	at org.testng.internal.TestMethodWithDataProviderMethodWorker.call(TestMethodWithDataProviderMethodWorker.java:73)
                        	at org.testng.internal.TestMethodWithDataProviderMethodWorker.call(TestMethodWithDataProviderMethodWorker.java:14)
                        	at java.util.concurrent.FutureTask$Sync.innerRun(FutureTask.java:303)
                        	at java.util.concurrent.FutureTask.run(FutureTask.java:138)
                        	at java.util.concurrent.Executors$RunnableAdapter.call(Executors.java:439)
                        	at java.util.concurrent.FutureTask$Sync.innerRun(FutureTask.java:303)
                        	at java.util.concurrent.FutureTask.run(FutureTask.java:138)
                        	at java.util.concurrent.ThreadPoolExecutor$Worker.runTask(ThreadPoolExecutor.java:895)
                        	at java.util.concurrent.ThreadPoolExecutor$Worker.run(ThreadPoolExecutor.java:918)
                        	at java.lang.Thread.run(Thread.java:695)
                        Caused by: org.openqa.selenium.StaleElementReferenceException: Element not found in the cache - perhaps the page has changed
                        since it was looked up
                        For documentation on this error, please visit: http://seleniumhq.org/exceptions/stale_element_reference.html
                        Build info: version: '2.45.0', revision: '5017cb8', time: '2015-02-26 23:59:50'
                        System info: host: 'WIN-HLEK05V71GA', ip: '172.20.41.77', os.name: 'Windows Server 2012 R2', os.arch: 'x86', os.version: '6.3',
                        java.version: '1.7.0_67'
                        Driver info: driver.version: unknown
                        For documentation on this error, please visit: http://seleniumhq.org/exceptions/stale_element_reference.html
                        Build info: version: '2.43.1', revision: '5163bce', time: '2014-09-10 16:27:58'
                        System info: host: 'Maitris-MacBook-Pro.local', ip: '10.20.2.238', os.name: 'Mac OS X', os.arch: 'x86_64', os.version: '10.9.5',
                        java.version: '1.6.0_65'
                        Driver info: driver.version: unknown
                        	at &lt;anonymous class&gt;.fxdriver.cache.getElementAt(resource://fxdriver/modules/web-element-cache.js:8953)
                        	at &lt;anonymous class&gt;.Utils.getElementAt(file:///C:/Users/ADMINI~1/AppData/Local/Temp/anonymous8090321497475433878webdriver-profile/extensions/fxdriver@googlecode.com/components/command-processor.js:8546)
                        	at &lt;anonymous class&gt;.WebElement.getElementText(file:///C:/Users/ADMINI~1/AppData/Local/Temp/anonymous8090321497475433878webdriver-profile/extensions/fxdriver@googlecode.com/components/command-processor.js:11704)
                        	at &lt;anonymous class&gt;.DelayedCommand.prototype.executeInternal_/h(file:///C:/Users/ADMINI~1/AppData/Local/Temp/anonymous8090321497475433878webdriver-profile/extensions/fxdriver@googlecode.com/components/command-processor.js:12274)
                        	at &lt;anonymous class&gt;.DelayedCommand.prototype.executeInternal_(file:///C:/Users/ADMINI~1/AppData/Local/Temp/anonymous8090321497475433878webdriver-profile/extensions/fxdriver@googlecode.com/components/command-processor.js:12279)
                        	at &lt;anonymous class&gt;.DelayedCommand.prototype.execute/&lt;(file:///C:/Users/ADMINI~1/AppData/Local/Temp/anonymous8090321497475433878webdriver-profile/extensions/fxdriver@googlecode.com/components/command-processor.js:12221)
                     </pre>
                  </div>
               </td>
            </tr>
            <tr id="com.baublebar.testcases.topmenubar.LoginTest_updateSauceTestName_byClass_PASS2_row"
                class="testMethodStatusPASS testMethodStatusCONF">
               <td width="100%" class="firstMethodCell">
                  <a onclick="toggleDetailsVisibility('com.baublebar.testcases.topmenubar.LoginTest_updateSauceTestName_byClass_PASS2_details')">updateSauceTestName([TestResult name=LoginTest status=FAILURE method=LoginTest.LoginTest(java.util.Hashtable)[pri:0, instance:com.baublebar.testcases.topmenubar.LoginTest@6760bf50]
                     output={null}])
                  </a>
               </td>
               <td nowrap="true">13:06:29</td>
               <td nowrap="true" align="right">373 ms
                  
               </td>
               <td nowrap="true">
                   
                  
               </td>
            </tr>
            <tr>
               <td colspan="4" class="detailsBox">
                  <div id="com.baublebar.testcases.topmenubar.LoginTest_updateSauceTestName_byClass_PASS2_details"
                       class="testMethodDetails">
                     <div>
                        <b>Name: </b>updateSauceTestName
                     </div>
                     <div>
                        <b>Signature: </b>updateSauceTestName(org.testng.ITestResult)[pri:0, instance:com.baublebar.testcases.topmenubar.LoginTest@6760bf50]
                     </div>
                     <div>
                        <b>Parameters: </b>
                        
                        [TestResult name=LoginTest status=FAILURE method=LoginTest.LoginTest(java.util.Hashtable)[pri:0, instance:com.baublebar.testcases.topmenubar.LoginTest@6760bf50]
                        output={null}]
                        
                        
                     </div>
                     <div>
                        <b>Start time: </b>13:06:29
                     </div>
                     <div>
                        <b>End time: </b>13:06:29
                     </div>
                     <div>
                        <b>Duration: </b>373 ms
                        
                     </div>
                  </div>
               </td>
            </tr>
            <tr></tr>
         </table>
         <br></br>
      </div>
      <div style="margin-top: 15px; color: gray; text-align: center; font-size: 9px;">
         Generated with
         
         <a href="http://code.google.com/p/testng-xslt/" style="color: #8888aa;"
            target="_blank">
            TestNG XSLT
            
         </a>
      </div>
   </body>
</html>