<html xmlns:math="http://exslt.org/math" xmlns:testng="http://testng.org">
   <head>
      <title>TestNG Results</title>
      <meta http-equiv="content-type" content="text/html; charset=utf-8"></meta>
      <meta http-equiv="pragma" content="no-cache"></meta>
      <meta http-equiv="cache-control" content="max-age=0"></meta>
      <meta http-equiv="cache-control" content="no-cache"></meta>
      <meta http-equiv="cache-control" content="no-store"></meta>
      <LINK rel="stylesheet" href="style.css"></LINK>
      <script type="text/javascript" src="main.js"></script>
   </head>
   <body>
      <table width="100%" style="font-size: 16px; margin-bottom: 10px;" cellspacing="1">
         <tr>
            <td width="100%">
               All methods in suite
               
               <b>Chrome</b>
            </td>
            <td style="background-color: #FFBBBB; padding: 3px 3px 3px 0;" align="center">
               <div style="width: 50px;">2</div>
            </td>
            <td style="background-color: lightgreen; padding: 3px 3px 3px 0;" align="center">
               <div style="width: 50px;">20</div>
            </td>
            <td style="background-color: #FFFFBB; padding: 3px 3px 3px 0;" align="center">
               <div style="width: 50px;">0</div>
            </td>
            <td align="center" style="background-color: #eaf0f7; padding: 3px 3px 3px 0;">
               <div style="width: 50px;">22</div>
            </td>
            <td align="center"
                style="font-weight: bold; background-color: #eaf0f7; padding: 3px 3px 3px 0;">
               <div style="width: 50px;">91%</div>
            </td>
            <td style="background-color: #eaf0f7; padding: 3px 3px 3px 0;" align="center"
                nowrap="true">6m
               1s
               
            </td>
         </tr>
      </table>
      <div style="width: 200px;">
         <label for="groupMethodsCheckBox" style="font-weight: bold; margin: 0;">
            <input id="groupMethodsCheckBox" type="checkbox" onclick="switchTestMethodsView(this)"
                   checked=""></input>
            Group by class
            
         </label>
         <br></br>
         <label for="methodsFilter_ALL" style="font-weight: bold; margin: 0;">
            <input id="methodsFilter_ALL" type="checkbox"
                   onclick="testMethodsFilterChanged(this, 'ALL')"
                   checked=""></input>
            All
            
         </label>
      </div>
      <label for="methodsFilter_FAIL" style="margin-left: 20px;">
         <input id="methodsFilter_FAIL" type="checkbox"
                onclick="testMethodsFilterChanged(this, 'FAIL')"
                checked=""></input>
         Failed
         
      </label>
      <label for="methodsFilter_PASS">
         <input id="methodsFilter_PASS" type="checkbox"
                onclick="testMethodsFilterChanged(this, 'PASS')"
                checked=""></input>
         Passed
         
      </label>
      <label for="methodsFilter_SKIP">
         <input id="methodsFilter_SKIP" type="checkbox"
                onclick="testMethodsFilterChanged(this, 'SKIP')"
                checked=""></input>
         Skipped
         
      </label>
      <label for="methodsFilter_CONF">
         <input id="methodsFilter_CONF" type="checkbox"
                onclick="testMethodsFilterChanged(this, 'CONF')"
                checked=""></input>
         Config
         
      </label>
      <br></br>
      <div id="testMethodsByStatus" style="display: none;">
         <table class="testMethodsTable" cellpadding="0" cellspacing="0">
            <tr class="methodsTableHeader">
               <td width="100%">Name</td>
               <td nowrap="true">Started</td>
               <td nowrap="true">Duration</td>
               <td>Exception</td>
            </tr>
            <tr id="com.baublebar.testcases.topmenubar.ShoppingCartTest_ShoppingCartTest_byStatus_failed_FAIL1_row"
                class="testMethodStatusFAIL">
               <td width="100%" class="firstMethodCell">
                  <a onclick="toggleDetailsVisibility('com.baublebar.testcases.topmenubar.ShoppingCartTest_ShoppingCartTest_byStatus_failed_FAIL1_details')">ShoppingCartTest({Runmode=Y})</a>
               </td>
               <td nowrap="true">15:59:13</td>
               <td nowrap="true" align="right">32s
                  
               </td>
               <td nowrap="true">
                  <a onclick="toggleDetailsVisibility('com.baublebar.testcases.topmenubar.ShoppingCartTest_ShoppingCartTest_byStatus_failed_FAIL1_exception')">org.openqa.selenium.TimeoutException: 
                     Timed out after 30 seconds waiting for visibility of [[RemoteWebDriver: chrome on XP (e69816a23c3a41f6aca462e79d904986)] -&gt;
                     css selector: .loginLink.btn.btnSm.btnDefault&gt;span]
                     Build info: version: '2.43.1', revision: '5163bce', time: '2014-09-10 16:27:58'
                     System info: host: 'Maitris-MacBook-Pro.local', ip: '10.20.2.238', os.name: 'Mac OS X', os.arch: 'x86_64', os.version: '10.9.5',
                     java.version: '1.6.0_65'
                     Session ID: e69816a23c3a41f6aca462e79d904986
                     Driver info: org.openqa.selenium.remote.RemoteWebDriver
                     Capabilities [{platform=XP, acceptSslCerts=true, javascriptEnabled=true, hasMetadata=true, browserName=chrome, chrome={userDataDir=C:\Users\ADMINI~1\AppData\Local\Temp\scoped_dir1356_26843},
                     rotatable=false, mobileEmulationEnabled=false, locationContextEnabled=true, webdriver.remote.sessionid=e69816a23c3a41f6aca462e79d904986,
                     version=40.0.2214.93, takesHeapSnapshot=true, cssSelectorsEnabled=true, databaseEnabled=false, handlesAlerts=true, browserConnectionEnabled=false,
                     nativeEvents=true, webStorageEnabled=true, applicationCacheEnabled=false, takesScreenshot=true}]
                     
                  </a>
                   
                  
               </td>
            </tr>
            <tr>
               <td colspan="4" class="detailsBox">
                  <div id="com.baublebar.testcases.topmenubar.ShoppingCartTest_ShoppingCartTest_byStatus_failed_FAIL1_details"
                       class="testMethodDetails">
                     <div>
                        <b>Name: </b>ShoppingCartTest
                     </div>
                     <div>
                        <b>Signature: </b>ShoppingCartTest(java.util.Hashtable)[pri:0, instance:com.baublebar.testcases.topmenubar.ShoppingCartTest@30dc9065]
                     </div>
                     <div>
                        <b>Parameters: </b>
                        
                        {Runmode=Y}
                        
                        
                     </div>
                     <div>
                        <b>Start time: </b>15:59:13
                     </div>
                     <div>
                        <b>End time: </b>15:59:46
                     </div>
                     <div>
                        <b>Duration: </b>32s
                        
                     </div>
                  </div>
               </td>
            </tr>
            <tr>
               <td colspan="4" class="detailsBox">
                  <div id="com.baublebar.testcases.topmenubar.ShoppingCartTest_ShoppingCartTest_byStatus_failed_FAIL1_exception"
                       class="testMethodDetails">
                     <pre style="padding: 5px; margin: 0;">org.openqa.selenium.TimeoutException: Timed out after 30 seconds waiting for visibility of [[RemoteWebDriver: chrome on XP
                        (e69816a23c3a41f6aca462e79d904986)] -&gt; css selector: .loginLink.btn.btnSm.btnDefault&gt;span]
                        Build info: version: '2.43.1', revision: '5163bce', time: '2014-09-10 16:27:58'
                        System info: host: 'Maitris-MacBook-Pro.local', ip: '10.20.2.238', os.name: 'Mac OS X', os.arch: 'x86_64', os.version: '10.9.5',
                        java.version: '1.6.0_65'
                        Session ID: e69816a23c3a41f6aca462e79d904986
                        Driver info: org.openqa.selenium.remote.RemoteWebDriver
                        Capabilities [{platform=XP, acceptSslCerts=true, javascriptEnabled=true, hasMetadata=true, browserName=chrome, chrome={userDataDir=C:\Users\ADMINI~1\AppData\Local\Temp\scoped_dir1356_26843},
                        rotatable=false, mobileEmulationEnabled=false, locationContextEnabled=true, webdriver.remote.sessionid=e69816a23c3a41f6aca462e79d904986,
                        version=40.0.2214.93, takesHeapSnapshot=true, cssSelectorsEnabled=true, databaseEnabled=false, handlesAlerts=true, browserConnectionEnabled=false,
                        nativeEvents=true, webStorageEnabled=true, applicationCacheEnabled=false, takesScreenshot=true}]
                        	at org.openqa.selenium.support.ui.WebDriverWait.timeoutException(WebDriverWait.java:79)
                        	at org.openqa.selenium.support.ui.FluentWait.until(FluentWait.java:228)
                        	at com.baublebar.pages.TopMenuBarPage.clickShoppingCart(TopMenuBarPage.java:282)
                        	at com.baublebar.testcases.topmenubar.ShoppingCartTest.ShoppingCartTest(ShoppingCartTest.java:33)
                        	at sun.reflect.NativeMethodAccessorImpl.invoke0(Native Method)
                        	at sun.reflect.NativeMethodAccessorImpl.invoke(NativeMethodAccessorImpl.java:39)
                        	at sun.reflect.DelegatingMethodAccessorImpl.invoke(DelegatingMethodAccessorImpl.java:25)
                        	at java.lang.reflect.Method.invoke(Method.java:597)
                        	at org.testng.internal.MethodInvocationHelper.invokeMethod(MethodInvocationHelper.java:84)
                        	at org.testng.internal.Invoker.invokeMethod(Invoker.java:714)
                        	at org.testng.internal.Invoker.invokeTestMethod(Invoker.java:901)
                        	at org.testng.internal.Invoker.invokeTestMethods(Invoker.java:1231)
                        	at org.testng.internal.TestMethodWorker.invokeTestMethods(TestMethodWorker.java:127)
                        	at org.testng.internal.TestMethodWorker.run(TestMethodWorker.java:111)
                        	at org.testng.TestRunner.privateRun(TestRunner.java:767)
                        	at org.testng.TestRunner.run(TestRunner.java:617)
                        	at org.testng.SuiteRunner.runTest(SuiteRunner.java:334)
                        	at org.testng.SuiteRunner.runSequentially(SuiteRunner.java:329)
                        	at org.testng.SuiteRunner.privateRun(SuiteRunner.java:291)
                        	at org.testng.SuiteRunner.run(SuiteRunner.java:240)
                        	at org.testng.SuiteRunnerWorker.runSuite(SuiteRunnerWorker.java:52)
                        	at org.testng.SuiteRunnerWorker.run(SuiteRunnerWorker.java:86)
                        	at org.testng.TestNG.runSuitesSequentially(TestNG.java:1224)
                        	at org.testng.TestNG.runSuitesLocally(TestNG.java:1149)
                        	at org.testng.TestNG.run(TestNG.java:1057)
                        	at org.testng.TestNG.privateMain(TestNG.java:1364)
                        	at org.testng.TestNG.main(TestNG.java:1333)
                     </pre>
                  </div>
               </td>
            </tr>
            <tr id="com.baublebar.testcases.topmenubar.ContactusTest_contactusTest_byStatus_failed_FAIL2_row"
                class="testMethodStatusFAIL">
               <td width="100%" class="firstMethodCell">
                  <a onclick="toggleDetailsVisibility('com.baublebar.testcases.topmenubar.ContactusTest_contactusTest_byStatus_failed_FAIL2_details')">contactusTest({Runmode=Y})</a>
               </td>
               <td nowrap="true">16:00:47</td>
               <td nowrap="true" align="right">32s
                  
               </td>
               <td nowrap="true">
                  <a onclick="toggleDetailsVisibility('com.baublebar.testcases.topmenubar.ContactusTest_contactusTest_byStatus_failed_FAIL2_exception')">org.openqa.selenium.NoSuchElementException: 
                     no such element
                     (Session info: chrome=40.0.2214.93)
                     (Driver info: chromedriver=2.15.322448 (52179c1b310fec1797c81ea9a20326839860b7d3),platform=Windows NT 6.2 x86_64) (WARNING:
                     The server did not provide any stacktrace information)
                     Command duration or timeout: 30.12 seconds
                     For documentation on this error, please visit: http://seleniumhq.org/exceptions/no_such_element.html
                     Build info: version: '2.43.1', revision: '5163bce', time: '2014-09-10 16:27:58'
                     System info: host: 'Maitris-MacBook-Pro.local', ip: '10.20.2.238', os.name: 'Mac OS X', os.arch: 'x86_64', os.version: '10.9.5',
                     java.version: '1.6.0_65'
                     Session ID: e69816a23c3a41f6aca462e79d904986
                     Driver info: org.openqa.selenium.remote.RemoteWebDriver
                     Capabilities [{platform=XP, acceptSslCerts=true, javascriptEnabled=true, hasMetadata=true, browserName=chrome, chrome={userDataDir=C:\Users\ADMINI~1\AppData\Local\Temp\scoped_dir1356_26843},
                     rotatable=false, mobileEmulationEnabled=false, locationContextEnabled=true, webdriver.remote.sessionid=e69816a23c3a41f6aca462e79d904986,
                     version=40.0.2214.93, takesHeapSnapshot=true, cssSelectorsEnabled=true, databaseEnabled=false, handlesAlerts=true, browserConnectionEnabled=false,
                     nativeEvents=true, webStorageEnabled=true, applicationCacheEnabled=false, takesScreenshot=true}]
                     
                  </a>
                   
                  
               </td>
            </tr>
            <tr>
               <td colspan="4" class="detailsBox">
                  <div id="com.baublebar.testcases.topmenubar.ContactusTest_contactusTest_byStatus_failed_FAIL2_details"
                       class="testMethodDetails">
                     <div>
                        <b>Name: </b>contactusTest
                     </div>
                     <div>
                        <b>Signature: </b>contactusTest(java.util.Hashtable)[pri:0, instance:com.baublebar.testcases.topmenubar.ContactusTest@f786a3c]
                     </div>
                     <div>
                        <b>Parameters: </b>
                        
                        {Runmode=Y}
                        
                        
                     </div>
                     <div>
                        <b>Start time: </b>16:00:47
                     </div>
                     <div>
                        <b>End time: </b>16:01:19
                     </div>
                     <div>
                        <b>Duration: </b>32s
                        
                     </div>
                  </div>
               </td>
            </tr>
            <tr>
               <td colspan="4" class="detailsBox">
                  <div id="com.baublebar.testcases.topmenubar.ContactusTest_contactusTest_byStatus_failed_FAIL2_exception"
                       class="testMethodDetails">
                     <pre style="padding: 5px; margin: 0;">org.openqa.selenium.NoSuchElementException: no such element
                        (Session info: chrome=40.0.2214.93)
                        (Driver info: chromedriver=2.15.322448 (52179c1b310fec1797c81ea9a20326839860b7d3),platform=Windows NT 6.2 x86_64) (WARNING:
                        The server did not provide any stacktrace information)
                        Command duration or timeout: 30.12 seconds
                        For documentation on this error, please visit: http://seleniumhq.org/exceptions/no_such_element.html
                        Build info: version: '2.43.1', revision: '5163bce', time: '2014-09-10 16:27:58'
                        System info: host: 'Maitris-MacBook-Pro.local', ip: '10.20.2.238', os.name: 'Mac OS X', os.arch: 'x86_64', os.version: '10.9.5',
                        java.version: '1.6.0_65'
                        Session ID: e69816a23c3a41f6aca462e79d904986
                        Driver info: org.openqa.selenium.remote.RemoteWebDriver
                        Capabilities [{platform=XP, acceptSslCerts=true, javascriptEnabled=true, hasMetadata=true, browserName=chrome, chrome={userDataDir=C:\Users\ADMINI~1\AppData\Local\Temp\scoped_dir1356_26843},
                        rotatable=false, mobileEmulationEnabled=false, locationContextEnabled=true, webdriver.remote.sessionid=e69816a23c3a41f6aca462e79d904986,
                        version=40.0.2214.93, takesHeapSnapshot=true, cssSelectorsEnabled=true, databaseEnabled=false, handlesAlerts=true, browserConnectionEnabled=false,
                        nativeEvents=true, webStorageEnabled=true, applicationCacheEnabled=false, takesScreenshot=true}]
                        	at sun.reflect.NativeConstructorAccessorImpl.newInstance0(Native Method)
                        	at sun.reflect.NativeConstructorAccessorImpl.newInstance(NativeConstructorAccessorImpl.java:39)
                        	at sun.reflect.DelegatingConstructorAccessorImpl.newInstance(DelegatingConstructorAccessorImpl.java:27)
                        	at java.lang.reflect.Constructor.newInstance(Constructor.java:513)
                        	at org.openqa.selenium.remote.ErrorHandler.createThrowable(ErrorHandler.java:204)
                        	at org.openqa.selenium.remote.ErrorHandler.throwIfResponseFailed(ErrorHandler.java:156)
                        	at org.openqa.selenium.remote.RemoteWebDriver.execute(RemoteWebDriver.java:599)
                        	at org.openqa.selenium.remote.RemoteWebDriver.findElement(RemoteWebDriver.java:352)
                        	at org.openqa.selenium.remote.RemoteWebDriver.findElementByXPath(RemoteWebDriver.java:449)
                        	at org.openqa.selenium.By$ByXPath.findElement(By.java:357)
                        	at org.openqa.selenium.remote.RemoteWebDriver.findElement(RemoteWebDriver.java:344)
                        	at org.openqa.selenium.support.pagefactory.DefaultElementLocator.findElement(DefaultElementLocator.java:59)
                        	at org.openqa.selenium.support.pagefactory.internal.LocatingElementHandler.invoke(LocatingElementHandler.java:37)
                        	at com.sun.proxy.$Proxy11.getText(Unknown Source)
                        	at com.baublebar.pages.TopMenuBarPage.clickContactUs(TopMenuBarPage.java:290)
                        	at com.baublebar.testcases.topmenubar.ContactusTest.contactusTest(ContactusTest.java:33)
                        	at sun.reflect.NativeMethodAccessorImpl.invoke0(Native Method)
                        	at sun.reflect.NativeMethodAccessorImpl.invoke(NativeMethodAccessorImpl.java:39)
                        	at sun.reflect.DelegatingMethodAccessorImpl.invoke(DelegatingMethodAccessorImpl.java:25)
                        	at java.lang.reflect.Method.invoke(Method.java:597)
                        	at org.testng.internal.MethodInvocationHelper.invokeMethod(MethodInvocationHelper.java:84)
                        	at org.testng.internal.Invoker.invokeMethod(Invoker.java:714)
                        	at org.testng.internal.Invoker.invokeTestMethod(Invoker.java:901)
                        	at org.testng.internal.Invoker.invokeTestMethods(Invoker.java:1231)
                        	at org.testng.internal.TestMethodWorker.invokeTestMethods(TestMethodWorker.java:127)
                        	at org.testng.internal.TestMethodWorker.run(TestMethodWorker.java:111)
                        	at org.testng.TestRunner.privateRun(TestRunner.java:767)
                        	at org.testng.TestRunner.run(TestRunner.java:617)
                        	at org.testng.SuiteRunner.runTest(SuiteRunner.java:334)
                        	at org.testng.SuiteRunner.runSequentially(SuiteRunner.java:329)
                        	at org.testng.SuiteRunner.privateRun(SuiteRunner.java:291)
                        	at org.testng.SuiteRunner.run(SuiteRunner.java:240)
                        	at org.testng.SuiteRunnerWorker.runSuite(SuiteRunnerWorker.java:52)
                        	at org.testng.SuiteRunnerWorker.run(SuiteRunnerWorker.java:86)
                        	at org.testng.TestNG.runSuitesSequentially(TestNG.java:1224)
                        	at org.testng.TestNG.runSuitesLocally(TestNG.java:1149)
                        	at org.testng.TestNG.run(TestNG.java:1057)
                        	at org.testng.TestNG.privateMain(TestNG.java:1364)
                        	at org.testng.TestNG.main(TestNG.java:1333)
                     </pre>
                  </div>
               </td>
            </tr>
            <tr id="com.baublebar.testcases.LoadBaublebarTest_loadBaublebar_byStatus_passed_PASS1_row"
                class="testMethodStatusPASS">
               <td width="100%" class="firstMethodCell">
                  <a onclick="toggleDetailsVisibility('com.baublebar.testcases.LoadBaublebarTest_loadBaublebar_byStatus_passed_PASS1_details')">loadBaublebar()</a>
               </td>
               <td nowrap="true">15:55:34</td>
               <td nowrap="true" align="right">28s
                  
               </td>
               <td nowrap="true">
                   
                  
               </td>
            </tr>
            <tr>
               <td colspan="4" class="detailsBox">
                  <div id="com.baublebar.testcases.LoadBaublebarTest_loadBaublebar_byStatus_passed_PASS1_details"
                       class="testMethodDetails">
                     <div>
                        <b>Name: </b>loadBaublebar
                     </div>
                     <div>
                        <b>Signature: </b>loadBaublebar()[pri:0, instance:com.baublebar.testcases.LoadBaublebarTest@4a57ea52]
                     </div>
                     <div>
                        <b>Start time: </b>15:55:34
                     </div>
                     <div>
                        <b>End time: </b>15:56:02
                     </div>
                     <div>
                        <b>Duration: </b>28s
                        
                     </div>
                  </div>
               </td>
            </tr>
            <tr></tr>
            <tr id="com.baublebar.testcases.LoadBaublebarTest_updateSauceTestName_byStatus_passed_PASS2_row"
                class="testMethodStatusPASS testMethodStatusCONF">
               <td width="100%" class="firstMethodCell">
                  <a onclick="toggleDetailsVisibility('com.baublebar.testcases.LoadBaublebarTest_updateSauceTestName_byStatus_passed_PASS2_details')">updateSauceTestName([TestResult name=loadBaublebar status=SUCCESS method=LoadBaublebarTest.loadBaublebar()[pri:0, instance:com.baublebar.testcases.LoadBaublebarTest@4a57ea52]
                     output={null}])
                  </a>
               </td>
               <td nowrap="true">15:56:02</td>
               <td nowrap="true" align="right">295 ms
                  
               </td>
               <td nowrap="true">
                   
                  
               </td>
            </tr>
            <tr>
               <td colspan="4" class="detailsBox">
                  <div id="com.baublebar.testcases.LoadBaublebarTest_updateSauceTestName_byStatus_passed_PASS2_details"
                       class="testMethodDetails">
                     <div>
                        <b>Name: </b>updateSauceTestName
                     </div>
                     <div>
                        <b>Signature: </b>updateSauceTestName(org.testng.ITestResult)[pri:0, instance:com.baublebar.testcases.LoadBaublebarTest@4a57ea52]
                     </div>
                     <div>
                        <b>Parameters: </b>
                        
                        [TestResult name=loadBaublebar status=SUCCESS method=LoadBaublebarTest.loadBaublebar()[pri:0, instance:com.baublebar.testcases.LoadBaublebarTest@4a57ea52]
                        output={null}]
                        
                        
                     </div>
                     <div>
                        <b>Start time: </b>15:56:02
                     </div>
                     <div>
                        <b>End time: </b>15:56:02
                     </div>
                     <div>
                        <b>Duration: </b>295 ms
                        
                     </div>
                  </div>
               </td>
            </tr>
            <tr></tr>
            <tr id="com.baublebar.testcases.shoppingcart.PlaceOrderTest_PlaceOrderTest_byStatus_passed_PASS3_row"
                class="testMethodStatusPASS">
               <td width="100%" class="firstMethodCell">
                  <a onclick="toggleDetailsVisibility('com.baublebar.testcases.shoppingcart.PlaceOrderTest_PlaceOrderTest_byStatus_passed_PASS3_details')">PlaceOrderTest({Runmode=Y, ProductName=ice-dog-tag-layered-pendant-necklace})</a>
               </td>
               <td nowrap="true">15:56:02</td>
               <td nowrap="true" align="right">41s
                  
               </td>
               <td nowrap="true">
                   
                  
               </td>
            </tr>
            <tr>
               <td colspan="4" class="detailsBox">
                  <div id="com.baublebar.testcases.shoppingcart.PlaceOrderTest_PlaceOrderTest_byStatus_passed_PASS3_details"
                       class="testMethodDetails">
                     <div>
                        <b>Name: </b>PlaceOrderTest
                     </div>
                     <div>
                        <b>Signature: </b>PlaceOrderTest(java.util.Hashtable)[pri:0, instance:com.baublebar.testcases.shoppingcart.PlaceOrderTest@7219d6af]
                     </div>
                     <div>
                        <b>Parameters: </b>
                        
                        {Runmode=Y, ProductName=ice-dog-tag-layered-pendant-necklace}
                        
                        
                     </div>
                     <div>
                        <b>Start time: </b>15:56:02
                     </div>
                     <div>
                        <b>End time: </b>15:56:44
                     </div>
                     <div>
                        <b>Duration: </b>41s
                        
                     </div>
                  </div>
               </td>
            </tr>
            <tr></tr>
            <tr id="com.baublebar.testcases.shoppingcart.PlaceOrderTest_updateSauceTestName_byStatus_passed_PASS4_row"
                class="testMethodStatusPASS testMethodStatusCONF">
               <td width="100%" class="firstMethodCell">
                  <a onclick="toggleDetailsVisibility('com.baublebar.testcases.shoppingcart.PlaceOrderTest_updateSauceTestName_byStatus_passed_PASS4_details')">updateSauceTestName([TestResult name=PlaceOrderTest status=SUCCESS method=PlaceOrderTest.PlaceOrderTest(java.util.Hashtable)[pri:0,
                     instance:com.baublebar.testcases.shoppingcart.PlaceOrderTest@7219d6af] output={null}])
                  </a>
               </td>
               <td nowrap="true">15:56:44</td>
               <td nowrap="true" align="right">706 ms
                  
               </td>
               <td nowrap="true">
                   
                  
               </td>
            </tr>
            <tr>
               <td colspan="4" class="detailsBox">
                  <div id="com.baublebar.testcases.shoppingcart.PlaceOrderTest_updateSauceTestName_byStatus_passed_PASS4_details"
                       class="testMethodDetails">
                     <div>
                        <b>Name: </b>updateSauceTestName
                     </div>
                     <div>
                        <b>Signature: </b>updateSauceTestName(org.testng.ITestResult)[pri:0, instance:com.baublebar.testcases.shoppingcart.PlaceOrderTest@7219d6af]
                     </div>
                     <div>
                        <b>Parameters: </b>
                        
                        [TestResult name=PlaceOrderTest status=SUCCESS method=PlaceOrderTest.PlaceOrderTest(java.util.Hashtable)[pri:0, instance:com.baublebar.testcases.shoppingcart.PlaceOrderTest@7219d6af]
                        output={null}]
                        
                        
                     </div>
                     <div>
                        <b>Start time: </b>15:56:44
                     </div>
                     <div>
                        <b>End time: </b>15:56:44
                     </div>
                     <div>
                        <b>Duration: </b>706 ms
                        
                     </div>
                  </div>
               </td>
            </tr>
            <tr></tr>
            <tr id="com.baublebar.testcases.mainnavigationbar.MainNavigationBarTest_MainNavigationBarTest_byStatus_passed_PASS5_row"
                class="testMethodStatusPASS">
               <td width="100%" class="firstMethodCell">
                  <a onclick="toggleDetailsVisibility('com.baublebar.testcases.mainnavigationbar.MainNavigationBarTest_MainNavigationBarTest_byStatus_passed_PASS5_details')">MainNavigationBarTest({Runmode=Y, CategoryName=What})</a>
               </td>
               <td nowrap="true">15:56:44</td>
               <td nowrap="true" align="right">10s
                  
               </td>
               <td nowrap="true">
                   
                  
               </td>
            </tr>
            <tr>
               <td colspan="4" class="detailsBox">
                  <div id="com.baublebar.testcases.mainnavigationbar.MainNavigationBarTest_MainNavigationBarTest_byStatus_passed_PASS5_details"
                       class="testMethodDetails">
                     <div>
                        <b>Name: </b>MainNavigationBarTest
                     </div>
                     <div>
                        <b>Signature: </b>MainNavigationBarTest(java.util.Hashtable)[pri:0, instance:com.baublebar.testcases.mainnavigationbar.MainNavigationBarTest@40363068]
                     </div>
                     <div>
                        <b>Parameters: </b>
                        
                        {Runmode=Y, CategoryName=What}
                        
                        
                     </div>
                     <div>
                        <b>Start time: </b>15:56:44
                     </div>
                     <div>
                        <b>End time: </b>15:56:54
                     </div>
                     <div>
                        <b>Duration: </b>10s
                        
                     </div>
                  </div>
               </td>
            </tr>
            <tr></tr>
            <tr id="com.baublebar.testcases.mainnavigationbar.MainNavigationBarTest_updateSauceTestName_byStatus_passed_PASS6_row"
                class="testMethodStatusPASS testMethodStatusCONF">
               <td width="100%" class="firstMethodCell">
                  <a onclick="toggleDetailsVisibility('com.baublebar.testcases.mainnavigationbar.MainNavigationBarTest_updateSauceTestName_byStatus_passed_PASS6_details')">updateSauceTestName([TestResult name=MainNavigationBarTest status=SUCCESS method=MainNavigationBarTest.MainNavigationBarTest(java.util.Hashtable)[pri:0,
                     instance:com.baublebar.testcases.mainnavigationbar.MainNavigationBarTest@40363068] output={null}])
                  </a>
               </td>
               <td nowrap="true">15:56:54</td>
               <td nowrap="true" align="right">381 ms
                  
               </td>
               <td nowrap="true">
                   
                  
               </td>
            </tr>
            <tr>
               <td colspan="4" class="detailsBox">
                  <div id="com.baublebar.testcases.mainnavigationbar.MainNavigationBarTest_updateSauceTestName_byStatus_passed_PASS6_details"
                       class="testMethodDetails">
                     <div>
                        <b>Name: </b>updateSauceTestName
                     </div>
                     <div>
                        <b>Signature: </b>updateSauceTestName(org.testng.ITestResult)[pri:0, instance:com.baublebar.testcases.mainnavigationbar.MainNavigationBarTest@40363068]
                     </div>
                     <div>
                        <b>Parameters: </b>
                        
                        [TestResult name=MainNavigationBarTest status=SUCCESS method=MainNavigationBarTest.MainNavigationBarTest(java.util.Hashtable)[pri:0,
                        instance:com.baublebar.testcases.mainnavigationbar.MainNavigationBarTest@40363068] output={null}]
                        
                        
                     </div>
                     <div>
                        <b>Start time: </b>15:56:54
                     </div>
                     <div>
                        <b>End time: </b>15:56:55
                     </div>
                     <div>
                        <b>Duration: </b>381 ms
                        
                     </div>
                  </div>
               </td>
            </tr>
            <tr></tr>
            <tr id="com.baublebar.testcases.mainnavigationbar.MainNavigationBarTest_MainNavigationBarTest_byStatus_passed_PASS7_row"
                class="testMethodStatusPASS">
               <td width="100%" class="firstMethodCell">
                  <a onclick="toggleDetailsVisibility('com.baublebar.testcases.mainnavigationbar.MainNavigationBarTest_MainNavigationBarTest_byStatus_passed_PASS7_details')">MainNavigationBarTest({Runmode=Y, CategoryName=Necklaces})</a>
               </td>
               <td nowrap="true">15:56:55</td>
               <td nowrap="true" align="right">31s
                  
               </td>
               <td nowrap="true">
                   
                  
               </td>
            </tr>
            <tr>
               <td colspan="4" class="detailsBox">
                  <div id="com.baublebar.testcases.mainnavigationbar.MainNavigationBarTest_MainNavigationBarTest_byStatus_passed_PASS7_details"
                       class="testMethodDetails">
                     <div>
                        <b>Name: </b>MainNavigationBarTest
                     </div>
                     <div>
                        <b>Signature: </b>MainNavigationBarTest(java.util.Hashtable)[pri:0, instance:com.baublebar.testcases.mainnavigationbar.MainNavigationBarTest@40363068]
                     </div>
                     <div>
                        <b>Parameters: </b>
                        
                        {Runmode=Y, CategoryName=Necklaces}
                        
                        
                     </div>
                     <div>
                        <b>Start time: </b>15:56:55
                     </div>
                     <div>
                        <b>End time: </b>15:57:26
                     </div>
                     <div>
                        <b>Duration: </b>31s
                        
                     </div>
                  </div>
               </td>
            </tr>
            <tr></tr>
            <tr id="com.baublebar.testcases.mainnavigationbar.MainNavigationBarTest_updateSauceTestName_byStatus_passed_PASS8_row"
                class="testMethodStatusPASS testMethodStatusCONF">
               <td width="100%" class="firstMethodCell">
                  <a onclick="toggleDetailsVisibility('com.baublebar.testcases.mainnavigationbar.MainNavigationBarTest_updateSauceTestName_byStatus_passed_PASS8_details')">updateSauceTestName([TestResult name=MainNavigationBarTest status=SUCCESS method=MainNavigationBarTest.MainNavigationBarTest(java.util.Hashtable)[pri:0,
                     instance:com.baublebar.testcases.mainnavigationbar.MainNavigationBarTest@40363068] output={null}])
                  </a>
               </td>
               <td nowrap="true">15:57:26</td>
               <td nowrap="true" align="right">498 ms
                  
               </td>
               <td nowrap="true">
                   
                  
               </td>
            </tr>
            <tr>
               <td colspan="4" class="detailsBox">
                  <div id="com.baublebar.testcases.mainnavigationbar.MainNavigationBarTest_updateSauceTestName_byStatus_passed_PASS8_details"
                       class="testMethodDetails">
                     <div>
                        <b>Name: </b>updateSauceTestName
                     </div>
                     <div>
                        <b>Signature: </b>updateSauceTestName(org.testng.ITestResult)[pri:0, instance:com.baublebar.testcases.mainnavigationbar.MainNavigationBarTest@40363068]
                     </div>
                     <div>
                        <b>Parameters: </b>
                        
                        [TestResult name=MainNavigationBarTest status=SUCCESS method=MainNavigationBarTest.MainNavigationBarTest(java.util.Hashtable)[pri:0,
                        instance:com.baublebar.testcases.mainnavigationbar.MainNavigationBarTest@40363068] output={null}]
                        
                        
                     </div>
                     <div>
                        <b>Start time: </b>15:57:26
                     </div>
                     <div>
                        <b>End time: </b>15:57:26
                     </div>
                     <div>
                        <b>Duration: </b>498 ms
                        
                     </div>
                  </div>
               </td>
            </tr>
            <tr></tr>
            <tr id="com.baublebar.testcases.mainnavigationbar.MainNavigationBarTest_MainNavigationBarTest_byStatus_passed_PASS9_row"
                class="testMethodStatusPASS">
               <td width="100%" class="firstMethodCell">
                  <a onclick="toggleDetailsVisibility('com.baublebar.testcases.mainnavigationbar.MainNavigationBarTest_MainNavigationBarTest_byStatus_passed_PASS9_details')">MainNavigationBarTest({Runmode=Y, CategoryName=Bracelets})</a>
               </td>
               <td nowrap="true">15:57:26</td>
               <td nowrap="true" align="right">32s
                  
               </td>
               <td nowrap="true">
                   
                  
               </td>
            </tr>
            <tr>
               <td colspan="4" class="detailsBox">
                  <div id="com.baublebar.testcases.mainnavigationbar.MainNavigationBarTest_MainNavigationBarTest_byStatus_passed_PASS9_details"
                       class="testMethodDetails">
                     <div>
                        <b>Name: </b>MainNavigationBarTest
                     </div>
                     <div>
                        <b>Signature: </b>MainNavigationBarTest(java.util.Hashtable)[pri:0, instance:com.baublebar.testcases.mainnavigationbar.MainNavigationBarTest@40363068]
                     </div>
                     <div>
                        <b>Parameters: </b>
                        
                        {Runmode=Y, CategoryName=Bracelets}
                        
                        
                     </div>
                     <div>
                        <b>Start time: </b>15:57:26
                     </div>
                     <div>
                        <b>End time: </b>15:57:59
                     </div>
                     <div>
                        <b>Duration: </b>32s
                        
                     </div>
                  </div>
               </td>
            </tr>
            <tr></tr>
            <tr id="com.baublebar.testcases.mainnavigationbar.MainNavigationBarTest_updateSauceTestName_byStatus_passed_PASS10_row"
                class="testMethodStatusPASS testMethodStatusCONF">
               <td width="100%" class="firstMethodCell">
                  <a onclick="toggleDetailsVisibility('com.baublebar.testcases.mainnavigationbar.MainNavigationBarTest_updateSauceTestName_byStatus_passed_PASS10_details')">updateSauceTestName([TestResult name=MainNavigationBarTest status=SUCCESS method=MainNavigationBarTest.MainNavigationBarTest(java.util.Hashtable)[pri:0,
                     instance:com.baublebar.testcases.mainnavigationbar.MainNavigationBarTest@40363068] output={null}])
                  </a>
               </td>
               <td nowrap="true">15:57:59</td>
               <td nowrap="true" align="right">831 ms
                  
               </td>
               <td nowrap="true">
                   
                  
               </td>
            </tr>
            <tr>
               <td colspan="4" class="detailsBox">
                  <div id="com.baublebar.testcases.mainnavigationbar.MainNavigationBarTest_updateSauceTestName_byStatus_passed_PASS10_details"
                       class="testMethodDetails">
                     <div>
                        <b>Name: </b>updateSauceTestName
                     </div>
                     <div>
                        <b>Signature: </b>updateSauceTestName(org.testng.ITestResult)[pri:0, instance:com.baublebar.testcases.mainnavigationbar.MainNavigationBarTest@40363068]
                     </div>
                     <div>
                        <b>Parameters: </b>
                        
                        [TestResult name=MainNavigationBarTest status=SUCCESS method=MainNavigationBarTest.MainNavigationBarTest(java.util.Hashtable)[pri:0,
                        instance:com.baublebar.testcases.mainnavigationbar.MainNavigationBarTest@40363068] output={null}]
                        
                        
                     </div>
                     <div>
                        <b>Start time: </b>15:57:59
                     </div>
                     <div>
                        <b>End time: </b>15:57:59
                     </div>
                     <div>
                        <b>Duration: </b>831 ms
                        
                     </div>
                  </div>
               </td>
            </tr>
            <tr></tr>
            <tr id="com.baublebar.testcases.mainnavigationbar.MainNavigationBarTest_MainNavigationBarTest_byStatus_passed_PASS11_row"
                class="testMethodStatusPASS">
               <td width="100%" class="firstMethodCell">
                  <a onclick="toggleDetailsVisibility('com.baublebar.testcases.mainnavigationbar.MainNavigationBarTest_MainNavigationBarTest_byStatus_passed_PASS11_details')">MainNavigationBarTest({Runmode=Y, CategoryName=Earrings})</a>
               </td>
               <td nowrap="true">15:57:59</td>
               <td nowrap="true" align="right">34s
                  
               </td>
               <td nowrap="true">
                   
                  
               </td>
            </tr>
            <tr>
               <td colspan="4" class="detailsBox">
                  <div id="com.baublebar.testcases.mainnavigationbar.MainNavigationBarTest_MainNavigationBarTest_byStatus_passed_PASS11_details"
                       class="testMethodDetails">
                     <div>
                        <b>Name: </b>MainNavigationBarTest
                     </div>
                     <div>
                        <b>Signature: </b>MainNavigationBarTest(java.util.Hashtable)[pri:0, instance:com.baublebar.testcases.mainnavigationbar.MainNavigationBarTest@40363068]
                     </div>
                     <div>
                        <b>Parameters: </b>
                        
                        {Runmode=Y, CategoryName=Earrings}
                        
                        
                     </div>
                     <div>
                        <b>Start time: </b>15:57:59
                     </div>
                     <div>
                        <b>End time: </b>15:58:34
                     </div>
                     <div>
                        <b>Duration: </b>34s
                        
                     </div>
                  </div>
               </td>
            </tr>
            <tr></tr>
            <tr id="com.baublebar.testcases.mainnavigationbar.MainNavigationBarTest_updateSauceTestName_byStatus_passed_PASS12_row"
                class="testMethodStatusPASS testMethodStatusCONF">
               <td width="100%" class="firstMethodCell">
                  <a onclick="toggleDetailsVisibility('com.baublebar.testcases.mainnavigationbar.MainNavigationBarTest_updateSauceTestName_byStatus_passed_PASS12_details')">updateSauceTestName([TestResult name=MainNavigationBarTest status=SUCCESS method=MainNavigationBarTest.MainNavigationBarTest(java.util.Hashtable)[pri:0,
                     instance:com.baublebar.testcases.mainnavigationbar.MainNavigationBarTest@40363068] output={null}])
                  </a>
               </td>
               <td nowrap="true">15:58:34</td>
               <td nowrap="true" align="right">433 ms
                  
               </td>
               <td nowrap="true">
                   
                  
               </td>
            </tr>
            <tr>
               <td colspan="4" class="detailsBox">
                  <div id="com.baublebar.testcases.mainnavigationbar.MainNavigationBarTest_updateSauceTestName_byStatus_passed_PASS12_details"
                       class="testMethodDetails">
                     <div>
                        <b>Name: </b>updateSauceTestName
                     </div>
                     <div>
                        <b>Signature: </b>updateSauceTestName(org.testng.ITestResult)[pri:0, instance:com.baublebar.testcases.mainnavigationbar.MainNavigationBarTest@40363068]
                     </div>
                     <div>
                        <b>Parameters: </b>
                        
                        [TestResult name=MainNavigationBarTest status=SUCCESS method=MainNavigationBarTest.MainNavigationBarTest(java.util.Hashtable)[pri:0,
                        instance:com.baublebar.testcases.mainnavigationbar.MainNavigationBarTest@40363068] output={null}]
                        
                        
                     </div>
                     <div>
                        <b>Start time: </b>15:58:34
                     </div>
                     <div>
                        <b>End time: </b>15:58:35
                     </div>
                     <div>
                        <b>Duration: </b>433 ms
                        
                     </div>
                  </div>
               </td>
            </tr>
            <tr></tr>
            <tr id="com.baublebar.testcases.mainnavigationbar.MainNavigationBarTest_MainNavigationBarTest_byStatus_passed_PASS13_row"
                class="testMethodStatusPASS">
               <td width="100%" class="firstMethodCell">
                  <a onclick="toggleDetailsVisibility('com.baublebar.testcases.mainnavigationbar.MainNavigationBarTest_MainNavigationBarTest_byStatus_passed_PASS13_details')">MainNavigationBarTest({Runmode=Y, CategoryName=Rings})</a>
               </td>
               <td nowrap="true">15:58:35</td>
               <td nowrap="true" align="right">6s
                  
               </td>
               <td nowrap="true">
                   
                  
               </td>
            </tr>
            <tr>
               <td colspan="4" class="detailsBox">
                  <div id="com.baublebar.testcases.mainnavigationbar.MainNavigationBarTest_MainNavigationBarTest_byStatus_passed_PASS13_details"
                       class="testMethodDetails">
                     <div>
                        <b>Name: </b>MainNavigationBarTest
                     </div>
                     <div>
                        <b>Signature: </b>MainNavigationBarTest(java.util.Hashtable)[pri:0, instance:com.baublebar.testcases.mainnavigationbar.MainNavigationBarTest@40363068]
                     </div>
                     <div>
                        <b>Parameters: </b>
                        
                        {Runmode=Y, CategoryName=Rings}
                        
                        
                     </div>
                     <div>
                        <b>Start time: </b>15:58:35
                     </div>
                     <div>
                        <b>End time: </b>15:58:41
                     </div>
                     <div>
                        <b>Duration: </b>6s
                        
                     </div>
                  </div>
               </td>
            </tr>
            <tr></tr>
            <tr id="com.baublebar.testcases.mainnavigationbar.MainNavigationBarTest_updateSauceTestName_byStatus_passed_PASS14_row"
                class="testMethodStatusPASS testMethodStatusCONF">
               <td width="100%" class="firstMethodCell">
                  <a onclick="toggleDetailsVisibility('com.baublebar.testcases.mainnavigationbar.MainNavigationBarTest_updateSauceTestName_byStatus_passed_PASS14_details')">updateSauceTestName([TestResult name=MainNavigationBarTest status=SUCCESS method=MainNavigationBarTest.MainNavigationBarTest(java.util.Hashtable)[pri:0,
                     instance:com.baublebar.testcases.mainnavigationbar.MainNavigationBarTest@40363068] output={null}])
                  </a>
               </td>
               <td nowrap="true">15:58:41</td>
               <td nowrap="true" align="right">272 ms
                  
               </td>
               <td nowrap="true">
                   
                  
               </td>
            </tr>
            <tr>
               <td colspan="4" class="detailsBox">
                  <div id="com.baublebar.testcases.mainnavigationbar.MainNavigationBarTest_updateSauceTestName_byStatus_passed_PASS14_details"
                       class="testMethodDetails">
                     <div>
                        <b>Name: </b>updateSauceTestName
                     </div>
                     <div>
                        <b>Signature: </b>updateSauceTestName(org.testng.ITestResult)[pri:0, instance:com.baublebar.testcases.mainnavigationbar.MainNavigationBarTest@40363068]
                     </div>
                     <div>
                        <b>Parameters: </b>
                        
                        [TestResult name=MainNavigationBarTest status=SUCCESS method=MainNavigationBarTest.MainNavigationBarTest(java.util.Hashtable)[pri:0,
                        instance:com.baublebar.testcases.mainnavigationbar.MainNavigationBarTest@40363068] output={null}]
                        
                        
                     </div>
                     <div>
                        <b>Start time: </b>15:58:41
                     </div>
                     <div>
                        <b>End time: </b>15:58:41
                     </div>
                     <div>
                        <b>Duration: </b>272 ms
                        
                     </div>
                  </div>
               </td>
            </tr>
            <tr></tr>
            <tr id="com.baublebar.testcases.mainnavigationbar.MainNavigationBarTest_MainNavigationBarTest_byStatus_passed_PASS15_row"
                class="testMethodStatusPASS">
               <td width="100%" class="firstMethodCell">
                  <a onclick="toggleDetailsVisibility('com.baublebar.testcases.mainnavigationbar.MainNavigationBarTest_MainNavigationBarTest_byStatus_passed_PASS15_details')">MainNavigationBarTest({Runmode=Y, CategoryName=Personalized})</a>
               </td>
               <td nowrap="true">15:58:41</td>
               <td nowrap="true" align="right">9s
                  
               </td>
               <td nowrap="true">
                   
                  
               </td>
            </tr>
            <tr>
               <td colspan="4" class="detailsBox">
                  <div id="com.baublebar.testcases.mainnavigationbar.MainNavigationBarTest_MainNavigationBarTest_byStatus_passed_PASS15_details"
                       class="testMethodDetails">
                     <div>
                        <b>Name: </b>MainNavigationBarTest
                     </div>
                     <div>
                        <b>Signature: </b>MainNavigationBarTest(java.util.Hashtable)[pri:0, instance:com.baublebar.testcases.mainnavigationbar.MainNavigationBarTest@40363068]
                     </div>
                     <div>
                        <b>Parameters: </b>
                        
                        {Runmode=Y, CategoryName=Personalized}
                        
                        
                     </div>
                     <div>
                        <b>Start time: </b>15:58:41
                     </div>
                     <div>
                        <b>End time: </b>15:58:51
                     </div>
                     <div>
                        <b>Duration: </b>9s
                        
                     </div>
                  </div>
               </td>
            </tr>
            <tr></tr>
            <tr id="com.baublebar.testcases.mainnavigationbar.MainNavigationBarTest_updateSauceTestName_byStatus_passed_PASS16_row"
                class="testMethodStatusPASS testMethodStatusCONF">
               <td width="100%" class="firstMethodCell">
                  <a onclick="toggleDetailsVisibility('com.baublebar.testcases.mainnavigationbar.MainNavigationBarTest_updateSauceTestName_byStatus_passed_PASS16_details')">updateSauceTestName([TestResult name=MainNavigationBarTest status=SUCCESS method=MainNavigationBarTest.MainNavigationBarTest(java.util.Hashtable)[pri:0,
                     instance:com.baublebar.testcases.mainnavigationbar.MainNavigationBarTest@40363068] output={null}])
                  </a>
               </td>
               <td nowrap="true">15:58:51</td>
               <td nowrap="true" align="right">1s
                  
               </td>
               <td nowrap="true">
                   
                  
               </td>
            </tr>
            <tr>
               <td colspan="4" class="detailsBox">
                  <div id="com.baublebar.testcases.mainnavigationbar.MainNavigationBarTest_updateSauceTestName_byStatus_passed_PASS16_details"
                       class="testMethodDetails">
                     <div>
                        <b>Name: </b>updateSauceTestName
                     </div>
                     <div>
                        <b>Signature: </b>updateSauceTestName(org.testng.ITestResult)[pri:0, instance:com.baublebar.testcases.mainnavigationbar.MainNavigationBarTest@40363068]
                     </div>
                     <div>
                        <b>Parameters: </b>
                        
                        [TestResult name=MainNavigationBarTest status=SUCCESS method=MainNavigationBarTest.MainNavigationBarTest(java.util.Hashtable)[pri:0,
                        instance:com.baublebar.testcases.mainnavigationbar.MainNavigationBarTest@40363068] output={null}]
                        
                        
                     </div>
                     <div>
                        <b>Start time: </b>15:58:51
                     </div>
                     <div>
                        <b>End time: </b>15:58:53
                     </div>
                     <div>
                        <b>Duration: </b>1s
                        
                     </div>
                  </div>
               </td>
            </tr>
            <tr></tr>
            <tr id="com.baublebar.testcases.mainnavigationbar.MainNavigationBarTest_MainNavigationBarTest_byStatus_passed_PASS17_row"
                class="testMethodStatusPASS">
               <td width="100%" class="firstMethodCell">
                  <a onclick="toggleDetailsVisibility('com.baublebar.testcases.mainnavigationbar.MainNavigationBarTest_MainNavigationBarTest_byStatus_passed_PASS17_details')">MainNavigationBarTest({Runmode=Y, CategoryName=Guest})</a>
               </td>
               <td nowrap="true">15:58:53</td>
               <td nowrap="true" align="right">11s
                  
               </td>
               <td nowrap="true">
                   
                  
               </td>
            </tr>
            <tr>
               <td colspan="4" class="detailsBox">
                  <div id="com.baublebar.testcases.mainnavigationbar.MainNavigationBarTest_MainNavigationBarTest_byStatus_passed_PASS17_details"
                       class="testMethodDetails">
                     <div>
                        <b>Name: </b>MainNavigationBarTest
                     </div>
                     <div>
                        <b>Signature: </b>MainNavigationBarTest(java.util.Hashtable)[pri:0, instance:com.baublebar.testcases.mainnavigationbar.MainNavigationBarTest@40363068]
                     </div>
                     <div>
                        <b>Parameters: </b>
                        
                        {Runmode=Y, CategoryName=Guest}
                        
                        
                     </div>
                     <div>
                        <b>Start time: </b>15:58:53
                     </div>
                     <div>
                        <b>End time: </b>15:59:04
                     </div>
                     <div>
                        <b>Duration: </b>11s
                        
                     </div>
                  </div>
               </td>
            </tr>
            <tr></tr>
            <tr id="com.baublebar.testcases.mainnavigationbar.MainNavigationBarTest_updateSauceTestName_byStatus_passed_PASS18_row"
                class="testMethodStatusPASS testMethodStatusCONF">
               <td width="100%" class="firstMethodCell">
                  <a onclick="toggleDetailsVisibility('com.baublebar.testcases.mainnavigationbar.MainNavigationBarTest_updateSauceTestName_byStatus_passed_PASS18_details')">updateSauceTestName([TestResult name=MainNavigationBarTest status=SUCCESS method=MainNavigationBarTest.MainNavigationBarTest(java.util.Hashtable)[pri:0,
                     instance:com.baublebar.testcases.mainnavigationbar.MainNavigationBarTest@40363068] output={null}])
                  </a>
               </td>
               <td nowrap="true">15:59:04</td>
               <td nowrap="true" align="right">410 ms
                  
               </td>
               <td nowrap="true">
                   
                  
               </td>
            </tr>
            <tr>
               <td colspan="4" class="detailsBox">
                  <div id="com.baublebar.testcases.mainnavigationbar.MainNavigationBarTest_updateSauceTestName_byStatus_passed_PASS18_details"
                       class="testMethodDetails">
                     <div>
                        <b>Name: </b>updateSauceTestName
                     </div>
                     <div>
                        <b>Signature: </b>updateSauceTestName(org.testng.ITestResult)[pri:0, instance:com.baublebar.testcases.mainnavigationbar.MainNavigationBarTest@40363068]
                     </div>
                     <div>
                        <b>Parameters: </b>
                        
                        [TestResult name=MainNavigationBarTest status=SUCCESS method=MainNavigationBarTest.MainNavigationBarTest(java.util.Hashtable)[pri:0,
                        instance:com.baublebar.testcases.mainnavigationbar.MainNavigationBarTest@40363068] output={null}]
                        
                        
                     </div>
                     <div>
                        <b>Start time: </b>15:59:04
                     </div>
                     <div>
                        <b>End time: </b>15:59:04
                     </div>
                     <div>
                        <b>Duration: </b>410 ms
                        
                     </div>
                  </div>
               </td>
            </tr>
            <tr></tr>
            <tr id="com.baublebar.testcases.mainnavigationbar.MainNavigationBarTest_MainNavigationBarTest_byStatus_passed_PASS19_row"
                class="testMethodStatusPASS">
               <td width="100%" class="firstMethodCell">
                  <a onclick="toggleDetailsVisibility('com.baublebar.testcases.mainnavigationbar.MainNavigationBarTest_MainNavigationBarTest_byStatus_passed_PASS19_details')">MainNavigationBarTest({Runmode=Y, CategoryName=Minibar})</a>
               </td>
               <td nowrap="true">15:59:04</td>
               <td nowrap="true" align="right">2s
                  
               </td>
               <td nowrap="true">
                   
                  
               </td>
            </tr>
            <tr>
               <td colspan="4" class="detailsBox">
                  <div id="com.baublebar.testcases.mainnavigationbar.MainNavigationBarTest_MainNavigationBarTest_byStatus_passed_PASS19_details"
                       class="testMethodDetails">
                     <div>
                        <b>Name: </b>MainNavigationBarTest
                     </div>
                     <div>
                        <b>Signature: </b>MainNavigationBarTest(java.util.Hashtable)[pri:0, instance:com.baublebar.testcases.mainnavigationbar.MainNavigationBarTest@40363068]
                     </div>
                     <div>
                        <b>Parameters: </b>
                        
                        {Runmode=Y, CategoryName=Minibar}
                        
                        
                     </div>
                     <div>
                        <b>Start time: </b>15:59:04
                     </div>
                     <div>
                        <b>End time: </b>15:59:07
                     </div>
                     <div>
                        <b>Duration: </b>2s
                        
                     </div>
                  </div>
               </td>
            </tr>
            <tr></tr>
            <tr id="com.baublebar.testcases.mainnavigationbar.MainNavigationBarTest_updateSauceTestName_byStatus_passed_PASS20_row"
                class="testMethodStatusPASS testMethodStatusCONF">
               <td width="100%" class="firstMethodCell">
                  <a onclick="toggleDetailsVisibility('com.baublebar.testcases.mainnavigationbar.MainNavigationBarTest_updateSauceTestName_byStatus_passed_PASS20_details')">updateSauceTestName([TestResult name=MainNavigationBarTest status=SUCCESS method=MainNavigationBarTest.MainNavigationBarTest(java.util.Hashtable)[pri:0,
                     instance:com.baublebar.testcases.mainnavigationbar.MainNavigationBarTest@40363068] output={null}])
                  </a>
               </td>
               <td nowrap="true">15:59:07</td>
               <td nowrap="true" align="right">293 ms
                  
               </td>
               <td nowrap="true">
                   
                  
               </td>
            </tr>
            <tr>
               <td colspan="4" class="detailsBox">
                  <div id="com.baublebar.testcases.mainnavigationbar.MainNavigationBarTest_updateSauceTestName_byStatus_passed_PASS20_details"
                       class="testMethodDetails">
                     <div>
                        <b>Name: </b>updateSauceTestName
                     </div>
                     <div>
                        <b>Signature: </b>updateSauceTestName(org.testng.ITestResult)[pri:0, instance:com.baublebar.testcases.mainnavigationbar.MainNavigationBarTest@40363068]
                     </div>
                     <div>
                        <b>Parameters: </b>
                        
                        [TestResult name=MainNavigationBarTest status=SUCCESS method=MainNavigationBarTest.MainNavigationBarTest(java.util.Hashtable)[pri:0,
                        instance:com.baublebar.testcases.mainnavigationbar.MainNavigationBarTest@40363068] output={null}]
                        
                        
                     </div>
                     <div>
                        <b>Start time: </b>15:59:07
                     </div>
                     <div>
                        <b>End time: </b>15:59:07
                     </div>
                     <div>
                        <b>Duration: </b>293 ms
                        
                     </div>
                  </div>
               </td>
            </tr>
            <tr></tr>
            <tr id="com.baublebar.testcases.topmenubar.SignupForDiscountTest_signupForDiscountTest_byStatus_passed_PASS21_row"
                class="testMethodStatusPASS">
               <td width="100%" class="firstMethodCell">
                  <a onclick="toggleDetailsVisibility('com.baublebar.testcases.topmenubar.SignupForDiscountTest_signupForDiscountTest_byStatus_passed_PASS21_details')">signupForDiscountTest({Runmode=Y, DiscountEmail=cmaitri@yahoo.com})</a>
               </td>
               <td nowrap="true">15:59:07</td>
               <td nowrap="true" align="right">5s
                  
               </td>
               <td nowrap="true">
                   
                  
               </td>
            </tr>
            <tr>
               <td colspan="4" class="detailsBox">
                  <div id="com.baublebar.testcases.topmenubar.SignupForDiscountTest_signupForDiscountTest_byStatus_passed_PASS21_details"
                       class="testMethodDetails">
                     <div>
                        <b>Name: </b>signupForDiscountTest
                     </div>
                     <div>
                        <b>Signature: </b>signupForDiscountTest(java.util.Hashtable)[pri:0, instance:com.baublebar.testcases.topmenubar.SignupForDiscountTest@2031688f]
                     </div>
                     <div>
                        <b>Parameters: </b>
                        
                        {Runmode=Y, DiscountEmail=cmaitri@yahoo.com}
                        
                        
                     </div>
                     <div>
                        <b>Start time: </b>15:59:07
                     </div>
                     <div>
                        <b>End time: </b>15:59:12
                     </div>
                     <div>
                        <b>Duration: </b>5s
                        
                     </div>
                  </div>
               </td>
            </tr>
            <tr></tr>
            <tr id="com.baublebar.testcases.topmenubar.SignupForDiscountTest_updateSauceTestName_byStatus_passed_PASS22_row"
                class="testMethodStatusPASS testMethodStatusCONF">
               <td width="100%" class="firstMethodCell">
                  <a onclick="toggleDetailsVisibility('com.baublebar.testcases.topmenubar.SignupForDiscountTest_updateSauceTestName_byStatus_passed_PASS22_details')">updateSauceTestName([TestResult name=signupForDiscountTest status=SUCCESS method=SignupForDiscountTest.signupForDiscountTest(java.util.Hashtable)[pri:0,
                     instance:com.baublebar.testcases.topmenubar.SignupForDiscountTest@2031688f] output={null}])
                  </a>
               </td>
               <td nowrap="true">15:59:12</td>
               <td nowrap="true" align="right">387 ms
                  
               </td>
               <td nowrap="true">
                   
                  
               </td>
            </tr>
            <tr>
               <td colspan="4" class="detailsBox">
                  <div id="com.baublebar.testcases.topmenubar.SignupForDiscountTest_updateSauceTestName_byStatus_passed_PASS22_details"
                       class="testMethodDetails">
                     <div>
                        <b>Name: </b>updateSauceTestName
                     </div>
                     <div>
                        <b>Signature: </b>updateSauceTestName(org.testng.ITestResult)[pri:0, instance:com.baublebar.testcases.topmenubar.SignupForDiscountTest@2031688f]
                     </div>
                     <div>
                        <b>Parameters: </b>
                        
                        [TestResult name=signupForDiscountTest status=SUCCESS method=SignupForDiscountTest.signupForDiscountTest(java.util.Hashtable)[pri:0,
                        instance:com.baublebar.testcases.topmenubar.SignupForDiscountTest@2031688f] output={null}]
                        
                        
                     </div>
                     <div>
                        <b>Start time: </b>15:59:12
                     </div>
                     <div>
                        <b>End time: </b>15:59:13
                     </div>
                     <div>
                        <b>Duration: </b>387 ms
                        
                     </div>
                  </div>
               </td>
            </tr>
            <tr></tr>
            <tr id="com.baublebar.testcases.topmenubar.ShoppingCartTest_updateSauceTestName_byStatus_passed_PASS23_row"
                class="testMethodStatusPASS testMethodStatusCONF">
               <td width="100%" class="firstMethodCell">
                  <a onclick="toggleDetailsVisibility('com.baublebar.testcases.topmenubar.ShoppingCartTest_updateSauceTestName_byStatus_passed_PASS23_details')">updateSauceTestName([TestResult name=ShoppingCartTest status=FAILURE method=ShoppingCartTest.ShoppingCartTest(java.util.Hashtable)[pri:0,
                     instance:com.baublebar.testcases.topmenubar.ShoppingCartTest@30dc9065] output={null}])
                  </a>
               </td>
               <td nowrap="true">15:59:46</td>
               <td nowrap="true" align="right">362 ms
                  
               </td>
               <td nowrap="true">
                   
                  
               </td>
            </tr>
            <tr>
               <td colspan="4" class="detailsBox">
                  <div id="com.baublebar.testcases.topmenubar.ShoppingCartTest_updateSauceTestName_byStatus_passed_PASS23_details"
                       class="testMethodDetails">
                     <div>
                        <b>Name: </b>updateSauceTestName
                     </div>
                     <div>
                        <b>Signature: </b>updateSauceTestName(org.testng.ITestResult)[pri:0, instance:com.baublebar.testcases.topmenubar.ShoppingCartTest@30dc9065]
                     </div>
                     <div>
                        <b>Parameters: </b>
                        
                        [TestResult name=ShoppingCartTest status=FAILURE method=ShoppingCartTest.ShoppingCartTest(java.util.Hashtable)[pri:0, instance:com.baublebar.testcases.topmenubar.ShoppingCartTest@30dc9065]
                        output={null}]
                        
                        
                     </div>
                     <div>
                        <b>Start time: </b>15:59:46
                     </div>
                     <div>
                        <b>End time: </b>15:59:46
                     </div>
                     <div>
                        <b>Duration: </b>362 ms
                        
                     </div>
                  </div>
               </td>
            </tr>
            <tr></tr>
            <tr id="com.baublebar.testcases.topmenubar.LoginTest_LoginTest_byStatus_passed_PASS24_row"
                class="testMethodStatusPASS">
               <td width="100%" class="firstMethodCell">
                  <a onclick="toggleDetailsVisibility('com.baublebar.testcases.topmenubar.LoginTest_LoginTest_byStatus_passed_PASS24_details')">LoginTest({Username=qa@baublebar.com, Password=test123, Runmode=Y})</a>
               </td>
               <td nowrap="true">15:59:46</td>
               <td nowrap="true" align="right">8s
                  
               </td>
               <td nowrap="true">
                   
                  
               </td>
            </tr>
            <tr>
               <td colspan="4" class="detailsBox">
                  <div id="com.baublebar.testcases.topmenubar.LoginTest_LoginTest_byStatus_passed_PASS24_details"
                       class="testMethodDetails">
                     <div>
                        <b>Name: </b>LoginTest
                     </div>
                     <div>
                        <b>Signature: </b>LoginTest(java.util.Hashtable)[pri:0, instance:com.baublebar.testcases.topmenubar.LoginTest@5f78dc08]
                     </div>
                     <div>
                        <b>Parameters: </b>
                        
                        {Username=qa@baublebar.com, Password=test123, Runmode=Y}
                        
                        
                     </div>
                     <div>
                        <b>Start time: </b>15:59:46
                     </div>
                     <div>
                        <b>End time: </b>15:59:54
                     </div>
                     <div>
                        <b>Duration: </b>8s
                        
                     </div>
                  </div>
               </td>
            </tr>
            <tr></tr>
            <tr id="com.baublebar.testcases.topmenubar.LoginTest_updateSauceTestName_byStatus_passed_PASS25_row"
                class="testMethodStatusPASS testMethodStatusCONF">
               <td width="100%" class="firstMethodCell">
                  <a onclick="toggleDetailsVisibility('com.baublebar.testcases.topmenubar.LoginTest_updateSauceTestName_byStatus_passed_PASS25_details')">updateSauceTestName([TestResult name=LoginTest status=SUCCESS method=LoginTest.LoginTest(java.util.Hashtable)[pri:0, instance:com.baublebar.testcases.topmenubar.LoginTest@5f78dc08]
                     output={null}])
                  </a>
               </td>
               <td nowrap="true">15:59:54</td>
               <td nowrap="true" align="right">376 ms
                  
               </td>
               <td nowrap="true">
                   
                  
               </td>
            </tr>
            <tr>
               <td colspan="4" class="detailsBox">
                  <div id="com.baublebar.testcases.topmenubar.LoginTest_updateSauceTestName_byStatus_passed_PASS25_details"
                       class="testMethodDetails">
                     <div>
                        <b>Name: </b>updateSauceTestName
                     </div>
                     <div>
                        <b>Signature: </b>updateSauceTestName(org.testng.ITestResult)[pri:0, instance:com.baublebar.testcases.topmenubar.LoginTest@5f78dc08]
                     </div>
                     <div>
                        <b>Parameters: </b>
                        
                        [TestResult name=LoginTest status=SUCCESS method=LoginTest.LoginTest(java.util.Hashtable)[pri:0, instance:com.baublebar.testcases.topmenubar.LoginTest@5f78dc08]
                        output={null}]
                        
                        
                     </div>
                     <div>
                        <b>Start time: </b>15:59:54
                     </div>
                     <div>
                        <b>End time: </b>15:59:55
                     </div>
                     <div>
                        <b>Duration: </b>376 ms
                        
                     </div>
                  </div>
               </td>
            </tr>
            <tr></tr>
            <tr id="com.baublebar.testcases.topmenubar.MyAccountOptionsTest_LoginTest_byStatus_passed_PASS26_row"
                class="testMethodStatusPASS">
               <td width="100%" class="firstMethodCell">
                  <a onclick="toggleDetailsVisibility('com.baublebar.testcases.topmenubar.MyAccountOptionsTest_LoginTest_byStatus_passed_PASS26_details')">LoginTest({Options=Dashboard, Runmode=Y})</a>
               </td>
               <td nowrap="true">15:59:55</td>
               <td nowrap="true" align="right">7s
                  
               </td>
               <td nowrap="true">
                   
                  
               </td>
            </tr>
            <tr>
               <td colspan="4" class="detailsBox">
                  <div id="com.baublebar.testcases.topmenubar.MyAccountOptionsTest_LoginTest_byStatus_passed_PASS26_details"
                       class="testMethodDetails">
                     <div>
                        <b>Name: </b>LoginTest
                     </div>
                     <div>
                        <b>Signature: </b>LoginTest(java.util.Hashtable)[pri:0, instance:com.baublebar.testcases.topmenubar.MyAccountOptionsTest@578b1f8f]
                     </div>
                     <div>
                        <b>Parameters: </b>
                        
                        {Options=Dashboard, Runmode=Y}
                        
                        
                     </div>
                     <div>
                        <b>Start time: </b>15:59:55
                     </div>
                     <div>
                        <b>End time: </b>16:00:02
                     </div>
                     <div>
                        <b>Duration: </b>7s
                        
                     </div>
                  </div>
               </td>
            </tr>
            <tr></tr>
            <tr id="com.baublebar.testcases.topmenubar.MyAccountOptionsTest_updateSauceTestName_byStatus_passed_PASS27_row"
                class="testMethodStatusPASS testMethodStatusCONF">
               <td width="100%" class="firstMethodCell">
                  <a onclick="toggleDetailsVisibility('com.baublebar.testcases.topmenubar.MyAccountOptionsTest_updateSauceTestName_byStatus_passed_PASS27_details')">updateSauceTestName([TestResult name=LoginTest status=SUCCESS method=MyAccountOptionsTest.LoginTest(java.util.Hashtable)[pri:0,
                     instance:com.baublebar.testcases.topmenubar.MyAccountOptionsTest@578b1f8f] output={null}])
                  </a>
               </td>
               <td nowrap="true">16:00:02</td>
               <td nowrap="true" align="right">372 ms
                  
               </td>
               <td nowrap="true">
                   
                  
               </td>
            </tr>
            <tr>
               <td colspan="4" class="detailsBox">
                  <div id="com.baublebar.testcases.topmenubar.MyAccountOptionsTest_updateSauceTestName_byStatus_passed_PASS27_details"
                       class="testMethodDetails">
                     <div>
                        <b>Name: </b>updateSauceTestName
                     </div>
                     <div>
                        <b>Signature: </b>updateSauceTestName(org.testng.ITestResult)[pri:0, instance:com.baublebar.testcases.topmenubar.MyAccountOptionsTest@578b1f8f]
                     </div>
                     <div>
                        <b>Parameters: </b>
                        
                        [TestResult name=LoginTest status=SUCCESS method=MyAccountOptionsTest.LoginTest(java.util.Hashtable)[pri:0, instance:com.baublebar.testcases.topmenubar.MyAccountOptionsTest@578b1f8f]
                        output={null}]
                        
                        
                     </div>
                     <div>
                        <b>Start time: </b>16:00:02
                     </div>
                     <div>
                        <b>End time: </b>16:00:03
                     </div>
                     <div>
                        <b>Duration: </b>372 ms
                        
                     </div>
                  </div>
               </td>
            </tr>
            <tr></tr>
            <tr id="com.baublebar.testcases.topmenubar.MyAccountOptionsTest_LoginTest_byStatus_passed_PASS28_row"
                class="testMethodStatusPASS">
               <td width="100%" class="firstMethodCell">
                  <a onclick="toggleDetailsVisibility('com.baublebar.testcases.topmenubar.MyAccountOptionsTest_LoginTest_byStatus_passed_PASS28_details')">LoginTest({Options=My Hearts, Runmode=Y})</a>
               </td>
               <td nowrap="true">16:00:03</td>
               <td nowrap="true" align="right">9s
                  
               </td>
               <td nowrap="true">
                   
                  
               </td>
            </tr>
            <tr>
               <td colspan="4" class="detailsBox">
                  <div id="com.baublebar.testcases.topmenubar.MyAccountOptionsTest_LoginTest_byStatus_passed_PASS28_details"
                       class="testMethodDetails">
                     <div>
                        <b>Name: </b>LoginTest
                     </div>
                     <div>
                        <b>Signature: </b>LoginTest(java.util.Hashtable)[pri:0, instance:com.baublebar.testcases.topmenubar.MyAccountOptionsTest@578b1f8f]
                     </div>
                     <div>
                        <b>Parameters: </b>
                        
                        {Options=My Hearts, Runmode=Y}
                        
                        
                     </div>
                     <div>
                        <b>Start time: </b>16:00:03
                     </div>
                     <div>
                        <b>End time: </b>16:00:12
                     </div>
                     <div>
                        <b>Duration: </b>9s
                        
                     </div>
                  </div>
               </td>
            </tr>
            <tr></tr>
            <tr id="com.baublebar.testcases.topmenubar.MyAccountOptionsTest_updateSauceTestName_byStatus_passed_PASS29_row"
                class="testMethodStatusPASS testMethodStatusCONF">
               <td width="100%" class="firstMethodCell">
                  <a onclick="toggleDetailsVisibility('com.baublebar.testcases.topmenubar.MyAccountOptionsTest_updateSauceTestName_byStatus_passed_PASS29_details')">updateSauceTestName([TestResult name=LoginTest status=SUCCESS method=MyAccountOptionsTest.LoginTest(java.util.Hashtable)[pri:0,
                     instance:com.baublebar.testcases.topmenubar.MyAccountOptionsTest@578b1f8f] output={null}])
                  </a>
               </td>
               <td nowrap="true">16:00:12</td>
               <td nowrap="true" align="right">348 ms
                  
               </td>
               <td nowrap="true">
                   
                  
               </td>
            </tr>
            <tr>
               <td colspan="4" class="detailsBox">
                  <div id="com.baublebar.testcases.topmenubar.MyAccountOptionsTest_updateSauceTestName_byStatus_passed_PASS29_details"
                       class="testMethodDetails">
                     <div>
                        <b>Name: </b>updateSauceTestName
                     </div>
                     <div>
                        <b>Signature: </b>updateSauceTestName(org.testng.ITestResult)[pri:0, instance:com.baublebar.testcases.topmenubar.MyAccountOptionsTest@578b1f8f]
                     </div>
                     <div>
                        <b>Parameters: </b>
                        
                        [TestResult name=LoginTest status=SUCCESS method=MyAccountOptionsTest.LoginTest(java.util.Hashtable)[pri:0, instance:com.baublebar.testcases.topmenubar.MyAccountOptionsTest@578b1f8f]
                        output={null}]
                        
                        
                     </div>
                     <div>
                        <b>Start time: </b>16:00:12
                     </div>
                     <div>
                        <b>End time: </b>16:00:13
                     </div>
                     <div>
                        <b>Duration: </b>348 ms
                        
                     </div>
                  </div>
               </td>
            </tr>
            <tr></tr>
            <tr id="com.baublebar.testcases.topmenubar.MyAccountOptionsTest_LoginTest_byStatus_passed_PASS30_row"
                class="testMethodStatusPASS">
               <td width="100%" class="firstMethodCell">
                  <a onclick="toggleDetailsVisibility('com.baublebar.testcases.topmenubar.MyAccountOptionsTest_LoginTest_byStatus_passed_PASS30_details')">LoginTest({Options=My Waitlist, Runmode=Y})</a>
               </td>
               <td nowrap="true">16:00:13</td>
               <td nowrap="true" align="right">7s
                  
               </td>
               <td nowrap="true">
                   
                  
               </td>
            </tr>
            <tr>
               <td colspan="4" class="detailsBox">
                  <div id="com.baublebar.testcases.topmenubar.MyAccountOptionsTest_LoginTest_byStatus_passed_PASS30_details"
                       class="testMethodDetails">
                     <div>
                        <b>Name: </b>LoginTest
                     </div>
                     <div>
                        <b>Signature: </b>LoginTest(java.util.Hashtable)[pri:0, instance:com.baublebar.testcases.topmenubar.MyAccountOptionsTest@578b1f8f]
                     </div>
                     <div>
                        <b>Parameters: </b>
                        
                        {Options=My Waitlist, Runmode=Y}
                        
                        
                     </div>
                     <div>
                        <b>Start time: </b>16:00:13
                     </div>
                     <div>
                        <b>End time: </b>16:00:20
                     </div>
                     <div>
                        <b>Duration: </b>7s
                        
                     </div>
                  </div>
               </td>
            </tr>
            <tr></tr>
            <tr id="com.baublebar.testcases.topmenubar.MyAccountOptionsTest_updateSauceTestName_byStatus_passed_PASS31_row"
                class="testMethodStatusPASS testMethodStatusCONF">
               <td width="100%" class="firstMethodCell">
                  <a onclick="toggleDetailsVisibility('com.baublebar.testcases.topmenubar.MyAccountOptionsTest_updateSauceTestName_byStatus_passed_PASS31_details')">updateSauceTestName([TestResult name=LoginTest status=SUCCESS method=MyAccountOptionsTest.LoginTest(java.util.Hashtable)[pri:0,
                     instance:com.baublebar.testcases.topmenubar.MyAccountOptionsTest@578b1f8f] output={null}])
                  </a>
               </td>
               <td nowrap="true">16:00:20</td>
               <td nowrap="true" align="right">497 ms
                  
               </td>
               <td nowrap="true">
                   
                  
               </td>
            </tr>
            <tr>
               <td colspan="4" class="detailsBox">
                  <div id="com.baublebar.testcases.topmenubar.MyAccountOptionsTest_updateSauceTestName_byStatus_passed_PASS31_details"
                       class="testMethodDetails">
                     <div>
                        <b>Name: </b>updateSauceTestName
                     </div>
                     <div>
                        <b>Signature: </b>updateSauceTestName(org.testng.ITestResult)[pri:0, instance:com.baublebar.testcases.topmenubar.MyAccountOptionsTest@578b1f8f]
                     </div>
                     <div>
                        <b>Parameters: </b>
                        
                        [TestResult name=LoginTest status=SUCCESS method=MyAccountOptionsTest.LoginTest(java.util.Hashtable)[pri:0, instance:com.baublebar.testcases.topmenubar.MyAccountOptionsTest@578b1f8f]
                        output={null}]
                        
                        
                     </div>
                     <div>
                        <b>Start time: </b>16:00:20
                     </div>
                     <div>
                        <b>End time: </b>16:00:20
                     </div>
                     <div>
                        <b>Duration: </b>497 ms
                        
                     </div>
                  </div>
               </td>
            </tr>
            <tr></tr>
            <tr id="com.baublebar.testcases.topmenubar.MyAccountOptionsTest_LoginTest_byStatus_passed_PASS32_row"
                class="testMethodStatusPASS">
               <td width="100%" class="firstMethodCell">
                  <a onclick="toggleDetailsVisibility('com.baublebar.testcases.topmenubar.MyAccountOptionsTest_LoginTest_byStatus_passed_PASS32_details')">LoginTest({Options=Vault Points, Runmode=Y})</a>
               </td>
               <td nowrap="true">16:00:20</td>
               <td nowrap="true" align="right">9s
                  
               </td>
               <td nowrap="true">
                   
                  
               </td>
            </tr>
            <tr>
               <td colspan="4" class="detailsBox">
                  <div id="com.baublebar.testcases.topmenubar.MyAccountOptionsTest_LoginTest_byStatus_passed_PASS32_details"
                       class="testMethodDetails">
                     <div>
                        <b>Name: </b>LoginTest
                     </div>
                     <div>
                        <b>Signature: </b>LoginTest(java.util.Hashtable)[pri:0, instance:com.baublebar.testcases.topmenubar.MyAccountOptionsTest@578b1f8f]
                     </div>
                     <div>
                        <b>Parameters: </b>
                        
                        {Options=Vault Points, Runmode=Y}
                        
                        
                     </div>
                     <div>
                        <b>Start time: </b>16:00:20
                     </div>
                     <div>
                        <b>End time: </b>16:00:30
                     </div>
                     <div>
                        <b>Duration: </b>9s
                        
                     </div>
                  </div>
               </td>
            </tr>
            <tr></tr>
            <tr id="com.baublebar.testcases.topmenubar.MyAccountOptionsTest_updateSauceTestName_byStatus_passed_PASS33_row"
                class="testMethodStatusPASS testMethodStatusCONF">
               <td width="100%" class="firstMethodCell">
                  <a onclick="toggleDetailsVisibility('com.baublebar.testcases.topmenubar.MyAccountOptionsTest_updateSauceTestName_byStatus_passed_PASS33_details')">updateSauceTestName([TestResult name=LoginTest status=SUCCESS method=MyAccountOptionsTest.LoginTest(java.util.Hashtable)[pri:0,
                     instance:com.baublebar.testcases.topmenubar.MyAccountOptionsTest@578b1f8f] output={null}])
                  </a>
               </td>
               <td nowrap="true">16:00:30</td>
               <td nowrap="true" align="right">371 ms
                  
               </td>
               <td nowrap="true">
                   
                  
               </td>
            </tr>
            <tr>
               <td colspan="4" class="detailsBox">
                  <div id="com.baublebar.testcases.topmenubar.MyAccountOptionsTest_updateSauceTestName_byStatus_passed_PASS33_details"
                       class="testMethodDetails">
                     <div>
                        <b>Name: </b>updateSauceTestName
                     </div>
                     <div>
                        <b>Signature: </b>updateSauceTestName(org.testng.ITestResult)[pri:0, instance:com.baublebar.testcases.topmenubar.MyAccountOptionsTest@578b1f8f]
                     </div>
                     <div>
                        <b>Parameters: </b>
                        
                        [TestResult name=LoginTest status=SUCCESS method=MyAccountOptionsTest.LoginTest(java.util.Hashtable)[pri:0, instance:com.baublebar.testcases.topmenubar.MyAccountOptionsTest@578b1f8f]
                        output={null}]
                        
                        
                     </div>
                     <div>
                        <b>Start time: </b>16:00:30
                     </div>
                     <div>
                        <b>End time: </b>16:00:30
                     </div>
                     <div>
                        <b>Duration: </b>371 ms
                        
                     </div>
                  </div>
               </td>
            </tr>
            <tr></tr>
            <tr id="com.baublebar.testcases.topmenubar.MyAccountOptionsTest_LoginTest_byStatus_passed_PASS34_row"
                class="testMethodStatusPASS">
               <td width="100%" class="firstMethodCell">
                  <a onclick="toggleDetailsVisibility('com.baublebar.testcases.topmenubar.MyAccountOptionsTest_LoginTest_byStatus_passed_PASS34_details')">LoginTest({Options=Invite Friends, Runmode=Y})</a>
               </td>
               <td nowrap="true">16:00:30</td>
               <td nowrap="true" align="right">9s
                  
               </td>
               <td nowrap="true">
                   
                  
               </td>
            </tr>
            <tr>
               <td colspan="4" class="detailsBox">
                  <div id="com.baublebar.testcases.topmenubar.MyAccountOptionsTest_LoginTest_byStatus_passed_PASS34_details"
                       class="testMethodDetails">
                     <div>
                        <b>Name: </b>LoginTest
                     </div>
                     <div>
                        <b>Signature: </b>LoginTest(java.util.Hashtable)[pri:0, instance:com.baublebar.testcases.topmenubar.MyAccountOptionsTest@578b1f8f]
                     </div>
                     <div>
                        <b>Parameters: </b>
                        
                        {Options=Invite Friends, Runmode=Y}
                        
                        
                     </div>
                     <div>
                        <b>Start time: </b>16:00:30
                     </div>
                     <div>
                        <b>End time: </b>16:00:40
                     </div>
                     <div>
                        <b>Duration: </b>9s
                        
                     </div>
                  </div>
               </td>
            </tr>
            <tr></tr>
            <tr id="com.baublebar.testcases.topmenubar.MyAccountOptionsTest_updateSauceTestName_byStatus_passed_PASS35_row"
                class="testMethodStatusPASS testMethodStatusCONF">
               <td width="100%" class="firstMethodCell">
                  <a onclick="toggleDetailsVisibility('com.baublebar.testcases.topmenubar.MyAccountOptionsTest_updateSauceTestName_byStatus_passed_PASS35_details')">updateSauceTestName([TestResult name=LoginTest status=SUCCESS method=MyAccountOptionsTest.LoginTest(java.util.Hashtable)[pri:0,
                     instance:com.baublebar.testcases.topmenubar.MyAccountOptionsTest@578b1f8f] output={null}])
                  </a>
               </td>
               <td nowrap="true">16:00:40</td>
               <td nowrap="true" align="right">381 ms
                  
               </td>
               <td nowrap="true">
                   
                  
               </td>
            </tr>
            <tr>
               <td colspan="4" class="detailsBox">
                  <div id="com.baublebar.testcases.topmenubar.MyAccountOptionsTest_updateSauceTestName_byStatus_passed_PASS35_details"
                       class="testMethodDetails">
                     <div>
                        <b>Name: </b>updateSauceTestName
                     </div>
                     <div>
                        <b>Signature: </b>updateSauceTestName(org.testng.ITestResult)[pri:0, instance:com.baublebar.testcases.topmenubar.MyAccountOptionsTest@578b1f8f]
                     </div>
                     <div>
                        <b>Parameters: </b>
                        
                        [TestResult name=LoginTest status=SUCCESS method=MyAccountOptionsTest.LoginTest(java.util.Hashtable)[pri:0, instance:com.baublebar.testcases.topmenubar.MyAccountOptionsTest@578b1f8f]
                        output={null}]
                        
                        
                     </div>
                     <div>
                        <b>Start time: </b>16:00:40
                     </div>
                     <div>
                        <b>End time: </b>16:00:40
                     </div>
                     <div>
                        <b>Duration: </b>381 ms
                        
                     </div>
                  </div>
               </td>
            </tr>
            <tr></tr>
            <tr id="com.baublebar.testcases.topmenubar.LogoutTest_LogoutTest_byStatus_passed_PASS36_row"
                class="testMethodStatusPASS">
               <td width="100%" class="firstMethodCell">
                  <a onclick="toggleDetailsVisibility('com.baublebar.testcases.topmenubar.LogoutTest_LogoutTest_byStatus_passed_PASS36_details')">LogoutTest({Runmode=Y})</a>
               </td>
               <td nowrap="true">16:00:40</td>
               <td nowrap="true" align="right">6s
                  
               </td>
               <td nowrap="true">
                   
                  
               </td>
            </tr>
            <tr>
               <td colspan="4" class="detailsBox">
                  <div id="com.baublebar.testcases.topmenubar.LogoutTest_LogoutTest_byStatus_passed_PASS36_details"
                       class="testMethodDetails">
                     <div>
                        <b>Name: </b>LogoutTest
                     </div>
                     <div>
                        <b>Signature: </b>LogoutTest(java.util.Hashtable)[pri:0, instance:com.baublebar.testcases.topmenubar.LogoutTest@56cb07ef]
                     </div>
                     <div>
                        <b>Parameters: </b>
                        
                        {Runmode=Y}
                        
                        
                     </div>
                     <div>
                        <b>Start time: </b>16:00:40
                     </div>
                     <div>
                        <b>End time: </b>16:00:46
                     </div>
                     <div>
                        <b>Duration: </b>6s
                        
                     </div>
                  </div>
               </td>
            </tr>
            <tr></tr>
            <tr id="com.baublebar.testcases.topmenubar.LogoutTest_updateSauceTestName_byStatus_passed_PASS37_row"
                class="testMethodStatusPASS testMethodStatusCONF">
               <td width="100%" class="firstMethodCell">
                  <a onclick="toggleDetailsVisibility('com.baublebar.testcases.topmenubar.LogoutTest_updateSauceTestName_byStatus_passed_PASS37_details')">updateSauceTestName([TestResult name=LogoutTest status=SUCCESS method=LogoutTest.LogoutTest(java.util.Hashtable)[pri:0, instance:com.baublebar.testcases.topmenubar.LogoutTest@56cb07ef]
                     output={null}])
                  </a>
               </td>
               <td nowrap="true">16:00:46</td>
               <td nowrap="true" align="right">285 ms
                  
               </td>
               <td nowrap="true">
                   
                  
               </td>
            </tr>
            <tr>
               <td colspan="4" class="detailsBox">
                  <div id="com.baublebar.testcases.topmenubar.LogoutTest_updateSauceTestName_byStatus_passed_PASS37_details"
                       class="testMethodDetails">
                     <div>
                        <b>Name: </b>updateSauceTestName
                     </div>
                     <div>
                        <b>Signature: </b>updateSauceTestName(org.testng.ITestResult)[pri:0, instance:com.baublebar.testcases.topmenubar.LogoutTest@56cb07ef]
                     </div>
                     <div>
                        <b>Parameters: </b>
                        
                        [TestResult name=LogoutTest status=SUCCESS method=LogoutTest.LogoutTest(java.util.Hashtable)[pri:0, instance:com.baublebar.testcases.topmenubar.LogoutTest@56cb07ef]
                        output={null}]
                        
                        
                     </div>
                     <div>
                        <b>Start time: </b>16:00:46
                     </div>
                     <div>
                        <b>End time: </b>16:00:47
                     </div>
                     <div>
                        <b>Duration: </b>285 ms
                        
                     </div>
                  </div>
               </td>
            </tr>
            <tr></tr>
            <tr id="com.baublebar.testcases.topmenubar.ContactusTest_updateSauceTestName_byStatus_passed_PASS38_row"
                class="testMethodStatusPASS testMethodStatusCONF">
               <td width="100%" class="firstMethodCell">
                  <a onclick="toggleDetailsVisibility('com.baublebar.testcases.topmenubar.ContactusTest_updateSauceTestName_byStatus_passed_PASS38_details')">updateSauceTestName([TestResult name=contactusTest status=FAILURE method=ContactusTest.contactusTest(java.util.Hashtable)[pri:0,
                     instance:com.baublebar.testcases.topmenubar.ContactusTest@f786a3c] output={null}])
                  </a>
               </td>
               <td nowrap="true">16:01:19</td>
               <td nowrap="true" align="right">935 ms
                  
               </td>
               <td nowrap="true">
                   
                  
               </td>
            </tr>
            <tr>
               <td colspan="4" class="detailsBox">
                  <div id="com.baublebar.testcases.topmenubar.ContactusTest_updateSauceTestName_byStatus_passed_PASS38_details"
                       class="testMethodDetails">
                     <div>
                        <b>Name: </b>updateSauceTestName
                     </div>
                     <div>
                        <b>Signature: </b>updateSauceTestName(org.testng.ITestResult)[pri:0, instance:com.baublebar.testcases.topmenubar.ContactusTest@f786a3c]
                     </div>
                     <div>
                        <b>Parameters: </b>
                        
                        [TestResult name=contactusTest status=FAILURE method=ContactusTest.contactusTest(java.util.Hashtable)[pri:0, instance:com.baublebar.testcases.topmenubar.ContactusTest@f786a3c]
                        output={null}]
                        
                        
                     </div>
                     <div>
                        <b>Start time: </b>16:01:19
                     </div>
                     <div>
                        <b>End time: </b>16:01:20
                     </div>
                     <div>
                        <b>Duration: </b>935 ms
                        
                     </div>
                  </div>
               </td>
            </tr>
            <tr></tr>
            <tr id="com.baublebar.testcases.topmenubar.VisitusTest_LocationsTest_byStatus_passed_PASS39_row"
                class="testMethodStatusPASS">
               <td width="100%" class="firstMethodCell">
                  <a onclick="toggleDetailsVisibility('com.baublebar.testcases.topmenubar.VisitusTest_LocationsTest_byStatus_passed_PASS39_details')">LocationsTest({Runmode=Y})</a>
               </td>
               <td nowrap="true">16:01:20</td>
               <td nowrap="true" align="right">4s
                  
               </td>
               <td nowrap="true">
                   
                  
               </td>
            </tr>
            <tr>
               <td colspan="4" class="detailsBox">
                  <div id="com.baublebar.testcases.topmenubar.VisitusTest_LocationsTest_byStatus_passed_PASS39_details"
                       class="testMethodDetails">
                     <div>
                        <b>Name: </b>LocationsTest
                     </div>
                     <div>
                        <b>Signature: </b>LocationsTest(java.util.Hashtable)[pri:0, instance:com.baublebar.testcases.topmenubar.VisitusTest@2dd1082f]
                     </div>
                     <div>
                        <b>Parameters: </b>
                        
                        {Runmode=Y}
                        
                        
                     </div>
                     <div>
                        <b>Start time: </b>16:01:20
                     </div>
                     <div>
                        <b>End time: </b>16:01:25
                     </div>
                     <div>
                        <b>Duration: </b>4s
                        
                     </div>
                  </div>
               </td>
            </tr>
            <tr></tr>
            <tr id="com.baublebar.testcases.topmenubar.VisitusTest_updateSauceTestName_byStatus_passed_PASS40_row"
                class="testMethodStatusPASS testMethodStatusCONF">
               <td width="100%" class="firstMethodCell">
                  <a onclick="toggleDetailsVisibility('com.baublebar.testcases.topmenubar.VisitusTest_updateSauceTestName_byStatus_passed_PASS40_details')">updateSauceTestName([TestResult name=LocationsTest status=SUCCESS method=VisitusTest.LocationsTest(java.util.Hashtable)[pri:0,
                     instance:com.baublebar.testcases.topmenubar.VisitusTest@2dd1082f] output={null}])
                  </a>
               </td>
               <td nowrap="true">16:01:25</td>
               <td nowrap="true" align="right">930 ms
                  
               </td>
               <td nowrap="true">
                   
                  
               </td>
            </tr>
            <tr>
               <td colspan="4" class="detailsBox">
                  <div id="com.baublebar.testcases.topmenubar.VisitusTest_updateSauceTestName_byStatus_passed_PASS40_details"
                       class="testMethodDetails">
                     <div>
                        <b>Name: </b>updateSauceTestName
                     </div>
                     <div>
                        <b>Signature: </b>updateSauceTestName(org.testng.ITestResult)[pri:0, instance:com.baublebar.testcases.topmenubar.VisitusTest@2dd1082f]
                     </div>
                     <div>
                        <b>Parameters: </b>
                        
                        [TestResult name=LocationsTest status=SUCCESS method=VisitusTest.LocationsTest(java.util.Hashtable)[pri:0, instance:com.baublebar.testcases.topmenubar.VisitusTest@2dd1082f]
                        output={null}]
                        
                        
                     </div>
                     <div>
                        <b>Start time: </b>16:01:25
                     </div>
                     <div>
                        <b>End time: </b>16:01:26
                     </div>
                     <div>
                        <b>Duration: </b>930 ms
                        
                     </div>
                  </div>
               </td>
            </tr>
            <tr></tr>
            <tr id="com.baublebar.testcases.LoadBaublebarTest_setupDesireCapabilities_byStatus_passed_PASS41_row"
                class="testMethodStatusPASS testMethodStatusCONF">
               <td width="100%" class="firstMethodCell">
                  <a onclick="toggleDetailsVisibility('com.baublebar.testcases.LoadBaublebarTest_setupDesireCapabilities_byStatus_passed_PASS41_details')">setupDesireCapabilities(GOOGLECHROME
                     
                     ,
                     
                     WIN8
                     
                     ,
                     
                     40)
                  </a>
               </td>
               <td nowrap="true">15:55:26</td>
               <td nowrap="true" align="right">7s
                  
               </td>
               <td nowrap="true">
                   
                  
               </td>
            </tr>
            <tr>
               <td colspan="4" class="detailsBox">
                  <div id="com.baublebar.testcases.LoadBaublebarTest_setupDesireCapabilities_byStatus_passed_PASS41_details"
                       class="testMethodDetails">
                     <div>
                        <b>Name: </b>setupDesireCapabilities
                     </div>
                     <div>
                        <b>Signature: </b>setupDesireCapabilities(java.lang.String, org.openqa.selenium.Platform, java.lang.String)[pri:0, instance:com.baublebar.testcases.LoadBaublebarTest@4a57ea52]
                     </div>
                     <div>
                        <b>Parameters: </b>
                        
                        GOOGLECHROME
                        
                        ,
                        
                        WIN8
                        
                        ,
                        
                        40
                        
                        
                     </div>
                     <div>
                        <b>Start time: </b>15:55:26
                     </div>
                     <div>
                        <b>End time: </b>15:55:34
                     </div>
                     <div>
                        <b>Duration: </b>7s
                        
                     </div>
                  </div>
               </td>
            </tr>
            <tr></tr>
            <tr id="com.baublebar.testcases.topmenubar.CreateAccountTest_createAccTest_byStatus_passed_PASS42_row"
                class="testMethodStatusPASS">
               <td width="100%" class="firstMethodCell">
                  <a onclick="toggleDetailsVisibility('com.baublebar.testcases.topmenubar.CreateAccountTest_createAccTest_byStatus_passed_PASS42_details')">createAccTest({Username=automation, Password=add123, Runmode=Y})</a>
               </td>
               <td nowrap="true">16:01:26</td>
               <td nowrap="true" align="right">9s
                  
               </td>
               <td nowrap="true">
                   
                  
               </td>
            </tr>
            <tr>
               <td colspan="4" class="detailsBox">
                  <div id="com.baublebar.testcases.topmenubar.CreateAccountTest_createAccTest_byStatus_passed_PASS42_details"
                       class="testMethodDetails">
                     <div>
                        <b>Name: </b>createAccTest
                     </div>
                     <div>
                        <b>Signature: </b>createAccTest(java.util.Hashtable)[pri:0, instance:com.baublebar.testcases.topmenubar.CreateAccountTest@1966c114]
                     </div>
                     <div>
                        <b>Parameters: </b>
                        
                        {Username=automation, Password=add123, Runmode=Y}
                        
                        
                     </div>
                     <div>
                        <b>Start time: </b>16:01:26
                     </div>
                     <div>
                        <b>End time: </b>16:01:35
                     </div>
                     <div>
                        <b>Duration: </b>9s
                        
                     </div>
                  </div>
               </td>
            </tr>
            <tr></tr>
            <tr id="com.baublebar.testcases.topmenubar.CreateAccountTest_updateSauceTestName_byStatus_passed_PASS43_row"
                class="testMethodStatusPASS testMethodStatusCONF">
               <td width="100%" class="firstMethodCell">
                  <a onclick="toggleDetailsVisibility('com.baublebar.testcases.topmenubar.CreateAccountTest_updateSauceTestName_byStatus_passed_PASS43_details')">updateSauceTestName([TestResult name=createAccTest status=SUCCESS method=CreateAccountTest.createAccTest(java.util.Hashtable)[pri:0,
                     instance:com.baublebar.testcases.topmenubar.CreateAccountTest@1966c114] output={null}])
                  </a>
               </td>
               <td nowrap="true">16:01:35</td>
               <td nowrap="true" align="right">487 ms
                  
               </td>
               <td nowrap="true">
                   
                  
               </td>
            </tr>
            <tr>
               <td colspan="4" class="detailsBox">
                  <div id="com.baublebar.testcases.topmenubar.CreateAccountTest_updateSauceTestName_byStatus_passed_PASS43_details"
                       class="testMethodDetails">
                     <div>
                        <b>Name: </b>updateSauceTestName
                     </div>
                     <div>
                        <b>Signature: </b>updateSauceTestName(org.testng.ITestResult)[pri:0, instance:com.baublebar.testcases.topmenubar.CreateAccountTest@1966c114]
                     </div>
                     <div>
                        <b>Parameters: </b>
                        
                        [TestResult name=createAccTest status=SUCCESS method=CreateAccountTest.createAccTest(java.util.Hashtable)[pri:0, instance:com.baublebar.testcases.topmenubar.CreateAccountTest@1966c114]
                        output={null}]
                        
                        
                     </div>
                     <div>
                        <b>Start time: </b>16:01:35
                     </div>
                     <div>
                        <b>End time: </b>16:01:36
                     </div>
                     <div>
                        <b>Duration: </b>487 ms
                        
                     </div>
                  </div>
               </td>
            </tr>
            <tr></tr>
            <tr id="com.baublebar.testcases.topmenubar.CreateAccountTest_quitDriver_byStatus_passed_PASS44_row"
                class="testMethodStatusPASS testMethodStatusCONF">
               <td width="100%" class="firstMethodCell">
                  <a onclick="toggleDetailsVisibility('com.baublebar.testcases.topmenubar.CreateAccountTest_quitDriver_byStatus_passed_PASS44_details')">quitDriver()</a>
               </td>
               <td nowrap="true">16:01:36</td>
               <td nowrap="true" align="right">283 ms
                  
               </td>
               <td nowrap="true">
                   
                  
               </td>
            </tr>
            <tr>
               <td colspan="4" class="detailsBox">
                  <div id="com.baublebar.testcases.topmenubar.CreateAccountTest_quitDriver_byStatus_passed_PASS44_details"
                       class="testMethodDetails">
                     <div>
                        <b>Name: </b>quitDriver
                     </div>
                     <div>
                        <b>Signature: </b>quitDriver()[pri:0, instance:com.baublebar.testcases.topmenubar.CreateAccountTest@1966c114]
                     </div>
                     <div>
                        <b>Start time: </b>16:01:36
                     </div>
                     <div>
                        <b>End time: </b>16:01:36
                     </div>
                     <div>
                        <b>Duration: </b>283 ms
                        
                     </div>
                  </div>
               </td>
            </tr>
            <tr></tr>
         </table>
      </div>
      <div id="testMethodsByClass">
         <table class="testMethodsTable" cellpadding="0" cellspacing="0">
            <tr>
               <td colspan="4">
                  <h3 style="display: inline;">com.baublebar.testcases.LoadBaublebarTest</h3>
               </td>
            </tr>
            <tr class="methodsTableHeader">
               <td width="100%">Name</td>
               <td nowrap="true">Started</td>
               <td nowrap="true">Duration</td>
               <td>Exception</td>
            </tr>
            <tr id="com.baublebar.testcases.LoadBaublebarTest_loadBaublebar_byClass_PASS1_row"
                class="testMethodStatusPASS">
               <td width="100%" class="firstMethodCell">
                  <a onclick="toggleDetailsVisibility('com.baublebar.testcases.LoadBaublebarTest_loadBaublebar_byClass_PASS1_details')">loadBaublebar()</a>
               </td>
               <td nowrap="true">15:55:34</td>
               <td nowrap="true" align="right">28s
                  
               </td>
               <td nowrap="true">
                   
                  
               </td>
            </tr>
            <tr>
               <td colspan="4" class="detailsBox">
                  <div id="com.baublebar.testcases.LoadBaublebarTest_loadBaublebar_byClass_PASS1_details"
                       class="testMethodDetails">
                     <div>
                        <b>Name: </b>loadBaublebar
                     </div>
                     <div>
                        <b>Signature: </b>loadBaublebar()[pri:0, instance:com.baublebar.testcases.LoadBaublebarTest@4a57ea52]
                     </div>
                     <div>
                        <b>Start time: </b>15:55:34
                     </div>
                     <div>
                        <b>End time: </b>15:56:02
                     </div>
                     <div>
                        <b>Duration: </b>28s
                        
                     </div>
                  </div>
               </td>
            </tr>
            <tr></tr>
            <tr id="com.baublebar.testcases.LoadBaublebarTest_updateSauceTestName_byClass_PASS2_row"
                class="testMethodStatusPASS testMethodStatusCONF">
               <td width="100%" class="firstMethodCell">
                  <a onclick="toggleDetailsVisibility('com.baublebar.testcases.LoadBaublebarTest_updateSauceTestName_byClass_PASS2_details')">updateSauceTestName([TestResult name=loadBaublebar status=SUCCESS method=LoadBaublebarTest.loadBaublebar()[pri:0, instance:com.baublebar.testcases.LoadBaublebarTest@4a57ea52]
                     output={null}])
                  </a>
               </td>
               <td nowrap="true">15:56:02</td>
               <td nowrap="true" align="right">295 ms
                  
               </td>
               <td nowrap="true">
                   
                  
               </td>
            </tr>
            <tr>
               <td colspan="4" class="detailsBox">
                  <div id="com.baublebar.testcases.LoadBaublebarTest_updateSauceTestName_byClass_PASS2_details"
                       class="testMethodDetails">
                     <div>
                        <b>Name: </b>updateSauceTestName
                     </div>
                     <div>
                        <b>Signature: </b>updateSauceTestName(org.testng.ITestResult)[pri:0, instance:com.baublebar.testcases.LoadBaublebarTest@4a57ea52]
                     </div>
                     <div>
                        <b>Parameters: </b>
                        
                        [TestResult name=loadBaublebar status=SUCCESS method=LoadBaublebarTest.loadBaublebar()[pri:0, instance:com.baublebar.testcases.LoadBaublebarTest@4a57ea52]
                        output={null}]
                        
                        
                     </div>
                     <div>
                        <b>Start time: </b>15:56:02
                     </div>
                     <div>
                        <b>End time: </b>15:56:02
                     </div>
                     <div>
                        <b>Duration: </b>295 ms
                        
                     </div>
                  </div>
               </td>
            </tr>
            <tr></tr>
         </table>
         <br></br>
         <table class="testMethodsTable" cellpadding="0" cellspacing="0">
            <tr>
               <td colspan="4">
                  <h3 style="display: inline;">com.baublebar.testcases.LoadBaublebarTest</h3>
               </td>
            </tr>
            <tr class="methodsTableHeader">
               <td width="100%">Name</td>
               <td nowrap="true">Started</td>
               <td nowrap="true">Duration</td>
               <td>Exception</td>
            </tr>
            <tr id="com.baublebar.testcases.LoadBaublebarTest_setupDesireCapabilities_byClass_PASS1_row"
                class="testMethodStatusPASS testMethodStatusCONF">
               <td width="100%" class="firstMethodCell">
                  <a onclick="toggleDetailsVisibility('com.baublebar.testcases.LoadBaublebarTest_setupDesireCapabilities_byClass_PASS1_details')">setupDesireCapabilities(GOOGLECHROME
                     
                     ,
                     
                     WIN8
                     
                     ,
                     
                     40)
                  </a>
               </td>
               <td nowrap="true">15:55:26</td>
               <td nowrap="true" align="right">7s
                  
               </td>
               <td nowrap="true">
                   
                  
               </td>
            </tr>
            <tr>
               <td colspan="4" class="detailsBox">
                  <div id="com.baublebar.testcases.LoadBaublebarTest_setupDesireCapabilities_byClass_PASS1_details"
                       class="testMethodDetails">
                     <div>
                        <b>Name: </b>setupDesireCapabilities
                     </div>
                     <div>
                        <b>Signature: </b>setupDesireCapabilities(java.lang.String, org.openqa.selenium.Platform, java.lang.String)[pri:0, instance:com.baublebar.testcases.LoadBaublebarTest@4a57ea52]
                     </div>
                     <div>
                        <b>Parameters: </b>
                        
                        GOOGLECHROME
                        
                        ,
                        
                        WIN8
                        
                        ,
                        
                        40
                        
                        
                     </div>
                     <div>
                        <b>Start time: </b>15:55:26
                     </div>
                     <div>
                        <b>End time: </b>15:55:34
                     </div>
                     <div>
                        <b>Duration: </b>7s
                        
                     </div>
                  </div>
               </td>
            </tr>
            <tr></tr>
         </table>
         <br></br>
         <table class="testMethodsTable" cellpadding="0" cellspacing="0">
            <tr>
               <td colspan="4">
                  <h3 style="display: inline;">com.baublebar.testcases.mainnavigationbar.MainNavigationBarTest</h3>
               </td>
            </tr>
            <tr class="methodsTableHeader">
               <td width="100%">Name</td>
               <td nowrap="true">Started</td>
               <td nowrap="true">Duration</td>
               <td>Exception</td>
            </tr>
            <tr id="com.baublebar.testcases.mainnavigationbar.MainNavigationBarTest_MainNavigationBarTest_byClass_PASS1_row"
                class="testMethodStatusPASS">
               <td width="100%" class="firstMethodCell">
                  <a onclick="toggleDetailsVisibility('com.baublebar.testcases.mainnavigationbar.MainNavigationBarTest_MainNavigationBarTest_byClass_PASS1_details')">MainNavigationBarTest({Runmode=Y, CategoryName=What})</a>
               </td>
               <td nowrap="true">15:56:44</td>
               <td nowrap="true" align="right">10s
                  
               </td>
               <td nowrap="true">
                   
                  
               </td>
            </tr>
            <tr>
               <td colspan="4" class="detailsBox">
                  <div id="com.baublebar.testcases.mainnavigationbar.MainNavigationBarTest_MainNavigationBarTest_byClass_PASS1_details"
                       class="testMethodDetails">
                     <div>
                        <b>Name: </b>MainNavigationBarTest
                     </div>
                     <div>
                        <b>Signature: </b>MainNavigationBarTest(java.util.Hashtable)[pri:0, instance:com.baublebar.testcases.mainnavigationbar.MainNavigationBarTest@40363068]
                     </div>
                     <div>
                        <b>Parameters: </b>
                        
                        {Runmode=Y, CategoryName=What}
                        
                        
                     </div>
                     <div>
                        <b>Start time: </b>15:56:44
                     </div>
                     <div>
                        <b>End time: </b>15:56:54
                     </div>
                     <div>
                        <b>Duration: </b>10s
                        
                     </div>
                  </div>
               </td>
            </tr>
            <tr></tr>
            <tr id="com.baublebar.testcases.mainnavigationbar.MainNavigationBarTest_updateSauceTestName_byClass_PASS2_row"
                class="testMethodStatusPASS testMethodStatusCONF">
               <td width="100%" class="firstMethodCell">
                  <a onclick="toggleDetailsVisibility('com.baublebar.testcases.mainnavigationbar.MainNavigationBarTest_updateSauceTestName_byClass_PASS2_details')">updateSauceTestName([TestResult name=MainNavigationBarTest status=SUCCESS method=MainNavigationBarTest.MainNavigationBarTest(java.util.Hashtable)[pri:0,
                     instance:com.baublebar.testcases.mainnavigationbar.MainNavigationBarTest@40363068] output={null}])
                  </a>
               </td>
               <td nowrap="true">15:56:54</td>
               <td nowrap="true" align="right">381 ms
                  
               </td>
               <td nowrap="true">
                   
                  
               </td>
            </tr>
            <tr>
               <td colspan="4" class="detailsBox">
                  <div id="com.baublebar.testcases.mainnavigationbar.MainNavigationBarTest_updateSauceTestName_byClass_PASS2_details"
                       class="testMethodDetails">
                     <div>
                        <b>Name: </b>updateSauceTestName
                     </div>
                     <div>
                        <b>Signature: </b>updateSauceTestName(org.testng.ITestResult)[pri:0, instance:com.baublebar.testcases.mainnavigationbar.MainNavigationBarTest@40363068]
                     </div>
                     <div>
                        <b>Parameters: </b>
                        
                        [TestResult name=MainNavigationBarTest status=SUCCESS method=MainNavigationBarTest.MainNavigationBarTest(java.util.Hashtable)[pri:0,
                        instance:com.baublebar.testcases.mainnavigationbar.MainNavigationBarTest@40363068] output={null}]
                        
                        
                     </div>
                     <div>
                        <b>Start time: </b>15:56:54
                     </div>
                     <div>
                        <b>End time: </b>15:56:55
                     </div>
                     <div>
                        <b>Duration: </b>381 ms
                        
                     </div>
                  </div>
               </td>
            </tr>
            <tr></tr>
            <tr id="com.baublebar.testcases.mainnavigationbar.MainNavigationBarTest_MainNavigationBarTest_byClass_PASS3_row"
                class="testMethodStatusPASS">
               <td width="100%" class="firstMethodCell">
                  <a onclick="toggleDetailsVisibility('com.baublebar.testcases.mainnavigationbar.MainNavigationBarTest_MainNavigationBarTest_byClass_PASS3_details')">MainNavigationBarTest({Runmode=Y, CategoryName=Necklaces})</a>
               </td>
               <td nowrap="true">15:56:55</td>
               <td nowrap="true" align="right">31s
                  
               </td>
               <td nowrap="true">
                   
                  
               </td>
            </tr>
            <tr>
               <td colspan="4" class="detailsBox">
                  <div id="com.baublebar.testcases.mainnavigationbar.MainNavigationBarTest_MainNavigationBarTest_byClass_PASS3_details"
                       class="testMethodDetails">
                     <div>
                        <b>Name: </b>MainNavigationBarTest
                     </div>
                     <div>
                        <b>Signature: </b>MainNavigationBarTest(java.util.Hashtable)[pri:0, instance:com.baublebar.testcases.mainnavigationbar.MainNavigationBarTest@40363068]
                     </div>
                     <div>
                        <b>Parameters: </b>
                        
                        {Runmode=Y, CategoryName=Necklaces}
                        
                        
                     </div>
                     <div>
                        <b>Start time: </b>15:56:55
                     </div>
                     <div>
                        <b>End time: </b>15:57:26
                     </div>
                     <div>
                        <b>Duration: </b>31s
                        
                     </div>
                  </div>
               </td>
            </tr>
            <tr></tr>
            <tr id="com.baublebar.testcases.mainnavigationbar.MainNavigationBarTest_updateSauceTestName_byClass_PASS4_row"
                class="testMethodStatusPASS testMethodStatusCONF">
               <td width="100%" class="firstMethodCell">
                  <a onclick="toggleDetailsVisibility('com.baublebar.testcases.mainnavigationbar.MainNavigationBarTest_updateSauceTestName_byClass_PASS4_details')">updateSauceTestName([TestResult name=MainNavigationBarTest status=SUCCESS method=MainNavigationBarTest.MainNavigationBarTest(java.util.Hashtable)[pri:0,
                     instance:com.baublebar.testcases.mainnavigationbar.MainNavigationBarTest@40363068] output={null}])
                  </a>
               </td>
               <td nowrap="true">15:57:26</td>
               <td nowrap="true" align="right">498 ms
                  
               </td>
               <td nowrap="true">
                   
                  
               </td>
            </tr>
            <tr>
               <td colspan="4" class="detailsBox">
                  <div id="com.baublebar.testcases.mainnavigationbar.MainNavigationBarTest_updateSauceTestName_byClass_PASS4_details"
                       class="testMethodDetails">
                     <div>
                        <b>Name: </b>updateSauceTestName
                     </div>
                     <div>
                        <b>Signature: </b>updateSauceTestName(org.testng.ITestResult)[pri:0, instance:com.baublebar.testcases.mainnavigationbar.MainNavigationBarTest@40363068]
                     </div>
                     <div>
                        <b>Parameters: </b>
                        
                        [TestResult name=MainNavigationBarTest status=SUCCESS method=MainNavigationBarTest.MainNavigationBarTest(java.util.Hashtable)[pri:0,
                        instance:com.baublebar.testcases.mainnavigationbar.MainNavigationBarTest@40363068] output={null}]
                        
                        
                     </div>
                     <div>
                        <b>Start time: </b>15:57:26
                     </div>
                     <div>
                        <b>End time: </b>15:57:26
                     </div>
                     <div>
                        <b>Duration: </b>498 ms
                        
                     </div>
                  </div>
               </td>
            </tr>
            <tr></tr>
            <tr id="com.baublebar.testcases.mainnavigationbar.MainNavigationBarTest_MainNavigationBarTest_byClass_PASS5_row"
                class="testMethodStatusPASS">
               <td width="100%" class="firstMethodCell">
                  <a onclick="toggleDetailsVisibility('com.baublebar.testcases.mainnavigationbar.MainNavigationBarTest_MainNavigationBarTest_byClass_PASS5_details')">MainNavigationBarTest({Runmode=Y, CategoryName=Bracelets})</a>
               </td>
               <td nowrap="true">15:57:26</td>
               <td nowrap="true" align="right">32s
                  
               </td>
               <td nowrap="true">
                   
                  
               </td>
            </tr>
            <tr>
               <td colspan="4" class="detailsBox">
                  <div id="com.baublebar.testcases.mainnavigationbar.MainNavigationBarTest_MainNavigationBarTest_byClass_PASS5_details"
                       class="testMethodDetails">
                     <div>
                        <b>Name: </b>MainNavigationBarTest
                     </div>
                     <div>
                        <b>Signature: </b>MainNavigationBarTest(java.util.Hashtable)[pri:0, instance:com.baublebar.testcases.mainnavigationbar.MainNavigationBarTest@40363068]
                     </div>
                     <div>
                        <b>Parameters: </b>
                        
                        {Runmode=Y, CategoryName=Bracelets}
                        
                        
                     </div>
                     <div>
                        <b>Start time: </b>15:57:26
                     </div>
                     <div>
                        <b>End time: </b>15:57:59
                     </div>
                     <div>
                        <b>Duration: </b>32s
                        
                     </div>
                  </div>
               </td>
            </tr>
            <tr></tr>
            <tr id="com.baublebar.testcases.mainnavigationbar.MainNavigationBarTest_updateSauceTestName_byClass_PASS6_row"
                class="testMethodStatusPASS testMethodStatusCONF">
               <td width="100%" class="firstMethodCell">
                  <a onclick="toggleDetailsVisibility('com.baublebar.testcases.mainnavigationbar.MainNavigationBarTest_updateSauceTestName_byClass_PASS6_details')">updateSauceTestName([TestResult name=MainNavigationBarTest status=SUCCESS method=MainNavigationBarTest.MainNavigationBarTest(java.util.Hashtable)[pri:0,
                     instance:com.baublebar.testcases.mainnavigationbar.MainNavigationBarTest@40363068] output={null}])
                  </a>
               </td>
               <td nowrap="true">15:57:59</td>
               <td nowrap="true" align="right">831 ms
                  
               </td>
               <td nowrap="true">
                   
                  
               </td>
            </tr>
            <tr>
               <td colspan="4" class="detailsBox">
                  <div id="com.baublebar.testcases.mainnavigationbar.MainNavigationBarTest_updateSauceTestName_byClass_PASS6_details"
                       class="testMethodDetails">
                     <div>
                        <b>Name: </b>updateSauceTestName
                     </div>
                     <div>
                        <b>Signature: </b>updateSauceTestName(org.testng.ITestResult)[pri:0, instance:com.baublebar.testcases.mainnavigationbar.MainNavigationBarTest@40363068]
                     </div>
                     <div>
                        <b>Parameters: </b>
                        
                        [TestResult name=MainNavigationBarTest status=SUCCESS method=MainNavigationBarTest.MainNavigationBarTest(java.util.Hashtable)[pri:0,
                        instance:com.baublebar.testcases.mainnavigationbar.MainNavigationBarTest@40363068] output={null}]
                        
                        
                     </div>
                     <div>
                        <b>Start time: </b>15:57:59
                     </div>
                     <div>
                        <b>End time: </b>15:57:59
                     </div>
                     <div>
                        <b>Duration: </b>831 ms
                        
                     </div>
                  </div>
               </td>
            </tr>
            <tr></tr>
            <tr id="com.baublebar.testcases.mainnavigationbar.MainNavigationBarTest_MainNavigationBarTest_byClass_PASS7_row"
                class="testMethodStatusPASS">
               <td width="100%" class="firstMethodCell">
                  <a onclick="toggleDetailsVisibility('com.baublebar.testcases.mainnavigationbar.MainNavigationBarTest_MainNavigationBarTest_byClass_PASS7_details')">MainNavigationBarTest({Runmode=Y, CategoryName=Earrings})</a>
               </td>
               <td nowrap="true">15:57:59</td>
               <td nowrap="true" align="right">34s
                  
               </td>
               <td nowrap="true">
                   
                  
               </td>
            </tr>
            <tr>
               <td colspan="4" class="detailsBox">
                  <div id="com.baublebar.testcases.mainnavigationbar.MainNavigationBarTest_MainNavigationBarTest_byClass_PASS7_details"
                       class="testMethodDetails">
                     <div>
                        <b>Name: </b>MainNavigationBarTest
                     </div>
                     <div>
                        <b>Signature: </b>MainNavigationBarTest(java.util.Hashtable)[pri:0, instance:com.baublebar.testcases.mainnavigationbar.MainNavigationBarTest@40363068]
                     </div>
                     <div>
                        <b>Parameters: </b>
                        
                        {Runmode=Y, CategoryName=Earrings}
                        
                        
                     </div>
                     <div>
                        <b>Start time: </b>15:57:59
                     </div>
                     <div>
                        <b>End time: </b>15:58:34
                     </div>
                     <div>
                        <b>Duration: </b>34s
                        
                     </div>
                  </div>
               </td>
            </tr>
            <tr></tr>
            <tr id="com.baublebar.testcases.mainnavigationbar.MainNavigationBarTest_updateSauceTestName_byClass_PASS8_row"
                class="testMethodStatusPASS testMethodStatusCONF">
               <td width="100%" class="firstMethodCell">
                  <a onclick="toggleDetailsVisibility('com.baublebar.testcases.mainnavigationbar.MainNavigationBarTest_updateSauceTestName_byClass_PASS8_details')">updateSauceTestName([TestResult name=MainNavigationBarTest status=SUCCESS method=MainNavigationBarTest.MainNavigationBarTest(java.util.Hashtable)[pri:0,
                     instance:com.baublebar.testcases.mainnavigationbar.MainNavigationBarTest@40363068] output={null}])
                  </a>
               </td>
               <td nowrap="true">15:58:34</td>
               <td nowrap="true" align="right">433 ms
                  
               </td>
               <td nowrap="true">
                   
                  
               </td>
            </tr>
            <tr>
               <td colspan="4" class="detailsBox">
                  <div id="com.baublebar.testcases.mainnavigationbar.MainNavigationBarTest_updateSauceTestName_byClass_PASS8_details"
                       class="testMethodDetails">
                     <div>
                        <b>Name: </b>updateSauceTestName
                     </div>
                     <div>
                        <b>Signature: </b>updateSauceTestName(org.testng.ITestResult)[pri:0, instance:com.baublebar.testcases.mainnavigationbar.MainNavigationBarTest@40363068]
                     </div>
                     <div>
                        <b>Parameters: </b>
                        
                        [TestResult name=MainNavigationBarTest status=SUCCESS method=MainNavigationBarTest.MainNavigationBarTest(java.util.Hashtable)[pri:0,
                        instance:com.baublebar.testcases.mainnavigationbar.MainNavigationBarTest@40363068] output={null}]
                        
                        
                     </div>
                     <div>
                        <b>Start time: </b>15:58:34
                     </div>
                     <div>
                        <b>End time: </b>15:58:35
                     </div>
                     <div>
                        <b>Duration: </b>433 ms
                        
                     </div>
                  </div>
               </td>
            </tr>
            <tr></tr>
            <tr id="com.baublebar.testcases.mainnavigationbar.MainNavigationBarTest_MainNavigationBarTest_byClass_PASS9_row"
                class="testMethodStatusPASS">
               <td width="100%" class="firstMethodCell">
                  <a onclick="toggleDetailsVisibility('com.baublebar.testcases.mainnavigationbar.MainNavigationBarTest_MainNavigationBarTest_byClass_PASS9_details')">MainNavigationBarTest({Runmode=Y, CategoryName=Rings})</a>
               </td>
               <td nowrap="true">15:58:35</td>
               <td nowrap="true" align="right">6s
                  
               </td>
               <td nowrap="true">
                   
                  
               </td>
            </tr>
            <tr>
               <td colspan="4" class="detailsBox">
                  <div id="com.baublebar.testcases.mainnavigationbar.MainNavigationBarTest_MainNavigationBarTest_byClass_PASS9_details"
                       class="testMethodDetails">
                     <div>
                        <b>Name: </b>MainNavigationBarTest
                     </div>
                     <div>
                        <b>Signature: </b>MainNavigationBarTest(java.util.Hashtable)[pri:0, instance:com.baublebar.testcases.mainnavigationbar.MainNavigationBarTest@40363068]
                     </div>
                     <div>
                        <b>Parameters: </b>
                        
                        {Runmode=Y, CategoryName=Rings}
                        
                        
                     </div>
                     <div>
                        <b>Start time: </b>15:58:35
                     </div>
                     <div>
                        <b>End time: </b>15:58:41
                     </div>
                     <div>
                        <b>Duration: </b>6s
                        
                     </div>
                  </div>
               </td>
            </tr>
            <tr></tr>
            <tr id="com.baublebar.testcases.mainnavigationbar.MainNavigationBarTest_updateSauceTestName_byClass_PASS10_row"
                class="testMethodStatusPASS testMethodStatusCONF">
               <td width="100%" class="firstMethodCell">
                  <a onclick="toggleDetailsVisibility('com.baublebar.testcases.mainnavigationbar.MainNavigationBarTest_updateSauceTestName_byClass_PASS10_details')">updateSauceTestName([TestResult name=MainNavigationBarTest status=SUCCESS method=MainNavigationBarTest.MainNavigationBarTest(java.util.Hashtable)[pri:0,
                     instance:com.baublebar.testcases.mainnavigationbar.MainNavigationBarTest@40363068] output={null}])
                  </a>
               </td>
               <td nowrap="true">15:58:41</td>
               <td nowrap="true" align="right">272 ms
                  
               </td>
               <td nowrap="true">
                   
                  
               </td>
            </tr>
            <tr>
               <td colspan="4" class="detailsBox">
                  <div id="com.baublebar.testcases.mainnavigationbar.MainNavigationBarTest_updateSauceTestName_byClass_PASS10_details"
                       class="testMethodDetails">
                     <div>
                        <b>Name: </b>updateSauceTestName
                     </div>
                     <div>
                        <b>Signature: </b>updateSauceTestName(org.testng.ITestResult)[pri:0, instance:com.baublebar.testcases.mainnavigationbar.MainNavigationBarTest@40363068]
                     </div>
                     <div>
                        <b>Parameters: </b>
                        
                        [TestResult name=MainNavigationBarTest status=SUCCESS method=MainNavigationBarTest.MainNavigationBarTest(java.util.Hashtable)[pri:0,
                        instance:com.baublebar.testcases.mainnavigationbar.MainNavigationBarTest@40363068] output={null}]
                        
                        
                     </div>
                     <div>
                        <b>Start time: </b>15:58:41
                     </div>
                     <div>
                        <b>End time: </b>15:58:41
                     </div>
                     <div>
                        <b>Duration: </b>272 ms
                        
                     </div>
                  </div>
               </td>
            </tr>
            <tr></tr>
            <tr id="com.baublebar.testcases.mainnavigationbar.MainNavigationBarTest_MainNavigationBarTest_byClass_PASS11_row"
                class="testMethodStatusPASS">
               <td width="100%" class="firstMethodCell">
                  <a onclick="toggleDetailsVisibility('com.baublebar.testcases.mainnavigationbar.MainNavigationBarTest_MainNavigationBarTest_byClass_PASS11_details')">MainNavigationBarTest({Runmode=Y, CategoryName=Personalized})</a>
               </td>
               <td nowrap="true">15:58:41</td>
               <td nowrap="true" align="right">9s
                  
               </td>
               <td nowrap="true">
                   
                  
               </td>
            </tr>
            <tr>
               <td colspan="4" class="detailsBox">
                  <div id="com.baublebar.testcases.mainnavigationbar.MainNavigationBarTest_MainNavigationBarTest_byClass_PASS11_details"
                       class="testMethodDetails">
                     <div>
                        <b>Name: </b>MainNavigationBarTest
                     </div>
                     <div>
                        <b>Signature: </b>MainNavigationBarTest(java.util.Hashtable)[pri:0, instance:com.baublebar.testcases.mainnavigationbar.MainNavigationBarTest@40363068]
                     </div>
                     <div>
                        <b>Parameters: </b>
                        
                        {Runmode=Y, CategoryName=Personalized}
                        
                        
                     </div>
                     <div>
                        <b>Start time: </b>15:58:41
                     </div>
                     <div>
                        <b>End time: </b>15:58:51
                     </div>
                     <div>
                        <b>Duration: </b>9s
                        
                     </div>
                  </div>
               </td>
            </tr>
            <tr></tr>
            <tr id="com.baublebar.testcases.mainnavigationbar.MainNavigationBarTest_updateSauceTestName_byClass_PASS12_row"
                class="testMethodStatusPASS testMethodStatusCONF">
               <td width="100%" class="firstMethodCell">
                  <a onclick="toggleDetailsVisibility('com.baublebar.testcases.mainnavigationbar.MainNavigationBarTest_updateSauceTestName_byClass_PASS12_details')">updateSauceTestName([TestResult name=MainNavigationBarTest status=SUCCESS method=MainNavigationBarTest.MainNavigationBarTest(java.util.Hashtable)[pri:0,
                     instance:com.baublebar.testcases.mainnavigationbar.MainNavigationBarTest@40363068] output={null}])
                  </a>
               </td>
               <td nowrap="true">15:58:51</td>
               <td nowrap="true" align="right">1s
                  
               </td>
               <td nowrap="true">
                   
                  
               </td>
            </tr>
            <tr>
               <td colspan="4" class="detailsBox">
                  <div id="com.baublebar.testcases.mainnavigationbar.MainNavigationBarTest_updateSauceTestName_byClass_PASS12_details"
                       class="testMethodDetails">
                     <div>
                        <b>Name: </b>updateSauceTestName
                     </div>
                     <div>
                        <b>Signature: </b>updateSauceTestName(org.testng.ITestResult)[pri:0, instance:com.baublebar.testcases.mainnavigationbar.MainNavigationBarTest@40363068]
                     </div>
                     <div>
                        <b>Parameters: </b>
                        
                        [TestResult name=MainNavigationBarTest status=SUCCESS method=MainNavigationBarTest.MainNavigationBarTest(java.util.Hashtable)[pri:0,
                        instance:com.baublebar.testcases.mainnavigationbar.MainNavigationBarTest@40363068] output={null}]
                        
                        
                     </div>
                     <div>
                        <b>Start time: </b>15:58:51
                     </div>
                     <div>
                        <b>End time: </b>15:58:53
                     </div>
                     <div>
                        <b>Duration: </b>1s
                        
                     </div>
                  </div>
               </td>
            </tr>
            <tr></tr>
            <tr id="com.baublebar.testcases.mainnavigationbar.MainNavigationBarTest_MainNavigationBarTest_byClass_PASS13_row"
                class="testMethodStatusPASS">
               <td width="100%" class="firstMethodCell">
                  <a onclick="toggleDetailsVisibility('com.baublebar.testcases.mainnavigationbar.MainNavigationBarTest_MainNavigationBarTest_byClass_PASS13_details')">MainNavigationBarTest({Runmode=Y, CategoryName=Guest})</a>
               </td>
               <td nowrap="true">15:58:53</td>
               <td nowrap="true" align="right">11s
                  
               </td>
               <td nowrap="true">
                   
                  
               </td>
            </tr>
            <tr>
               <td colspan="4" class="detailsBox">
                  <div id="com.baublebar.testcases.mainnavigationbar.MainNavigationBarTest_MainNavigationBarTest_byClass_PASS13_details"
                       class="testMethodDetails">
                     <div>
                        <b>Name: </b>MainNavigationBarTest
                     </div>
                     <div>
                        <b>Signature: </b>MainNavigationBarTest(java.util.Hashtable)[pri:0, instance:com.baublebar.testcases.mainnavigationbar.MainNavigationBarTest@40363068]
                     </div>
                     <div>
                        <b>Parameters: </b>
                        
                        {Runmode=Y, CategoryName=Guest}
                        
                        
                     </div>
                     <div>
                        <b>Start time: </b>15:58:53
                     </div>
                     <div>
                        <b>End time: </b>15:59:04
                     </div>
                     <div>
                        <b>Duration: </b>11s
                        
                     </div>
                  </div>
               </td>
            </tr>
            <tr></tr>
            <tr id="com.baublebar.testcases.mainnavigationbar.MainNavigationBarTest_updateSauceTestName_byClass_PASS14_row"
                class="testMethodStatusPASS testMethodStatusCONF">
               <td width="100%" class="firstMethodCell">
                  <a onclick="toggleDetailsVisibility('com.baublebar.testcases.mainnavigationbar.MainNavigationBarTest_updateSauceTestName_byClass_PASS14_details')">updateSauceTestName([TestResult name=MainNavigationBarTest status=SUCCESS method=MainNavigationBarTest.MainNavigationBarTest(java.util.Hashtable)[pri:0,
                     instance:com.baublebar.testcases.mainnavigationbar.MainNavigationBarTest@40363068] output={null}])
                  </a>
               </td>
               <td nowrap="true">15:59:04</td>
               <td nowrap="true" align="right">410 ms
                  
               </td>
               <td nowrap="true">
                   
                  
               </td>
            </tr>
            <tr>
               <td colspan="4" class="detailsBox">
                  <div id="com.baublebar.testcases.mainnavigationbar.MainNavigationBarTest_updateSauceTestName_byClass_PASS14_details"
                       class="testMethodDetails">
                     <div>
                        <b>Name: </b>updateSauceTestName
                     </div>
                     <div>
                        <b>Signature: </b>updateSauceTestName(org.testng.ITestResult)[pri:0, instance:com.baublebar.testcases.mainnavigationbar.MainNavigationBarTest@40363068]
                     </div>
                     <div>
                        <b>Parameters: </b>
                        
                        [TestResult name=MainNavigationBarTest status=SUCCESS method=MainNavigationBarTest.MainNavigationBarTest(java.util.Hashtable)[pri:0,
                        instance:com.baublebar.testcases.mainnavigationbar.MainNavigationBarTest@40363068] output={null}]
                        
                        
                     </div>
                     <div>
                        <b>Start time: </b>15:59:04
                     </div>
                     <div>
                        <b>End time: </b>15:59:04
                     </div>
                     <div>
                        <b>Duration: </b>410 ms
                        
                     </div>
                  </div>
               </td>
            </tr>
            <tr></tr>
            <tr id="com.baublebar.testcases.mainnavigationbar.MainNavigationBarTest_MainNavigationBarTest_byClass_PASS15_row"
                class="testMethodStatusPASS">
               <td width="100%" class="firstMethodCell">
                  <a onclick="toggleDetailsVisibility('com.baublebar.testcases.mainnavigationbar.MainNavigationBarTest_MainNavigationBarTest_byClass_PASS15_details')">MainNavigationBarTest({Runmode=Y, CategoryName=Minibar})</a>
               </td>
               <td nowrap="true">15:59:04</td>
               <td nowrap="true" align="right">2s
                  
               </td>
               <td nowrap="true">
                   
                  
               </td>
            </tr>
            <tr>
               <td colspan="4" class="detailsBox">
                  <div id="com.baublebar.testcases.mainnavigationbar.MainNavigationBarTest_MainNavigationBarTest_byClass_PASS15_details"
                       class="testMethodDetails">
                     <div>
                        <b>Name: </b>MainNavigationBarTest
                     </div>
                     <div>
                        <b>Signature: </b>MainNavigationBarTest(java.util.Hashtable)[pri:0, instance:com.baublebar.testcases.mainnavigationbar.MainNavigationBarTest@40363068]
                     </div>
                     <div>
                        <b>Parameters: </b>
                        
                        {Runmode=Y, CategoryName=Minibar}
                        
                        
                     </div>
                     <div>
                        <b>Start time: </b>15:59:04
                     </div>
                     <div>
                        <b>End time: </b>15:59:07
                     </div>
                     <div>
                        <b>Duration: </b>2s
                        
                     </div>
                  </div>
               </td>
            </tr>
            <tr></tr>
            <tr id="com.baublebar.testcases.mainnavigationbar.MainNavigationBarTest_updateSauceTestName_byClass_PASS16_row"
                class="testMethodStatusPASS testMethodStatusCONF">
               <td width="100%" class="firstMethodCell">
                  <a onclick="toggleDetailsVisibility('com.baublebar.testcases.mainnavigationbar.MainNavigationBarTest_updateSauceTestName_byClass_PASS16_details')">updateSauceTestName([TestResult name=MainNavigationBarTest status=SUCCESS method=MainNavigationBarTest.MainNavigationBarTest(java.util.Hashtable)[pri:0,
                     instance:com.baublebar.testcases.mainnavigationbar.MainNavigationBarTest@40363068] output={null}])
                  </a>
               </td>
               <td nowrap="true">15:59:07</td>
               <td nowrap="true" align="right">293 ms
                  
               </td>
               <td nowrap="true">
                   
                  
               </td>
            </tr>
            <tr>
               <td colspan="4" class="detailsBox">
                  <div id="com.baublebar.testcases.mainnavigationbar.MainNavigationBarTest_updateSauceTestName_byClass_PASS16_details"
                       class="testMethodDetails">
                     <div>
                        <b>Name: </b>updateSauceTestName
                     </div>
                     <div>
                        <b>Signature: </b>updateSauceTestName(org.testng.ITestResult)[pri:0, instance:com.baublebar.testcases.mainnavigationbar.MainNavigationBarTest@40363068]
                     </div>
                     <div>
                        <b>Parameters: </b>
                        
                        [TestResult name=MainNavigationBarTest status=SUCCESS method=MainNavigationBarTest.MainNavigationBarTest(java.util.Hashtable)[pri:0,
                        instance:com.baublebar.testcases.mainnavigationbar.MainNavigationBarTest@40363068] output={null}]
                        
                        
                     </div>
                     <div>
                        <b>Start time: </b>15:59:07
                     </div>
                     <div>
                        <b>End time: </b>15:59:07
                     </div>
                     <div>
                        <b>Duration: </b>293 ms
                        
                     </div>
                  </div>
               </td>
            </tr>
            <tr></tr>
         </table>
         <br></br>
         <table class="testMethodsTable" cellpadding="0" cellspacing="0">
            <tr>
               <td colspan="4">
                  <h3 style="display: inline;">com.baublebar.testcases.shoppingcart.PlaceOrderTest</h3>
               </td>
            </tr>
            <tr class="methodsTableHeader">
               <td width="100%">Name</td>
               <td nowrap="true">Started</td>
               <td nowrap="true">Duration</td>
               <td>Exception</td>
            </tr>
            <tr id="com.baublebar.testcases.shoppingcart.PlaceOrderTest_PlaceOrderTest_byClass_PASS1_row"
                class="testMethodStatusPASS">
               <td width="100%" class="firstMethodCell">
                  <a onclick="toggleDetailsVisibility('com.baublebar.testcases.shoppingcart.PlaceOrderTest_PlaceOrderTest_byClass_PASS1_details')">PlaceOrderTest({Runmode=Y, ProductName=ice-dog-tag-layered-pendant-necklace})</a>
               </td>
               <td nowrap="true">15:56:02</td>
               <td nowrap="true" align="right">41s
                  
               </td>
               <td nowrap="true">
                   
                  
               </td>
            </tr>
            <tr>
               <td colspan="4" class="detailsBox">
                  <div id="com.baublebar.testcases.shoppingcart.PlaceOrderTest_PlaceOrderTest_byClass_PASS1_details"
                       class="testMethodDetails">
                     <div>
                        <b>Name: </b>PlaceOrderTest
                     </div>
                     <div>
                        <b>Signature: </b>PlaceOrderTest(java.util.Hashtable)[pri:0, instance:com.baublebar.testcases.shoppingcart.PlaceOrderTest@7219d6af]
                     </div>
                     <div>
                        <b>Parameters: </b>
                        
                        {Runmode=Y, ProductName=ice-dog-tag-layered-pendant-necklace}
                        
                        
                     </div>
                     <div>
                        <b>Start time: </b>15:56:02
                     </div>
                     <div>
                        <b>End time: </b>15:56:44
                     </div>
                     <div>
                        <b>Duration: </b>41s
                        
                     </div>
                  </div>
               </td>
            </tr>
            <tr></tr>
            <tr id="com.baublebar.testcases.shoppingcart.PlaceOrderTest_updateSauceTestName_byClass_PASS2_row"
                class="testMethodStatusPASS testMethodStatusCONF">
               <td width="100%" class="firstMethodCell">
                  <a onclick="toggleDetailsVisibility('com.baublebar.testcases.shoppingcart.PlaceOrderTest_updateSauceTestName_byClass_PASS2_details')">updateSauceTestName([TestResult name=PlaceOrderTest status=SUCCESS method=PlaceOrderTest.PlaceOrderTest(java.util.Hashtable)[pri:0,
                     instance:com.baublebar.testcases.shoppingcart.PlaceOrderTest@7219d6af] output={null}])
                  </a>
               </td>
               <td nowrap="true">15:56:44</td>
               <td nowrap="true" align="right">706 ms
                  
               </td>
               <td nowrap="true">
                   
                  
               </td>
            </tr>
            <tr>
               <td colspan="4" class="detailsBox">
                  <div id="com.baublebar.testcases.shoppingcart.PlaceOrderTest_updateSauceTestName_byClass_PASS2_details"
                       class="testMethodDetails">
                     <div>
                        <b>Name: </b>updateSauceTestName
                     </div>
                     <div>
                        <b>Signature: </b>updateSauceTestName(org.testng.ITestResult)[pri:0, instance:com.baublebar.testcases.shoppingcart.PlaceOrderTest@7219d6af]
                     </div>
                     <div>
                        <b>Parameters: </b>
                        
                        [TestResult name=PlaceOrderTest status=SUCCESS method=PlaceOrderTest.PlaceOrderTest(java.util.Hashtable)[pri:0, instance:com.baublebar.testcases.shoppingcart.PlaceOrderTest@7219d6af]
                        output={null}]
                        
                        
                     </div>
                     <div>
                        <b>Start time: </b>15:56:44
                     </div>
                     <div>
                        <b>End time: </b>15:56:44
                     </div>
                     <div>
                        <b>Duration: </b>706 ms
                        
                     </div>
                  </div>
               </td>
            </tr>
            <tr></tr>
         </table>
         <br></br>
         <table class="testMethodsTable" cellpadding="0" cellspacing="0">
            <tr>
               <td colspan="4">
                  <h3 style="display: inline;">com.baublebar.testcases.topmenubar.ContactusTest</h3>
               </td>
            </tr>
            <tr class="methodsTableHeader">
               <td width="100%">Name</td>
               <td nowrap="true">Started</td>
               <td nowrap="true">Duration</td>
               <td>Exception</td>
            </tr>
            <tr id="com.baublebar.testcases.topmenubar.ContactusTest_contactusTest_byClass_FAIL1_row"
                class="testMethodStatusFAIL">
               <td width="100%" class="firstMethodCell">
                  <a onclick="toggleDetailsVisibility('com.baublebar.testcases.topmenubar.ContactusTest_contactusTest_byClass_FAIL1_details')">contactusTest({Runmode=Y})</a>
               </td>
               <td nowrap="true">16:00:47</td>
               <td nowrap="true" align="right">32s
                  
               </td>
               <td nowrap="true">
                  <a onclick="toggleDetailsVisibility('com.baublebar.testcases.topmenubar.ContactusTest_contactusTest_byClass_FAIL1_exception')">org.openqa.selenium.NoSuchElementException: 
                     no such element
                     (Session info: chrome=40.0.2214.93)
                     (Driver info: chromedriver=2.15.322448 (52179c1b310fec1797c81ea9a20326839860b7d3),platform=Windows NT 6.2 x86_64) (WARNING:
                     The server did not provide any stacktrace information)
                     Command duration or timeout: 30.12 seconds
                     For documentation on this error, please visit: http://seleniumhq.org/exceptions/no_such_element.html
                     Build info: version: '2.43.1', revision: '5163bce', time: '2014-09-10 16:27:58'
                     System info: host: 'Maitris-MacBook-Pro.local', ip: '10.20.2.238', os.name: 'Mac OS X', os.arch: 'x86_64', os.version: '10.9.5',
                     java.version: '1.6.0_65'
                     Session ID: e69816a23c3a41f6aca462e79d904986
                     Driver info: org.openqa.selenium.remote.RemoteWebDriver
                     Capabilities [{platform=XP, acceptSslCerts=true, javascriptEnabled=true, hasMetadata=true, browserName=chrome, chrome={userDataDir=C:\Users\ADMINI~1\AppData\Local\Temp\scoped_dir1356_26843},
                     rotatable=false, mobileEmulationEnabled=false, locationContextEnabled=true, webdriver.remote.sessionid=e69816a23c3a41f6aca462e79d904986,
                     version=40.0.2214.93, takesHeapSnapshot=true, cssSelectorsEnabled=true, databaseEnabled=false, handlesAlerts=true, browserConnectionEnabled=false,
                     nativeEvents=true, webStorageEnabled=true, applicationCacheEnabled=false, takesScreenshot=true}]
                     
                  </a>
                   
                  
               </td>
            </tr>
            <tr>
               <td colspan="4" class="detailsBox">
                  <div id="com.baublebar.testcases.topmenubar.ContactusTest_contactusTest_byClass_FAIL1_details"
                       class="testMethodDetails">
                     <div>
                        <b>Name: </b>contactusTest
                     </div>
                     <div>
                        <b>Signature: </b>contactusTest(java.util.Hashtable)[pri:0, instance:com.baublebar.testcases.topmenubar.ContactusTest@f786a3c]
                     </div>
                     <div>
                        <b>Parameters: </b>
                        
                        {Runmode=Y}
                        
                        
                     </div>
                     <div>
                        <b>Start time: </b>16:00:47
                     </div>
                     <div>
                        <b>End time: </b>16:01:19
                     </div>
                     <div>
                        <b>Duration: </b>32s
                        
                     </div>
                  </div>
               </td>
            </tr>
            <tr>
               <td colspan="4" class="detailsBox">
                  <div id="com.baublebar.testcases.topmenubar.ContactusTest_contactusTest_byClass_FAIL1_exception"
                       class="testMethodDetails">
                     <pre style="padding: 5px; margin: 0;">org.openqa.selenium.NoSuchElementException: no such element
                        (Session info: chrome=40.0.2214.93)
                        (Driver info: chromedriver=2.15.322448 (52179c1b310fec1797c81ea9a20326839860b7d3),platform=Windows NT 6.2 x86_64) (WARNING:
                        The server did not provide any stacktrace information)
                        Command duration or timeout: 30.12 seconds
                        For documentation on this error, please visit: http://seleniumhq.org/exceptions/no_such_element.html
                        Build info: version: '2.43.1', revision: '5163bce', time: '2014-09-10 16:27:58'
                        System info: host: 'Maitris-MacBook-Pro.local', ip: '10.20.2.238', os.name: 'Mac OS X', os.arch: 'x86_64', os.version: '10.9.5',
                        java.version: '1.6.0_65'
                        Session ID: e69816a23c3a41f6aca462e79d904986
                        Driver info: org.openqa.selenium.remote.RemoteWebDriver
                        Capabilities [{platform=XP, acceptSslCerts=true, javascriptEnabled=true, hasMetadata=true, browserName=chrome, chrome={userDataDir=C:\Users\ADMINI~1\AppData\Local\Temp\scoped_dir1356_26843},
                        rotatable=false, mobileEmulationEnabled=false, locationContextEnabled=true, webdriver.remote.sessionid=e69816a23c3a41f6aca462e79d904986,
                        version=40.0.2214.93, takesHeapSnapshot=true, cssSelectorsEnabled=true, databaseEnabled=false, handlesAlerts=true, browserConnectionEnabled=false,
                        nativeEvents=true, webStorageEnabled=true, applicationCacheEnabled=false, takesScreenshot=true}]
                        	at sun.reflect.NativeConstructorAccessorImpl.newInstance0(Native Method)
                        	at sun.reflect.NativeConstructorAccessorImpl.newInstance(NativeConstructorAccessorImpl.java:39)
                        	at sun.reflect.DelegatingConstructorAccessorImpl.newInstance(DelegatingConstructorAccessorImpl.java:27)
                        	at java.lang.reflect.Constructor.newInstance(Constructor.java:513)
                        	at org.openqa.selenium.remote.ErrorHandler.createThrowable(ErrorHandler.java:204)
                        	at org.openqa.selenium.remote.ErrorHandler.throwIfResponseFailed(ErrorHandler.java:156)
                        	at org.openqa.selenium.remote.RemoteWebDriver.execute(RemoteWebDriver.java:599)
                        	at org.openqa.selenium.remote.RemoteWebDriver.findElement(RemoteWebDriver.java:352)
                        	at org.openqa.selenium.remote.RemoteWebDriver.findElementByXPath(RemoteWebDriver.java:449)
                        	at org.openqa.selenium.By$ByXPath.findElement(By.java:357)
                        	at org.openqa.selenium.remote.RemoteWebDriver.findElement(RemoteWebDriver.java:344)
                        	at org.openqa.selenium.support.pagefactory.DefaultElementLocator.findElement(DefaultElementLocator.java:59)
                        	at org.openqa.selenium.support.pagefactory.internal.LocatingElementHandler.invoke(LocatingElementHandler.java:37)
                        	at com.sun.proxy.$Proxy11.getText(Unknown Source)
                        	at com.baublebar.pages.TopMenuBarPage.clickContactUs(TopMenuBarPage.java:290)
                        	at com.baublebar.testcases.topmenubar.ContactusTest.contactusTest(ContactusTest.java:33)
                        	at sun.reflect.NativeMethodAccessorImpl.invoke0(Native Method)
                        	at sun.reflect.NativeMethodAccessorImpl.invoke(NativeMethodAccessorImpl.java:39)
                        	at sun.reflect.DelegatingMethodAccessorImpl.invoke(DelegatingMethodAccessorImpl.java:25)
                        	at java.lang.reflect.Method.invoke(Method.java:597)
                        	at org.testng.internal.MethodInvocationHelper.invokeMethod(MethodInvocationHelper.java:84)
                        	at org.testng.internal.Invoker.invokeMethod(Invoker.java:714)
                        	at org.testng.internal.Invoker.invokeTestMethod(Invoker.java:901)
                        	at org.testng.internal.Invoker.invokeTestMethods(Invoker.java:1231)
                        	at org.testng.internal.TestMethodWorker.invokeTestMethods(TestMethodWorker.java:127)
                        	at org.testng.internal.TestMethodWorker.run(TestMethodWorker.java:111)
                        	at org.testng.TestRunner.privateRun(TestRunner.java:767)
                        	at org.testng.TestRunner.run(TestRunner.java:617)
                        	at org.testng.SuiteRunner.runTest(SuiteRunner.java:334)
                        	at org.testng.SuiteRunner.runSequentially(SuiteRunner.java:329)
                        	at org.testng.SuiteRunner.privateRun(SuiteRunner.java:291)
                        	at org.testng.SuiteRunner.run(SuiteRunner.java:240)
                        	at org.testng.SuiteRunnerWorker.runSuite(SuiteRunnerWorker.java:52)
                        	at org.testng.SuiteRunnerWorker.run(SuiteRunnerWorker.java:86)
                        	at org.testng.TestNG.runSuitesSequentially(TestNG.java:1224)
                        	at org.testng.TestNG.runSuitesLocally(TestNG.java:1149)
                        	at org.testng.TestNG.run(TestNG.java:1057)
                        	at org.testng.TestNG.privateMain(TestNG.java:1364)
                        	at org.testng.TestNG.main(TestNG.java:1333)
                     </pre>
                  </div>
               </td>
            </tr>
            <tr id="com.baublebar.testcases.topmenubar.ContactusTest_updateSauceTestName_byClass_PASS2_row"
                class="testMethodStatusPASS testMethodStatusCONF">
               <td width="100%" class="firstMethodCell">
                  <a onclick="toggleDetailsVisibility('com.baublebar.testcases.topmenubar.ContactusTest_updateSauceTestName_byClass_PASS2_details')">updateSauceTestName([TestResult name=contactusTest status=FAILURE method=ContactusTest.contactusTest(java.util.Hashtable)[pri:0,
                     instance:com.baublebar.testcases.topmenubar.ContactusTest@f786a3c] output={null}])
                  </a>
               </td>
               <td nowrap="true">16:01:19</td>
               <td nowrap="true" align="right">935 ms
                  
               </td>
               <td nowrap="true">
                   
                  
               </td>
            </tr>
            <tr>
               <td colspan="4" class="detailsBox">
                  <div id="com.baublebar.testcases.topmenubar.ContactusTest_updateSauceTestName_byClass_PASS2_details"
                       class="testMethodDetails">
                     <div>
                        <b>Name: </b>updateSauceTestName
                     </div>
                     <div>
                        <b>Signature: </b>updateSauceTestName(org.testng.ITestResult)[pri:0, instance:com.baublebar.testcases.topmenubar.ContactusTest@f786a3c]
                     </div>
                     <div>
                        <b>Parameters: </b>
                        
                        [TestResult name=contactusTest status=FAILURE method=ContactusTest.contactusTest(java.util.Hashtable)[pri:0, instance:com.baublebar.testcases.topmenubar.ContactusTest@f786a3c]
                        output={null}]
                        
                        
                     </div>
                     <div>
                        <b>Start time: </b>16:01:19
                     </div>
                     <div>
                        <b>End time: </b>16:01:20
                     </div>
                     <div>
                        <b>Duration: </b>935 ms
                        
                     </div>
                  </div>
               </td>
            </tr>
            <tr></tr>
         </table>
         <br></br>
         <table class="testMethodsTable" cellpadding="0" cellspacing="0">
            <tr>
               <td colspan="4">
                  <h3 style="display: inline;">com.baublebar.testcases.topmenubar.CreateAccountTest</h3>
               </td>
            </tr>
            <tr class="methodsTableHeader">
               <td width="100%">Name</td>
               <td nowrap="true">Started</td>
               <td nowrap="true">Duration</td>
               <td>Exception</td>
            </tr>
            <tr id="com.baublebar.testcases.topmenubar.CreateAccountTest_createAccTest_byClass_PASS1_row"
                class="testMethodStatusPASS">
               <td width="100%" class="firstMethodCell">
                  <a onclick="toggleDetailsVisibility('com.baublebar.testcases.topmenubar.CreateAccountTest_createAccTest_byClass_PASS1_details')">createAccTest({Username=automation, Password=add123, Runmode=Y})</a>
               </td>
               <td nowrap="true">16:01:26</td>
               <td nowrap="true" align="right">9s
                  
               </td>
               <td nowrap="true">
                   
                  
               </td>
            </tr>
            <tr>
               <td colspan="4" class="detailsBox">
                  <div id="com.baublebar.testcases.topmenubar.CreateAccountTest_createAccTest_byClass_PASS1_details"
                       class="testMethodDetails">
                     <div>
                        <b>Name: </b>createAccTest
                     </div>
                     <div>
                        <b>Signature: </b>createAccTest(java.util.Hashtable)[pri:0, instance:com.baublebar.testcases.topmenubar.CreateAccountTest@1966c114]
                     </div>
                     <div>
                        <b>Parameters: </b>
                        
                        {Username=automation, Password=add123, Runmode=Y}
                        
                        
                     </div>
                     <div>
                        <b>Start time: </b>16:01:26
                     </div>
                     <div>
                        <b>End time: </b>16:01:35
                     </div>
                     <div>
                        <b>Duration: </b>9s
                        
                     </div>
                  </div>
               </td>
            </tr>
            <tr></tr>
            <tr id="com.baublebar.testcases.topmenubar.CreateAccountTest_updateSauceTestName_byClass_PASS2_row"
                class="testMethodStatusPASS testMethodStatusCONF">
               <td width="100%" class="firstMethodCell">
                  <a onclick="toggleDetailsVisibility('com.baublebar.testcases.topmenubar.CreateAccountTest_updateSauceTestName_byClass_PASS2_details')">updateSauceTestName([TestResult name=createAccTest status=SUCCESS method=CreateAccountTest.createAccTest(java.util.Hashtable)[pri:0,
                     instance:com.baublebar.testcases.topmenubar.CreateAccountTest@1966c114] output={null}])
                  </a>
               </td>
               <td nowrap="true">16:01:35</td>
               <td nowrap="true" align="right">487 ms
                  
               </td>
               <td nowrap="true">
                   
                  
               </td>
            </tr>
            <tr>
               <td colspan="4" class="detailsBox">
                  <div id="com.baublebar.testcases.topmenubar.CreateAccountTest_updateSauceTestName_byClass_PASS2_details"
                       class="testMethodDetails">
                     <div>
                        <b>Name: </b>updateSauceTestName
                     </div>
                     <div>
                        <b>Signature: </b>updateSauceTestName(org.testng.ITestResult)[pri:0, instance:com.baublebar.testcases.topmenubar.CreateAccountTest@1966c114]
                     </div>
                     <div>
                        <b>Parameters: </b>
                        
                        [TestResult name=createAccTest status=SUCCESS method=CreateAccountTest.createAccTest(java.util.Hashtable)[pri:0, instance:com.baublebar.testcases.topmenubar.CreateAccountTest@1966c114]
                        output={null}]
                        
                        
                     </div>
                     <div>
                        <b>Start time: </b>16:01:35
                     </div>
                     <div>
                        <b>End time: </b>16:01:36
                     </div>
                     <div>
                        <b>Duration: </b>487 ms
                        
                     </div>
                  </div>
               </td>
            </tr>
            <tr></tr>
            <tr id="com.baublebar.testcases.topmenubar.CreateAccountTest_quitDriver_byClass_PASS3_row"
                class="testMethodStatusPASS testMethodStatusCONF">
               <td width="100%" class="firstMethodCell">
                  <a onclick="toggleDetailsVisibility('com.baublebar.testcases.topmenubar.CreateAccountTest_quitDriver_byClass_PASS3_details')">quitDriver()</a>
               </td>
               <td nowrap="true">16:01:36</td>
               <td nowrap="true" align="right">283 ms
                  
               </td>
               <td nowrap="true">
                   
                  
               </td>
            </tr>
            <tr>
               <td colspan="4" class="detailsBox">
                  <div id="com.baublebar.testcases.topmenubar.CreateAccountTest_quitDriver_byClass_PASS3_details"
                       class="testMethodDetails">
                     <div>
                        <b>Name: </b>quitDriver
                     </div>
                     <div>
                        <b>Signature: </b>quitDriver()[pri:0, instance:com.baublebar.testcases.topmenubar.CreateAccountTest@1966c114]
                     </div>
                     <div>
                        <b>Start time: </b>16:01:36
                     </div>
                     <div>
                        <b>End time: </b>16:01:36
                     </div>
                     <div>
                        <b>Duration: </b>283 ms
                        
                     </div>
                  </div>
               </td>
            </tr>
            <tr></tr>
         </table>
         <br></br>
         <table class="testMethodsTable" cellpadding="0" cellspacing="0">
            <tr>
               <td colspan="4">
                  <h3 style="display: inline;">com.baublebar.testcases.topmenubar.LoginTest</h3>
               </td>
            </tr>
            <tr class="methodsTableHeader">
               <td width="100%">Name</td>
               <td nowrap="true">Started</td>
               <td nowrap="true">Duration</td>
               <td>Exception</td>
            </tr>
            <tr id="com.baublebar.testcases.topmenubar.LoginTest_LoginTest_byClass_PASS1_row"
                class="testMethodStatusPASS">
               <td width="100%" class="firstMethodCell">
                  <a onclick="toggleDetailsVisibility('com.baublebar.testcases.topmenubar.LoginTest_LoginTest_byClass_PASS1_details')">LoginTest({Username=qa@baublebar.com, Password=test123, Runmode=Y})</a>
               </td>
               <td nowrap="true">15:59:46</td>
               <td nowrap="true" align="right">8s
                  
               </td>
               <td nowrap="true">
                   
                  
               </td>
            </tr>
            <tr>
               <td colspan="4" class="detailsBox">
                  <div id="com.baublebar.testcases.topmenubar.LoginTest_LoginTest_byClass_PASS1_details"
                       class="testMethodDetails">
                     <div>
                        <b>Name: </b>LoginTest
                     </div>
                     <div>
                        <b>Signature: </b>LoginTest(java.util.Hashtable)[pri:0, instance:com.baublebar.testcases.topmenubar.LoginTest@5f78dc08]
                     </div>
                     <div>
                        <b>Parameters: </b>
                        
                        {Username=qa@baublebar.com, Password=test123, Runmode=Y}
                        
                        
                     </div>
                     <div>
                        <b>Start time: </b>15:59:46
                     </div>
                     <div>
                        <b>End time: </b>15:59:54
                     </div>
                     <div>
                        <b>Duration: </b>8s
                        
                     </div>
                  </div>
               </td>
            </tr>
            <tr></tr>
            <tr id="com.baublebar.testcases.topmenubar.LoginTest_updateSauceTestName_byClass_PASS2_row"
                class="testMethodStatusPASS testMethodStatusCONF">
               <td width="100%" class="firstMethodCell">
                  <a onclick="toggleDetailsVisibility('com.baublebar.testcases.topmenubar.LoginTest_updateSauceTestName_byClass_PASS2_details')">updateSauceTestName([TestResult name=LoginTest status=SUCCESS method=LoginTest.LoginTest(java.util.Hashtable)[pri:0, instance:com.baublebar.testcases.topmenubar.LoginTest@5f78dc08]
                     output={null}])
                  </a>
               </td>
               <td nowrap="true">15:59:54</td>
               <td nowrap="true" align="right">376 ms
                  
               </td>
               <td nowrap="true">
                   
                  
               </td>
            </tr>
            <tr>
               <td colspan="4" class="detailsBox">
                  <div id="com.baublebar.testcases.topmenubar.LoginTest_updateSauceTestName_byClass_PASS2_details"
                       class="testMethodDetails">
                     <div>
                        <b>Name: </b>updateSauceTestName
                     </div>
                     <div>
                        <b>Signature: </b>updateSauceTestName(org.testng.ITestResult)[pri:0, instance:com.baublebar.testcases.topmenubar.LoginTest@5f78dc08]
                     </div>
                     <div>
                        <b>Parameters: </b>
                        
                        [TestResult name=LoginTest status=SUCCESS method=LoginTest.LoginTest(java.util.Hashtable)[pri:0, instance:com.baublebar.testcases.topmenubar.LoginTest@5f78dc08]
                        output={null}]
                        
                        
                     </div>
                     <div>
                        <b>Start time: </b>15:59:54
                     </div>
                     <div>
                        <b>End time: </b>15:59:55
                     </div>
                     <div>
                        <b>Duration: </b>376 ms
                        
                     </div>
                  </div>
               </td>
            </tr>
            <tr></tr>
         </table>
         <br></br>
         <table class="testMethodsTable" cellpadding="0" cellspacing="0">
            <tr>
               <td colspan="4">
                  <h3 style="display: inline;">com.baublebar.testcases.topmenubar.LogoutTest</h3>
               </td>
            </tr>
            <tr class="methodsTableHeader">
               <td width="100%">Name</td>
               <td nowrap="true">Started</td>
               <td nowrap="true">Duration</td>
               <td>Exception</td>
            </tr>
            <tr id="com.baublebar.testcases.topmenubar.LogoutTest_LogoutTest_byClass_PASS1_row"
                class="testMethodStatusPASS">
               <td width="100%" class="firstMethodCell">
                  <a onclick="toggleDetailsVisibility('com.baublebar.testcases.topmenubar.LogoutTest_LogoutTest_byClass_PASS1_details')">LogoutTest({Runmode=Y})</a>
               </td>
               <td nowrap="true">16:00:40</td>
               <td nowrap="true" align="right">6s
                  
               </td>
               <td nowrap="true">
                   
                  
               </td>
            </tr>
            <tr>
               <td colspan="4" class="detailsBox">
                  <div id="com.baublebar.testcases.topmenubar.LogoutTest_LogoutTest_byClass_PASS1_details"
                       class="testMethodDetails">
                     <div>
                        <b>Name: </b>LogoutTest
                     </div>
                     <div>
                        <b>Signature: </b>LogoutTest(java.util.Hashtable)[pri:0, instance:com.baublebar.testcases.topmenubar.LogoutTest@56cb07ef]
                     </div>
                     <div>
                        <b>Parameters: </b>
                        
                        {Runmode=Y}
                        
                        
                     </div>
                     <div>
                        <b>Start time: </b>16:00:40
                     </div>
                     <div>
                        <b>End time: </b>16:00:46
                     </div>
                     <div>
                        <b>Duration: </b>6s
                        
                     </div>
                  </div>
               </td>
            </tr>
            <tr></tr>
            <tr id="com.baublebar.testcases.topmenubar.LogoutTest_updateSauceTestName_byClass_PASS2_row"
                class="testMethodStatusPASS testMethodStatusCONF">
               <td width="100%" class="firstMethodCell">
                  <a onclick="toggleDetailsVisibility('com.baublebar.testcases.topmenubar.LogoutTest_updateSauceTestName_byClass_PASS2_details')">updateSauceTestName([TestResult name=LogoutTest status=SUCCESS method=LogoutTest.LogoutTest(java.util.Hashtable)[pri:0, instance:com.baublebar.testcases.topmenubar.LogoutTest@56cb07ef]
                     output={null}])
                  </a>
               </td>
               <td nowrap="true">16:00:46</td>
               <td nowrap="true" align="right">285 ms
                  
               </td>
               <td nowrap="true">
                   
                  
               </td>
            </tr>
            <tr>
               <td colspan="4" class="detailsBox">
                  <div id="com.baublebar.testcases.topmenubar.LogoutTest_updateSauceTestName_byClass_PASS2_details"
                       class="testMethodDetails">
                     <div>
                        <b>Name: </b>updateSauceTestName
                     </div>
                     <div>
                        <b>Signature: </b>updateSauceTestName(org.testng.ITestResult)[pri:0, instance:com.baublebar.testcases.topmenubar.LogoutTest@56cb07ef]
                     </div>
                     <div>
                        <b>Parameters: </b>
                        
                        [TestResult name=LogoutTest status=SUCCESS method=LogoutTest.LogoutTest(java.util.Hashtable)[pri:0, instance:com.baublebar.testcases.topmenubar.LogoutTest@56cb07ef]
                        output={null}]
                        
                        
                     </div>
                     <div>
                        <b>Start time: </b>16:00:46
                     </div>
                     <div>
                        <b>End time: </b>16:00:47
                     </div>
                     <div>
                        <b>Duration: </b>285 ms
                        
                     </div>
                  </div>
               </td>
            </tr>
            <tr></tr>
         </table>
         <br></br>
         <table class="testMethodsTable" cellpadding="0" cellspacing="0">
            <tr>
               <td colspan="4">
                  <h3 style="display: inline;">com.baublebar.testcases.topmenubar.MyAccountOptionsTest</h3>
               </td>
            </tr>
            <tr class="methodsTableHeader">
               <td width="100%">Name</td>
               <td nowrap="true">Started</td>
               <td nowrap="true">Duration</td>
               <td>Exception</td>
            </tr>
            <tr id="com.baublebar.testcases.topmenubar.MyAccountOptionsTest_LoginTest_byClass_PASS1_row"
                class="testMethodStatusPASS">
               <td width="100%" class="firstMethodCell">
                  <a onclick="toggleDetailsVisibility('com.baublebar.testcases.topmenubar.MyAccountOptionsTest_LoginTest_byClass_PASS1_details')">LoginTest({Options=Dashboard, Runmode=Y})</a>
               </td>
               <td nowrap="true">15:59:55</td>
               <td nowrap="true" align="right">7s
                  
               </td>
               <td nowrap="true">
                   
                  
               </td>
            </tr>
            <tr>
               <td colspan="4" class="detailsBox">
                  <div id="com.baublebar.testcases.topmenubar.MyAccountOptionsTest_LoginTest_byClass_PASS1_details"
                       class="testMethodDetails">
                     <div>
                        <b>Name: </b>LoginTest
                     </div>
                     <div>
                        <b>Signature: </b>LoginTest(java.util.Hashtable)[pri:0, instance:com.baublebar.testcases.topmenubar.MyAccountOptionsTest@578b1f8f]
                     </div>
                     <div>
                        <b>Parameters: </b>
                        
                        {Options=Dashboard, Runmode=Y}
                        
                        
                     </div>
                     <div>
                        <b>Start time: </b>15:59:55
                     </div>
                     <div>
                        <b>End time: </b>16:00:02
                     </div>
                     <div>
                        <b>Duration: </b>7s
                        
                     </div>
                  </div>
               </td>
            </tr>
            <tr></tr>
            <tr id="com.baublebar.testcases.topmenubar.MyAccountOptionsTest_updateSauceTestName_byClass_PASS2_row"
                class="testMethodStatusPASS testMethodStatusCONF">
               <td width="100%" class="firstMethodCell">
                  <a onclick="toggleDetailsVisibility('com.baublebar.testcases.topmenubar.MyAccountOptionsTest_updateSauceTestName_byClass_PASS2_details')">updateSauceTestName([TestResult name=LoginTest status=SUCCESS method=MyAccountOptionsTest.LoginTest(java.util.Hashtable)[pri:0,
                     instance:com.baublebar.testcases.topmenubar.MyAccountOptionsTest@578b1f8f] output={null}])
                  </a>
               </td>
               <td nowrap="true">16:00:02</td>
               <td nowrap="true" align="right">372 ms
                  
               </td>
               <td nowrap="true">
                   
                  
               </td>
            </tr>
            <tr>
               <td colspan="4" class="detailsBox">
                  <div id="com.baublebar.testcases.topmenubar.MyAccountOptionsTest_updateSauceTestName_byClass_PASS2_details"
                       class="testMethodDetails">
                     <div>
                        <b>Name: </b>updateSauceTestName
                     </div>
                     <div>
                        <b>Signature: </b>updateSauceTestName(org.testng.ITestResult)[pri:0, instance:com.baublebar.testcases.topmenubar.MyAccountOptionsTest@578b1f8f]
                     </div>
                     <div>
                        <b>Parameters: </b>
                        
                        [TestResult name=LoginTest status=SUCCESS method=MyAccountOptionsTest.LoginTest(java.util.Hashtable)[pri:0, instance:com.baublebar.testcases.topmenubar.MyAccountOptionsTest@578b1f8f]
                        output={null}]
                        
                        
                     </div>
                     <div>
                        <b>Start time: </b>16:00:02
                     </div>
                     <div>
                        <b>End time: </b>16:00:03
                     </div>
                     <div>
                        <b>Duration: </b>372 ms
                        
                     </div>
                  </div>
               </td>
            </tr>
            <tr></tr>
            <tr id="com.baublebar.testcases.topmenubar.MyAccountOptionsTest_LoginTest_byClass_PASS3_row"
                class="testMethodStatusPASS">
               <td width="100%" class="firstMethodCell">
                  <a onclick="toggleDetailsVisibility('com.baublebar.testcases.topmenubar.MyAccountOptionsTest_LoginTest_byClass_PASS3_details')">LoginTest({Options=My Hearts, Runmode=Y})</a>
               </td>
               <td nowrap="true">16:00:03</td>
               <td nowrap="true" align="right">9s
                  
               </td>
               <td nowrap="true">
                   
                  
               </td>
            </tr>
            <tr>
               <td colspan="4" class="detailsBox">
                  <div id="com.baublebar.testcases.topmenubar.MyAccountOptionsTest_LoginTest_byClass_PASS3_details"
                       class="testMethodDetails">
                     <div>
                        <b>Name: </b>LoginTest
                     </div>
                     <div>
                        <b>Signature: </b>LoginTest(java.util.Hashtable)[pri:0, instance:com.baublebar.testcases.topmenubar.MyAccountOptionsTest@578b1f8f]
                     </div>
                     <div>
                        <b>Parameters: </b>
                        
                        {Options=My Hearts, Runmode=Y}
                        
                        
                     </div>
                     <div>
                        <b>Start time: </b>16:00:03
                     </div>
                     <div>
                        <b>End time: </b>16:00:12
                     </div>
                     <div>
                        <b>Duration: </b>9s
                        
                     </div>
                  </div>
               </td>
            </tr>
            <tr></tr>
            <tr id="com.baublebar.testcases.topmenubar.MyAccountOptionsTest_updateSauceTestName_byClass_PASS4_row"
                class="testMethodStatusPASS testMethodStatusCONF">
               <td width="100%" class="firstMethodCell">
                  <a onclick="toggleDetailsVisibility('com.baublebar.testcases.topmenubar.MyAccountOptionsTest_updateSauceTestName_byClass_PASS4_details')">updateSauceTestName([TestResult name=LoginTest status=SUCCESS method=MyAccountOptionsTest.LoginTest(java.util.Hashtable)[pri:0,
                     instance:com.baublebar.testcases.topmenubar.MyAccountOptionsTest@578b1f8f] output={null}])
                  </a>
               </td>
               <td nowrap="true">16:00:12</td>
               <td nowrap="true" align="right">348 ms
                  
               </td>
               <td nowrap="true">
                   
                  
               </td>
            </tr>
            <tr>
               <td colspan="4" class="detailsBox">
                  <div id="com.baublebar.testcases.topmenubar.MyAccountOptionsTest_updateSauceTestName_byClass_PASS4_details"
                       class="testMethodDetails">
                     <div>
                        <b>Name: </b>updateSauceTestName
                     </div>
                     <div>
                        <b>Signature: </b>updateSauceTestName(org.testng.ITestResult)[pri:0, instance:com.baublebar.testcases.topmenubar.MyAccountOptionsTest@578b1f8f]
                     </div>
                     <div>
                        <b>Parameters: </b>
                        
                        [TestResult name=LoginTest status=SUCCESS method=MyAccountOptionsTest.LoginTest(java.util.Hashtable)[pri:0, instance:com.baublebar.testcases.topmenubar.MyAccountOptionsTest@578b1f8f]
                        output={null}]
                        
                        
                     </div>
                     <div>
                        <b>Start time: </b>16:00:12
                     </div>
                     <div>
                        <b>End time: </b>16:00:13
                     </div>
                     <div>
                        <b>Duration: </b>348 ms
                        
                     </div>
                  </div>
               </td>
            </tr>
            <tr></tr>
            <tr id="com.baublebar.testcases.topmenubar.MyAccountOptionsTest_LoginTest_byClass_PASS5_row"
                class="testMethodStatusPASS">
               <td width="100%" class="firstMethodCell">
                  <a onclick="toggleDetailsVisibility('com.baublebar.testcases.topmenubar.MyAccountOptionsTest_LoginTest_byClass_PASS5_details')">LoginTest({Options=My Waitlist, Runmode=Y})</a>
               </td>
               <td nowrap="true">16:00:13</td>
               <td nowrap="true" align="right">7s
                  
               </td>
               <td nowrap="true">
                   
                  
               </td>
            </tr>
            <tr>
               <td colspan="4" class="detailsBox">
                  <div id="com.baublebar.testcases.topmenubar.MyAccountOptionsTest_LoginTest_byClass_PASS5_details"
                       class="testMethodDetails">
                     <div>
                        <b>Name: </b>LoginTest
                     </div>
                     <div>
                        <b>Signature: </b>LoginTest(java.util.Hashtable)[pri:0, instance:com.baublebar.testcases.topmenubar.MyAccountOptionsTest@578b1f8f]
                     </div>
                     <div>
                        <b>Parameters: </b>
                        
                        {Options=My Waitlist, Runmode=Y}
                        
                        
                     </div>
                     <div>
                        <b>Start time: </b>16:00:13
                     </div>
                     <div>
                        <b>End time: </b>16:00:20
                     </div>
                     <div>
                        <b>Duration: </b>7s
                        
                     </div>
                  </div>
               </td>
            </tr>
            <tr></tr>
            <tr id="com.baublebar.testcases.topmenubar.MyAccountOptionsTest_updateSauceTestName_byClass_PASS6_row"
                class="testMethodStatusPASS testMethodStatusCONF">
               <td width="100%" class="firstMethodCell">
                  <a onclick="toggleDetailsVisibility('com.baublebar.testcases.topmenubar.MyAccountOptionsTest_updateSauceTestName_byClass_PASS6_details')">updateSauceTestName([TestResult name=LoginTest status=SUCCESS method=MyAccountOptionsTest.LoginTest(java.util.Hashtable)[pri:0,
                     instance:com.baublebar.testcases.topmenubar.MyAccountOptionsTest@578b1f8f] output={null}])
                  </a>
               </td>
               <td nowrap="true">16:00:20</td>
               <td nowrap="true" align="right">497 ms
                  
               </td>
               <td nowrap="true">
                   
                  
               </td>
            </tr>
            <tr>
               <td colspan="4" class="detailsBox">
                  <div id="com.baublebar.testcases.topmenubar.MyAccountOptionsTest_updateSauceTestName_byClass_PASS6_details"
                       class="testMethodDetails">
                     <div>
                        <b>Name: </b>updateSauceTestName
                     </div>
                     <div>
                        <b>Signature: </b>updateSauceTestName(org.testng.ITestResult)[pri:0, instance:com.baublebar.testcases.topmenubar.MyAccountOptionsTest@578b1f8f]
                     </div>
                     <div>
                        <b>Parameters: </b>
                        
                        [TestResult name=LoginTest status=SUCCESS method=MyAccountOptionsTest.LoginTest(java.util.Hashtable)[pri:0, instance:com.baublebar.testcases.topmenubar.MyAccountOptionsTest@578b1f8f]
                        output={null}]
                        
                        
                     </div>
                     <div>
                        <b>Start time: </b>16:00:20
                     </div>
                     <div>
                        <b>End time: </b>16:00:20
                     </div>
                     <div>
                        <b>Duration: </b>497 ms
                        
                     </div>
                  </div>
               </td>
            </tr>
            <tr></tr>
            <tr id="com.baublebar.testcases.topmenubar.MyAccountOptionsTest_LoginTest_byClass_PASS7_row"
                class="testMethodStatusPASS">
               <td width="100%" class="firstMethodCell">
                  <a onclick="toggleDetailsVisibility('com.baublebar.testcases.topmenubar.MyAccountOptionsTest_LoginTest_byClass_PASS7_details')">LoginTest({Options=Vault Points, Runmode=Y})</a>
               </td>
               <td nowrap="true">16:00:20</td>
               <td nowrap="true" align="right">9s
                  
               </td>
               <td nowrap="true">
                   
                  
               </td>
            </tr>
            <tr>
               <td colspan="4" class="detailsBox">
                  <div id="com.baublebar.testcases.topmenubar.MyAccountOptionsTest_LoginTest_byClass_PASS7_details"
                       class="testMethodDetails">
                     <div>
                        <b>Name: </b>LoginTest
                     </div>
                     <div>
                        <b>Signature: </b>LoginTest(java.util.Hashtable)[pri:0, instance:com.baublebar.testcases.topmenubar.MyAccountOptionsTest@578b1f8f]
                     </div>
                     <div>
                        <b>Parameters: </b>
                        
                        {Options=Vault Points, Runmode=Y}
                        
                        
                     </div>
                     <div>
                        <b>Start time: </b>16:00:20
                     </div>
                     <div>
                        <b>End time: </b>16:00:30
                     </div>
                     <div>
                        <b>Duration: </b>9s
                        
                     </div>
                  </div>
               </td>
            </tr>
            <tr></tr>
            <tr id="com.baublebar.testcases.topmenubar.MyAccountOptionsTest_updateSauceTestName_byClass_PASS8_row"
                class="testMethodStatusPASS testMethodStatusCONF">
               <td width="100%" class="firstMethodCell">
                  <a onclick="toggleDetailsVisibility('com.baublebar.testcases.topmenubar.MyAccountOptionsTest_updateSauceTestName_byClass_PASS8_details')">updateSauceTestName([TestResult name=LoginTest status=SUCCESS method=MyAccountOptionsTest.LoginTest(java.util.Hashtable)[pri:0,
                     instance:com.baublebar.testcases.topmenubar.MyAccountOptionsTest@578b1f8f] output={null}])
                  </a>
               </td>
               <td nowrap="true">16:00:30</td>
               <td nowrap="true" align="right">371 ms
                  
               </td>
               <td nowrap="true">
                   
                  
               </td>
            </tr>
            <tr>
               <td colspan="4" class="detailsBox">
                  <div id="com.baublebar.testcases.topmenubar.MyAccountOptionsTest_updateSauceTestName_byClass_PASS8_details"
                       class="testMethodDetails">
                     <div>
                        <b>Name: </b>updateSauceTestName
                     </div>
                     <div>
                        <b>Signature: </b>updateSauceTestName(org.testng.ITestResult)[pri:0, instance:com.baublebar.testcases.topmenubar.MyAccountOptionsTest@578b1f8f]
                     </div>
                     <div>
                        <b>Parameters: </b>
                        
                        [TestResult name=LoginTest status=SUCCESS method=MyAccountOptionsTest.LoginTest(java.util.Hashtable)[pri:0, instance:com.baublebar.testcases.topmenubar.MyAccountOptionsTest@578b1f8f]
                        output={null}]
                        
                        
                     </div>
                     <div>
                        <b>Start time: </b>16:00:30
                     </div>
                     <div>
                        <b>End time: </b>16:00:30
                     </div>
                     <div>
                        <b>Duration: </b>371 ms
                        
                     </div>
                  </div>
               </td>
            </tr>
            <tr></tr>
            <tr id="com.baublebar.testcases.topmenubar.MyAccountOptionsTest_LoginTest_byClass_PASS9_row"
                class="testMethodStatusPASS">
               <td width="100%" class="firstMethodCell">
                  <a onclick="toggleDetailsVisibility('com.baublebar.testcases.topmenubar.MyAccountOptionsTest_LoginTest_byClass_PASS9_details')">LoginTest({Options=Invite Friends, Runmode=Y})</a>
               </td>
               <td nowrap="true">16:00:30</td>
               <td nowrap="true" align="right">9s
                  
               </td>
               <td nowrap="true">
                   
                  
               </td>
            </tr>
            <tr>
               <td colspan="4" class="detailsBox">
                  <div id="com.baublebar.testcases.topmenubar.MyAccountOptionsTest_LoginTest_byClass_PASS9_details"
                       class="testMethodDetails">
                     <div>
                        <b>Name: </b>LoginTest
                     </div>
                     <div>
                        <b>Signature: </b>LoginTest(java.util.Hashtable)[pri:0, instance:com.baublebar.testcases.topmenubar.MyAccountOptionsTest@578b1f8f]
                     </div>
                     <div>
                        <b>Parameters: </b>
                        
                        {Options=Invite Friends, Runmode=Y}
                        
                        
                     </div>
                     <div>
                        <b>Start time: </b>16:00:30
                     </div>
                     <div>
                        <b>End time: </b>16:00:40
                     </div>
                     <div>
                        <b>Duration: </b>9s
                        
                     </div>
                  </div>
               </td>
            </tr>
            <tr></tr>
            <tr id="com.baublebar.testcases.topmenubar.MyAccountOptionsTest_updateSauceTestName_byClass_PASS10_row"
                class="testMethodStatusPASS testMethodStatusCONF">
               <td width="100%" class="firstMethodCell">
                  <a onclick="toggleDetailsVisibility('com.baublebar.testcases.topmenubar.MyAccountOptionsTest_updateSauceTestName_byClass_PASS10_details')">updateSauceTestName([TestResult name=LoginTest status=SUCCESS method=MyAccountOptionsTest.LoginTest(java.util.Hashtable)[pri:0,
                     instance:com.baublebar.testcases.topmenubar.MyAccountOptionsTest@578b1f8f] output={null}])
                  </a>
               </td>
               <td nowrap="true">16:00:40</td>
               <td nowrap="true" align="right">381 ms
                  
               </td>
               <td nowrap="true">
                   
                  
               </td>
            </tr>
            <tr>
               <td colspan="4" class="detailsBox">
                  <div id="com.baublebar.testcases.topmenubar.MyAccountOptionsTest_updateSauceTestName_byClass_PASS10_details"
                       class="testMethodDetails">
                     <div>
                        <b>Name: </b>updateSauceTestName
                     </div>
                     <div>
                        <b>Signature: </b>updateSauceTestName(org.testng.ITestResult)[pri:0, instance:com.baublebar.testcases.topmenubar.MyAccountOptionsTest@578b1f8f]
                     </div>
                     <div>
                        <b>Parameters: </b>
                        
                        [TestResult name=LoginTest status=SUCCESS method=MyAccountOptionsTest.LoginTest(java.util.Hashtable)[pri:0, instance:com.baublebar.testcases.topmenubar.MyAccountOptionsTest@578b1f8f]
                        output={null}]
                        
                        
                     </div>
                     <div>
                        <b>Start time: </b>16:00:40
                     </div>
                     <div>
                        <b>End time: </b>16:00:40
                     </div>
                     <div>
                        <b>Duration: </b>381 ms
                        
                     </div>
                  </div>
               </td>
            </tr>
            <tr></tr>
         </table>
         <br></br>
         <table class="testMethodsTable" cellpadding="0" cellspacing="0">
            <tr>
               <td colspan="4">
                  <h3 style="display: inline;">com.baublebar.testcases.topmenubar.ShoppingCartTest</h3>
               </td>
            </tr>
            <tr class="methodsTableHeader">
               <td width="100%">Name</td>
               <td nowrap="true">Started</td>
               <td nowrap="true">Duration</td>
               <td>Exception</td>
            </tr>
            <tr id="com.baublebar.testcases.topmenubar.ShoppingCartTest_ShoppingCartTest_byClass_FAIL1_row"
                class="testMethodStatusFAIL">
               <td width="100%" class="firstMethodCell">
                  <a onclick="toggleDetailsVisibility('com.baublebar.testcases.topmenubar.ShoppingCartTest_ShoppingCartTest_byClass_FAIL1_details')">ShoppingCartTest({Runmode=Y})</a>
               </td>
               <td nowrap="true">15:59:13</td>
               <td nowrap="true" align="right">32s
                  
               </td>
               <td nowrap="true">
                  <a onclick="toggleDetailsVisibility('com.baublebar.testcases.topmenubar.ShoppingCartTest_ShoppingCartTest_byClass_FAIL1_exception')">org.openqa.selenium.TimeoutException: 
                     Timed out after 30 seconds waiting for visibility of [[RemoteWebDriver: chrome on XP (e69816a23c3a41f6aca462e79d904986)] -&gt;
                     css selector: .loginLink.btn.btnSm.btnDefault&gt;span]
                     Build info: version: '2.43.1', revision: '5163bce', time: '2014-09-10 16:27:58'
                     System info: host: 'Maitris-MacBook-Pro.local', ip: '10.20.2.238', os.name: 'Mac OS X', os.arch: 'x86_64', os.version: '10.9.5',
                     java.version: '1.6.0_65'
                     Session ID: e69816a23c3a41f6aca462e79d904986
                     Driver info: org.openqa.selenium.remote.RemoteWebDriver
                     Capabilities [{platform=XP, acceptSslCerts=true, javascriptEnabled=true, hasMetadata=true, browserName=chrome, chrome={userDataDir=C:\Users\ADMINI~1\AppData\Local\Temp\scoped_dir1356_26843},
                     rotatable=false, mobileEmulationEnabled=false, locationContextEnabled=true, webdriver.remote.sessionid=e69816a23c3a41f6aca462e79d904986,
                     version=40.0.2214.93, takesHeapSnapshot=true, cssSelectorsEnabled=true, databaseEnabled=false, handlesAlerts=true, browserConnectionEnabled=false,
                     nativeEvents=true, webStorageEnabled=true, applicationCacheEnabled=false, takesScreenshot=true}]
                     
                  </a>
                   
                  
               </td>
            </tr>
            <tr>
               <td colspan="4" class="detailsBox">
                  <div id="com.baublebar.testcases.topmenubar.ShoppingCartTest_ShoppingCartTest_byClass_FAIL1_details"
                       class="testMethodDetails">
                     <div>
                        <b>Name: </b>ShoppingCartTest
                     </div>
                     <div>
                        <b>Signature: </b>ShoppingCartTest(java.util.Hashtable)[pri:0, instance:com.baublebar.testcases.topmenubar.ShoppingCartTest@30dc9065]
                     </div>
                     <div>
                        <b>Parameters: </b>
                        
                        {Runmode=Y}
                        
                        
                     </div>
                     <div>
                        <b>Start time: </b>15:59:13
                     </div>
                     <div>
                        <b>End time: </b>15:59:46
                     </div>
                     <div>
                        <b>Duration: </b>32s
                        
                     </div>
                  </div>
               </td>
            </tr>
            <tr>
               <td colspan="4" class="detailsBox">
                  <div id="com.baublebar.testcases.topmenubar.ShoppingCartTest_ShoppingCartTest_byClass_FAIL1_exception"
                       class="testMethodDetails">
                     <pre style="padding: 5px; margin: 0;">org.openqa.selenium.TimeoutException: Timed out after 30 seconds waiting for visibility of [[RemoteWebDriver: chrome on XP
                        (e69816a23c3a41f6aca462e79d904986)] -&gt; css selector: .loginLink.btn.btnSm.btnDefault&gt;span]
                        Build info: version: '2.43.1', revision: '5163bce', time: '2014-09-10 16:27:58'
                        System info: host: 'Maitris-MacBook-Pro.local', ip: '10.20.2.238', os.name: 'Mac OS X', os.arch: 'x86_64', os.version: '10.9.5',
                        java.version: '1.6.0_65'
                        Session ID: e69816a23c3a41f6aca462e79d904986
                        Driver info: org.openqa.selenium.remote.RemoteWebDriver
                        Capabilities [{platform=XP, acceptSslCerts=true, javascriptEnabled=true, hasMetadata=true, browserName=chrome, chrome={userDataDir=C:\Users\ADMINI~1\AppData\Local\Temp\scoped_dir1356_26843},
                        rotatable=false, mobileEmulationEnabled=false, locationContextEnabled=true, webdriver.remote.sessionid=e69816a23c3a41f6aca462e79d904986,
                        version=40.0.2214.93, takesHeapSnapshot=true, cssSelectorsEnabled=true, databaseEnabled=false, handlesAlerts=true, browserConnectionEnabled=false,
                        nativeEvents=true, webStorageEnabled=true, applicationCacheEnabled=false, takesScreenshot=true}]
                        	at org.openqa.selenium.support.ui.WebDriverWait.timeoutException(WebDriverWait.java:79)
                        	at org.openqa.selenium.support.ui.FluentWait.until(FluentWait.java:228)
                        	at com.baublebar.pages.TopMenuBarPage.clickShoppingCart(TopMenuBarPage.java:282)
                        	at com.baublebar.testcases.topmenubar.ShoppingCartTest.ShoppingCartTest(ShoppingCartTest.java:33)
                        	at sun.reflect.NativeMethodAccessorImpl.invoke0(Native Method)
                        	at sun.reflect.NativeMethodAccessorImpl.invoke(NativeMethodAccessorImpl.java:39)
                        	at sun.reflect.DelegatingMethodAccessorImpl.invoke(DelegatingMethodAccessorImpl.java:25)
                        	at java.lang.reflect.Method.invoke(Method.java:597)
                        	at org.testng.internal.MethodInvocationHelper.invokeMethod(MethodInvocationHelper.java:84)
                        	at org.testng.internal.Invoker.invokeMethod(Invoker.java:714)
                        	at org.testng.internal.Invoker.invokeTestMethod(Invoker.java:901)
                        	at org.testng.internal.Invoker.invokeTestMethods(Invoker.java:1231)
                        	at org.testng.internal.TestMethodWorker.invokeTestMethods(TestMethodWorker.java:127)
                        	at org.testng.internal.TestMethodWorker.run(TestMethodWorker.java:111)
                        	at org.testng.TestRunner.privateRun(TestRunner.java:767)
                        	at org.testng.TestRunner.run(TestRunner.java:617)
                        	at org.testng.SuiteRunner.runTest(SuiteRunner.java:334)
                        	at org.testng.SuiteRunner.runSequentially(SuiteRunner.java:329)
                        	at org.testng.SuiteRunner.privateRun(SuiteRunner.java:291)
                        	at org.testng.SuiteRunner.run(SuiteRunner.java:240)
                        	at org.testng.SuiteRunnerWorker.runSuite(SuiteRunnerWorker.java:52)
                        	at org.testng.SuiteRunnerWorker.run(SuiteRunnerWorker.java:86)
                        	at org.testng.TestNG.runSuitesSequentially(TestNG.java:1224)
                        	at org.testng.TestNG.runSuitesLocally(TestNG.java:1149)
                        	at org.testng.TestNG.run(TestNG.java:1057)
                        	at org.testng.TestNG.privateMain(TestNG.java:1364)
                        	at org.testng.TestNG.main(TestNG.java:1333)
                     </pre>
                  </div>
               </td>
            </tr>
            <tr id="com.baublebar.testcases.topmenubar.ShoppingCartTest_updateSauceTestName_byClass_PASS2_row"
                class="testMethodStatusPASS testMethodStatusCONF">
               <td width="100%" class="firstMethodCell">
                  <a onclick="toggleDetailsVisibility('com.baublebar.testcases.topmenubar.ShoppingCartTest_updateSauceTestName_byClass_PASS2_details')">updateSauceTestName([TestResult name=ShoppingCartTest status=FAILURE method=ShoppingCartTest.ShoppingCartTest(java.util.Hashtable)[pri:0,
                     instance:com.baublebar.testcases.topmenubar.ShoppingCartTest@30dc9065] output={null}])
                  </a>
               </td>
               <td nowrap="true">15:59:46</td>
               <td nowrap="true" align="right">362 ms
                  
               </td>
               <td nowrap="true">
                   
                  
               </td>
            </tr>
            <tr>
               <td colspan="4" class="detailsBox">
                  <div id="com.baublebar.testcases.topmenubar.ShoppingCartTest_updateSauceTestName_byClass_PASS2_details"
                       class="testMethodDetails">
                     <div>
                        <b>Name: </b>updateSauceTestName
                     </div>
                     <div>
                        <b>Signature: </b>updateSauceTestName(org.testng.ITestResult)[pri:0, instance:com.baublebar.testcases.topmenubar.ShoppingCartTest@30dc9065]
                     </div>
                     <div>
                        <b>Parameters: </b>
                        
                        [TestResult name=ShoppingCartTest status=FAILURE method=ShoppingCartTest.ShoppingCartTest(java.util.Hashtable)[pri:0, instance:com.baublebar.testcases.topmenubar.ShoppingCartTest@30dc9065]
                        output={null}]
                        
                        
                     </div>
                     <div>
                        <b>Start time: </b>15:59:46
                     </div>
                     <div>
                        <b>End time: </b>15:59:46
                     </div>
                     <div>
                        <b>Duration: </b>362 ms
                        
                     </div>
                  </div>
               </td>
            </tr>
            <tr></tr>
         </table>
         <br></br>
         <table class="testMethodsTable" cellpadding="0" cellspacing="0">
            <tr>
               <td colspan="4">
                  <h3 style="display: inline;">com.baublebar.testcases.topmenubar.SignupForDiscountTest</h3>
               </td>
            </tr>
            <tr class="methodsTableHeader">
               <td width="100%">Name</td>
               <td nowrap="true">Started</td>
               <td nowrap="true">Duration</td>
               <td>Exception</td>
            </tr>
            <tr id="com.baublebar.testcases.topmenubar.SignupForDiscountTest_signupForDiscountTest_byClass_PASS1_row"
                class="testMethodStatusPASS">
               <td width="100%" class="firstMethodCell">
                  <a onclick="toggleDetailsVisibility('com.baublebar.testcases.topmenubar.SignupForDiscountTest_signupForDiscountTest_byClass_PASS1_details')">signupForDiscountTest({Runmode=Y, DiscountEmail=cmaitri@yahoo.com})</a>
               </td>
               <td nowrap="true">15:59:07</td>
               <td nowrap="true" align="right">5s
                  
               </td>
               <td nowrap="true">
                   
                  
               </td>
            </tr>
            <tr>
               <td colspan="4" class="detailsBox">
                  <div id="com.baublebar.testcases.topmenubar.SignupForDiscountTest_signupForDiscountTest_byClass_PASS1_details"
                       class="testMethodDetails">
                     <div>
                        <b>Name: </b>signupForDiscountTest
                     </div>
                     <div>
                        <b>Signature: </b>signupForDiscountTest(java.util.Hashtable)[pri:0, instance:com.baublebar.testcases.topmenubar.SignupForDiscountTest@2031688f]
                     </div>
                     <div>
                        <b>Parameters: </b>
                        
                        {Runmode=Y, DiscountEmail=cmaitri@yahoo.com}
                        
                        
                     </div>
                     <div>
                        <b>Start time: </b>15:59:07
                     </div>
                     <div>
                        <b>End time: </b>15:59:12
                     </div>
                     <div>
                        <b>Duration: </b>5s
                        
                     </div>
                  </div>
               </td>
            </tr>
            <tr></tr>
            <tr id="com.baublebar.testcases.topmenubar.SignupForDiscountTest_updateSauceTestName_byClass_PASS2_row"
                class="testMethodStatusPASS testMethodStatusCONF">
               <td width="100%" class="firstMethodCell">
                  <a onclick="toggleDetailsVisibility('com.baublebar.testcases.topmenubar.SignupForDiscountTest_updateSauceTestName_byClass_PASS2_details')">updateSauceTestName([TestResult name=signupForDiscountTest status=SUCCESS method=SignupForDiscountTest.signupForDiscountTest(java.util.Hashtable)[pri:0,
                     instance:com.baublebar.testcases.topmenubar.SignupForDiscountTest@2031688f] output={null}])
                  </a>
               </td>
               <td nowrap="true">15:59:12</td>
               <td nowrap="true" align="right">387 ms
                  
               </td>
               <td nowrap="true">
                   
                  
               </td>
            </tr>
            <tr>
               <td colspan="4" class="detailsBox">
                  <div id="com.baublebar.testcases.topmenubar.SignupForDiscountTest_updateSauceTestName_byClass_PASS2_details"
                       class="testMethodDetails">
                     <div>
                        <b>Name: </b>updateSauceTestName
                     </div>
                     <div>
                        <b>Signature: </b>updateSauceTestName(org.testng.ITestResult)[pri:0, instance:com.baublebar.testcases.topmenubar.SignupForDiscountTest@2031688f]
                     </div>
                     <div>
                        <b>Parameters: </b>
                        
                        [TestResult name=signupForDiscountTest status=SUCCESS method=SignupForDiscountTest.signupForDiscountTest(java.util.Hashtable)[pri:0,
                        instance:com.baublebar.testcases.topmenubar.SignupForDiscountTest@2031688f] output={null}]
                        
                        
                     </div>
                     <div>
                        <b>Start time: </b>15:59:12
                     </div>
                     <div>
                        <b>End time: </b>15:59:13
                     </div>
                     <div>
                        <b>Duration: </b>387 ms
                        
                     </div>
                  </div>
               </td>
            </tr>
            <tr></tr>
         </table>
         <br></br>
         <table class="testMethodsTable" cellpadding="0" cellspacing="0">
            <tr>
               <td colspan="4">
                  <h3 style="display: inline;">com.baublebar.testcases.topmenubar.VisitusTest</h3>
               </td>
            </tr>
            <tr class="methodsTableHeader">
               <td width="100%">Name</td>
               <td nowrap="true">Started</td>
               <td nowrap="true">Duration</td>
               <td>Exception</td>
            </tr>
            <tr id="com.baublebar.testcases.topmenubar.VisitusTest_LocationsTest_byClass_PASS1_row"
                class="testMethodStatusPASS">
               <td width="100%" class="firstMethodCell">
                  <a onclick="toggleDetailsVisibility('com.baublebar.testcases.topmenubar.VisitusTest_LocationsTest_byClass_PASS1_details')">LocationsTest({Runmode=Y})</a>
               </td>
               <td nowrap="true">16:01:20</td>
               <td nowrap="true" align="right">4s
                  
               </td>
               <td nowrap="true">
                   
                  
               </td>
            </tr>
            <tr>
               <td colspan="4" class="detailsBox">
                  <div id="com.baublebar.testcases.topmenubar.VisitusTest_LocationsTest_byClass_PASS1_details"
                       class="testMethodDetails">
                     <div>
                        <b>Name: </b>LocationsTest
                     </div>
                     <div>
                        <b>Signature: </b>LocationsTest(java.util.Hashtable)[pri:0, instance:com.baublebar.testcases.topmenubar.VisitusTest@2dd1082f]
                     </div>
                     <div>
                        <b>Parameters: </b>
                        
                        {Runmode=Y}
                        
                        
                     </div>
                     <div>
                        <b>Start time: </b>16:01:20
                     </div>
                     <div>
                        <b>End time: </b>16:01:25
                     </div>
                     <div>
                        <b>Duration: </b>4s
                        
                     </div>
                  </div>
               </td>
            </tr>
            <tr></tr>
            <tr id="com.baublebar.testcases.topmenubar.VisitusTest_updateSauceTestName_byClass_PASS2_row"
                class="testMethodStatusPASS testMethodStatusCONF">
               <td width="100%" class="firstMethodCell">
                  <a onclick="toggleDetailsVisibility('com.baublebar.testcases.topmenubar.VisitusTest_updateSauceTestName_byClass_PASS2_details')">updateSauceTestName([TestResult name=LocationsTest status=SUCCESS method=VisitusTest.LocationsTest(java.util.Hashtable)[pri:0,
                     instance:com.baublebar.testcases.topmenubar.VisitusTest@2dd1082f] output={null}])
                  </a>
               </td>
               <td nowrap="true">16:01:25</td>
               <td nowrap="true" align="right">930 ms
                  
               </td>
               <td nowrap="true">
                   
                  
               </td>
            </tr>
            <tr>
               <td colspan="4" class="detailsBox">
                  <div id="com.baublebar.testcases.topmenubar.VisitusTest_updateSauceTestName_byClass_PASS2_details"
                       class="testMethodDetails">
                     <div>
                        <b>Name: </b>updateSauceTestName
                     </div>
                     <div>
                        <b>Signature: </b>updateSauceTestName(org.testng.ITestResult)[pri:0, instance:com.baublebar.testcases.topmenubar.VisitusTest@2dd1082f]
                     </div>
                     <div>
                        <b>Parameters: </b>
                        
                        [TestResult name=LocationsTest status=SUCCESS method=VisitusTest.LocationsTest(java.util.Hashtable)[pri:0, instance:com.baublebar.testcases.topmenubar.VisitusTest@2dd1082f]
                        output={null}]
                        
                        
                     </div>
                     <div>
                        <b>Start time: </b>16:01:25
                     </div>
                     <div>
                        <b>End time: </b>16:01:26
                     </div>
                     <div>
                        <b>Duration: </b>930 ms
                        
                     </div>
                  </div>
               </td>
            </tr>
            <tr></tr>
         </table>
         <br></br>
      </div>
      <div style="margin-top: 15px; color: gray; text-align: center; font-size: 9px;">
         Generated with
         
         <a href="http://code.google.com/p/testng-xslt/" style="color: #8888aa;"
            target="_blank">
            TestNG XSLT
            
         </a>
      </div>
   </body>
</html>