<html xmlns:math="http://exslt.org/math" xmlns:testng="http://testng.org">
   <head>
      <title>TestNG Results</title>
      <meta http-equiv="content-type" content="text/html; charset=utf-8"></meta>
      <meta http-equiv="pragma" content="no-cache"></meta>
      <meta http-equiv="cache-control" content="max-age=0"></meta>
      <meta http-equiv="cache-control" content="no-cache"></meta>
      <meta http-equiv="cache-control" content="no-store"></meta>
      <LINK rel="stylesheet" href="style.css"></LINK>
      <script type="text/javascript" src="main.js"></script>
   </head>
   <body>
      <table width="100%" style="font-size: 16px; margin-bottom: 10px;" cellspacing="1">
         <tr>
            <td width="100%">
               All methods in suite
               
               <b>Firefox</b>
            </td>
            <td style="background-color: #FFBBBB; padding: 3px 3px 3px 0;" align="center">
               <div style="width: 50px;">2</div>
            </td>
            <td style="background-color: lightgreen; padding: 3px 3px 3px 0;" align="center">
               <div style="width: 50px;">20</div>
            </td>
            <td style="background-color: #FFFFBB; padding: 3px 3px 3px 0;" align="center">
               <div style="width: 50px;">0</div>
            </td>
            <td align="center" style="background-color: #eaf0f7; padding: 3px 3px 3px 0;">
               <div style="width: 50px;">22</div>
            </td>
            <td align="center"
                style="font-weight: bold; background-color: #eaf0f7; padding: 3px 3px 3px 0;">
               <div style="width: 50px;">91%</div>
            </td>
            <td style="background-color: #eaf0f7; padding: 3px 3px 3px 0;" align="center"
                nowrap="true">8m
               8s
               
            </td>
         </tr>
      </table>
      <div style="width: 200px;">
         <label for="groupMethodsCheckBox" style="font-weight: bold; margin: 0;">
            <input id="groupMethodsCheckBox" type="checkbox" onclick="switchTestMethodsView(this)"
                   checked=""></input>
            Group by class
            
         </label>
         <br></br>
         <label for="methodsFilter_ALL" style="font-weight: bold; margin: 0;">
            <input id="methodsFilter_ALL" type="checkbox"
                   onclick="testMethodsFilterChanged(this, 'ALL')"
                   checked=""></input>
            All
            
         </label>
      </div>
      <label for="methodsFilter_FAIL" style="margin-left: 20px;">
         <input id="methodsFilter_FAIL" type="checkbox"
                onclick="testMethodsFilterChanged(this, 'FAIL')"
                checked=""></input>
         Failed
         
      </label>
      <label for="methodsFilter_PASS">
         <input id="methodsFilter_PASS" type="checkbox"
                onclick="testMethodsFilterChanged(this, 'PASS')"
                checked=""></input>
         Passed
         
      </label>
      <label for="methodsFilter_SKIP">
         <input id="methodsFilter_SKIP" type="checkbox"
                onclick="testMethodsFilterChanged(this, 'SKIP')"
                checked=""></input>
         Skipped
         
      </label>
      <label for="methodsFilter_CONF">
         <input id="methodsFilter_CONF" type="checkbox"
                onclick="testMethodsFilterChanged(this, 'CONF')"
                checked=""></input>
         Config
         
      </label>
      <br></br>
      <div id="testMethodsByStatus" style="display: none;">
         <table class="testMethodsTable" cellpadding="0" cellspacing="0">
            <tr class="methodsTableHeader">
               <td width="100%">Name</td>
               <td nowrap="true">Started</td>
               <td nowrap="true">Duration</td>
               <td>Exception</td>
            </tr>
            <tr id="com.baublebar.testcases.mainnavigationbar.MainNavigationBarTest_MainNavigationBarTest_byStatus_failed_FAIL1_row"
                class="testMethodStatusFAIL">
               <td width="100%" class="firstMethodCell">
                  <a onclick="toggleDetailsVisibility('com.baublebar.testcases.mainnavigationbar.MainNavigationBarTest_MainNavigationBarTest_byStatus_failed_FAIL1_details')">MainNavigationBarTest({Runmode=Y, CategoryName=What})</a>
               </td>
               <td nowrap="true">16:37:09</td>
               <td nowrap="true" align="right">9s
                  
               </td>
               <td nowrap="true">
                  <a onclick="toggleDetailsVisibility('com.baublebar.testcases.mainnavigationbar.MainNavigationBarTest_MainNavigationBarTest_byStatus_failed_FAIL1_exception')">java.lang.AssertionError: 
                     expected [true] but found [false]
                     
                  </a>
                   
                  
               </td>
            </tr>
            <tr>
               <td colspan="4" class="detailsBox">
                  <div id="com.baublebar.testcases.mainnavigationbar.MainNavigationBarTest_MainNavigationBarTest_byStatus_failed_FAIL1_details"
                       class="testMethodDetails">
                     <div>
                        <b>Name: </b>MainNavigationBarTest
                     </div>
                     <div>
                        <b>Signature: </b>MainNavigationBarTest(java.util.Hashtable)[pri:0, instance:com.baublebar.testcases.mainnavigationbar.MainNavigationBarTest@3a98350a]
                     </div>
                     <div>
                        <b>Parameters: </b>
                        
                        {Runmode=Y, CategoryName=What}
                        
                        
                     </div>
                     <div>
                        <b>Start time: </b>16:37:09
                     </div>
                     <div>
                        <b>End time: </b>16:37:19
                     </div>
                     <div>
                        <b>Duration: </b>9s
                        
                     </div>
                  </div>
               </td>
            </tr>
            <tr>
               <td colspan="4" class="detailsBox">
                  <div id="com.baublebar.testcases.mainnavigationbar.MainNavigationBarTest_MainNavigationBarTest_byStatus_failed_FAIL1_exception"
                       class="testMethodDetails">
                     <pre style="padding: 5px; margin: 0;">java.lang.AssertionError: expected [true] but found [false]
                        	at org.testng.Assert.fail(Assert.java:94)
                        	at org.testng.Assert.failNotEquals(Assert.java:494)
                        	at org.testng.Assert.assertTrue(Assert.java:42)
                        	at org.testng.Assert.assertTrue(Assert.java:52)
                        	at com.baublebar.pages.MainNavigationBarPage.selectCatagoryByName(MainNavigationBarPage.java:132)
                        	at com.baublebar.testcases.mainnavigationbar.MainNavigationBarTest.MainNavigationBarTest(MainNavigationBarTest.java:27)
                        	at sun.reflect.NativeMethodAccessorImpl.invoke0(Native Method)
                        	at sun.reflect.NativeMethodAccessorImpl.invoke(NativeMethodAccessorImpl.java:39)
                        	at sun.reflect.DelegatingMethodAccessorImpl.invoke(DelegatingMethodAccessorImpl.java:25)
                        	at java.lang.reflect.Method.invoke(Method.java:597)
                        	at org.testng.internal.MethodInvocationHelper.invokeMethod(MethodInvocationHelper.java:84)
                        	at org.testng.internal.Invoker.invokeMethod(Invoker.java:714)
                        	at org.testng.internal.Invoker.invokeTestMethod(Invoker.java:901)
                        	at org.testng.internal.Invoker.invokeTestMethods(Invoker.java:1231)
                        	at org.testng.internal.TestMethodWorker.invokeTestMethods(TestMethodWorker.java:127)
                        	at org.testng.internal.TestMethodWorker.run(TestMethodWorker.java:111)
                        	at org.testng.TestRunner.privateRun(TestRunner.java:767)
                        	at org.testng.TestRunner.run(TestRunner.java:617)
                        	at org.testng.SuiteRunner.runTest(SuiteRunner.java:334)
                        	at org.testng.SuiteRunner.runSequentially(SuiteRunner.java:329)
                        	at org.testng.SuiteRunner.privateRun(SuiteRunner.java:291)
                        	at org.testng.SuiteRunner.run(SuiteRunner.java:240)
                        	at org.testng.SuiteRunnerWorker.runSuite(SuiteRunnerWorker.java:52)
                        	at org.testng.SuiteRunnerWorker.run(SuiteRunnerWorker.java:86)
                        	at org.testng.TestNG.runSuitesSequentially(TestNG.java:1224)
                        	at org.testng.TestNG.runSuitesLocally(TestNG.java:1149)
                        	at org.testng.TestNG.run(TestNG.java:1057)
                        	at org.testng.TestNG.privateMain(TestNG.java:1364)
                        	at org.testng.TestNG.main(TestNG.java:1333)
                     </pre>
                  </div>
               </td>
            </tr>
            <tr id="com.baublebar.testcases.topmenubar.SignupForDiscountTest_signupForDiscountTest_byStatus_failed_FAIL2_row"
                class="testMethodStatusFAIL">
               <td width="100%" class="firstMethodCell">
                  <a onclick="toggleDetailsVisibility('com.baublebar.testcases.topmenubar.SignupForDiscountTest_signupForDiscountTest_byStatus_failed_FAIL2_details')">signupForDiscountTest({Runmode=Y, DiscountEmail=cmaitri@yahoo.com})</a>
               </td>
               <td nowrap="true">16:38:54</td>
               <td nowrap="true" align="right">1m
                  20s
                  
               </td>
               <td nowrap="true">
                  <a onclick="toggleDetailsVisibility('com.baublebar.testcases.topmenubar.SignupForDiscountTest_signupForDiscountTest_byStatus_failed_FAIL2_exception')">org.openqa.selenium.TimeoutException: 
                     Timed out after 30 seconds waiting for visibility of [[RemoteWebDriver: chrome on WIN8 (9267301e-501d-45bd-bbd1-b4c001887046)]
                     -&gt; xpath: //*[@id='email-signup']/div/div[2]/p[1]]
                     Build info: version: '2.43.1', revision: '5163bce', time: '2014-09-10 16:27:58'
                     System info: host: 'Maitris-MacBook-Pro.local', ip: '10.20.2.238', os.name: 'Mac OS X', os.arch: 'x86_64', os.version: '10.9.5',
                     java.version: '1.6.0_65'
                     Session ID: 9267301e-501d-45bd-bbd1-b4c001887046
                     Driver info: org.openqa.selenium.remote.RemoteWebDriver
                     Capabilities [{platform=WIN8, javascriptEnabled=true, acceptSslCerts=true, browserName=chrome, chrome={userDataDir=C:\Users\you\AppData\Local\Temp\scoped_dir2756_2310},
                     rotatable=false, locationContextEnabled=true, mobileEmulationEnabled=false, webdriver.remote.sessionid=9267301e-501d-45bd-bbd1-b4c001887046,
                     version=40.0.2214.91, takesHeapSnapshot=true, cssSelectorsEnabled=true, databaseEnabled=false, handlesAlerts=true, browserConnectionEnabled=false,
                     nativeEvents=true, webStorageEnabled=true, applicationCacheEnabled=false, takesScreenshot=true}]
                     
                  </a>
                   
                  
               </td>
            </tr>
            <tr>
               <td colspan="4" class="detailsBox">
                  <div id="com.baublebar.testcases.topmenubar.SignupForDiscountTest_signupForDiscountTest_byStatus_failed_FAIL2_details"
                       class="testMethodDetails">
                     <div>
                        <b>Name: </b>signupForDiscountTest
                     </div>
                     <div>
                        <b>Signature: </b>signupForDiscountTest(java.util.Hashtable)[pri:0, instance:com.baublebar.testcases.topmenubar.SignupForDiscountTest@5d469658]
                     </div>
                     <div>
                        <b>Parameters: </b>
                        
                        {Runmode=Y, DiscountEmail=cmaitri@yahoo.com}
                        
                        
                     </div>
                     <div>
                        <b>Start time: </b>16:38:54
                     </div>
                     <div>
                        <b>End time: </b>16:40:15
                     </div>
                     <div>
                        <b>Duration: </b>1m
                        20s
                        
                     </div>
                  </div>
               </td>
            </tr>
            <tr>
               <td colspan="4" class="detailsBox">
                  <div id="com.baublebar.testcases.topmenubar.SignupForDiscountTest_signupForDiscountTest_byStatus_failed_FAIL2_exception"
                       class="testMethodDetails">
                     <pre style="padding: 5px; margin: 0;">org.openqa.selenium.TimeoutException: Timed out after 30 seconds waiting for visibility of [[RemoteWebDriver: chrome on WIN8
                        (9267301e-501d-45bd-bbd1-b4c001887046)] -&gt; xpath: //*[@id='email-signup']/div/div[2]/p[1]]
                        Build info: version: '2.43.1', revision: '5163bce', time: '2014-09-10 16:27:58'
                        System info: host: 'Maitris-MacBook-Pro.local', ip: '10.20.2.238', os.name: 'Mac OS X', os.arch: 'x86_64', os.version: '10.9.5',
                        java.version: '1.6.0_65'
                        Session ID: 9267301e-501d-45bd-bbd1-b4c001887046
                        Driver info: org.openqa.selenium.remote.RemoteWebDriver
                        Capabilities [{platform=WIN8, javascriptEnabled=true, acceptSslCerts=true, browserName=chrome, chrome={userDataDir=C:\Users\you\AppData\Local\Temp\scoped_dir2756_2310},
                        rotatable=false, locationContextEnabled=true, mobileEmulationEnabled=false, webdriver.remote.sessionid=9267301e-501d-45bd-bbd1-b4c001887046,
                        version=40.0.2214.91, takesHeapSnapshot=true, cssSelectorsEnabled=true, databaseEnabled=false, handlesAlerts=true, browserConnectionEnabled=false,
                        nativeEvents=true, webStorageEnabled=true, applicationCacheEnabled=false, takesScreenshot=true}]
                        	at org.openqa.selenium.support.ui.WebDriverWait.timeoutException(WebDriverWait.java:79)
                        	at org.openqa.selenium.support.ui.FluentWait.until(FluentWait.java:228)
                        	at com.baublebar.pages.TopMenuBarPage.signupForDiscount(TopMenuBarPage.java:192)
                        	at com.baublebar.testcases.topmenubar.SignupForDiscountTest.signupForDiscountTest(SignupForDiscountTest.java:32)
                        	at sun.reflect.NativeMethodAccessorImpl.invoke0(Native Method)
                        	at sun.reflect.NativeMethodAccessorImpl.invoke(NativeMethodAccessorImpl.java:39)
                        	at sun.reflect.DelegatingMethodAccessorImpl.invoke(DelegatingMethodAccessorImpl.java:25)
                        	at java.lang.reflect.Method.invoke(Method.java:597)
                        	at org.testng.internal.MethodInvocationHelper.invokeMethod(MethodInvocationHelper.java:84)
                        	at org.testng.internal.Invoker.invokeMethod(Invoker.java:714)
                        	at org.testng.internal.Invoker.invokeTestMethod(Invoker.java:901)
                        	at org.testng.internal.Invoker.invokeTestMethods(Invoker.java:1231)
                        	at org.testng.internal.TestMethodWorker.invokeTestMethods(TestMethodWorker.java:127)
                        	at org.testng.internal.TestMethodWorker.run(TestMethodWorker.java:111)
                        	at org.testng.TestRunner.privateRun(TestRunner.java:767)
                        	at org.testng.TestRunner.run(TestRunner.java:617)
                        	at org.testng.SuiteRunner.runTest(SuiteRunner.java:334)
                        	at org.testng.SuiteRunner.runSequentially(SuiteRunner.java:329)
                        	at org.testng.SuiteRunner.privateRun(SuiteRunner.java:291)
                        	at org.testng.SuiteRunner.run(SuiteRunner.java:240)
                        	at org.testng.SuiteRunnerWorker.runSuite(SuiteRunnerWorker.java:52)
                        	at org.testng.SuiteRunnerWorker.run(SuiteRunnerWorker.java:86)
                        	at org.testng.TestNG.runSuitesSequentially(TestNG.java:1224)
                        	at org.testng.TestNG.runSuitesLocally(TestNG.java:1149)
                        	at org.testng.TestNG.run(TestNG.java:1057)
                        	at org.testng.TestNG.privateMain(TestNG.java:1364)
                        	at org.testng.TestNG.main(TestNG.java:1333)
                     </pre>
                  </div>
               </td>
            </tr>
            <tr id="com.baublebar.testcases.LoadBaublebarTest_loadBaublebar_byStatus_passed_PASS1_row"
                class="testMethodStatusPASS">
               <td width="100%" class="firstMethodCell">
                  <a onclick="toggleDetailsVisibility('com.baublebar.testcases.LoadBaublebarTest_loadBaublebar_byStatus_passed_PASS1_details')">loadBaublebar()</a>
               </td>
               <td nowrap="true">16:35:42</td>
               <td nowrap="true" align="right">24s
                  
               </td>
               <td nowrap="true">
                   
                  
               </td>
            </tr>
            <tr>
               <td colspan="4" class="detailsBox">
                  <div id="com.baublebar.testcases.LoadBaublebarTest_loadBaublebar_byStatus_passed_PASS1_details"
                       class="testMethodDetails">
                     <div>
                        <b>Name: </b>loadBaublebar
                     </div>
                     <div>
                        <b>Signature: </b>loadBaublebar()[pri:0, instance:com.baublebar.testcases.LoadBaublebarTest@ebf5555]
                     </div>
                     <div>
                        <b>Start time: </b>16:35:42
                     </div>
                     <div>
                        <b>End time: </b>16:36:06
                     </div>
                     <div>
                        <b>Duration: </b>24s
                        
                     </div>
                  </div>
               </td>
            </tr>
            <tr></tr>
            <tr id="com.baublebar.testcases.shoppingcart.PlaceOrderTest_PlaceOrderTest_byStatus_passed_PASS2_row"
                class="testMethodStatusPASS">
               <td width="100%" class="firstMethodCell">
                  <a onclick="toggleDetailsVisibility('com.baublebar.testcases.shoppingcart.PlaceOrderTest_PlaceOrderTest_byStatus_passed_PASS2_details')">PlaceOrderTest({Runmode=Y, ProductName=ice-dog-tag-layered-pendant-necklace})</a>
               </td>
               <td nowrap="true">16:36:06</td>
               <td nowrap="true" align="right">1m
                  2s
                  
               </td>
               <td nowrap="true">
                   
                  
               </td>
            </tr>
            <tr>
               <td colspan="4" class="detailsBox">
                  <div id="com.baublebar.testcases.shoppingcart.PlaceOrderTest_PlaceOrderTest_byStatus_passed_PASS2_details"
                       class="testMethodDetails">
                     <div>
                        <b>Name: </b>PlaceOrderTest
                     </div>
                     <div>
                        <b>Signature: </b>PlaceOrderTest(java.util.Hashtable)[pri:0, instance:com.baublebar.testcases.shoppingcart.PlaceOrderTest@3efd66a5]
                     </div>
                     <div>
                        <b>Parameters: </b>
                        
                        {Runmode=Y, ProductName=ice-dog-tag-layered-pendant-necklace}
                        
                        
                     </div>
                     <div>
                        <b>Start time: </b>16:36:06
                     </div>
                     <div>
                        <b>End time: </b>16:37:09
                     </div>
                     <div>
                        <b>Duration: </b>1m
                        2s
                        
                     </div>
                  </div>
               </td>
            </tr>
            <tr></tr>
            <tr id="com.baublebar.testcases.mainnavigationbar.MainNavigationBarTest_MainNavigationBarTest_byStatus_passed_PASS3_row"
                class="testMethodStatusPASS">
               <td width="100%" class="firstMethodCell">
                  <a onclick="toggleDetailsVisibility('com.baublebar.testcases.mainnavigationbar.MainNavigationBarTest_MainNavigationBarTest_byStatus_passed_PASS3_details')">MainNavigationBarTest({Runmode=Y, CategoryName=Necklaces})</a>
               </td>
               <td nowrap="true">16:37:19</td>
               <td nowrap="true" align="right">15s
                  
               </td>
               <td nowrap="true">
                   
                  
               </td>
            </tr>
            <tr>
               <td colspan="4" class="detailsBox">
                  <div id="com.baublebar.testcases.mainnavigationbar.MainNavigationBarTest_MainNavigationBarTest_byStatus_passed_PASS3_details"
                       class="testMethodDetails">
                     <div>
                        <b>Name: </b>MainNavigationBarTest
                     </div>
                     <div>
                        <b>Signature: </b>MainNavigationBarTest(java.util.Hashtable)[pri:0, instance:com.baublebar.testcases.mainnavigationbar.MainNavigationBarTest@3a98350a]
                     </div>
                     <div>
                        <b>Parameters: </b>
                        
                        {Runmode=Y, CategoryName=Necklaces}
                        
                        
                     </div>
                     <div>
                        <b>Start time: </b>16:37:19
                     </div>
                     <div>
                        <b>End time: </b>16:37:34
                     </div>
                     <div>
                        <b>Duration: </b>15s
                        
                     </div>
                  </div>
               </td>
            </tr>
            <tr></tr>
            <tr id="com.baublebar.testcases.mainnavigationbar.MainNavigationBarTest_MainNavigationBarTest_byStatus_passed_PASS4_row"
                class="testMethodStatusPASS">
               <td width="100%" class="firstMethodCell">
                  <a onclick="toggleDetailsVisibility('com.baublebar.testcases.mainnavigationbar.MainNavigationBarTest_MainNavigationBarTest_byStatus_passed_PASS4_details')">MainNavigationBarTest({Runmode=Y, CategoryName=Bracelets})</a>
               </td>
               <td nowrap="true">16:37:34</td>
               <td nowrap="true" align="right">12s
                  
               </td>
               <td nowrap="true">
                   
                  
               </td>
            </tr>
            <tr>
               <td colspan="4" class="detailsBox">
                  <div id="com.baublebar.testcases.mainnavigationbar.MainNavigationBarTest_MainNavigationBarTest_byStatus_passed_PASS4_details"
                       class="testMethodDetails">
                     <div>
                        <b>Name: </b>MainNavigationBarTest
                     </div>
                     <div>
                        <b>Signature: </b>MainNavigationBarTest(java.util.Hashtable)[pri:0, instance:com.baublebar.testcases.mainnavigationbar.MainNavigationBarTest@3a98350a]
                     </div>
                     <div>
                        <b>Parameters: </b>
                        
                        {Runmode=Y, CategoryName=Bracelets}
                        
                        
                     </div>
                     <div>
                        <b>Start time: </b>16:37:34
                     </div>
                     <div>
                        <b>End time: </b>16:37:47
                     </div>
                     <div>
                        <b>Duration: </b>12s
                        
                     </div>
                  </div>
               </td>
            </tr>
            <tr></tr>
            <tr id="com.baublebar.testcases.mainnavigationbar.MainNavigationBarTest_MainNavigationBarTest_byStatus_passed_PASS5_row"
                class="testMethodStatusPASS">
               <td width="100%" class="firstMethodCell">
                  <a onclick="toggleDetailsVisibility('com.baublebar.testcases.mainnavigationbar.MainNavigationBarTest_MainNavigationBarTest_byStatus_passed_PASS5_details')">MainNavigationBarTest({Runmode=Y, CategoryName=Earrings})</a>
               </td>
               <td nowrap="true">16:37:47</td>
               <td nowrap="true" align="right">14s
                  
               </td>
               <td nowrap="true">
                   
                  
               </td>
            </tr>
            <tr>
               <td colspan="4" class="detailsBox">
                  <div id="com.baublebar.testcases.mainnavigationbar.MainNavigationBarTest_MainNavigationBarTest_byStatus_passed_PASS5_details"
                       class="testMethodDetails">
                     <div>
                        <b>Name: </b>MainNavigationBarTest
                     </div>
                     <div>
                        <b>Signature: </b>MainNavigationBarTest(java.util.Hashtable)[pri:0, instance:com.baublebar.testcases.mainnavigationbar.MainNavigationBarTest@3a98350a]
                     </div>
                     <div>
                        <b>Parameters: </b>
                        
                        {Runmode=Y, CategoryName=Earrings}
                        
                        
                     </div>
                     <div>
                        <b>Start time: </b>16:37:47
                     </div>
                     <div>
                        <b>End time: </b>16:38:02
                     </div>
                     <div>
                        <b>Duration: </b>14s
                        
                     </div>
                  </div>
               </td>
            </tr>
            <tr></tr>
            <tr id="com.baublebar.testcases.mainnavigationbar.MainNavigationBarTest_MainNavigationBarTest_byStatus_passed_PASS6_row"
                class="testMethodStatusPASS">
               <td width="100%" class="firstMethodCell">
                  <a onclick="toggleDetailsVisibility('com.baublebar.testcases.mainnavigationbar.MainNavigationBarTest_MainNavigationBarTest_byStatus_passed_PASS6_details')">MainNavigationBarTest({Runmode=Y, CategoryName=Rings})</a>
               </td>
               <td nowrap="true">16:38:02</td>
               <td nowrap="true" align="right">10s
                  
               </td>
               <td nowrap="true">
                   
                  
               </td>
            </tr>
            <tr>
               <td colspan="4" class="detailsBox">
                  <div id="com.baublebar.testcases.mainnavigationbar.MainNavigationBarTest_MainNavigationBarTest_byStatus_passed_PASS6_details"
                       class="testMethodDetails">
                     <div>
                        <b>Name: </b>MainNavigationBarTest
                     </div>
                     <div>
                        <b>Signature: </b>MainNavigationBarTest(java.util.Hashtable)[pri:0, instance:com.baublebar.testcases.mainnavigationbar.MainNavigationBarTest@3a98350a]
                     </div>
                     <div>
                        <b>Parameters: </b>
                        
                        {Runmode=Y, CategoryName=Rings}
                        
                        
                     </div>
                     <div>
                        <b>Start time: </b>16:38:02
                     </div>
                     <div>
                        <b>End time: </b>16:38:12
                     </div>
                     <div>
                        <b>Duration: </b>10s
                        
                     </div>
                  </div>
               </td>
            </tr>
            <tr></tr>
            <tr id="com.baublebar.testcases.mainnavigationbar.MainNavigationBarTest_MainNavigationBarTest_byStatus_passed_PASS7_row"
                class="testMethodStatusPASS">
               <td width="100%" class="firstMethodCell">
                  <a onclick="toggleDetailsVisibility('com.baublebar.testcases.mainnavigationbar.MainNavigationBarTest_MainNavigationBarTest_byStatus_passed_PASS7_details')">MainNavigationBarTest({Runmode=Y, CategoryName=Personalized})</a>
               </td>
               <td nowrap="true">16:38:12</td>
               <td nowrap="true" align="right">14s
                  
               </td>
               <td nowrap="true">
                   
                  
               </td>
            </tr>
            <tr>
               <td colspan="4" class="detailsBox">
                  <div id="com.baublebar.testcases.mainnavigationbar.MainNavigationBarTest_MainNavigationBarTest_byStatus_passed_PASS7_details"
                       class="testMethodDetails">
                     <div>
                        <b>Name: </b>MainNavigationBarTest
                     </div>
                     <div>
                        <b>Signature: </b>MainNavigationBarTest(java.util.Hashtable)[pri:0, instance:com.baublebar.testcases.mainnavigationbar.MainNavigationBarTest@3a98350a]
                     </div>
                     <div>
                        <b>Parameters: </b>
                        
                        {Runmode=Y, CategoryName=Personalized}
                        
                        
                     </div>
                     <div>
                        <b>Start time: </b>16:38:12
                     </div>
                     <div>
                        <b>End time: </b>16:38:27
                     </div>
                     <div>
                        <b>Duration: </b>14s
                        
                     </div>
                  </div>
               </td>
            </tr>
            <tr></tr>
            <tr id="com.baublebar.testcases.mainnavigationbar.MainNavigationBarTest_MainNavigationBarTest_byStatus_passed_PASS8_row"
                class="testMethodStatusPASS">
               <td width="100%" class="firstMethodCell">
                  <a onclick="toggleDetailsVisibility('com.baublebar.testcases.mainnavigationbar.MainNavigationBarTest_MainNavigationBarTest_byStatus_passed_PASS8_details')">MainNavigationBarTest({Runmode=Y, CategoryName=Guest})</a>
               </td>
               <td nowrap="true">16:38:27</td>
               <td nowrap="true" align="right">21s
                  
               </td>
               <td nowrap="true">
                   
                  
               </td>
            </tr>
            <tr>
               <td colspan="4" class="detailsBox">
                  <div id="com.baublebar.testcases.mainnavigationbar.MainNavigationBarTest_MainNavigationBarTest_byStatus_passed_PASS8_details"
                       class="testMethodDetails">
                     <div>
                        <b>Name: </b>MainNavigationBarTest
                     </div>
                     <div>
                        <b>Signature: </b>MainNavigationBarTest(java.util.Hashtable)[pri:0, instance:com.baublebar.testcases.mainnavigationbar.MainNavigationBarTest@3a98350a]
                     </div>
                     <div>
                        <b>Parameters: </b>
                        
                        {Runmode=Y, CategoryName=Guest}
                        
                        
                     </div>
                     <div>
                        <b>Start time: </b>16:38:27
                     </div>
                     <div>
                        <b>End time: </b>16:38:48
                     </div>
                     <div>
                        <b>Duration: </b>21s
                        
                     </div>
                  </div>
               </td>
            </tr>
            <tr></tr>
            <tr id="com.baublebar.testcases.mainnavigationbar.MainNavigationBarTest_MainNavigationBarTest_byStatus_passed_PASS9_row"
                class="testMethodStatusPASS">
               <td width="100%" class="firstMethodCell">
                  <a onclick="toggleDetailsVisibility('com.baublebar.testcases.mainnavigationbar.MainNavigationBarTest_MainNavigationBarTest_byStatus_passed_PASS9_details')">MainNavigationBarTest({Runmode=Y, CategoryName=Minibar})</a>
               </td>
               <td nowrap="true">16:38:48</td>
               <td nowrap="true" align="right">5s
                  
               </td>
               <td nowrap="true">
                   
                  
               </td>
            </tr>
            <tr>
               <td colspan="4" class="detailsBox">
                  <div id="com.baublebar.testcases.mainnavigationbar.MainNavigationBarTest_MainNavigationBarTest_byStatus_passed_PASS9_details"
                       class="testMethodDetails">
                     <div>
                        <b>Name: </b>MainNavigationBarTest
                     </div>
                     <div>
                        <b>Signature: </b>MainNavigationBarTest(java.util.Hashtable)[pri:0, instance:com.baublebar.testcases.mainnavigationbar.MainNavigationBarTest@3a98350a]
                     </div>
                     <div>
                        <b>Parameters: </b>
                        
                        {Runmode=Y, CategoryName=Minibar}
                        
                        
                     </div>
                     <div>
                        <b>Start time: </b>16:38:48
                     </div>
                     <div>
                        <b>End time: </b>16:38:54
                     </div>
                     <div>
                        <b>Duration: </b>5s
                        
                     </div>
                  </div>
               </td>
            </tr>
            <tr></tr>
            <tr id="com.baublebar.testcases.topmenubar.ShoppingCartTest_ShoppingCartTest_byStatus_passed_PASS10_row"
                class="testMethodStatusPASS">
               <td width="100%" class="firstMethodCell">
                  <a onclick="toggleDetailsVisibility('com.baublebar.testcases.topmenubar.ShoppingCartTest_ShoppingCartTest_byStatus_passed_PASS10_details')">ShoppingCartTest({Runmode=Y})</a>
               </td>
               <td nowrap="true">16:40:15</td>
               <td nowrap="true" align="right">7s
                  
               </td>
               <td nowrap="true">
                   
                  
               </td>
            </tr>
            <tr>
               <td colspan="4" class="detailsBox">
                  <div id="com.baublebar.testcases.topmenubar.ShoppingCartTest_ShoppingCartTest_byStatus_passed_PASS10_details"
                       class="testMethodDetails">
                     <div>
                        <b>Name: </b>ShoppingCartTest
                     </div>
                     <div>
                        <b>Signature: </b>ShoppingCartTest(java.util.Hashtable)[pri:0, instance:com.baublebar.testcases.topmenubar.ShoppingCartTest@746a63d3]
                     </div>
                     <div>
                        <b>Parameters: </b>
                        
                        {Runmode=Y}
                        
                        
                     </div>
                     <div>
                        <b>Start time: </b>16:40:15
                     </div>
                     <div>
                        <b>End time: </b>16:40:23
                     </div>
                     <div>
                        <b>Duration: </b>7s
                        
                     </div>
                  </div>
               </td>
            </tr>
            <tr></tr>
            <tr id="com.baublebar.testcases.topmenubar.LoginTest_LoginTest_byStatus_passed_PASS11_row"
                class="testMethodStatusPASS">
               <td width="100%" class="firstMethodCell">
                  <a onclick="toggleDetailsVisibility('com.baublebar.testcases.topmenubar.LoginTest_LoginTest_byStatus_passed_PASS11_details')">LoginTest({Username=qa@baublebar.com, Password=test123, Runmode=Y})</a>
               </td>
               <td nowrap="true">16:40:23</td>
               <td nowrap="true" align="right">16s
                  
               </td>
               <td nowrap="true">
                   
                  
               </td>
            </tr>
            <tr>
               <td colspan="4" class="detailsBox">
                  <div id="com.baublebar.testcases.topmenubar.LoginTest_LoginTest_byStatus_passed_PASS11_details"
                       class="testMethodDetails">
                     <div>
                        <b>Name: </b>LoginTest
                     </div>
                     <div>
                        <b>Signature: </b>LoginTest(java.util.Hashtable)[pri:0, instance:com.baublebar.testcases.topmenubar.LoginTest@6545d2]
                     </div>
                     <div>
                        <b>Parameters: </b>
                        
                        {Username=qa@baublebar.com, Password=test123, Runmode=Y}
                        
                        
                     </div>
                     <div>
                        <b>Start time: </b>16:40:23
                     </div>
                     <div>
                        <b>End time: </b>16:40:39
                     </div>
                     <div>
                        <b>Duration: </b>16s
                        
                     </div>
                  </div>
               </td>
            </tr>
            <tr></tr>
            <tr id="com.baublebar.testcases.topmenubar.MyAccountOptionsTest_LoginTest_byStatus_passed_PASS12_row"
                class="testMethodStatusPASS">
               <td width="100%" class="firstMethodCell">
                  <a onclick="toggleDetailsVisibility('com.baublebar.testcases.topmenubar.MyAccountOptionsTest_LoginTest_byStatus_passed_PASS12_details')">LoginTest({Options=Dashboard, Runmode=Y})</a>
               </td>
               <td nowrap="true">16:40:39</td>
               <td nowrap="true" align="right">9s
                  
               </td>
               <td nowrap="true">
                   
                  
               </td>
            </tr>
            <tr>
               <td colspan="4" class="detailsBox">
                  <div id="com.baublebar.testcases.topmenubar.MyAccountOptionsTest_LoginTest_byStatus_passed_PASS12_details"
                       class="testMethodDetails">
                     <div>
                        <b>Name: </b>LoginTest
                     </div>
                     <div>
                        <b>Signature: </b>LoginTest(java.util.Hashtable)[pri:0, instance:com.baublebar.testcases.topmenubar.MyAccountOptionsTest@340523df]
                     </div>
                     <div>
                        <b>Parameters: </b>
                        
                        {Options=Dashboard, Runmode=Y}
                        
                        
                     </div>
                     <div>
                        <b>Start time: </b>16:40:39
                     </div>
                     <div>
                        <b>End time: </b>16:40:49
                     </div>
                     <div>
                        <b>Duration: </b>9s
                        
                     </div>
                  </div>
               </td>
            </tr>
            <tr></tr>
            <tr id="com.baublebar.testcases.topmenubar.MyAccountOptionsTest_LoginTest_byStatus_passed_PASS13_row"
                class="testMethodStatusPASS">
               <td width="100%" class="firstMethodCell">
                  <a onclick="toggleDetailsVisibility('com.baublebar.testcases.topmenubar.MyAccountOptionsTest_LoginTest_byStatus_passed_PASS13_details')">LoginTest({Options=My Hearts, Runmode=Y})</a>
               </td>
               <td nowrap="true">16:40:49</td>
               <td nowrap="true" align="right">11s
                  
               </td>
               <td nowrap="true">
                   
                  
               </td>
            </tr>
            <tr>
               <td colspan="4" class="detailsBox">
                  <div id="com.baublebar.testcases.topmenubar.MyAccountOptionsTest_LoginTest_byStatus_passed_PASS13_details"
                       class="testMethodDetails">
                     <div>
                        <b>Name: </b>LoginTest
                     </div>
                     <div>
                        <b>Signature: </b>LoginTest(java.util.Hashtable)[pri:0, instance:com.baublebar.testcases.topmenubar.MyAccountOptionsTest@340523df]
                     </div>
                     <div>
                        <b>Parameters: </b>
                        
                        {Options=My Hearts, Runmode=Y}
                        
                        
                     </div>
                     <div>
                        <b>Start time: </b>16:40:49
                     </div>
                     <div>
                        <b>End time: </b>16:41:00
                     </div>
                     <div>
                        <b>Duration: </b>11s
                        
                     </div>
                  </div>
               </td>
            </tr>
            <tr></tr>
            <tr id="com.baublebar.testcases.topmenubar.MyAccountOptionsTest_LoginTest_byStatus_passed_PASS14_row"
                class="testMethodStatusPASS">
               <td width="100%" class="firstMethodCell">
                  <a onclick="toggleDetailsVisibility('com.baublebar.testcases.topmenubar.MyAccountOptionsTest_LoginTest_byStatus_passed_PASS14_details')">LoginTest({Options=My Waitlist, Runmode=Y})</a>
               </td>
               <td nowrap="true">16:41:00</td>
               <td nowrap="true" align="right">43s
                  
               </td>
               <td nowrap="true">
                   
                  
               </td>
            </tr>
            <tr>
               <td colspan="4" class="detailsBox">
                  <div id="com.baublebar.testcases.topmenubar.MyAccountOptionsTest_LoginTest_byStatus_passed_PASS14_details"
                       class="testMethodDetails">
                     <div>
                        <b>Name: </b>LoginTest
                     </div>
                     <div>
                        <b>Signature: </b>LoginTest(java.util.Hashtable)[pri:0, instance:com.baublebar.testcases.topmenubar.MyAccountOptionsTest@340523df]
                     </div>
                     <div>
                        <b>Parameters: </b>
                        
                        {Options=My Waitlist, Runmode=Y}
                        
                        
                     </div>
                     <div>
                        <b>Start time: </b>16:41:00
                     </div>
                     <div>
                        <b>End time: </b>16:41:44
                     </div>
                     <div>
                        <b>Duration: </b>43s
                        
                     </div>
                  </div>
               </td>
            </tr>
            <tr></tr>
            <tr id="com.baublebar.testcases.topmenubar.MyAccountOptionsTest_LoginTest_byStatus_passed_PASS15_row"
                class="testMethodStatusPASS">
               <td width="100%" class="firstMethodCell">
                  <a onclick="toggleDetailsVisibility('com.baublebar.testcases.topmenubar.MyAccountOptionsTest_LoginTest_byStatus_passed_PASS15_details')">LoginTest({Options=Vault Points, Runmode=Y})</a>
               </td>
               <td nowrap="true">16:41:44</td>
               <td nowrap="true" align="right">22s
                  
               </td>
               <td nowrap="true">
                   
                  
               </td>
            </tr>
            <tr>
               <td colspan="4" class="detailsBox">
                  <div id="com.baublebar.testcases.topmenubar.MyAccountOptionsTest_LoginTest_byStatus_passed_PASS15_details"
                       class="testMethodDetails">
                     <div>
                        <b>Name: </b>LoginTest
                     </div>
                     <div>
                        <b>Signature: </b>LoginTest(java.util.Hashtable)[pri:0, instance:com.baublebar.testcases.topmenubar.MyAccountOptionsTest@340523df]
                     </div>
                     <div>
                        <b>Parameters: </b>
                        
                        {Options=Vault Points, Runmode=Y}
                        
                        
                     </div>
                     <div>
                        <b>Start time: </b>16:41:44
                     </div>
                     <div>
                        <b>End time: </b>16:42:06
                     </div>
                     <div>
                        <b>Duration: </b>22s
                        
                     </div>
                  </div>
               </td>
            </tr>
            <tr></tr>
            <tr id="com.baublebar.testcases.topmenubar.MyAccountOptionsTest_LoginTest_byStatus_passed_PASS16_row"
                class="testMethodStatusPASS">
               <td width="100%" class="firstMethodCell">
                  <a onclick="toggleDetailsVisibility('com.baublebar.testcases.topmenubar.MyAccountOptionsTest_LoginTest_byStatus_passed_PASS16_details')">LoginTest({Options=Invite Friends, Runmode=Y})</a>
               </td>
               <td nowrap="true">16:42:06</td>
               <td nowrap="true" align="right">12s
                  
               </td>
               <td nowrap="true">
                   
                  
               </td>
            </tr>
            <tr>
               <td colspan="4" class="detailsBox">
                  <div id="com.baublebar.testcases.topmenubar.MyAccountOptionsTest_LoginTest_byStatus_passed_PASS16_details"
                       class="testMethodDetails">
                     <div>
                        <b>Name: </b>LoginTest
                     </div>
                     <div>
                        <b>Signature: </b>LoginTest(java.util.Hashtable)[pri:0, instance:com.baublebar.testcases.topmenubar.MyAccountOptionsTest@340523df]
                     </div>
                     <div>
                        <b>Parameters: </b>
                        
                        {Options=Invite Friends, Runmode=Y}
                        
                        
                     </div>
                     <div>
                        <b>Start time: </b>16:42:06
                     </div>
                     <div>
                        <b>End time: </b>16:42:18
                     </div>
                     <div>
                        <b>Duration: </b>12s
                        
                     </div>
                  </div>
               </td>
            </tr>
            <tr></tr>
            <tr id="com.baublebar.testcases.topmenubar.LogoutTest_LogoutTest_byStatus_passed_PASS17_row"
                class="testMethodStatusPASS">
               <td width="100%" class="firstMethodCell">
                  <a onclick="toggleDetailsVisibility('com.baublebar.testcases.topmenubar.LogoutTest_LogoutTest_byStatus_passed_PASS17_details')">LogoutTest({Runmode=Y})</a>
               </td>
               <td nowrap="true">16:42:18</td>
               <td nowrap="true" align="right">8s
                  
               </td>
               <td nowrap="true">
                   
                  
               </td>
            </tr>
            <tr>
               <td colspan="4" class="detailsBox">
                  <div id="com.baublebar.testcases.topmenubar.LogoutTest_LogoutTest_byStatus_passed_PASS17_details"
                       class="testMethodDetails">
                     <div>
                        <b>Name: </b>LogoutTest
                     </div>
                     <div>
                        <b>Signature: </b>LogoutTest(java.util.Hashtable)[pri:0, instance:com.baublebar.testcases.topmenubar.LogoutTest@25dd9891]
                     </div>
                     <div>
                        <b>Parameters: </b>
                        
                        {Runmode=Y}
                        
                        
                     </div>
                     <div>
                        <b>Start time: </b>16:42:18
                     </div>
                     <div>
                        <b>End time: </b>16:42:27
                     </div>
                     <div>
                        <b>Duration: </b>8s
                        
                     </div>
                  </div>
               </td>
            </tr>
            <tr></tr>
            <tr id="com.baublebar.testcases.topmenubar.ContactusTest_contactusTest_byStatus_passed_PASS18_row"
                class="testMethodStatusPASS">
               <td width="100%" class="firstMethodCell">
                  <a onclick="toggleDetailsVisibility('com.baublebar.testcases.topmenubar.ContactusTest_contactusTest_byStatus_passed_PASS18_details')">contactusTest({Runmode=Y})</a>
               </td>
               <td nowrap="true">16:42:27</td>
               <td nowrap="true" align="right">18s
                  
               </td>
               <td nowrap="true">
                   
                  
               </td>
            </tr>
            <tr>
               <td colspan="4" class="detailsBox">
                  <div id="com.baublebar.testcases.topmenubar.ContactusTest_contactusTest_byStatus_passed_PASS18_details"
                       class="testMethodDetails">
                     <div>
                        <b>Name: </b>contactusTest
                     </div>
                     <div>
                        <b>Signature: </b>contactusTest(java.util.Hashtable)[pri:0, instance:com.baublebar.testcases.topmenubar.ContactusTest@5fed27e4]
                     </div>
                     <div>
                        <b>Parameters: </b>
                        
                        {Runmode=Y}
                        
                        
                     </div>
                     <div>
                        <b>Start time: </b>16:42:27
                     </div>
                     <div>
                        <b>End time: </b>16:42:45
                     </div>
                     <div>
                        <b>Duration: </b>18s
                        
                     </div>
                  </div>
               </td>
            </tr>
            <tr></tr>
            <tr id="com.baublebar.testcases.topmenubar.VisitusTest_LocationsTest_byStatus_passed_PASS19_row"
                class="testMethodStatusPASS">
               <td width="100%" class="firstMethodCell">
                  <a onclick="toggleDetailsVisibility('com.baublebar.testcases.topmenubar.VisitusTest_LocationsTest_byStatus_passed_PASS19_details')">LocationsTest({Runmode=Y})</a>
               </td>
               <td nowrap="true">16:42:45</td>
               <td nowrap="true" align="right">39s
                  
               </td>
               <td nowrap="true">
                   
                  
               </td>
            </tr>
            <tr>
               <td colspan="4" class="detailsBox">
                  <div id="com.baublebar.testcases.topmenubar.VisitusTest_LocationsTest_byStatus_passed_PASS19_details"
                       class="testMethodDetails">
                     <div>
                        <b>Name: </b>LocationsTest
                     </div>
                     <div>
                        <b>Signature: </b>LocationsTest(java.util.Hashtable)[pri:0, instance:com.baublebar.testcases.topmenubar.VisitusTest@749abce9]
                     </div>
                     <div>
                        <b>Parameters: </b>
                        
                        {Runmode=Y}
                        
                        
                     </div>
                     <div>
                        <b>Start time: </b>16:42:45
                     </div>
                     <div>
                        <b>End time: </b>16:43:24
                     </div>
                     <div>
                        <b>Duration: </b>39s
                        
                     </div>
                  </div>
               </td>
            </tr>
            <tr></tr>
            <tr id="com.baublebar.testcases.LoadBaublebarTest_setupDesireCapabilitiesCrossBrowser_byStatus_passed_PASS20_row"
                class="testMethodStatusPASS testMethodStatusCONF">
               <td width="100%" class="firstMethodCell">
                  <a onclick="toggleDetailsVisibility('com.baublebar.testcases.LoadBaublebarTest_setupDesireCapabilitiesCrossBrowser_byStatus_passed_PASS20_details')">setupDesireCapabilitiesCrossBrowser(FIREFOX
                     
                     ,
                     
                     WIN8_1
                     
                     ,
                     
                     35)
                  </a>
               </td>
               <td nowrap="true">16:35:32</td>
               <td nowrap="true" align="right">10s
                  
               </td>
               <td nowrap="true">
                   
                  
               </td>
            </tr>
            <tr>
               <td colspan="4" class="detailsBox">
                  <div id="com.baublebar.testcases.LoadBaublebarTest_setupDesireCapabilitiesCrossBrowser_byStatus_passed_PASS20_details"
                       class="testMethodDetails">
                     <div>
                        <b>Name: </b>setupDesireCapabilitiesCrossBrowser
                     </div>
                     <div>
                        <b>Signature: </b>setupDesireCapabilitiesCrossBrowser(java.lang.String, org.openqa.selenium.Platform, java.lang.String)[pri:0, instance:com.baublebar.testcases.LoadBaublebarTest@ebf5555]
                     </div>
                     <div>
                        <b>Parameters: </b>
                        
                        FIREFOX
                        
                        ,
                        
                        WIN8_1
                        
                        ,
                        
                        35
                        
                        
                     </div>
                     <div>
                        <b>Start time: </b>16:35:32
                     </div>
                     <div>
                        <b>End time: </b>16:35:42
                     </div>
                     <div>
                        <b>Duration: </b>10s
                        
                     </div>
                  </div>
               </td>
            </tr>
            <tr></tr>
            <tr id="com.baublebar.testcases.topmenubar.CreateAccountTest_createAccTest_byStatus_passed_PASS21_row"
                class="testMethodStatusPASS">
               <td width="100%" class="firstMethodCell">
                  <a onclick="toggleDetailsVisibility('com.baublebar.testcases.topmenubar.CreateAccountTest_createAccTest_byStatus_passed_PASS21_details')">createAccTest({Username=automation, Password=add123, Runmode=Y})</a>
               </td>
               <td nowrap="true">16:43:24</td>
               <td nowrap="true" align="right">26s
                  
               </td>
               <td nowrap="true">
                   
                  
               </td>
            </tr>
            <tr>
               <td colspan="4" class="detailsBox">
                  <div id="com.baublebar.testcases.topmenubar.CreateAccountTest_createAccTest_byStatus_passed_PASS21_details"
                       class="testMethodDetails">
                     <div>
                        <b>Name: </b>createAccTest
                     </div>
                     <div>
                        <b>Signature: </b>createAccTest(java.util.Hashtable)[pri:0, instance:com.baublebar.testcases.topmenubar.CreateAccountTest@64c5e2cf]
                     </div>
                     <div>
                        <b>Parameters: </b>
                        
                        {Username=automation, Password=add123, Runmode=Y}
                        
                        
                     </div>
                     <div>
                        <b>Start time: </b>16:43:24
                     </div>
                     <div>
                        <b>End time: </b>16:43:51
                     </div>
                     <div>
                        <b>Duration: </b>26s
                        
                     </div>
                  </div>
               </td>
            </tr>
            <tr></tr>
            <tr id="com.baublebar.testcases.topmenubar.CreateAccountTest_quitDriver_byStatus_passed_PASS22_row"
                class="testMethodStatusPASS testMethodStatusCONF">
               <td width="100%" class="firstMethodCell">
                  <a onclick="toggleDetailsVisibility('com.baublebar.testcases.topmenubar.CreateAccountTest_quitDriver_byStatus_passed_PASS22_details')">quitDriver()</a>
               </td>
               <td nowrap="true">16:43:51</td>
               <td nowrap="true" align="right">2s
                  
               </td>
               <td nowrap="true">
                   
                  
               </td>
            </tr>
            <tr>
               <td colspan="4" class="detailsBox">
                  <div id="com.baublebar.testcases.topmenubar.CreateAccountTest_quitDriver_byStatus_passed_PASS22_details"
                       class="testMethodDetails">
                     <div>
                        <b>Name: </b>quitDriver
                     </div>
                     <div>
                        <b>Signature: </b>quitDriver()[pri:0, instance:com.baublebar.testcases.topmenubar.CreateAccountTest@64c5e2cf]
                     </div>
                     <div>
                        <b>Start time: </b>16:43:51
                     </div>
                     <div>
                        <b>End time: </b>16:43:53
                     </div>
                     <div>
                        <b>Duration: </b>2s
                        
                     </div>
                  </div>
               </td>
            </tr>
            <tr></tr>
         </table>
      </div>
      <div id="testMethodsByClass">
         <table class="testMethodsTable" cellpadding="0" cellspacing="0">
            <tr>
               <td colspan="4">
                  <h3 style="display: inline;">com.baublebar.testcases.LoadBaublebarTest</h3>
               </td>
            </tr>
            <tr class="methodsTableHeader">
               <td width="100%">Name</td>
               <td nowrap="true">Started</td>
               <td nowrap="true">Duration</td>
               <td>Exception</td>
            </tr>
            <tr id="com.baublebar.testcases.LoadBaublebarTest_loadBaublebar_byClass_PASS1_row"
                class="testMethodStatusPASS">
               <td width="100%" class="firstMethodCell">
                  <a onclick="toggleDetailsVisibility('com.baublebar.testcases.LoadBaublebarTest_loadBaublebar_byClass_PASS1_details')">loadBaublebar()</a>
               </td>
               <td nowrap="true">16:35:42</td>
               <td nowrap="true" align="right">24s
                  
               </td>
               <td nowrap="true">
                   
                  
               </td>
            </tr>
            <tr>
               <td colspan="4" class="detailsBox">
                  <div id="com.baublebar.testcases.LoadBaublebarTest_loadBaublebar_byClass_PASS1_details"
                       class="testMethodDetails">
                     <div>
                        <b>Name: </b>loadBaublebar
                     </div>
                     <div>
                        <b>Signature: </b>loadBaublebar()[pri:0, instance:com.baublebar.testcases.LoadBaublebarTest@ebf5555]
                     </div>
                     <div>
                        <b>Start time: </b>16:35:42
                     </div>
                     <div>
                        <b>End time: </b>16:36:06
                     </div>
                     <div>
                        <b>Duration: </b>24s
                        
                     </div>
                  </div>
               </td>
            </tr>
            <tr></tr>
         </table>
         <br></br>
         <table class="testMethodsTable" cellpadding="0" cellspacing="0">
            <tr>
               <td colspan="4">
                  <h3 style="display: inline;">com.baublebar.testcases.LoadBaublebarTest</h3>
               </td>
            </tr>
            <tr class="methodsTableHeader">
               <td width="100%">Name</td>
               <td nowrap="true">Started</td>
               <td nowrap="true">Duration</td>
               <td>Exception</td>
            </tr>
            <tr id="com.baublebar.testcases.LoadBaublebarTest_setupDesireCapabilitiesCrossBrowser_byClass_PASS1_row"
                class="testMethodStatusPASS testMethodStatusCONF">
               <td width="100%" class="firstMethodCell">
                  <a onclick="toggleDetailsVisibility('com.baublebar.testcases.LoadBaublebarTest_setupDesireCapabilitiesCrossBrowser_byClass_PASS1_details')">setupDesireCapabilitiesCrossBrowser(FIREFOX
                     
                     ,
                     
                     WIN8_1
                     
                     ,
                     
                     35)
                  </a>
               </td>
               <td nowrap="true">16:35:32</td>
               <td nowrap="true" align="right">10s
                  
               </td>
               <td nowrap="true">
                   
                  
               </td>
            </tr>
            <tr>
               <td colspan="4" class="detailsBox">
                  <div id="com.baublebar.testcases.LoadBaublebarTest_setupDesireCapabilitiesCrossBrowser_byClass_PASS1_details"
                       class="testMethodDetails">
                     <div>
                        <b>Name: </b>setupDesireCapabilitiesCrossBrowser
                     </div>
                     <div>
                        <b>Signature: </b>setupDesireCapabilitiesCrossBrowser(java.lang.String, org.openqa.selenium.Platform, java.lang.String)[pri:0, instance:com.baublebar.testcases.LoadBaublebarTest@ebf5555]
                     </div>
                     <div>
                        <b>Parameters: </b>
                        
                        FIREFOX
                        
                        ,
                        
                        WIN8_1
                        
                        ,
                        
                        35
                        
                        
                     </div>
                     <div>
                        <b>Start time: </b>16:35:32
                     </div>
                     <div>
                        <b>End time: </b>16:35:42
                     </div>
                     <div>
                        <b>Duration: </b>10s
                        
                     </div>
                  </div>
               </td>
            </tr>
            <tr></tr>
         </table>
         <br></br>
         <table class="testMethodsTable" cellpadding="0" cellspacing="0">
            <tr>
               <td colspan="4">
                  <h3 style="display: inline;">com.baublebar.testcases.mainnavigationbar.MainNavigationBarTest</h3>
               </td>
            </tr>
            <tr class="methodsTableHeader">
               <td width="100%">Name</td>
               <td nowrap="true">Started</td>
               <td nowrap="true">Duration</td>
               <td>Exception</td>
            </tr>
            <tr id="com.baublebar.testcases.mainnavigationbar.MainNavigationBarTest_MainNavigationBarTest_byClass_FAIL1_row"
                class="testMethodStatusFAIL">
               <td width="100%" class="firstMethodCell">
                  <a onclick="toggleDetailsVisibility('com.baublebar.testcases.mainnavigationbar.MainNavigationBarTest_MainNavigationBarTest_byClass_FAIL1_details')">MainNavigationBarTest({Runmode=Y, CategoryName=What})</a>
               </td>
               <td nowrap="true">16:37:09</td>
               <td nowrap="true" align="right">9s
                  
               </td>
               <td nowrap="true">
                  <a onclick="toggleDetailsVisibility('com.baublebar.testcases.mainnavigationbar.MainNavigationBarTest_MainNavigationBarTest_byClass_FAIL1_exception')">java.lang.AssertionError: 
                     expected [true] but found [false]
                     
                  </a>
                   
                  
               </td>
            </tr>
            <tr>
               <td colspan="4" class="detailsBox">
                  <div id="com.baublebar.testcases.mainnavigationbar.MainNavigationBarTest_MainNavigationBarTest_byClass_FAIL1_details"
                       class="testMethodDetails">
                     <div>
                        <b>Name: </b>MainNavigationBarTest
                     </div>
                     <div>
                        <b>Signature: </b>MainNavigationBarTest(java.util.Hashtable)[pri:0, instance:com.baublebar.testcases.mainnavigationbar.MainNavigationBarTest@3a98350a]
                     </div>
                     <div>
                        <b>Parameters: </b>
                        
                        {Runmode=Y, CategoryName=What}
                        
                        
                     </div>
                     <div>
                        <b>Start time: </b>16:37:09
                     </div>
                     <div>
                        <b>End time: </b>16:37:19
                     </div>
                     <div>
                        <b>Duration: </b>9s
                        
                     </div>
                  </div>
               </td>
            </tr>
            <tr>
               <td colspan="4" class="detailsBox">
                  <div id="com.baublebar.testcases.mainnavigationbar.MainNavigationBarTest_MainNavigationBarTest_byClass_FAIL1_exception"
                       class="testMethodDetails">
                     <pre style="padding: 5px; margin: 0;">java.lang.AssertionError: expected [true] but found [false]
                        	at org.testng.Assert.fail(Assert.java:94)
                        	at org.testng.Assert.failNotEquals(Assert.java:494)
                        	at org.testng.Assert.assertTrue(Assert.java:42)
                        	at org.testng.Assert.assertTrue(Assert.java:52)
                        	at com.baublebar.pages.MainNavigationBarPage.selectCatagoryByName(MainNavigationBarPage.java:132)
                        	at com.baublebar.testcases.mainnavigationbar.MainNavigationBarTest.MainNavigationBarTest(MainNavigationBarTest.java:27)
                        	at sun.reflect.NativeMethodAccessorImpl.invoke0(Native Method)
                        	at sun.reflect.NativeMethodAccessorImpl.invoke(NativeMethodAccessorImpl.java:39)
                        	at sun.reflect.DelegatingMethodAccessorImpl.invoke(DelegatingMethodAccessorImpl.java:25)
                        	at java.lang.reflect.Method.invoke(Method.java:597)
                        	at org.testng.internal.MethodInvocationHelper.invokeMethod(MethodInvocationHelper.java:84)
                        	at org.testng.internal.Invoker.invokeMethod(Invoker.java:714)
                        	at org.testng.internal.Invoker.invokeTestMethod(Invoker.java:901)
                        	at org.testng.internal.Invoker.invokeTestMethods(Invoker.java:1231)
                        	at org.testng.internal.TestMethodWorker.invokeTestMethods(TestMethodWorker.java:127)
                        	at org.testng.internal.TestMethodWorker.run(TestMethodWorker.java:111)
                        	at org.testng.TestRunner.privateRun(TestRunner.java:767)
                        	at org.testng.TestRunner.run(TestRunner.java:617)
                        	at org.testng.SuiteRunner.runTest(SuiteRunner.java:334)
                        	at org.testng.SuiteRunner.runSequentially(SuiteRunner.java:329)
                        	at org.testng.SuiteRunner.privateRun(SuiteRunner.java:291)
                        	at org.testng.SuiteRunner.run(SuiteRunner.java:240)
                        	at org.testng.SuiteRunnerWorker.runSuite(SuiteRunnerWorker.java:52)
                        	at org.testng.SuiteRunnerWorker.run(SuiteRunnerWorker.java:86)
                        	at org.testng.TestNG.runSuitesSequentially(TestNG.java:1224)
                        	at org.testng.TestNG.runSuitesLocally(TestNG.java:1149)
                        	at org.testng.TestNG.run(TestNG.java:1057)
                        	at org.testng.TestNG.privateMain(TestNG.java:1364)
                        	at org.testng.TestNG.main(TestNG.java:1333)
                     </pre>
                  </div>
               </td>
            </tr>
            <tr id="com.baublebar.testcases.mainnavigationbar.MainNavigationBarTest_MainNavigationBarTest_byClass_PASS2_row"
                class="testMethodStatusPASS">
               <td width="100%" class="firstMethodCell">
                  <a onclick="toggleDetailsVisibility('com.baublebar.testcases.mainnavigationbar.MainNavigationBarTest_MainNavigationBarTest_byClass_PASS2_details')">MainNavigationBarTest({Runmode=Y, CategoryName=Necklaces})</a>
               </td>
               <td nowrap="true">16:37:19</td>
               <td nowrap="true" align="right">15s
                  
               </td>
               <td nowrap="true">
                   
                  
               </td>
            </tr>
            <tr>
               <td colspan="4" class="detailsBox">
                  <div id="com.baublebar.testcases.mainnavigationbar.MainNavigationBarTest_MainNavigationBarTest_byClass_PASS2_details"
                       class="testMethodDetails">
                     <div>
                        <b>Name: </b>MainNavigationBarTest
                     </div>
                     <div>
                        <b>Signature: </b>MainNavigationBarTest(java.util.Hashtable)[pri:0, instance:com.baublebar.testcases.mainnavigationbar.MainNavigationBarTest@3a98350a]
                     </div>
                     <div>
                        <b>Parameters: </b>
                        
                        {Runmode=Y, CategoryName=Necklaces}
                        
                        
                     </div>
                     <div>
                        <b>Start time: </b>16:37:19
                     </div>
                     <div>
                        <b>End time: </b>16:37:34
                     </div>
                     <div>
                        <b>Duration: </b>15s
                        
                     </div>
                  </div>
               </td>
            </tr>
            <tr></tr>
            <tr id="com.baublebar.testcases.mainnavigationbar.MainNavigationBarTest_MainNavigationBarTest_byClass_PASS3_row"
                class="testMethodStatusPASS">
               <td width="100%" class="firstMethodCell">
                  <a onclick="toggleDetailsVisibility('com.baublebar.testcases.mainnavigationbar.MainNavigationBarTest_MainNavigationBarTest_byClass_PASS3_details')">MainNavigationBarTest({Runmode=Y, CategoryName=Bracelets})</a>
               </td>
               <td nowrap="true">16:37:34</td>
               <td nowrap="true" align="right">12s
                  
               </td>
               <td nowrap="true">
                   
                  
               </td>
            </tr>
            <tr>
               <td colspan="4" class="detailsBox">
                  <div id="com.baublebar.testcases.mainnavigationbar.MainNavigationBarTest_MainNavigationBarTest_byClass_PASS3_details"
                       class="testMethodDetails">
                     <div>
                        <b>Name: </b>MainNavigationBarTest
                     </div>
                     <div>
                        <b>Signature: </b>MainNavigationBarTest(java.util.Hashtable)[pri:0, instance:com.baublebar.testcases.mainnavigationbar.MainNavigationBarTest@3a98350a]
                     </div>
                     <div>
                        <b>Parameters: </b>
                        
                        {Runmode=Y, CategoryName=Bracelets}
                        
                        
                     </div>
                     <div>
                        <b>Start time: </b>16:37:34
                     </div>
                     <div>
                        <b>End time: </b>16:37:47
                     </div>
                     <div>
                        <b>Duration: </b>12s
                        
                     </div>
                  </div>
               </td>
            </tr>
            <tr></tr>
            <tr id="com.baublebar.testcases.mainnavigationbar.MainNavigationBarTest_MainNavigationBarTest_byClass_PASS4_row"
                class="testMethodStatusPASS">
               <td width="100%" class="firstMethodCell">
                  <a onclick="toggleDetailsVisibility('com.baublebar.testcases.mainnavigationbar.MainNavigationBarTest_MainNavigationBarTest_byClass_PASS4_details')">MainNavigationBarTest({Runmode=Y, CategoryName=Earrings})</a>
               </td>
               <td nowrap="true">16:37:47</td>
               <td nowrap="true" align="right">14s
                  
               </td>
               <td nowrap="true">
                   
                  
               </td>
            </tr>
            <tr>
               <td colspan="4" class="detailsBox">
                  <div id="com.baublebar.testcases.mainnavigationbar.MainNavigationBarTest_MainNavigationBarTest_byClass_PASS4_details"
                       class="testMethodDetails">
                     <div>
                        <b>Name: </b>MainNavigationBarTest
                     </div>
                     <div>
                        <b>Signature: </b>MainNavigationBarTest(java.util.Hashtable)[pri:0, instance:com.baublebar.testcases.mainnavigationbar.MainNavigationBarTest@3a98350a]
                     </div>
                     <div>
                        <b>Parameters: </b>
                        
                        {Runmode=Y, CategoryName=Earrings}
                        
                        
                     </div>
                     <div>
                        <b>Start time: </b>16:37:47
                     </div>
                     <div>
                        <b>End time: </b>16:38:02
                     </div>
                     <div>
                        <b>Duration: </b>14s
                        
                     </div>
                  </div>
               </td>
            </tr>
            <tr></tr>
            <tr id="com.baublebar.testcases.mainnavigationbar.MainNavigationBarTest_MainNavigationBarTest_byClass_PASS5_row"
                class="testMethodStatusPASS">
               <td width="100%" class="firstMethodCell">
                  <a onclick="toggleDetailsVisibility('com.baublebar.testcases.mainnavigationbar.MainNavigationBarTest_MainNavigationBarTest_byClass_PASS5_details')">MainNavigationBarTest({Runmode=Y, CategoryName=Rings})</a>
               </td>
               <td nowrap="true">16:38:02</td>
               <td nowrap="true" align="right">10s
                  
               </td>
               <td nowrap="true">
                   
                  
               </td>
            </tr>
            <tr>
               <td colspan="4" class="detailsBox">
                  <div id="com.baublebar.testcases.mainnavigationbar.MainNavigationBarTest_MainNavigationBarTest_byClass_PASS5_details"
                       class="testMethodDetails">
                     <div>
                        <b>Name: </b>MainNavigationBarTest
                     </div>
                     <div>
                        <b>Signature: </b>MainNavigationBarTest(java.util.Hashtable)[pri:0, instance:com.baublebar.testcases.mainnavigationbar.MainNavigationBarTest@3a98350a]
                     </div>
                     <div>
                        <b>Parameters: </b>
                        
                        {Runmode=Y, CategoryName=Rings}
                        
                        
                     </div>
                     <div>
                        <b>Start time: </b>16:38:02
                     </div>
                     <div>
                        <b>End time: </b>16:38:12
                     </div>
                     <div>
                        <b>Duration: </b>10s
                        
                     </div>
                  </div>
               </td>
            </tr>
            <tr></tr>
            <tr id="com.baublebar.testcases.mainnavigationbar.MainNavigationBarTest_MainNavigationBarTest_byClass_PASS6_row"
                class="testMethodStatusPASS">
               <td width="100%" class="firstMethodCell">
                  <a onclick="toggleDetailsVisibility('com.baublebar.testcases.mainnavigationbar.MainNavigationBarTest_MainNavigationBarTest_byClass_PASS6_details')">MainNavigationBarTest({Runmode=Y, CategoryName=Personalized})</a>
               </td>
               <td nowrap="true">16:38:12</td>
               <td nowrap="true" align="right">14s
                  
               </td>
               <td nowrap="true">
                   
                  
               </td>
            </tr>
            <tr>
               <td colspan="4" class="detailsBox">
                  <div id="com.baublebar.testcases.mainnavigationbar.MainNavigationBarTest_MainNavigationBarTest_byClass_PASS6_details"
                       class="testMethodDetails">
                     <div>
                        <b>Name: </b>MainNavigationBarTest
                     </div>
                     <div>
                        <b>Signature: </b>MainNavigationBarTest(java.util.Hashtable)[pri:0, instance:com.baublebar.testcases.mainnavigationbar.MainNavigationBarTest@3a98350a]
                     </div>
                     <div>
                        <b>Parameters: </b>
                        
                        {Runmode=Y, CategoryName=Personalized}
                        
                        
                     </div>
                     <div>
                        <b>Start time: </b>16:38:12
                     </div>
                     <div>
                        <b>End time: </b>16:38:27
                     </div>
                     <div>
                        <b>Duration: </b>14s
                        
                     </div>
                  </div>
               </td>
            </tr>
            <tr></tr>
            <tr id="com.baublebar.testcases.mainnavigationbar.MainNavigationBarTest_MainNavigationBarTest_byClass_PASS7_row"
                class="testMethodStatusPASS">
               <td width="100%" class="firstMethodCell">
                  <a onclick="toggleDetailsVisibility('com.baublebar.testcases.mainnavigationbar.MainNavigationBarTest_MainNavigationBarTest_byClass_PASS7_details')">MainNavigationBarTest({Runmode=Y, CategoryName=Guest})</a>
               </td>
               <td nowrap="true">16:38:27</td>
               <td nowrap="true" align="right">21s
                  
               </td>
               <td nowrap="true">
                   
                  
               </td>
            </tr>
            <tr>
               <td colspan="4" class="detailsBox">
                  <div id="com.baublebar.testcases.mainnavigationbar.MainNavigationBarTest_MainNavigationBarTest_byClass_PASS7_details"
                       class="testMethodDetails">
                     <div>
                        <b>Name: </b>MainNavigationBarTest
                     </div>
                     <div>
                        <b>Signature: </b>MainNavigationBarTest(java.util.Hashtable)[pri:0, instance:com.baublebar.testcases.mainnavigationbar.MainNavigationBarTest@3a98350a]
                     </div>
                     <div>
                        <b>Parameters: </b>
                        
                        {Runmode=Y, CategoryName=Guest}
                        
                        
                     </div>
                     <div>
                        <b>Start time: </b>16:38:27
                     </div>
                     <div>
                        <b>End time: </b>16:38:48
                     </div>
                     <div>
                        <b>Duration: </b>21s
                        
                     </div>
                  </div>
               </td>
            </tr>
            <tr></tr>
            <tr id="com.baublebar.testcases.mainnavigationbar.MainNavigationBarTest_MainNavigationBarTest_byClass_PASS8_row"
                class="testMethodStatusPASS">
               <td width="100%" class="firstMethodCell">
                  <a onclick="toggleDetailsVisibility('com.baublebar.testcases.mainnavigationbar.MainNavigationBarTest_MainNavigationBarTest_byClass_PASS8_details')">MainNavigationBarTest({Runmode=Y, CategoryName=Minibar})</a>
               </td>
               <td nowrap="true">16:38:48</td>
               <td nowrap="true" align="right">5s
                  
               </td>
               <td nowrap="true">
                   
                  
               </td>
            </tr>
            <tr>
               <td colspan="4" class="detailsBox">
                  <div id="com.baublebar.testcases.mainnavigationbar.MainNavigationBarTest_MainNavigationBarTest_byClass_PASS8_details"
                       class="testMethodDetails">
                     <div>
                        <b>Name: </b>MainNavigationBarTest
                     </div>
                     <div>
                        <b>Signature: </b>MainNavigationBarTest(java.util.Hashtable)[pri:0, instance:com.baublebar.testcases.mainnavigationbar.MainNavigationBarTest@3a98350a]
                     </div>
                     <div>
                        <b>Parameters: </b>
                        
                        {Runmode=Y, CategoryName=Minibar}
                        
                        
                     </div>
                     <div>
                        <b>Start time: </b>16:38:48
                     </div>
                     <div>
                        <b>End time: </b>16:38:54
                     </div>
                     <div>
                        <b>Duration: </b>5s
                        
                     </div>
                  </div>
               </td>
            </tr>
            <tr></tr>
         </table>
         <br></br>
         <table class="testMethodsTable" cellpadding="0" cellspacing="0">
            <tr>
               <td colspan="4">
                  <h3 style="display: inline;">com.baublebar.testcases.shoppingcart.PlaceOrderTest</h3>
               </td>
            </tr>
            <tr class="methodsTableHeader">
               <td width="100%">Name</td>
               <td nowrap="true">Started</td>
               <td nowrap="true">Duration</td>
               <td>Exception</td>
            </tr>
            <tr id="com.baublebar.testcases.shoppingcart.PlaceOrderTest_PlaceOrderTest_byClass_PASS1_row"
                class="testMethodStatusPASS">
               <td width="100%" class="firstMethodCell">
                  <a onclick="toggleDetailsVisibility('com.baublebar.testcases.shoppingcart.PlaceOrderTest_PlaceOrderTest_byClass_PASS1_details')">PlaceOrderTest({Runmode=Y, ProductName=ice-dog-tag-layered-pendant-necklace})</a>
               </td>
               <td nowrap="true">16:36:06</td>
               <td nowrap="true" align="right">1m
                  2s
                  
               </td>
               <td nowrap="true">
                   
                  
               </td>
            </tr>
            <tr>
               <td colspan="4" class="detailsBox">
                  <div id="com.baublebar.testcases.shoppingcart.PlaceOrderTest_PlaceOrderTest_byClass_PASS1_details"
                       class="testMethodDetails">
                     <div>
                        <b>Name: </b>PlaceOrderTest
                     </div>
                     <div>
                        <b>Signature: </b>PlaceOrderTest(java.util.Hashtable)[pri:0, instance:com.baublebar.testcases.shoppingcart.PlaceOrderTest@3efd66a5]
                     </div>
                     <div>
                        <b>Parameters: </b>
                        
                        {Runmode=Y, ProductName=ice-dog-tag-layered-pendant-necklace}
                        
                        
                     </div>
                     <div>
                        <b>Start time: </b>16:36:06
                     </div>
                     <div>
                        <b>End time: </b>16:37:09
                     </div>
                     <div>
                        <b>Duration: </b>1m
                        2s
                        
                     </div>
                  </div>
               </td>
            </tr>
            <tr></tr>
         </table>
         <br></br>
         <table class="testMethodsTable" cellpadding="0" cellspacing="0">
            <tr>
               <td colspan="4">
                  <h3 style="display: inline;">com.baublebar.testcases.topmenubar.ContactusTest</h3>
               </td>
            </tr>
            <tr class="methodsTableHeader">
               <td width="100%">Name</td>
               <td nowrap="true">Started</td>
               <td nowrap="true">Duration</td>
               <td>Exception</td>
            </tr>
            <tr id="com.baublebar.testcases.topmenubar.ContactusTest_contactusTest_byClass_PASS1_row"
                class="testMethodStatusPASS">
               <td width="100%" class="firstMethodCell">
                  <a onclick="toggleDetailsVisibility('com.baublebar.testcases.topmenubar.ContactusTest_contactusTest_byClass_PASS1_details')">contactusTest({Runmode=Y})</a>
               </td>
               <td nowrap="true">16:42:27</td>
               <td nowrap="true" align="right">18s
                  
               </td>
               <td nowrap="true">
                   
                  
               </td>
            </tr>
            <tr>
               <td colspan="4" class="detailsBox">
                  <div id="com.baublebar.testcases.topmenubar.ContactusTest_contactusTest_byClass_PASS1_details"
                       class="testMethodDetails">
                     <div>
                        <b>Name: </b>contactusTest
                     </div>
                     <div>
                        <b>Signature: </b>contactusTest(java.util.Hashtable)[pri:0, instance:com.baublebar.testcases.topmenubar.ContactusTest@5fed27e4]
                     </div>
                     <div>
                        <b>Parameters: </b>
                        
                        {Runmode=Y}
                        
                        
                     </div>
                     <div>
                        <b>Start time: </b>16:42:27
                     </div>
                     <div>
                        <b>End time: </b>16:42:45
                     </div>
                     <div>
                        <b>Duration: </b>18s
                        
                     </div>
                  </div>
               </td>
            </tr>
            <tr></tr>
         </table>
         <br></br>
         <table class="testMethodsTable" cellpadding="0" cellspacing="0">
            <tr>
               <td colspan="4">
                  <h3 style="display: inline;">com.baublebar.testcases.topmenubar.CreateAccountTest</h3>
               </td>
            </tr>
            <tr class="methodsTableHeader">
               <td width="100%">Name</td>
               <td nowrap="true">Started</td>
               <td nowrap="true">Duration</td>
               <td>Exception</td>
            </tr>
            <tr id="com.baublebar.testcases.topmenubar.CreateAccountTest_createAccTest_byClass_PASS1_row"
                class="testMethodStatusPASS">
               <td width="100%" class="firstMethodCell">
                  <a onclick="toggleDetailsVisibility('com.baublebar.testcases.topmenubar.CreateAccountTest_createAccTest_byClass_PASS1_details')">createAccTest({Username=automation, Password=add123, Runmode=Y})</a>
               </td>
               <td nowrap="true">16:43:24</td>
               <td nowrap="true" align="right">26s
                  
               </td>
               <td nowrap="true">
                   
                  
               </td>
            </tr>
            <tr>
               <td colspan="4" class="detailsBox">
                  <div id="com.baublebar.testcases.topmenubar.CreateAccountTest_createAccTest_byClass_PASS1_details"
                       class="testMethodDetails">
                     <div>
                        <b>Name: </b>createAccTest
                     </div>
                     <div>
                        <b>Signature: </b>createAccTest(java.util.Hashtable)[pri:0, instance:com.baublebar.testcases.topmenubar.CreateAccountTest@64c5e2cf]
                     </div>
                     <div>
                        <b>Parameters: </b>
                        
                        {Username=automation, Password=add123, Runmode=Y}
                        
                        
                     </div>
                     <div>
                        <b>Start time: </b>16:43:24
                     </div>
                     <div>
                        <b>End time: </b>16:43:51
                     </div>
                     <div>
                        <b>Duration: </b>26s
                        
                     </div>
                  </div>
               </td>
            </tr>
            <tr></tr>
            <tr id="com.baublebar.testcases.topmenubar.CreateAccountTest_quitDriver_byClass_PASS2_row"
                class="testMethodStatusPASS testMethodStatusCONF">
               <td width="100%" class="firstMethodCell">
                  <a onclick="toggleDetailsVisibility('com.baublebar.testcases.topmenubar.CreateAccountTest_quitDriver_byClass_PASS2_details')">quitDriver()</a>
               </td>
               <td nowrap="true">16:43:51</td>
               <td nowrap="true" align="right">2s
                  
               </td>
               <td nowrap="true">
                   
                  
               </td>
            </tr>
            <tr>
               <td colspan="4" class="detailsBox">
                  <div id="com.baublebar.testcases.topmenubar.CreateAccountTest_quitDriver_byClass_PASS2_details"
                       class="testMethodDetails">
                     <div>
                        <b>Name: </b>quitDriver
                     </div>
                     <div>
                        <b>Signature: </b>quitDriver()[pri:0, instance:com.baublebar.testcases.topmenubar.CreateAccountTest@64c5e2cf]
                     </div>
                     <div>
                        <b>Start time: </b>16:43:51
                     </div>
                     <div>
                        <b>End time: </b>16:43:53
                     </div>
                     <div>
                        <b>Duration: </b>2s
                        
                     </div>
                  </div>
               </td>
            </tr>
            <tr></tr>
         </table>
         <br></br>
         <table class="testMethodsTable" cellpadding="0" cellspacing="0">
            <tr>
               <td colspan="4">
                  <h3 style="display: inline;">com.baublebar.testcases.topmenubar.LoginTest</h3>
               </td>
            </tr>
            <tr class="methodsTableHeader">
               <td width="100%">Name</td>
               <td nowrap="true">Started</td>
               <td nowrap="true">Duration</td>
               <td>Exception</td>
            </tr>
            <tr id="com.baublebar.testcases.topmenubar.LoginTest_LoginTest_byClass_PASS1_row"
                class="testMethodStatusPASS">
               <td width="100%" class="firstMethodCell">
                  <a onclick="toggleDetailsVisibility('com.baublebar.testcases.topmenubar.LoginTest_LoginTest_byClass_PASS1_details')">LoginTest({Username=qa@baublebar.com, Password=test123, Runmode=Y})</a>
               </td>
               <td nowrap="true">16:40:23</td>
               <td nowrap="true" align="right">16s
                  
               </td>
               <td nowrap="true">
                   
                  
               </td>
            </tr>
            <tr>
               <td colspan="4" class="detailsBox">
                  <div id="com.baublebar.testcases.topmenubar.LoginTest_LoginTest_byClass_PASS1_details"
                       class="testMethodDetails">
                     <div>
                        <b>Name: </b>LoginTest
                     </div>
                     <div>
                        <b>Signature: </b>LoginTest(java.util.Hashtable)[pri:0, instance:com.baublebar.testcases.topmenubar.LoginTest@6545d2]
                     </div>
                     <div>
                        <b>Parameters: </b>
                        
                        {Username=qa@baublebar.com, Password=test123, Runmode=Y}
                        
                        
                     </div>
                     <div>
                        <b>Start time: </b>16:40:23
                     </div>
                     <div>
                        <b>End time: </b>16:40:39
                     </div>
                     <div>
                        <b>Duration: </b>16s
                        
                     </div>
                  </div>
               </td>
            </tr>
            <tr></tr>
         </table>
         <br></br>
         <table class="testMethodsTable" cellpadding="0" cellspacing="0">
            <tr>
               <td colspan="4">
                  <h3 style="display: inline;">com.baublebar.testcases.topmenubar.LogoutTest</h3>
               </td>
            </tr>
            <tr class="methodsTableHeader">
               <td width="100%">Name</td>
               <td nowrap="true">Started</td>
               <td nowrap="true">Duration</td>
               <td>Exception</td>
            </tr>
            <tr id="com.baublebar.testcases.topmenubar.LogoutTest_LogoutTest_byClass_PASS1_row"
                class="testMethodStatusPASS">
               <td width="100%" class="firstMethodCell">
                  <a onclick="toggleDetailsVisibility('com.baublebar.testcases.topmenubar.LogoutTest_LogoutTest_byClass_PASS1_details')">LogoutTest({Runmode=Y})</a>
               </td>
               <td nowrap="true">16:42:18</td>
               <td nowrap="true" align="right">8s
                  
               </td>
               <td nowrap="true">
                   
                  
               </td>
            </tr>
            <tr>
               <td colspan="4" class="detailsBox">
                  <div id="com.baublebar.testcases.topmenubar.LogoutTest_LogoutTest_byClass_PASS1_details"
                       class="testMethodDetails">
                     <div>
                        <b>Name: </b>LogoutTest
                     </div>
                     <div>
                        <b>Signature: </b>LogoutTest(java.util.Hashtable)[pri:0, instance:com.baublebar.testcases.topmenubar.LogoutTest@25dd9891]
                     </div>
                     <div>
                        <b>Parameters: </b>
                        
                        {Runmode=Y}
                        
                        
                     </div>
                     <div>
                        <b>Start time: </b>16:42:18
                     </div>
                     <div>
                        <b>End time: </b>16:42:27
                     </div>
                     <div>
                        <b>Duration: </b>8s
                        
                     </div>
                  </div>
               </td>
            </tr>
            <tr></tr>
         </table>
         <br></br>
         <table class="testMethodsTable" cellpadding="0" cellspacing="0">
            <tr>
               <td colspan="4">
                  <h3 style="display: inline;">com.baublebar.testcases.topmenubar.MyAccountOptionsTest</h3>
               </td>
            </tr>
            <tr class="methodsTableHeader">
               <td width="100%">Name</td>
               <td nowrap="true">Started</td>
               <td nowrap="true">Duration</td>
               <td>Exception</td>
            </tr>
            <tr id="com.baublebar.testcases.topmenubar.MyAccountOptionsTest_LoginTest_byClass_PASS1_row"
                class="testMethodStatusPASS">
               <td width="100%" class="firstMethodCell">
                  <a onclick="toggleDetailsVisibility('com.baublebar.testcases.topmenubar.MyAccountOptionsTest_LoginTest_byClass_PASS1_details')">LoginTest({Options=Dashboard, Runmode=Y})</a>
               </td>
               <td nowrap="true">16:40:39</td>
               <td nowrap="true" align="right">9s
                  
               </td>
               <td nowrap="true">
                   
                  
               </td>
            </tr>
            <tr>
               <td colspan="4" class="detailsBox">
                  <div id="com.baublebar.testcases.topmenubar.MyAccountOptionsTest_LoginTest_byClass_PASS1_details"
                       class="testMethodDetails">
                     <div>
                        <b>Name: </b>LoginTest
                     </div>
                     <div>
                        <b>Signature: </b>LoginTest(java.util.Hashtable)[pri:0, instance:com.baublebar.testcases.topmenubar.MyAccountOptionsTest@340523df]
                     </div>
                     <div>
                        <b>Parameters: </b>
                        
                        {Options=Dashboard, Runmode=Y}
                        
                        
                     </div>
                     <div>
                        <b>Start time: </b>16:40:39
                     </div>
                     <div>
                        <b>End time: </b>16:40:49
                     </div>
                     <div>
                        <b>Duration: </b>9s
                        
                     </div>
                  </div>
               </td>
            </tr>
            <tr></tr>
            <tr id="com.baublebar.testcases.topmenubar.MyAccountOptionsTest_LoginTest_byClass_PASS2_row"
                class="testMethodStatusPASS">
               <td width="100%" class="firstMethodCell">
                  <a onclick="toggleDetailsVisibility('com.baublebar.testcases.topmenubar.MyAccountOptionsTest_LoginTest_byClass_PASS2_details')">LoginTest({Options=My Hearts, Runmode=Y})</a>
               </td>
               <td nowrap="true">16:40:49</td>
               <td nowrap="true" align="right">11s
                  
               </td>
               <td nowrap="true">
                   
                  
               </td>
            </tr>
            <tr>
               <td colspan="4" class="detailsBox">
                  <div id="com.baublebar.testcases.topmenubar.MyAccountOptionsTest_LoginTest_byClass_PASS2_details"
                       class="testMethodDetails">
                     <div>
                        <b>Name: </b>LoginTest
                     </div>
                     <div>
                        <b>Signature: </b>LoginTest(java.util.Hashtable)[pri:0, instance:com.baublebar.testcases.topmenubar.MyAccountOptionsTest@340523df]
                     </div>
                     <div>
                        <b>Parameters: </b>
                        
                        {Options=My Hearts, Runmode=Y}
                        
                        
                     </div>
                     <div>
                        <b>Start time: </b>16:40:49
                     </div>
                     <div>
                        <b>End time: </b>16:41:00
                     </div>
                     <div>
                        <b>Duration: </b>11s
                        
                     </div>
                  </div>
               </td>
            </tr>
            <tr></tr>
            <tr id="com.baublebar.testcases.topmenubar.MyAccountOptionsTest_LoginTest_byClass_PASS3_row"
                class="testMethodStatusPASS">
               <td width="100%" class="firstMethodCell">
                  <a onclick="toggleDetailsVisibility('com.baublebar.testcases.topmenubar.MyAccountOptionsTest_LoginTest_byClass_PASS3_details')">LoginTest({Options=My Waitlist, Runmode=Y})</a>
               </td>
               <td nowrap="true">16:41:00</td>
               <td nowrap="true" align="right">43s
                  
               </td>
               <td nowrap="true">
                   
                  
               </td>
            </tr>
            <tr>
               <td colspan="4" class="detailsBox">
                  <div id="com.baublebar.testcases.topmenubar.MyAccountOptionsTest_LoginTest_byClass_PASS3_details"
                       class="testMethodDetails">
                     <div>
                        <b>Name: </b>LoginTest
                     </div>
                     <div>
                        <b>Signature: </b>LoginTest(java.util.Hashtable)[pri:0, instance:com.baublebar.testcases.topmenubar.MyAccountOptionsTest@340523df]
                     </div>
                     <div>
                        <b>Parameters: </b>
                        
                        {Options=My Waitlist, Runmode=Y}
                        
                        
                     </div>
                     <div>
                        <b>Start time: </b>16:41:00
                     </div>
                     <div>
                        <b>End time: </b>16:41:44
                     </div>
                     <div>
                        <b>Duration: </b>43s
                        
                     </div>
                  </div>
               </td>
            </tr>
            <tr></tr>
            <tr id="com.baublebar.testcases.topmenubar.MyAccountOptionsTest_LoginTest_byClass_PASS4_row"
                class="testMethodStatusPASS">
               <td width="100%" class="firstMethodCell">
                  <a onclick="toggleDetailsVisibility('com.baublebar.testcases.topmenubar.MyAccountOptionsTest_LoginTest_byClass_PASS4_details')">LoginTest({Options=Vault Points, Runmode=Y})</a>
               </td>
               <td nowrap="true">16:41:44</td>
               <td nowrap="true" align="right">22s
                  
               </td>
               <td nowrap="true">
                   
                  
               </td>
            </tr>
            <tr>
               <td colspan="4" class="detailsBox">
                  <div id="com.baublebar.testcases.topmenubar.MyAccountOptionsTest_LoginTest_byClass_PASS4_details"
                       class="testMethodDetails">
                     <div>
                        <b>Name: </b>LoginTest
                     </div>
                     <div>
                        <b>Signature: </b>LoginTest(java.util.Hashtable)[pri:0, instance:com.baublebar.testcases.topmenubar.MyAccountOptionsTest@340523df]
                     </div>
                     <div>
                        <b>Parameters: </b>
                        
                        {Options=Vault Points, Runmode=Y}
                        
                        
                     </div>
                     <div>
                        <b>Start time: </b>16:41:44
                     </div>
                     <div>
                        <b>End time: </b>16:42:06
                     </div>
                     <div>
                        <b>Duration: </b>22s
                        
                     </div>
                  </div>
               </td>
            </tr>
            <tr></tr>
            <tr id="com.baublebar.testcases.topmenubar.MyAccountOptionsTest_LoginTest_byClass_PASS5_row"
                class="testMethodStatusPASS">
               <td width="100%" class="firstMethodCell">
                  <a onclick="toggleDetailsVisibility('com.baublebar.testcases.topmenubar.MyAccountOptionsTest_LoginTest_byClass_PASS5_details')">LoginTest({Options=Invite Friends, Runmode=Y})</a>
               </td>
               <td nowrap="true">16:42:06</td>
               <td nowrap="true" align="right">12s
                  
               </td>
               <td nowrap="true">
                   
                  
               </td>
            </tr>
            <tr>
               <td colspan="4" class="detailsBox">
                  <div id="com.baublebar.testcases.topmenubar.MyAccountOptionsTest_LoginTest_byClass_PASS5_details"
                       class="testMethodDetails">
                     <div>
                        <b>Name: </b>LoginTest
                     </div>
                     <div>
                        <b>Signature: </b>LoginTest(java.util.Hashtable)[pri:0, instance:com.baublebar.testcases.topmenubar.MyAccountOptionsTest@340523df]
                     </div>
                     <div>
                        <b>Parameters: </b>
                        
                        {Options=Invite Friends, Runmode=Y}
                        
                        
                     </div>
                     <div>
                        <b>Start time: </b>16:42:06
                     </div>
                     <div>
                        <b>End time: </b>16:42:18
                     </div>
                     <div>
                        <b>Duration: </b>12s
                        
                     </div>
                  </div>
               </td>
            </tr>
            <tr></tr>
         </table>
         <br></br>
         <table class="testMethodsTable" cellpadding="0" cellspacing="0">
            <tr>
               <td colspan="4">
                  <h3 style="display: inline;">com.baublebar.testcases.topmenubar.ShoppingCartTest</h3>
               </td>
            </tr>
            <tr class="methodsTableHeader">
               <td width="100%">Name</td>
               <td nowrap="true">Started</td>
               <td nowrap="true">Duration</td>
               <td>Exception</td>
            </tr>
            <tr id="com.baublebar.testcases.topmenubar.ShoppingCartTest_ShoppingCartTest_byClass_PASS1_row"
                class="testMethodStatusPASS">
               <td width="100%" class="firstMethodCell">
                  <a onclick="toggleDetailsVisibility('com.baublebar.testcases.topmenubar.ShoppingCartTest_ShoppingCartTest_byClass_PASS1_details')">ShoppingCartTest({Runmode=Y})</a>
               </td>
               <td nowrap="true">16:40:15</td>
               <td nowrap="true" align="right">7s
                  
               </td>
               <td nowrap="true">
                   
                  
               </td>
            </tr>
            <tr>
               <td colspan="4" class="detailsBox">
                  <div id="com.baublebar.testcases.topmenubar.ShoppingCartTest_ShoppingCartTest_byClass_PASS1_details"
                       class="testMethodDetails">
                     <div>
                        <b>Name: </b>ShoppingCartTest
                     </div>
                     <div>
                        <b>Signature: </b>ShoppingCartTest(java.util.Hashtable)[pri:0, instance:com.baublebar.testcases.topmenubar.ShoppingCartTest@746a63d3]
                     </div>
                     <div>
                        <b>Parameters: </b>
                        
                        {Runmode=Y}
                        
                        
                     </div>
                     <div>
                        <b>Start time: </b>16:40:15
                     </div>
                     <div>
                        <b>End time: </b>16:40:23
                     </div>
                     <div>
                        <b>Duration: </b>7s
                        
                     </div>
                  </div>
               </td>
            </tr>
            <tr></tr>
         </table>
         <br></br>
         <table class="testMethodsTable" cellpadding="0" cellspacing="0">
            <tr>
               <td colspan="4">
                  <h3 style="display: inline;">com.baublebar.testcases.topmenubar.SignupForDiscountTest</h3>
               </td>
            </tr>
            <tr class="methodsTableHeader">
               <td width="100%">Name</td>
               <td nowrap="true">Started</td>
               <td nowrap="true">Duration</td>
               <td>Exception</td>
            </tr>
            <tr id="com.baublebar.testcases.topmenubar.SignupForDiscountTest_signupForDiscountTest_byClass_FAIL1_row"
                class="testMethodStatusFAIL">
               <td width="100%" class="firstMethodCell">
                  <a onclick="toggleDetailsVisibility('com.baublebar.testcases.topmenubar.SignupForDiscountTest_signupForDiscountTest_byClass_FAIL1_details')">signupForDiscountTest({Runmode=Y, DiscountEmail=cmaitri@yahoo.com})</a>
               </td>
               <td nowrap="true">16:38:54</td>
               <td nowrap="true" align="right">1m
                  20s
                  
               </td>
               <td nowrap="true">
                  <a onclick="toggleDetailsVisibility('com.baublebar.testcases.topmenubar.SignupForDiscountTest_signupForDiscountTest_byClass_FAIL1_exception')">org.openqa.selenium.TimeoutException: 
                     Timed out after 30 seconds waiting for visibility of [[RemoteWebDriver: chrome on WIN8 (9267301e-501d-45bd-bbd1-b4c001887046)]
                     -&gt; xpath: //*[@id='email-signup']/div/div[2]/p[1]]
                     Build info: version: '2.43.1', revision: '5163bce', time: '2014-09-10 16:27:58'
                     System info: host: 'Maitris-MacBook-Pro.local', ip: '10.20.2.238', os.name: 'Mac OS X', os.arch: 'x86_64', os.version: '10.9.5',
                     java.version: '1.6.0_65'
                     Session ID: 9267301e-501d-45bd-bbd1-b4c001887046
                     Driver info: org.openqa.selenium.remote.RemoteWebDriver
                     Capabilities [{platform=WIN8, javascriptEnabled=true, acceptSslCerts=true, browserName=chrome, chrome={userDataDir=C:\Users\you\AppData\Local\Temp\scoped_dir2756_2310},
                     rotatable=false, locationContextEnabled=true, mobileEmulationEnabled=false, webdriver.remote.sessionid=9267301e-501d-45bd-bbd1-b4c001887046,
                     version=40.0.2214.91, takesHeapSnapshot=true, cssSelectorsEnabled=true, databaseEnabled=false, handlesAlerts=true, browserConnectionEnabled=false,
                     nativeEvents=true, webStorageEnabled=true, applicationCacheEnabled=false, takesScreenshot=true}]
                     
                  </a>
                   
                  
               </td>
            </tr>
            <tr>
               <td colspan="4" class="detailsBox">
                  <div id="com.baublebar.testcases.topmenubar.SignupForDiscountTest_signupForDiscountTest_byClass_FAIL1_details"
                       class="testMethodDetails">
                     <div>
                        <b>Name: </b>signupForDiscountTest
                     </div>
                     <div>
                        <b>Signature: </b>signupForDiscountTest(java.util.Hashtable)[pri:0, instance:com.baublebar.testcases.topmenubar.SignupForDiscountTest@5d469658]
                     </div>
                     <div>
                        <b>Parameters: </b>
                        
                        {Runmode=Y, DiscountEmail=cmaitri@yahoo.com}
                        
                        
                     </div>
                     <div>
                        <b>Start time: </b>16:38:54
                     </div>
                     <div>
                        <b>End time: </b>16:40:15
                     </div>
                     <div>
                        <b>Duration: </b>1m
                        20s
                        
                     </div>
                  </div>
               </td>
            </tr>
            <tr>
               <td colspan="4" class="detailsBox">
                  <div id="com.baublebar.testcases.topmenubar.SignupForDiscountTest_signupForDiscountTest_byClass_FAIL1_exception"
                       class="testMethodDetails">
                     <pre style="padding: 5px; margin: 0;">org.openqa.selenium.TimeoutException: Timed out after 30 seconds waiting for visibility of [[RemoteWebDriver: chrome on WIN8
                        (9267301e-501d-45bd-bbd1-b4c001887046)] -&gt; xpath: //*[@id='email-signup']/div/div[2]/p[1]]
                        Build info: version: '2.43.1', revision: '5163bce', time: '2014-09-10 16:27:58'
                        System info: host: 'Maitris-MacBook-Pro.local', ip: '10.20.2.238', os.name: 'Mac OS X', os.arch: 'x86_64', os.version: '10.9.5',
                        java.version: '1.6.0_65'
                        Session ID: 9267301e-501d-45bd-bbd1-b4c001887046
                        Driver info: org.openqa.selenium.remote.RemoteWebDriver
                        Capabilities [{platform=WIN8, javascriptEnabled=true, acceptSslCerts=true, browserName=chrome, chrome={userDataDir=C:\Users\you\AppData\Local\Temp\scoped_dir2756_2310},
                        rotatable=false, locationContextEnabled=true, mobileEmulationEnabled=false, webdriver.remote.sessionid=9267301e-501d-45bd-bbd1-b4c001887046,
                        version=40.0.2214.91, takesHeapSnapshot=true, cssSelectorsEnabled=true, databaseEnabled=false, handlesAlerts=true, browserConnectionEnabled=false,
                        nativeEvents=true, webStorageEnabled=true, applicationCacheEnabled=false, takesScreenshot=true}]
                        	at org.openqa.selenium.support.ui.WebDriverWait.timeoutException(WebDriverWait.java:79)
                        	at org.openqa.selenium.support.ui.FluentWait.until(FluentWait.java:228)
                        	at com.baublebar.pages.TopMenuBarPage.signupForDiscount(TopMenuBarPage.java:192)
                        	at com.baublebar.testcases.topmenubar.SignupForDiscountTest.signupForDiscountTest(SignupForDiscountTest.java:32)
                        	at sun.reflect.NativeMethodAccessorImpl.invoke0(Native Method)
                        	at sun.reflect.NativeMethodAccessorImpl.invoke(NativeMethodAccessorImpl.java:39)
                        	at sun.reflect.DelegatingMethodAccessorImpl.invoke(DelegatingMethodAccessorImpl.java:25)
                        	at java.lang.reflect.Method.invoke(Method.java:597)
                        	at org.testng.internal.MethodInvocationHelper.invokeMethod(MethodInvocationHelper.java:84)
                        	at org.testng.internal.Invoker.invokeMethod(Invoker.java:714)
                        	at org.testng.internal.Invoker.invokeTestMethod(Invoker.java:901)
                        	at org.testng.internal.Invoker.invokeTestMethods(Invoker.java:1231)
                        	at org.testng.internal.TestMethodWorker.invokeTestMethods(TestMethodWorker.java:127)
                        	at org.testng.internal.TestMethodWorker.run(TestMethodWorker.java:111)
                        	at org.testng.TestRunner.privateRun(TestRunner.java:767)
                        	at org.testng.TestRunner.run(TestRunner.java:617)
                        	at org.testng.SuiteRunner.runTest(SuiteRunner.java:334)
                        	at org.testng.SuiteRunner.runSequentially(SuiteRunner.java:329)
                        	at org.testng.SuiteRunner.privateRun(SuiteRunner.java:291)
                        	at org.testng.SuiteRunner.run(SuiteRunner.java:240)
                        	at org.testng.SuiteRunnerWorker.runSuite(SuiteRunnerWorker.java:52)
                        	at org.testng.SuiteRunnerWorker.run(SuiteRunnerWorker.java:86)
                        	at org.testng.TestNG.runSuitesSequentially(TestNG.java:1224)
                        	at org.testng.TestNG.runSuitesLocally(TestNG.java:1149)
                        	at org.testng.TestNG.run(TestNG.java:1057)
                        	at org.testng.TestNG.privateMain(TestNG.java:1364)
                        	at org.testng.TestNG.main(TestNG.java:1333)
                     </pre>
                  </div>
               </td>
            </tr>
         </table>
         <br></br>
         <table class="testMethodsTable" cellpadding="0" cellspacing="0">
            <tr>
               <td colspan="4">
                  <h3 style="display: inline;">com.baublebar.testcases.topmenubar.VisitusTest</h3>
               </td>
            </tr>
            <tr class="methodsTableHeader">
               <td width="100%">Name</td>
               <td nowrap="true">Started</td>
               <td nowrap="true">Duration</td>
               <td>Exception</td>
            </tr>
            <tr id="com.baublebar.testcases.topmenubar.VisitusTest_LocationsTest_byClass_PASS1_row"
                class="testMethodStatusPASS">
               <td width="100%" class="firstMethodCell">
                  <a onclick="toggleDetailsVisibility('com.baublebar.testcases.topmenubar.VisitusTest_LocationsTest_byClass_PASS1_details')">LocationsTest({Runmode=Y})</a>
               </td>
               <td nowrap="true">16:42:45</td>
               <td nowrap="true" align="right">39s
                  
               </td>
               <td nowrap="true">
                   
                  
               </td>
            </tr>
            <tr>
               <td colspan="4" class="detailsBox">
                  <div id="com.baublebar.testcases.topmenubar.VisitusTest_LocationsTest_byClass_PASS1_details"
                       class="testMethodDetails">
                     <div>
                        <b>Name: </b>LocationsTest
                     </div>
                     <div>
                        <b>Signature: </b>LocationsTest(java.util.Hashtable)[pri:0, instance:com.baublebar.testcases.topmenubar.VisitusTest@749abce9]
                     </div>
                     <div>
                        <b>Parameters: </b>
                        
                        {Runmode=Y}
                        
                        
                     </div>
                     <div>
                        <b>Start time: </b>16:42:45
                     </div>
                     <div>
                        <b>End time: </b>16:43:24
                     </div>
                     <div>
                        <b>Duration: </b>39s
                        
                     </div>
                  </div>
               </td>
            </tr>
            <tr></tr>
         </table>
         <br></br>
      </div>
      <div style="margin-top: 15px; color: gray; text-align: center; font-size: 9px;">
         Generated with
         
         <a href="http://code.google.com/p/testng-xslt/" style="color: #8888aa;"
            target="_blank">
            TestNG XSLT
            
         </a>
      </div>
   </body>
</html>