<?xml version="1.0" encoding="UTF-8"?>
<testng-results skipped="0" failed="0" total="1" passed="1">
  <reporter-output>
  </reporter-output>
  <suite name="Chrome" duration-ms="6646" started-at="2015-04-22T20:00:19Z" finished-at="2015-04-22T20:00:26Z">
    <groups>
    </groups>
    <test name="LoadBaublebarTest" duration-ms="6646" started-at="2015-04-22T20:00:19Z" finished-at="2015-04-22T20:00:26Z">
      <class name="com.baublebar.testcases.LoadBaublebarTest">
        <test-method status="PASS" signature="setupDesireCapabilities(java.lang.String, org.openqa.selenium.Platform, java.lang.String)[pri:0, instance:com.baublebar.testcases.LoadBaublebarTest@77546dbc]" name="setupDesireCapabilities" is-config="true" duration-ms="6995" started-at="2015-04-22T16:00:12Z" finished-at="2015-04-22T16:00:19Z">
          <params>
            <param index="0">
              <value>
                <![CDATA[GOOGLECHROME]]>
              </value>
            </param>
            <param index="1">
              <value>
                <![CDATA[WIN8]]>
              </value>
            </param>
            <param index="2">
              <value>
                <![CDATA[40]]>
              </value>
            </param>
          </params>
          <reporter-output>
          </reporter-output>
        </test-method> <!-- setupDesireCapabilities -->
        <test-method status="PASS" signature="loadBaublebar()[pri:0, instance:com.baublebar.testcases.LoadBaublebarTest@77546dbc]" name="loadBaublebar" duration-ms="5098" started-at="2015-04-22T16:00:19Z" finished-at="2015-04-22T16:00:24Z">
          <reporter-output>
          </reporter-output>
        </test-method> <!-- loadBaublebar -->
        <test-method status="PASS" signature="updateSauceTestName(org.testng.ITestResult)[pri:0, instance:com.baublebar.testcases.LoadBaublebarTest@77546dbc]" name="updateSauceTestName" is-config="true" duration-ms="1543" started-at="2015-04-22T16:00:24Z" finished-at="2015-04-22T16:00:26Z">
          <params>
            <param index="0">
              <value>
                <![CDATA[[TestResult name=loadBaublebar status=SUCCESS method=LoadBaublebarTest.loadBaublebar()[pri:0, instance:com.baublebar.testcases.LoadBaublebarTest@77546dbc] output={null}]]]>
              </value>
            </param>
          </params>
          <reporter-output>
          </reporter-output>
        </test-method> <!-- updateSauceTestName -->
        <test-method status="PASS" signature="quitDriver()[pri:0, instance:com.baublebar.testcases.LoadBaublebarTest@77546dbc]" name="quitDriver" is-config="true" duration-ms="224" started-at="2015-04-22T16:00:26Z" finished-at="2015-04-22T16:00:26Z">
          <reporter-output>
          </reporter-output>
        </test-method> <!-- quitDriver -->
      </class> <!-- com.baublebar.testcases.LoadBaublebarTest -->
    </test> <!-- LoadBaublebarTest -->
  </suite> <!-- Chrome -->
</testng-results>
