<?xml version="1.0" encoding="UTF-8"?>
<!-- Generated by org.testng.reporters.JUnitXMLReporter -->
<testsuite hostname="Maitris-MacBook-Pro.local" name="LoginTest" tests="1" failures="1" timestamp="29 May 2015 19:57:10 GMT" time="7.729" errors="0">
  <testcase name="LoginTest" time="7.451" classname="com.baublebar.testcases.topmenubar.LoginTest">
    <failure type="java.lang.AssertionError" message="expected [QA] but found []">
      <![CDATA[java.lang.AssertionError: expected [QA] but found []
	at com.baublebar.pages.TopMenuBarPage.doLogin(TopMenuBarPage.java:238)
	at com.baublebar.testcases.topmenubar.LoginTest.LoginTest(LoginTest.java:33)
	at java.util.concurrent.FutureTask$Sync.innerRun(FutureTask.java:303)
	at java.util.concurrent.FutureTask.run(FutureTask.java:138)
	at java.util.concurrent.Executors$RunnableAdapter.call(Executors.java:439)
	at java.util.concurrent.FutureTask$Sync.innerRun(FutureTask.java:303)
	at java.util.concurrent.FutureTask.run(FutureTask.java:138)
	at java.util.concurrent.ThreadPoolExecutor$Worker.runTask(ThreadPoolExecutor.java:895)
	at java.util.concurrent.ThreadPoolExecutor$Worker.run(ThreadPoolExecutor.java:918)
	at java.lang.Thread.run(Thread.java:695)
... Removed 14 stack frames]]>
    </failure>
  </testcase> <!-- LoginTest -->
</testsuite> <!-- LoginTest -->
