<?xml version="1.0" encoding="UTF-8"?>
<!-- Generated by org.testng.reporters.JUnitXMLReporter -->
<testsuite hostname="Maitris-MacBook-Pro.local" name="MainNavigationBarTest" tests="8" failures="0" timestamp="13 May 2015 17:05:40 GMT" time="66.65" errors="0">
  <testcase name="MainNavigationBarTest" time="9.574" classname="com.baublebar.testcases.mainnavigationbar.MainNavigationBarTest"/>
  <testcase name="MainNavigationBarTest" time="5.962" classname="com.baublebar.testcases.mainnavigationbar.MainNavigationBarTest"/>
  <testcase name="MainNavigationBarTest" time="7.8" classname="com.baublebar.testcases.mainnavigationbar.MainNavigationBarTest"/>
  <testcase name="MainNavigationBarTest" time="6.364" classname="com.baublebar.testcases.mainnavigationbar.MainNavigationBarTest"/>
  <testcase name="MainNavigationBarTest" time="4.883" classname="com.baublebar.testcases.mainnavigationbar.MainNavigationBarTest"/>
  <testcase name="MainNavigationBarTest" time="11.072" classname="com.baublebar.testcases.mainnavigationbar.MainNavigationBarTest"/>
  <testcase name="MainNavigationBarTest" time="7.96" classname="com.baublebar.testcases.mainnavigationbar.MainNavigationBarTest"/>
  <testcase name="MainNavigationBarTest" time="6.878" classname="com.baublebar.testcases.mainnavigationbar.MainNavigationBarTest"/>
</testsuite> <!-- MainNavigationBarTest -->
