<?xml version="1.0" encoding="UTF-8"?>
<!-- Generated by org.testng.reporters.JUnitXMLReporter -->
<testsuite hostname="Maitris-MacBook-Pro.local" name="MyAccountOptionsTest" tests="5" failures="1" timestamp="29 May 2015 19:58:07 GMT" time="57.094" errors="0">
  <testcase name="LoginTest" time="11.545" classname="com.baublebar.testcases.topmenubar.MyAccountOptionsTest"/>
  <testcase name="LoginTest" time="11.596" classname="com.baublebar.testcases.topmenubar.MyAccountOptionsTest"/>
  <testcase name="LoginTest" time="8.775" classname="com.baublebar.testcases.topmenubar.MyAccountOptionsTest"/>
  <testcase name="LoginTest" time="16.297" classname="com.baublebar.testcases.topmenubar.MyAccountOptionsTest"/>
  <testcase name="LoginTest" time="5.662" classname="com.baublebar.testcases.topmenubar.MyAccountOptionsTest">
    <failure type="java.lang.AssertionError" message="expected [INVITE FRIENDS] but found [TRANSFERS]">
      <![CDATA[java.lang.AssertionError: expected [INVITE FRIENDS] but found [TRANSFERS]
	at com.baublebar.pages.TopMenuBarPage.myAccountOptions(TopMenuBarPage.java:349)
	at com.baublebar.testcases.topmenubar.MyAccountOptionsTest.LoginTest(MyAccountOptionsTest.java:34)
... Removed 28 stack frames]]>
    </failure>
  </testcase> <!-- LoginTest -->
</testsuite> <!-- MyAccountOptionsTest -->
