<?xml version="1.0" encoding="UTF-8"?>
<testng-results skipped="0" failed="1" total="1" passed="0">
  <reporter-output>
  </reporter-output>
  <suite name="Chrome" duration-ms="44698" started-at="2015-04-23T16:09:33Z" finished-at="2015-04-23T16:10:18Z">
    <groups>
    </groups>
    <test name="LoadBaublebarTest" duration-ms="44698" started-at="2015-04-23T16:09:33Z" finished-at="2015-04-23T16:10:18Z">
      <class name="com.baublebar.testcases.LoadBaublebarTest">
        <test-method status="PASS" signature="setupDesireCapabilities(java.lang.String, org.openqa.selenium.Platform, java.lang.String)[pri:0, instance:com.baublebar.testcases.LoadBaublebarTest@60cbf9bd]" name="setupDesireCapabilities" is-config="true" duration-ms="8979" started-at="2015-04-23T12:09:24Z" finished-at="2015-04-23T12:09:33Z">
          <params>
            <param index="0">
              <value>
                <![CDATA[GOOGLECHROME]]>
              </value>
            </param>
            <param index="1">
              <value>
                <![CDATA[WIN8]]>
              </value>
            </param>
            <param index="2">
              <value>
                <![CDATA[40]]>
              </value>
            </param>
          </params>
          <reporter-output>
          </reporter-output>
        </test-method> <!-- setupDesireCapabilities -->
        <test-method status="FAIL" signature="loadBaublebar()[pri:0, instance:com.baublebar.testcases.LoadBaublebarTest@60cbf9bd]" name="loadBaublebar" duration-ms="44134" started-at="2015-04-23T12:09:33Z" finished-at="2015-04-23T12:10:17Z">
          <exception class="org.junit.ComparisonFailure">
            <message>
              <![CDATA[expected:<[The Final Say in Fashion Jewelry | BaubleBar]> but was:<[http://qa02.baublebar.com/ is not available]>]]>
            </message>
            <full-stacktrace>
              <![CDATA[org.junit.ComparisonFailure: expected:<[The Final Say in Fashion Jewelry | BaubleBar]> but was:<[http://qa02.baublebar.com/ is not available]>
	at org.junit.Assert.assertEquals(Assert.java:115)
	at org.junit.Assert.assertEquals(Assert.java:144)
	at com.baublebar.pages.BaublebarPage.loadBaublebar(BaublebarPage.java:176)
	at com.baublebar.testcases.LoadBaublebarTest.loadBaublebar(LoadBaublebarTest.java:56)
	at sun.reflect.NativeMethodAccessorImpl.invoke0(Native Method)
	at sun.reflect.NativeMethodAccessorImpl.invoke(NativeMethodAccessorImpl.java:39)
	at sun.reflect.DelegatingMethodAccessorImpl.invoke(DelegatingMethodAccessorImpl.java:25)
	at java.lang.reflect.Method.invoke(Method.java:597)
	at org.testng.internal.MethodInvocationHelper.invokeMethod(MethodInvocationHelper.java:84)
	at org.testng.internal.Invoker.invokeMethod(Invoker.java:714)
	at org.testng.internal.Invoker.invokeTestMethod(Invoker.java:901)
	at org.testng.internal.Invoker.invokeTestMethods(Invoker.java:1231)
	at org.testng.internal.TestMethodWorker.invokeTestMethods(TestMethodWorker.java:127)
	at org.testng.internal.TestMethodWorker.run(TestMethodWorker.java:111)
	at org.testng.TestRunner.privateRun(TestRunner.java:767)
	at org.testng.TestRunner.run(TestRunner.java:617)
	at org.testng.SuiteRunner.runTest(SuiteRunner.java:334)
	at org.testng.SuiteRunner.runSequentially(SuiteRunner.java:329)
	at org.testng.SuiteRunner.privateRun(SuiteRunner.java:291)
	at org.testng.SuiteRunner.run(SuiteRunner.java:240)
	at org.testng.SuiteRunnerWorker.runSuite(SuiteRunnerWorker.java:52)
	at org.testng.SuiteRunnerWorker.run(SuiteRunnerWorker.java:86)
	at org.testng.TestNG.runSuitesSequentially(TestNG.java:1224)
	at org.testng.TestNG.runSuitesLocally(TestNG.java:1149)
	at org.testng.TestNG.run(TestNG.java:1057)
	at org.testng.TestNG.privateMain(TestNG.java:1364)
	at org.testng.TestNG.main(TestNG.java:1333)
]]>
            </full-stacktrace>
          </exception> <!-- org.junit.ComparisonFailure -->
          <reporter-output>
          </reporter-output>
        </test-method> <!-- loadBaublebar -->
        <test-method status="PASS" signature="updateSauceTestName(org.testng.ITestResult)[pri:0, instance:com.baublebar.testcases.LoadBaublebarTest@60cbf9bd]" name="updateSauceTestName" is-config="true" duration-ms="558" started-at="2015-04-23T12:10:17Z" finished-at="2015-04-23T12:10:18Z">
          <params>
            <param index="0">
              <value>
                <![CDATA[[TestResult name=loadBaublebar status=FAILURE method=LoadBaublebarTest.loadBaublebar()[pri:0, instance:com.baublebar.testcases.LoadBaublebarTest@60cbf9bd] output={null}]]]>
              </value>
            </param>
          </params>
          <reporter-output>
          </reporter-output>
        </test-method> <!-- updateSauceTestName -->
        <test-method status="PASS" signature="quitDriver()[pri:0, instance:com.baublebar.testcases.LoadBaublebarTest@60cbf9bd]" name="quitDriver" is-config="true" duration-ms="217" started-at="2015-04-23T12:10:18Z" finished-at="2015-04-23T12:10:18Z">
          <reporter-output>
          </reporter-output>
        </test-method> <!-- quitDriver -->
      </class> <!-- com.baublebar.testcases.LoadBaublebarTest -->
    </test> <!-- LoadBaublebarTest -->
  </suite> <!-- Chrome -->
</testng-results>
