<?xml version="1.0" encoding="UTF-8"?>
<testng-results skipped="0" failed="0" total="1" passed="1">
  <reporter-output>
  </reporter-output>
  <suite name="Chrome" duration-ms="15970" started-at="2015-04-23T16:14:12Z" finished-at="2015-04-23T16:14:28Z">
    <groups>
    </groups>
    <test name="LoadBaublebarTest" duration-ms="15970" started-at="2015-04-23T16:14:12Z" finished-at="2015-04-23T16:14:28Z">
      <class name="com.baublebar.testcases.LoadBaublebarTest">
        <test-method status="PASS" signature="setupDesireCapabilities(java.lang.String, org.openqa.selenium.Platform, java.lang.String)[pri:0, instance:com.baublebar.testcases.LoadBaublebarTest@2322bce]" name="setupDesireCapabilities" is-config="true" duration-ms="7039" started-at="2015-04-23T12:14:05Z" finished-at="2015-04-23T12:14:12Z">
          <params>
            <param index="0">
              <value>
                <![CDATA[GOOGLECHROME]]>
              </value>
            </param>
            <param index="1">
              <value>
                <![CDATA[WIN8]]>
              </value>
            </param>
            <param index="2">
              <value>
                <![CDATA[40]]>
              </value>
            </param>
          </params>
          <reporter-output>
          </reporter-output>
        </test-method> <!-- setupDesireCapabilities -->
        <test-method status="PASS" signature="loadBaublebar()[pri:0, instance:com.baublebar.testcases.LoadBaublebarTest@2322bce]" name="loadBaublebar" duration-ms="14444" started-at="2015-04-23T12:14:12Z" finished-at="2015-04-23T12:14:27Z">
          <reporter-output>
          </reporter-output>
        </test-method> <!-- loadBaublebar -->
        <test-method status="PASS" signature="updateSauceTestName(org.testng.ITestResult)[pri:0, instance:com.baublebar.testcases.LoadBaublebarTest@2322bce]" name="updateSauceTestName" is-config="true" duration-ms="1521" started-at="2015-04-23T12:14:27Z" finished-at="2015-04-23T12:14:28Z">
          <params>
            <param index="0">
              <value>
                <![CDATA[[TestResult name=loadBaublebar status=SUCCESS method=LoadBaublebarTest.loadBaublebar()[pri:0, instance:com.baublebar.testcases.LoadBaublebarTest@2322bce] output={null}]]]>
              </value>
            </param>
          </params>
          <reporter-output>
          </reporter-output>
        </test-method> <!-- updateSauceTestName -->
        <test-method status="PASS" signature="quitDriver()[pri:0, instance:com.baublebar.testcases.LoadBaublebarTest@2322bce]" name="quitDriver" is-config="true" duration-ms="219" started-at="2015-04-23T12:14:28Z" finished-at="2015-04-23T12:14:29Z">
          <reporter-output>
          </reporter-output>
        </test-method> <!-- quitDriver -->
      </class> <!-- com.baublebar.testcases.LoadBaublebarTest -->
    </test> <!-- LoadBaublebarTest -->
  </suite> <!-- Chrome -->
</testng-results>
