<!DOCTYPE html PUBLIC "-//W3C//DTD XHTML 1.1//EN" "http://www.w3.org/TR/xhtml11/DTD/xhtml11.dtd">
<html xmlns="http://www.w3.org/1999/xhtml"><head><title>TestNG Report</title><style type="text/css">table {margin-bottom:10px;border-collapse:collapse;empty-cells:show}th,td {border:1px solid #009;padding:.25em .5em}th {vertical-align:bottom}td {vertical-align:top}table a {font-weight:bold}.stripe td {background-color: #E6EBF9}.num {text-align:right}.passedodd td {background-color: #3F3}.passedeven td {background-color: #0A0}.skippedodd td {background-color: #DDD}.skippedeven td {background-color: #CCC}.failedodd td,.attn {background-color: #F33}.failedeven td,.stripe .attn {background-color: #D00}.stacktrace {white-space:pre;font-family:monospace}.totop {font-size:85%;text-align:center;border-bottom:2px solid #000}</style></head><body><table><tr><th>Test</th><th># Passed</th><th># Skipped</th><th># Failed</th><th>Time (ms)</th><th>Included Groups</th><th>Excluded Groups</th></tr><tr><th colspan="7">Firefox</th></tr><tr><td><a href="#t0">LoadBaublebarTest</a></td><td class="num">1</td><td class="num">0</td><td class="num">0</td><td class="num">17,709</td><td></td><td></td></tr><tr class="stripe"><td><a href="#t1">MainNavigationBarTest</a></td><td class="num">8</td><td class="num">0</td><td class="num">0</td><td class="num">21,349</td><td></td><td></td></tr><tr><td><a href="#t2">PlaceOrderNewUserTest</a></td><td class="num">0</td><td class="num">0</td><td class="num attn">1</td><td class="num">40,601</td><td></td><td></td></tr><tr class="stripe"><td><a href="#t3">PlaceOrderTest</a></td><td class="num">0</td><td class="num">0</td><td class="num attn">1</td><td class="num">66,670</td><td></td><td></td></tr><tr><td><a href="#t4">SignupForDiscountTest</a></td><td class="num">0</td><td class="num">0</td><td class="num attn">1</td><td class="num">95,760</td><td></td><td></td></tr><tr class="stripe"><td><a href="#t5">ShoppingCartTest</a></td><td class="num">0</td><td class="num">0</td><td class="num attn">1</td><td class="num">62,664</td><td></td><td></td></tr><tr><td><a href="#t6">LoginTest</a></td><td class="num">0</td><td class="num">0</td><td class="num attn">1</td><td class="num">7,729</td><td></td><td></td></tr><tr class="stripe"><td><a href="#t7">MyAccountOptionsTest</a></td><td class="num">4</td><td class="num">0</td><td class="num attn">1</td><td class="num">57,094</td><td></td><td></td></tr><tr><td><a href="#t8">LogoutTest</a></td><td class="num">0</td><td class="num">0</td><td class="num attn">1</td><td class="num">31,130</td><td></td><td></td></tr><tr class="stripe"><td><a href="#t9">ContactusTest</a></td><td class="num">0</td><td class="num">0</td><td class="num attn">1</td><td class="num">36,898</td><td></td><td></td></tr><tr><td><a href="#t10">VisitusTest</a></td><td class="num">0</td><td class="num">0</td><td class="num attn">1</td><td class="num">31,184</td><td></td><td></td></tr><tr class="stripe"><td><a href="#t11">CreateAccountTest</a></td><td class="num">0</td><td class="num">0</td><td class="num attn">1</td><td class="num">31,368</td><td></td><td></td></tr><tr><th>Total</th><th class="num">13</th><th class="num">0</th><th class="num attn">10</th><th class="num">500,156</th><th colspan="2"></th></tr></table><table><thead><tr><th>Class</th><th>Method</th><th>Start</th><th>Time (ms)</th></tr></thead><tbody><tr><th colspan="4">Firefox</th></tr></tbody><tbody id="t0"><tr><th colspan="4">LoadBaublebarTest &#8212; passed</th></tr><tr class="passedeven"><td rowspan="1">com.baublebar.testcases.LoadBaublebarTest</td><td><a href="#m0">loadBaublebar</a></td><td rowspan="1">1432929117911</td><td rowspan="1">17303</td></tr></tbody><tbody id="t1"><tr><th colspan="4">MainNavigationBarTest &#8212; passed</th></tr><tr class="passedeven"><td rowspan="8">com.baublebar.testcases.mainnavigationbar.MainNavigationBarTest</td><td><a href="#m1">MainNavigationBarTest</a></td><td rowspan="8">1432929143507</td><td rowspan="8">2016</td></tr><tr class="passedeven"><td><a href="#m2">MainNavigationBarTest</a></td></tr><tr class="passedeven"><td><a href="#m3">MainNavigationBarTest</a></td></tr><tr class="passedeven"><td><a href="#m4">MainNavigationBarTest</a></td></tr><tr class="passedeven"><td><a href="#m5">MainNavigationBarTest</a></td></tr><tr class="passedeven"><td><a href="#m6">MainNavigationBarTest</a></td></tr><tr class="passedeven"><td><a href="#m7">MainNavigationBarTest</a></td></tr><tr class="passedeven"><td><a href="#m8">MainNavigationBarTest</a></td></tr></tbody><tbody id="t2"><tr><th colspan="4">PlaceOrderNewUserTest &#8212; failed</th></tr><tr class="failedeven"><td rowspan="1">com.baublebar.testcases.shoppingcart.PlaceOrderNewUserTest</td><td><a href="#m9">PlaceOrderTest</a></td><td rowspan="1">1432929156982</td><td rowspan="1">39992</td></tr></tbody><tbody id="t3"><tr><th colspan="4">PlaceOrderTest &#8212; failed</th></tr><tr class="failedeven"><td rowspan="1">com.baublebar.testcases.shoppingcart.PlaceOrderTest</td><td><a href="#m10">PlaceOrderTest</a></td><td rowspan="1">1432929197588</td><td rowspan="1">66394</td></tr></tbody><tbody id="t4"><tr><th colspan="4">SignupForDiscountTest &#8212; failed</th></tr><tr class="failedeven"><td rowspan="1">com.baublebar.testcases.topmenubar.SignupForDiscountTest</td><td><a href="#m11">signupForDiscountTest</a></td><td rowspan="1">1432929264260</td><td rowspan="1">95391</td></tr></tbody><tbody id="t5"><tr><th colspan="4">ShoppingCartTest &#8212; failed</th></tr><tr class="failedeven"><td rowspan="1">com.baublebar.testcases.topmenubar.ShoppingCartTest</td><td><a href="#m12">ShoppingCartTest</a></td><td rowspan="1">1432929360025</td><td rowspan="1">61917</td></tr></tbody><tbody id="t6"><tr><th colspan="4">LoginTest &#8212; failed</th></tr><tr class="failedeven"><td rowspan="1">com.baublebar.testcases.topmenubar.LoginTest</td><td><a href="#m13">LoginTest</a></td><td rowspan="1">1432929422696</td><td rowspan="1">7451</td></tr></tbody><tbody id="t7"><tr><th colspan="4">MyAccountOptionsTest &#8212; failed</th></tr><tr class="failedeven"><td rowspan="1">com.baublebar.testcases.topmenubar.MyAccountOptionsTest</td><td><a href="#m14">LoginTest</a></td><td rowspan="1">1432929481513</td><td rowspan="1">5662</td></tr><tr><th colspan="4">MyAccountOptionsTest &#8212; passed</th></tr><tr class="passedeven"><td rowspan="4">com.baublebar.testcases.topmenubar.MyAccountOptionsTest</td><td><a href="#m15">LoginTest</a></td><td rowspan="4">1432929430423</td><td rowspan="4">11545</td></tr><tr class="passedeven"><td><a href="#m16">LoginTest</a></td></tr><tr class="passedeven"><td><a href="#m17">LoginTest</a></td></tr><tr class="passedeven"><td><a href="#m18">LoginTest</a></td></tr></tbody><tbody id="t8"><tr><th colspan="4">LogoutTest &#8212; failed</th></tr><tr class="failedeven"><td rowspan="1">com.baublebar.testcases.topmenubar.LogoutTest</td><td><a href="#m19">LogoutTest</a></td><td rowspan="1">1432929487518</td><td rowspan="1">30623</td></tr></tbody><tbody id="t9"><tr><th colspan="4">ContactusTest &#8212; failed</th></tr><tr class="failedeven"><td rowspan="1">com.baublebar.testcases.topmenubar.ContactusTest</td><td><a href="#m20">contactusTest</a></td><td rowspan="1">1432929518650</td><td rowspan="1">30200</td></tr></tbody><tbody id="t10"><tr><th colspan="4">VisitusTest &#8212; failed</th></tr><tr class="failedeven"><td rowspan="1">com.baublebar.testcases.topmenubar.VisitusTest</td><td><a href="#m21">LocationsTest</a></td><td rowspan="1">1432929555550</td><td rowspan="1">30745</td></tr></tbody><tbody id="t11"><tr><th colspan="4">CreateAccountTest &#8212; failed</th></tr><tr class="failedeven"><td rowspan="1">com.baublebar.testcases.topmenubar.CreateAccountTest</td><td><a href="#m22">createAccTest</a></td><td rowspan="1">1432929586736</td><td rowspan="1">30702</td></tr></tbody></table><h2>LoadBaublebarTest</h2><h3 id="m0">com.baublebar.testcases.LoadBaublebarTest#loadBaublebar</h3><table class="result"></table><p class="totop"><a href="#summary">back to summary</a></p><h2>MainNavigationBarTest</h2><h3 id="m1">com.baublebar.testcases.mainnavigationbar.MainNavigationBarTest#MainNavigationBarTest</h3><table class="result"><tr class="param"><th>Parameter #1</th></tr><tr class="param stripe"><td>{Runmode=Y, CategoryName=Earrings}</td></tr></table><p class="totop"><a href="#summary">back to summary</a></p><h3 id="m2">com.baublebar.testcases.mainnavigationbar.MainNavigationBarTest#MainNavigationBarTest</h3><table class="result"><tr class="param"><th>Parameter #1</th></tr><tr class="param stripe"><td>{Runmode=Y, CategoryName=Rings}</td></tr></table><p class="totop"><a href="#summary">back to summary</a></p><h3 id="m3">com.baublebar.testcases.mainnavigationbar.MainNavigationBarTest#MainNavigationBarTest</h3><table class="result"><tr class="param"><th>Parameter #1</th></tr><tr class="param stripe"><td>{Runmode=Y, CategoryName=Minibar}</td></tr></table><p class="totop"><a href="#summary">back to summary</a></p><h3 id="m4">com.baublebar.testcases.mainnavigationbar.MainNavigationBarTest#MainNavigationBarTest</h3><table class="result"><tr class="param"><th>Parameter #1</th></tr><tr class="param stripe"><td>{Runmode=Y, CategoryName=Bracelets}</td></tr></table><p class="totop"><a href="#summary">back to summary</a></p><h3 id="m5">com.baublebar.testcases.mainnavigationbar.MainNavigationBarTest#MainNavigationBarTest</h3><table class="result"><tr class="param"><th>Parameter #1</th></tr><tr class="param stripe"><td>{Runmode=Y, CategoryName=Necklaces}</td></tr></table><p class="totop"><a href="#summary">back to summary</a></p><h3 id="m6">com.baublebar.testcases.mainnavigationbar.MainNavigationBarTest#MainNavigationBarTest</h3><table class="result"><tr class="param"><th>Parameter #1</th></tr><tr class="param stripe"><td>{Runmode=Y, CategoryName=Guest}</td></tr></table><p class="totop"><a href="#summary">back to summary</a></p><h3 id="m7">com.baublebar.testcases.mainnavigationbar.MainNavigationBarTest#MainNavigationBarTest</h3><table class="result"><tr class="param"><th>Parameter #1</th></tr><tr class="param stripe"><td>{Runmode=Y, CategoryName=Personalized}</td></tr></table><p class="totop"><a href="#summary">back to summary</a></p><h3 id="m8">com.baublebar.testcases.mainnavigationbar.MainNavigationBarTest#MainNavigationBarTest</h3><table class="result"><tr class="param"><th>Parameter #1</th></tr><tr class="param stripe"><td>{Runmode=Y, CategoryName=What’s New}</td></tr></table><p class="totop"><a href="#summary">back to summary</a></p><h2>PlaceOrderNewUserTest</h2><h3 id="m9">com.baublebar.testcases.shoppingcart.PlaceOrderNewUserTest#PlaceOrderTest</h3><table class="result"><tr class="param"><th>Parameter #1</th></tr><tr class="param stripe"><td>{Zip=7890, ProductName=ice-dog-tag-layered-pendant-necklace, Runmode=Y, Phone=100-100-1000, Street=75 Lawrence St, UserName=NewUser, Password=test123, CreditCard=378282246310005, LastName=QA, City=Dallas, FirstName=Automation, CVVNumber=1234, State=Texas}</td></tr><tr><th>Exception</th></tr><tr><td><div class="stacktrace">org.openqa.selenium.TimeoutException: Timed out after 30 seconds waiting for element to be clickable: [[RemoteWebDriver: safari on MAC (a02099879d3849a2b21bb80fc72d0b65)] -&gt; xpath: //*[@id=&apos;nav-top-link-cart&apos;]/a/span[1]]
Build info: version: &apos;2.43.1&apos;, revision: &apos;5163bce&apos;, time: &apos;2014-09-10 16:27:58&apos;
System info: host: &apos;Maitris-MacBook-Pro.local&apos;, ip: &apos;10.9.20.70&apos;, os.name: &apos;Mac OS X&apos;, os.arch: &apos;x86_64&apos;, os.version: &apos;10.9.5&apos;, java.version: &apos;1.6.0_65&apos;
Session ID: a02099879d3849a2b21bb80fc72d0b65
Driver info: org.openqa.selenium.remote.RemoteWebDriver
Capabilities [{platform=MAC, javascriptEnabled=true, hasMetadata=true, browserName=safari, networkConnectionEnabled=false, desired={platformVersion=8.2, deviceName=iPhone Simulator, platformName=iOS, browserName=safari, proxy={proxyAutoconfigUrl=http://127.0.0.1:19876/pac.js, proxyType=PAC}, webdriver.remote.quietExceptions=true}, locationContextEnabled=false, webdriver.remote.sessionid=a02099879d3849a2b21bb80fc72d0b65, platformVersion=8.2, databaseEnabled=false, platformName=iOS, deviceName=iPhone Simulator, safari=true, proxy={proxyAutoconfigUrl=http://127.0.0.1:19876/pac.js, proxyType=PAC}, webStorageEnabled=false, webdriver.remote.quietExceptions=true, warnings={}, takesScreenshot=true}]
	at org.openqa.selenium.support.ui.WebDriverWait.timeoutException(WebDriverWait.java:79)
	at org.openqa.selenium.support.ui.FluentWait.until(FluentWait.java:228)
	at com.baublebar.pages.BaublebarPage.placeOrder(BaublebarPage.java:224)
	at com.baublebar.testcases.shoppingcart.PlaceOrderNewUserTest.PlaceOrderTest(PlaceOrderNewUserTest.java:27)
... Removed 23 stack frames</div></td></tr></table><p class="totop"><a href="#summary">back to summary</a></p><h2>PlaceOrderTest</h2><h3 id="m10">com.baublebar.testcases.shoppingcart.PlaceOrderTest#PlaceOrderTest</h3><table class="result"><tr class="param"><th>Parameter #1</th></tr><tr class="param stripe"><td>{Runmode=Y, ProductName=ice-dog-tag-layered-pendant-necklace}</td></tr><tr><th>Exception</th></tr><tr><td><div class="stacktrace">org.openqa.selenium.TimeoutException: Timed out after 30 seconds waiting for element to be clickable: [[RemoteWebDriver: safari on MAC (a02099879d3849a2b21bb80fc72d0b65)] -&gt; xpath: //*[@id=&apos;nav-top-link-cart&apos;]/a/span[1]]
Build info: version: &apos;2.43.1&apos;, revision: &apos;5163bce&apos;, time: &apos;2014-09-10 16:27:58&apos;
System info: host: &apos;Maitris-MacBook-Pro.local&apos;, ip: &apos;10.9.20.70&apos;, os.name: &apos;Mac OS X&apos;, os.arch: &apos;x86_64&apos;, os.version: &apos;10.9.5&apos;, java.version: &apos;1.6.0_65&apos;
Session ID: a02099879d3849a2b21bb80fc72d0b65
Driver info: org.openqa.selenium.remote.RemoteWebDriver
Capabilities [{platform=MAC, javascriptEnabled=true, hasMetadata=true, browserName=safari, networkConnectionEnabled=false, desired={platformVersion=8.2, deviceName=iPhone Simulator, platformName=iOS, browserName=safari, proxy={proxyAutoconfigUrl=http://127.0.0.1:19876/pac.js, proxyType=PAC}, webdriver.remote.quietExceptions=true}, locationContextEnabled=false, webdriver.remote.sessionid=a02099879d3849a2b21bb80fc72d0b65, platformVersion=8.2, databaseEnabled=false, platformName=iOS, deviceName=iPhone Simulator, safari=true, proxy={proxyAutoconfigUrl=http://127.0.0.1:19876/pac.js, proxyType=PAC}, webStorageEnabled=false, webdriver.remote.quietExceptions=true, warnings={}, takesScreenshot=true}]
	at org.openqa.selenium.support.ui.WebDriverWait.timeoutException(WebDriverWait.java:79)
	at org.openqa.selenium.support.ui.FluentWait.until(FluentWait.java:228)
	at com.baublebar.pages.BaublebarPage.placeOrder(BaublebarPage.java:224)
	at com.baublebar.testcases.shoppingcart.PlaceOrderTest.PlaceOrderTest(PlaceOrderTest.java:27)
... Removed 23 stack frames</div></td></tr></table><p class="totop"><a href="#summary">back to summary</a></p><h2>SignupForDiscountTest</h2><h3 id="m11">com.baublebar.testcases.topmenubar.SignupForDiscountTest#signupForDiscountTest</h3><table class="result"><tr class="param"><th>Parameter #1</th></tr><tr class="param stripe"><td>{Runmode=Y, DiscountEmail=cmaitri@yahoo.com}</td></tr><tr><th>Exception</th></tr><tr><td><div class="stacktrace">org.openqa.selenium.TimeoutException: Timed out after 30 seconds waiting for visibility of [[RemoteWebDriver: safari on MAC (a02099879d3849a2b21bb80fc72d0b65)] -&gt; xpath: //*[@id=&apos;email-signup&apos;]/div/div[2]/p[1]]
Build info: version: &apos;2.43.1&apos;, revision: &apos;5163bce&apos;, time: &apos;2014-09-10 16:27:58&apos;
System info: host: &apos;Maitris-MacBook-Pro.local&apos;, ip: &apos;10.9.20.70&apos;, os.name: &apos;Mac OS X&apos;, os.arch: &apos;x86_64&apos;, os.version: &apos;10.9.5&apos;, java.version: &apos;1.6.0_65&apos;
Session ID: a02099879d3849a2b21bb80fc72d0b65
Driver info: org.openqa.selenium.remote.RemoteWebDriver
Capabilities [{platform=MAC, javascriptEnabled=true, hasMetadata=true, browserName=safari, networkConnectionEnabled=false, desired={platformVersion=8.2, deviceName=iPhone Simulator, platformName=iOS, browserName=safari, proxy={proxyAutoconfigUrl=http://127.0.0.1:19876/pac.js, proxyType=PAC}, webdriver.remote.quietExceptions=true}, locationContextEnabled=false, webdriver.remote.sessionid=a02099879d3849a2b21bb80fc72d0b65, platformVersion=8.2, databaseEnabled=false, platformName=iOS, deviceName=iPhone Simulator, safari=true, proxy={proxyAutoconfigUrl=http://127.0.0.1:19876/pac.js, proxyType=PAC}, webStorageEnabled=false, webdriver.remote.quietExceptions=true, warnings={}, takesScreenshot=true}]
	at org.openqa.selenium.support.ui.WebDriverWait.timeoutException(WebDriverWait.java:79)
	at org.openqa.selenium.support.ui.FluentWait.until(FluentWait.java:228)
	at com.baublebar.pages.TopMenuBarPage.signupForDiscount(TopMenuBarPage.java:192)
	at com.baublebar.testcases.topmenubar.SignupForDiscountTest.signupForDiscountTest(SignupForDiscountTest.java:34)
... Removed 23 stack frames</div></td></tr></table><p class="totop"><a href="#summary">back to summary</a></p><h2>ShoppingCartTest</h2><h3 id="m12">com.baublebar.testcases.topmenubar.ShoppingCartTest#ShoppingCartTest</h3><table class="result"><tr class="param"><th>Parameter #1</th></tr><tr class="param stripe"><td>{Runmode=Y}</td></tr><tr><th>Exception</th></tr><tr><td><div class="stacktrace">org.openqa.selenium.TimeoutException: Timed out after 30 seconds waiting for visibility of Proxy element for: org.openqa.selenium.support.pagefactory.DefaultElementLocator@6d3d422d
Build info: version: &apos;2.43.1&apos;, revision: &apos;5163bce&apos;, time: &apos;2014-09-10 16:27:58&apos;
System info: host: &apos;Maitris-MacBook-Pro.local&apos;, ip: &apos;10.9.20.70&apos;, os.name: &apos;Mac OS X&apos;, os.arch: &apos;x86_64&apos;, os.version: &apos;10.9.5&apos;, java.version: &apos;1.6.0_65&apos;
Session ID: a02099879d3849a2b21bb80fc72d0b65
Driver info: org.openqa.selenium.remote.RemoteWebDriver
Capabilities [{platform=MAC, javascriptEnabled=true, hasMetadata=true, browserName=safari, networkConnectionEnabled=false, desired={platformVersion=8.2, deviceName=iPhone Simulator, platformName=iOS, browserName=safari, proxy={proxyAutoconfigUrl=http://127.0.0.1:19876/pac.js, proxyType=PAC}, webdriver.remote.quietExceptions=true}, locationContextEnabled=false, webdriver.remote.sessionid=a02099879d3849a2b21bb80fc72d0b65, platformVersion=8.2, databaseEnabled=false, platformName=iOS, deviceName=iPhone Simulator, safari=true, proxy={proxyAutoconfigUrl=http://127.0.0.1:19876/pac.js, proxyType=PAC}, webStorageEnabled=false, webdriver.remote.quietExceptions=true, warnings={}, takesScreenshot=true}]
	at org.openqa.selenium.support.ui.WebDriverWait.timeoutException(WebDriverWait.java:79)
	at org.openqa.selenium.support.ui.FluentWait.until(FluentWait.java:228)
	at com.baublebar.pages.TopMenuBarPage.clickShoppingCart(TopMenuBarPage.java:282)
	at com.baublebar.testcases.topmenubar.ShoppingCartTest.ShoppingCartTest(ShoppingCartTest.java:35)
Caused by: org.openqa.selenium.NoSuchElementException: An element could not be located on the page using the given search parameters. (WARNING: The server did not provide any stacktrace information)
Command duration or timeout: 111 milliseconds
For documentation on this error, please visit: http://seleniumhq.org/exceptions/no_such_element.html
Build info: version: &apos;2.43.1&apos;, revision: &apos;5163bce&apos;, time: &apos;2014-09-10 16:27:58&apos;
System info: host: &apos;Maitris-MacBook-Pro.local&apos;, ip: &apos;10.9.20.70&apos;, os.name: &apos;Mac OS X&apos;, os.arch: &apos;x86_64&apos;, os.version: &apos;10.9.5&apos;, java.version: &apos;1.6.0_65&apos;
Session ID: a02099879d3849a2b21bb80fc72d0b65
Driver info: org.openqa.selenium.remote.RemoteWebDriver
Capabilities [{platform=MAC, javascriptEnabled=true, hasMetadata=true, browserName=safari, networkConnectionEnabled=false, desired={platformVersion=8.2, deviceName=iPhone Simulator, platformName=iOS, browserName=safari, proxy={proxyAutoconfigUrl=http://127.0.0.1:19876/pac.js, proxyType=PAC}, webdriver.remote.quietExceptions=true}, locationContextEnabled=false, webdriver.remote.sessionid=a02099879d3849a2b21bb80fc72d0b65, platformVersion=8.2, databaseEnabled=false, platformName=iOS, deviceName=iPhone Simulator, safari=true, proxy={proxyAutoconfigUrl=http://127.0.0.1:19876/pac.js, proxyType=PAC}, webStorageEnabled=false, webdriver.remote.quietExceptions=true, warnings={}, takesScreenshot=true}]
	at org.openqa.selenium.remote.ErrorHandler.createThrowable(ErrorHandler.java:204)
	at org.openqa.selenium.remote.ErrorHandler.throwIfResponseFailed(ErrorHandler.java:156)
	at org.openqa.selenium.remote.RemoteWebDriver.execute(RemoteWebDriver.java:599)
	at org.openqa.selenium.remote.RemoteWebDriver.findElement(RemoteWebDriver.java:352)
	at org.openqa.selenium.remote.RemoteWebDriver.findElementByCssSelector(RemoteWebDriver.java:441)
	at org.openqa.selenium.By$ByCssSelector.findElement(By.java:426)
	at org.openqa.selenium.remote.RemoteWebDriver.findElement(RemoteWebDriver.java:344)
	at org.openqa.selenium.support.pagefactory.DefaultElementLocator.findElement(DefaultElementLocator.java:59)
	at org.openqa.selenium.support.pagefactory.internal.LocatingElementHandler.invoke(LocatingElementHandler.java:37)
	at com.sun.proxy.$Proxy11.isDisplayed(Unknown Source)
	at org.openqa.selenium.support.ui.ExpectedConditions.elementIfVisible(ExpectedConditions.java:227)
	at org.openqa.selenium.support.ui.ExpectedConditions.access$1(ExpectedConditions.java:226)
	at org.openqa.selenium.support.ui.ExpectedConditions$7.apply(ExpectedConditions.java:213)
	at org.openqa.selenium.support.ui.ExpectedConditions$7.apply(ExpectedConditions.java:1)
	at org.openqa.selenium.support.ui.FluentWait.until(FluentWait.java:208)
	... 25 more
... Removed 26 stack frames</div></td></tr></table><p class="totop"><a href="#summary">back to summary</a></p><h2>LoginTest</h2><h3 id="m13">com.baublebar.testcases.topmenubar.LoginTest#LoginTest</h3><table class="result"><tr class="param"><th>Parameter #1</th></tr><tr class="param stripe"><td>{Username=qa@baublebar.com, Password=test123, Runmode=Y}</td></tr><tr><th>Exception</th></tr><tr><td><div class="stacktrace">java.lang.AssertionError: expected [QA] but found []
	at com.baublebar.pages.TopMenuBarPage.doLogin(TopMenuBarPage.java:238)
	at com.baublebar.testcases.topmenubar.LoginTest.LoginTest(LoginTest.java:33)
	at java.util.concurrent.FutureTask$Sync.innerRun(FutureTask.java:303)
	at java.util.concurrent.FutureTask.run(FutureTask.java:138)
	at java.util.concurrent.Executors$RunnableAdapter.call(Executors.java:439)
	at java.util.concurrent.FutureTask$Sync.innerRun(FutureTask.java:303)
	at java.util.concurrent.FutureTask.run(FutureTask.java:138)
	at java.util.concurrent.ThreadPoolExecutor$Worker.runTask(ThreadPoolExecutor.java:895)
	at java.util.concurrent.ThreadPoolExecutor$Worker.run(ThreadPoolExecutor.java:918)
	at java.lang.Thread.run(Thread.java:695)
... Removed 14 stack frames</div></td></tr></table><p class="totop"><a href="#summary">back to summary</a></p><h2>MyAccountOptionsTest</h2><h3 id="m14">com.baublebar.testcases.topmenubar.MyAccountOptionsTest#LoginTest</h3><table class="result"><tr class="param"><th>Parameter #1</th></tr><tr class="param stripe"><td>{Options=Invite Friends, Runmode=Y}</td></tr><tr><th>Exception</th></tr><tr><td><div class="stacktrace">java.lang.AssertionError: expected [INVITE FRIENDS] but found [TRANSFERS]
	at com.baublebar.pages.TopMenuBarPage.myAccountOptions(TopMenuBarPage.java:349)
	at com.baublebar.testcases.topmenubar.MyAccountOptionsTest.LoginTest(MyAccountOptionsTest.java:34)
... Removed 28 stack frames</div></td></tr></table><p class="totop"><a href="#summary">back to summary</a></p><h3 id="m15">com.baublebar.testcases.topmenubar.MyAccountOptionsTest#LoginTest</h3><table class="result"><tr class="param"><th>Parameter #1</th></tr><tr class="param stripe"><td>{Options=Dashboard, Runmode=Y}</td></tr></table><p class="totop"><a href="#summary">back to summary</a></p><h3 id="m16">com.baublebar.testcases.topmenubar.MyAccountOptionsTest#LoginTest</h3><table class="result"><tr class="param"><th>Parameter #1</th></tr><tr class="param stripe"><td>{Options=Vault Points, Runmode=Y}</td></tr></table><p class="totop"><a href="#summary">back to summary</a></p><h3 id="m17">com.baublebar.testcases.topmenubar.MyAccountOptionsTest#LoginTest</h3><table class="result"><tr class="param"><th>Parameter #1</th></tr><tr class="param stripe"><td>{Options=My Waitlist, Runmode=Y}</td></tr></table><p class="totop"><a href="#summary">back to summary</a></p><h3 id="m18">com.baublebar.testcases.topmenubar.MyAccountOptionsTest#LoginTest</h3><table class="result"><tr class="param"><th>Parameter #1</th></tr><tr class="param stripe"><td>{Options=My Hearts, Runmode=Y}</td></tr></table><p class="totop"><a href="#summary">back to summary</a></p><h2>LogoutTest</h2><h3 id="m19">com.baublebar.testcases.topmenubar.LogoutTest#LogoutTest</h3><table class="result"><tr class="param"><th>Parameter #1</th></tr><tr class="param stripe"><td>{Runmode=Y}</td></tr><tr><th>Exception</th></tr><tr><td><div class="stacktrace">org.openqa.selenium.TimeoutException: Timed out after 30 seconds waiting for element to be clickable: [[RemoteWebDriver: safari on MAC (a02099879d3849a2b21bb80fc72d0b65)] -&gt; xpath: //*[@id=&apos;nav-top-link-logout&apos;]]
Build info: version: &apos;2.43.1&apos;, revision: &apos;5163bce&apos;, time: &apos;2014-09-10 16:27:58&apos;
System info: host: &apos;Maitris-MacBook-Pro.local&apos;, ip: &apos;10.9.20.70&apos;, os.name: &apos;Mac OS X&apos;, os.arch: &apos;x86_64&apos;, os.version: &apos;10.9.5&apos;, java.version: &apos;1.6.0_65&apos;
Session ID: a02099879d3849a2b21bb80fc72d0b65
Driver info: org.openqa.selenium.remote.RemoteWebDriver
Capabilities [{platform=MAC, javascriptEnabled=true, hasMetadata=true, browserName=safari, networkConnectionEnabled=false, desired={platformVersion=8.2, deviceName=iPhone Simulator, platformName=iOS, browserName=safari, proxy={proxyAutoconfigUrl=http://127.0.0.1:19876/pac.js, proxyType=PAC}, webdriver.remote.quietExceptions=true}, locationContextEnabled=false, webdriver.remote.sessionid=a02099879d3849a2b21bb80fc72d0b65, platformVersion=8.2, databaseEnabled=false, platformName=iOS, deviceName=iPhone Simulator, safari=true, proxy={proxyAutoconfigUrl=http://127.0.0.1:19876/pac.js, proxyType=PAC}, webStorageEnabled=false, webdriver.remote.quietExceptions=true, warnings={}, takesScreenshot=true}]
	at org.openqa.selenium.support.ui.WebDriverWait.timeoutException(WebDriverWait.java:79)
	at org.openqa.selenium.support.ui.FluentWait.until(FluentWait.java:228)
	at com.baublebar.pages.TopMenuBarPage.logout(TopMenuBarPage.java:242)
	at com.baublebar.testcases.topmenubar.LogoutTest.LogoutTest(LogoutTest.java:33)
... Removed 23 stack frames</div></td></tr></table><p class="totop"><a href="#summary">back to summary</a></p><h2>ContactusTest</h2><h3 id="m20">com.baublebar.testcases.topmenubar.ContactusTest#contactusTest</h3><table class="result"><tr class="param"><th>Parameter #1</th></tr><tr class="param stripe"><td>{Runmode=Y}</td></tr><tr><th>Exception</th></tr><tr><td><div class="stacktrace">org.openqa.selenium.TimeoutException: Timed out after 30 seconds waiting for element to be clickable: [[RemoteWebDriver: safari on MAC (a02099879d3849a2b21bb80fc72d0b65)] -&gt; xpath: //*[@id=&apos;global&apos;]/div[1]/div[2]/ul/li[3]/a]
Build info: version: &apos;2.43.1&apos;, revision: &apos;5163bce&apos;, time: &apos;2014-09-10 16:27:58&apos;
System info: host: &apos;Maitris-MacBook-Pro.local&apos;, ip: &apos;10.9.20.70&apos;, os.name: &apos;Mac OS X&apos;, os.arch: &apos;x86_64&apos;, os.version: &apos;10.9.5&apos;, java.version: &apos;1.6.0_65&apos;
Session ID: a02099879d3849a2b21bb80fc72d0b65
Driver info: org.openqa.selenium.remote.RemoteWebDriver
Capabilities [{platform=MAC, javascriptEnabled=true, hasMetadata=true, browserName=safari, networkConnectionEnabled=false, desired={platformVersion=8.2, deviceName=iPhone Simulator, platformName=iOS, browserName=safari, proxy={proxyAutoconfigUrl=http://127.0.0.1:19876/pac.js, proxyType=PAC}, webdriver.remote.quietExceptions=true}, locationContextEnabled=false, webdriver.remote.sessionid=a02099879d3849a2b21bb80fc72d0b65, platformVersion=8.2, databaseEnabled=false, platformName=iOS, deviceName=iPhone Simulator, safari=true, proxy={proxyAutoconfigUrl=http://127.0.0.1:19876/pac.js, proxyType=PAC}, webStorageEnabled=false, webdriver.remote.quietExceptions=true, warnings={}, takesScreenshot=true}]
	at org.openqa.selenium.support.ui.WebDriverWait.timeoutException(WebDriverWait.java:79)
	at org.openqa.selenium.support.ui.FluentWait.until(FluentWait.java:228)
	at com.baublebar.pages.TopMenuBarPage.clickContactUs(TopMenuBarPage.java:288)
	at com.baublebar.testcases.topmenubar.ContactusTest.contactusTest(ContactusTest.java:33)
... Removed 23 stack frames</div></td></tr></table><p class="totop"><a href="#summary">back to summary</a></p><h2>VisitusTest</h2><h3 id="m21">com.baublebar.testcases.topmenubar.VisitusTest#LocationsTest</h3><table class="result"><tr class="param"><th>Parameter #1</th></tr><tr class="param stripe"><td>{Runmode=Y}</td></tr><tr><th>Exception</th></tr><tr><td><div class="stacktrace">org.openqa.selenium.TimeoutException: Timed out after 30 seconds waiting for element to be clickable: [[RemoteWebDriver: safari on MAC (a02099879d3849a2b21bb80fc72d0b65)] -&gt; xpath: //*[@id=&apos;global&apos;]/div[1]/div[2]/ul/li[4]/a]
Build info: version: &apos;2.43.1&apos;, revision: &apos;5163bce&apos;, time: &apos;2014-09-10 16:27:58&apos;
System info: host: &apos;Maitris-MacBook-Pro.local&apos;, ip: &apos;10.9.20.70&apos;, os.name: &apos;Mac OS X&apos;, os.arch: &apos;x86_64&apos;, os.version: &apos;10.9.5&apos;, java.version: &apos;1.6.0_65&apos;
Session ID: a02099879d3849a2b21bb80fc72d0b65
Driver info: org.openqa.selenium.remote.RemoteWebDriver
Capabilities [{platform=MAC, javascriptEnabled=true, hasMetadata=true, browserName=safari, networkConnectionEnabled=false, desired={platformVersion=8.2, deviceName=iPhone Simulator, platformName=iOS, browserName=safari, proxy={proxyAutoconfigUrl=http://127.0.0.1:19876/pac.js, proxyType=PAC}, webdriver.remote.quietExceptions=true}, locationContextEnabled=false, webdriver.remote.sessionid=a02099879d3849a2b21bb80fc72d0b65, platformVersion=8.2, databaseEnabled=false, platformName=iOS, deviceName=iPhone Simulator, safari=true, proxy={proxyAutoconfigUrl=http://127.0.0.1:19876/pac.js, proxyType=PAC}, webStorageEnabled=false, webdriver.remote.quietExceptions=true, warnings={}, takesScreenshot=true}]
	at org.openqa.selenium.support.ui.WebDriverWait.timeoutException(WebDriverWait.java:79)
	at org.openqa.selenium.support.ui.FluentWait.until(FluentWait.java:228)
	at com.baublebar.pages.TopMenuBarPage.clickVisitUs(TopMenuBarPage.java:294)
	at com.baublebar.testcases.topmenubar.VisitusTest.LocationsTest(VisitusTest.java:33)
... Removed 23 stack frames</div></td></tr></table><p class="totop"><a href="#summary">back to summary</a></p><h2>CreateAccountTest</h2><h3 id="m22">com.baublebar.testcases.topmenubar.CreateAccountTest#createAccTest</h3><table class="result"><tr class="param"><th>Parameter #1</th></tr><tr class="param stripe"><td>{Username=automation, Password=add123, Runmode=Y}</td></tr><tr><th>Exception</th></tr><tr><td><div class="stacktrace">org.openqa.selenium.TimeoutException: Timed out after 30 seconds waiting for element to be clickable: [[RemoteWebDriver: safari on MAC (a02099879d3849a2b21bb80fc72d0b65)] -&gt; xpath: //*[@id=&apos;nav-top-link-login&apos;]/a]
Build info: version: &apos;2.43.1&apos;, revision: &apos;5163bce&apos;, time: &apos;2014-09-10 16:27:58&apos;
System info: host: &apos;Maitris-MacBook-Pro.local&apos;, ip: &apos;10.9.20.70&apos;, os.name: &apos;Mac OS X&apos;, os.arch: &apos;x86_64&apos;, os.version: &apos;10.9.5&apos;, java.version: &apos;1.6.0_65&apos;
Session ID: a02099879d3849a2b21bb80fc72d0b65
Driver info: org.openqa.selenium.remote.RemoteWebDriver
Capabilities [{platform=MAC, javascriptEnabled=true, hasMetadata=true, browserName=safari, networkConnectionEnabled=false, desired={platformVersion=8.2, deviceName=iPhone Simulator, platformName=iOS, browserName=safari, proxy={proxyAutoconfigUrl=http://127.0.0.1:19876/pac.js, proxyType=PAC}, webdriver.remote.quietExceptions=true}, locationContextEnabled=false, webdriver.remote.sessionid=a02099879d3849a2b21bb80fc72d0b65, platformVersion=8.2, databaseEnabled=false, platformName=iOS, deviceName=iPhone Simulator, safari=true, proxy={proxyAutoconfigUrl=http://127.0.0.1:19876/pac.js, proxyType=PAC}, webStorageEnabled=false, webdriver.remote.quietExceptions=true, warnings={}, takesScreenshot=true}]
	at org.openqa.selenium.support.ui.WebDriverWait.timeoutException(WebDriverWait.java:79)
	at org.openqa.selenium.support.ui.FluentWait.until(FluentWait.java:228)
	at com.baublebar.pages.TopMenuBarPage.createAccount(TopMenuBarPage.java:202)
	at com.baublebar.testcases.topmenubar.CreateAccountTest.createAccTest(CreateAccountTest.java:33)
... Removed 23 stack frames</div></td></tr></table><p class="totop"><a href="#summary">back to summary</a></p></body></html>