<!DOCTYPE html>

<html>
  <head>
  <title>TestNG reports</title>

    <link type="text/css" href="testng-reports.css" rel="stylesheet" />  
    <script type="text/javascript" src="jquery-1.7.1.min.js"></script>
    <script type="text/javascript" src="testng-reports.js"></script>
    <script type="text/javascript" src="https://www.google.com/jsapi"></script>
    <script type='text/javascript'>
      google.load('visualization', '1', {packages:['table']});
      google.setOnLoadCallback(drawTable);
      var suiteTableInitFunctions = new Array();
      var suiteTableData = new Array();
    </script>
    <!--
      <script type="text/javascript" src="jquery-ui/js/jquery-ui-1.8.16.custom.min.js"></script>
     -->
  </head>

  <body>
    <div class="top-banner-root">
      <span class="top-banner-title-font">Test results</span>
      <br/>
      <span class="top-banner-font-1">1 suite, 10 failed tests</span>
    </div> <!-- top-banner-root -->
    <div class="navigator-root">
      <div class="navigator-suite-header">
        <span>All suites</span>
        <a href="#" class="collapse-all-link" title="Collapse/expand all the suites">
          <img class="collapse-all-icon" src="collapseall.gif">
          </img> <!-- collapse-all-icon -->
        </a> <!-- collapse-all-link -->
      </div> <!-- navigator-suite-header -->
      <div class="suite">
        <div class="rounded-window">
          <div class="suite-header light-rounded-window-top">
            <a href="#" class="navigator-link" panel-name="suite-Firefox">
              <span class="suite-name border-failed">Firefox</span>
            </a> <!-- navigator-link -->
          </div> <!-- suite-header light-rounded-window-top -->
          <div class="navigator-suite-content">
            <div class="suite-section-title">
              <span>Info</span>
            </div> <!-- suite-section-title -->
            <div class="suite-section-content">
              <ul>
                <li>
                  <a href="#" class="navigator-link " panel-name="test-xml-Firefox">
                    <span>Suite2.xml</span>
                  </a> <!-- navigator-link  -->
                </li>
                <li>
                  <a href="#" class="navigator-link " panel-name="testlist-Firefox">
                    <span class="test-stats">12 tests</span>
                  </a> <!-- navigator-link  -->
                </li>
                <li>
                  <a href="#" class="navigator-link " panel-name="group-Firefox">
                    <span>0 groups</span>
                  </a> <!-- navigator-link  -->
                </li>
                <li>
                  <a href="#" class="navigator-link " panel-name="times-Firefox">
                    <span>Times</span>
                  </a> <!-- navigator-link  -->
                </li>
                <li>
                  <a href="#" class="navigator-link " panel-name="reporter-Firefox">
                    <span>Reporter output</span>
                  </a> <!-- navigator-link  -->
                </li>
                <li>
                  <a href="#" class="navigator-link " panel-name="ignored-methods-Firefox">
                    <span>Ignored methods</span>
                  </a> <!-- navigator-link  -->
                </li>
                <li>
                  <a href="#" class="navigator-link " panel-name="chronological-Firefox">
                    <span>Chronological view</span>
                  </a> <!-- navigator-link  -->
                </li>
              </ul>
            </div> <!-- suite-section-content -->
            <div class="result-section">
              <div class="suite-section-title">
                <span>Results</span>
              </div> <!-- suite-section-title -->
              <div class="suite-section-content">
                <ul>
                  <li>
                    <span class="method-stats">23 methods, 10 failed,   13 passed</span>
                  </li>
                  <li>
                    <span class="method-list-title failed">Failed methods</span>
                    <span class="show-or-hide-methods failed">
                      <a href="#" panel-name="suite-Firefox" class="hide-methods failed suite-Firefox"> (hide)</a> <!-- hide-methods failed suite-Firefox -->
                      <a href="#" panel-name="suite-Firefox" class="show-methods failed suite-Firefox"> (show)</a> <!-- show-methods failed suite-Firefox -->
                    </span>
                    <div class="method-list-content failed suite-Firefox">
                      <span>
                        <img width="3%" src="failed.png"/>
                        <a href="#" class="method navigator-link" panel-name="suite-Firefox" title="com.baublebar.testcases.topmenubar.VisitusTest" hash-for-method="LocationsTest({Runmode=Y})">LocationsTest({Runmode=Y})</a> <!-- method navigator-link -->
                      </span>
                      <br/>
                      <span>
                        <img width="3%" src="failed.png"/>
                        <a href="#" class="method navigator-link" panel-name="suite-Firefox" title="com.baublebar.testcases.topmenubar.LoginTest" hash-for-method="LoginTest({Username=qa@baublebar.com, Password=test123, Runmode=Y})">LoginTest({Username=qa@baublebar.com, Password=test123, Runmode=Y})</a> <!-- method navigator-link -->
                      </span>
                      <br/>
                      <span>
                        <img width="3%" src="failed.png"/>
                        <a href="#" class="method navigator-link" panel-name="suite-Firefox" title="com.baublebar.testcases.topmenubar.MyAccountOptionsTest" hash-for-method="LoginTest({Options=Invite Friends, Runmode=Y})">LoginTest({Options=Invite Friends, Runmode=Y})</a> <!-- method navigator-link -->
                      </span>
                      <br/>
                      <span>
                        <img width="3%" src="failed.png"/>
                        <a href="#" class="method navigator-link" panel-name="suite-Firefox" title="com.baublebar.testcases.topmenubar.LogoutTest" hash-for-method="LogoutTest({Runmode=Y})">LogoutTest({Runmode=Y})</a> <!-- method navigator-link -->
                      </span>
                      <br/>
                      <span>
                        <img width="3%" src="failed.png"/>
                        <a href="#" class="method navigator-link" panel-name="suite-Firefox" title="com.baublebar.testcases.shoppingcart.PlaceOrderNewUserTest" hash-for-method="PlaceOrderTest({Zip=7890, ProductName=ice-dog-tag-layered-pendant-necklace, Runmode=Y, Phone=100-100-1000, Street=7...)">PlaceOrderTest({Zip=7890, ProductName=ice-dog-tag-layered-pendant-necklace, Runmode=Y, Phone=100-100-1000, Street=7...)</a> <!-- method navigator-link -->
                      </span>
                      <br/>
                      <span>
                        <img width="3%" src="failed.png"/>
                        <a href="#" class="method navigator-link" panel-name="suite-Firefox" title="com.baublebar.testcases.shoppingcart.PlaceOrderTest" hash-for-method="PlaceOrderTest({Runmode=Y, ProductName=ice-dog-tag-layered-pendant-necklace})">PlaceOrderTest({Runmode=Y, ProductName=ice-dog-tag-layered-pendant-necklace})</a> <!-- method navigator-link -->
                      </span>
                      <br/>
                      <span>
                        <img width="3%" src="failed.png"/>
                        <a href="#" class="method navigator-link" panel-name="suite-Firefox" title="com.baublebar.testcases.topmenubar.ShoppingCartTest" hash-for-method="ShoppingCartTest({Runmode=Y})">ShoppingCartTest({Runmode=Y})</a> <!-- method navigator-link -->
                      </span>
                      <br/>
                      <span>
                        <img width="3%" src="failed.png"/>
                        <a href="#" class="method navigator-link" panel-name="suite-Firefox" title="com.baublebar.testcases.topmenubar.ContactusTest" hash-for-method="contactusTest({Runmode=Y})">contactusTest({Runmode=Y})</a> <!-- method navigator-link -->
                      </span>
                      <br/>
                      <span>
                        <img width="3%" src="failed.png"/>
                        <a href="#" class="method navigator-link" panel-name="suite-Firefox" title="com.baublebar.testcases.topmenubar.CreateAccountTest" hash-for-method="createAccTest({Username=automation, Password=add123, Runmode=Y})">createAccTest({Username=automation, Password=add123, Runmode=Y})</a> <!-- method navigator-link -->
                      </span>
                      <br/>
                      <span>
                        <img width="3%" src="failed.png"/>
                        <a href="#" class="method navigator-link" panel-name="suite-Firefox" title="com.baublebar.testcases.topmenubar.SignupForDiscountTest" hash-for-method="signupForDiscountTest({Runmode=Y, DiscountEmail=cmaitri@yahoo.com})">signupForDiscountTest({Runmode=Y, DiscountEmail=cmaitri@yahoo.com})</a> <!-- method navigator-link -->
                      </span>
                      <br/>
                    </div> <!-- method-list-content failed suite-Firefox -->
                  </li>
                  <li>
                    <span class="method-list-title passed">Passed methods</span>
                    <span class="show-or-hide-methods passed">
                      <a href="#" panel-name="suite-Firefox" class="hide-methods passed suite-Firefox"> (hide)</a> <!-- hide-methods passed suite-Firefox -->
                      <a href="#" panel-name="suite-Firefox" class="show-methods passed suite-Firefox"> (show)</a> <!-- show-methods passed suite-Firefox -->
                    </span>
                    <div class="method-list-content passed suite-Firefox">
                      <span>
                        <img width="3%" src="passed.png"/>
                        <a href="#" class="method navigator-link" panel-name="suite-Firefox" title="com.baublebar.testcases.topmenubar.MyAccountOptionsTest" hash-for-method="LoginTest({Options=Dashboard, Runmode=Y})">LoginTest({Options=Dashboard, Runmode=Y})</a> <!-- method navigator-link -->
                      </span>
                      <br/>
                      <span>
                        <img width="3%" src="passed.png"/>
                        <a href="#" class="method navigator-link" panel-name="suite-Firefox" title="com.baublebar.testcases.topmenubar.MyAccountOptionsTest" hash-for-method="LoginTest({Options=Vault Points, Runmode=Y})">LoginTest({Options=Vault Points, Runmode=Y})</a> <!-- method navigator-link -->
                      </span>
                      <br/>
                      <span>
                        <img width="3%" src="passed.png"/>
                        <a href="#" class="method navigator-link" panel-name="suite-Firefox" title="com.baublebar.testcases.topmenubar.MyAccountOptionsTest" hash-for-method="LoginTest({Options=My Waitlist, Runmode=Y})">LoginTest({Options=My Waitlist, Runmode=Y})</a> <!-- method navigator-link -->
                      </span>
                      <br/>
                      <span>
                        <img width="3%" src="passed.png"/>
                        <a href="#" class="method navigator-link" panel-name="suite-Firefox" title="com.baublebar.testcases.topmenubar.MyAccountOptionsTest" hash-for-method="LoginTest({Options=My Hearts, Runmode=Y})">LoginTest({Options=My Hearts, Runmode=Y})</a> <!-- method navigator-link -->
                      </span>
                      <br/>
                      <span>
                        <img width="3%" src="passed.png"/>
                        <a href="#" class="method navigator-link" panel-name="suite-Firefox" title="com.baublebar.testcases.mainnavigationbar.MainNavigationBarTest" hash-for-method="MainNavigationBarTest({Runmode=Y, CategoryName=Earrings})">MainNavigationBarTest({Runmode=Y, CategoryName=Earrings})</a> <!-- method navigator-link -->
                      </span>
                      <br/>
                      <span>
                        <img width="3%" src="passed.png"/>
                        <a href="#" class="method navigator-link" panel-name="suite-Firefox" title="com.baublebar.testcases.mainnavigationbar.MainNavigationBarTest" hash-for-method="MainNavigationBarTest({Runmode=Y, CategoryName=Rings})">MainNavigationBarTest({Runmode=Y, CategoryName=Rings})</a> <!-- method navigator-link -->
                      </span>
                      <br/>
                      <span>
                        <img width="3%" src="passed.png"/>
                        <a href="#" class="method navigator-link" panel-name="suite-Firefox" title="com.baublebar.testcases.mainnavigationbar.MainNavigationBarTest" hash-for-method="MainNavigationBarTest({Runmode=Y, CategoryName=Minibar})">MainNavigationBarTest({Runmode=Y, CategoryName=Minibar})</a> <!-- method navigator-link -->
                      </span>
                      <br/>
                      <span>
                        <img width="3%" src="passed.png"/>
                        <a href="#" class="method navigator-link" panel-name="suite-Firefox" title="com.baublebar.testcases.mainnavigationbar.MainNavigationBarTest" hash-for-method="MainNavigationBarTest({Runmode=Y, CategoryName=Bracelets})">MainNavigationBarTest({Runmode=Y, CategoryName=Bracelets})</a> <!-- method navigator-link -->
                      </span>
                      <br/>
                      <span>
                        <img width="3%" src="passed.png"/>
                        <a href="#" class="method navigator-link" panel-name="suite-Firefox" title="com.baublebar.testcases.mainnavigationbar.MainNavigationBarTest" hash-for-method="MainNavigationBarTest({Runmode=Y, CategoryName=Necklaces})">MainNavigationBarTest({Runmode=Y, CategoryName=Necklaces})</a> <!-- method navigator-link -->
                      </span>
                      <br/>
                      <span>
                        <img width="3%" src="passed.png"/>
                        <a href="#" class="method navigator-link" panel-name="suite-Firefox" title="com.baublebar.testcases.mainnavigationbar.MainNavigationBarTest" hash-for-method="MainNavigationBarTest({Runmode=Y, CategoryName=Guest})">MainNavigationBarTest({Runmode=Y, CategoryName=Guest})</a> <!-- method navigator-link -->
                      </span>
                      <br/>
                      <span>
                        <img width="3%" src="passed.png"/>
                        <a href="#" class="method navigator-link" panel-name="suite-Firefox" title="com.baublebar.testcases.mainnavigationbar.MainNavigationBarTest" hash-for-method="MainNavigationBarTest({Runmode=Y, CategoryName=Personalized})">MainNavigationBarTest({Runmode=Y, CategoryName=Personalized})</a> <!-- method navigator-link -->
                      </span>
                      <br/>
                      <span>
                        <img width="3%" src="passed.png"/>
                        <a href="#" class="method navigator-link" panel-name="suite-Firefox" title="com.baublebar.testcases.mainnavigationbar.MainNavigationBarTest" hash-for-method="MainNavigationBarTest({Runmode=Y, CategoryName=What’s New})">MainNavigationBarTest({Runmode=Y, CategoryName=What’s New})</a> <!-- method navigator-link -->
                      </span>
                      <br/>
                      <span>
                        <img width="3%" src="passed.png"/>
                        <a href="#" class="method navigator-link" panel-name="suite-Firefox" title="com.baublebar.testcases.LoadBaublebarTest" hash-for-method="loadBaublebar">loadBaublebar</a> <!-- method navigator-link -->
                      </span>
                      <br/>
                    </div> <!-- method-list-content passed suite-Firefox -->
                  </li>
                </ul>
              </div> <!-- suite-section-content -->
            </div> <!-- result-section -->
          </div> <!-- navigator-suite-content -->
        </div> <!-- rounded-window -->
      </div> <!-- suite -->
    </div> <!-- navigator-root -->
    <div class="wrapper">
      <div class="main-panel-root">
        <div panel-name="suite-Firefox" class="panel Firefox">
          <div class="suite-Firefox-class-failed">
            <div class="main-panel-header rounded-window-top">
              <img src="failed.png"/>
              <span class="class-name">com.baublebar.testcases.topmenubar.LogoutTest</span>
            </div> <!-- main-panel-header rounded-window-top -->
            <div class="main-panel-content rounded-window-bottom">
              <div class="method">
                <div class="method-content">
                  <a name="LogoutTest({Runmode=Y})">
                  </a> <!-- LogoutTest({Runmode=Y}) -->
                  <span class="method-name">LogoutTest</span>
                  <span class="parameters">({Runmode=Y})</span>
                  <div class="stack-trace">org.openqa.selenium.TimeoutException: Timed out after 30 seconds waiting for element to be clickable: [[RemoteWebDriver: safari on MAC (a02099879d3849a2b21bb80fc72d0b65)] -&gt; xpath: //*[@id=&apos;nav-top-link-logout&apos;]]
Build info: version: &apos;2.43.1&apos;, revision: &apos;5163bce&apos;, time: &apos;2014-09-10 16:27:58&apos;
System info: host: &apos;Maitris-MacBook-Pro.local&apos;, ip: &apos;10.9.20.70&apos;, os.name: &apos;Mac OS X&apos;, os.arch: &apos;x86_64&apos;, os.version: &apos;10.9.5&apos;, java.version: &apos;1.6.0_65&apos;
Session ID: a02099879d3849a2b21bb80fc72d0b65
Driver info: org.openqa.selenium.remote.RemoteWebDriver
Capabilities [{platform=MAC, javascriptEnabled=true, hasMetadata=true, browserName=safari, networkConnectionEnabled=false, desired={platformVersion=8.2, deviceName=iPhone Simulator, platformName=iOS, browserName=safari, proxy={proxyAutoconfigUrl=http://127.0.0.1:19876/pac.js, proxyType=PAC}, webdriver.remote.quietExceptions=true}, locationContextEnabled=false, webdriver.remote.sessionid=a02099879d3849a2b21bb80fc72d0b65, platformVersion=8.2, databaseEnabled=false, platformName=iOS, deviceName=iPhone Simulator, safari=true, proxy={proxyAutoconfigUrl=http://127.0.0.1:19876/pac.js, proxyType=PAC}, webStorageEnabled=false, webdriver.remote.quietExceptions=true, warnings={}, takesScreenshot=true}]
	at org.openqa.selenium.support.ui.WebDriverWait.timeoutException(WebDriverWait.java:79)
	at org.openqa.selenium.support.ui.FluentWait.until(FluentWait.java:228)
	at com.baublebar.pages.TopMenuBarPage.logout(TopMenuBarPage.java:242)
	at com.baublebar.testcases.topmenubar.LogoutTest.LogoutTest(LogoutTest.java:33)
... Removed 23 stack frames
</div> <!-- stack-trace -->
                </div> <!-- method-content -->
              </div> <!-- method -->
            </div> <!-- main-panel-content rounded-window-bottom -->
          </div> <!-- suite-Firefox-class-failed -->
          <div class="suite-Firefox-class-failed">
            <div class="main-panel-header rounded-window-top">
              <img src="failed.png"/>
              <span class="class-name">com.baublebar.testcases.topmenubar.MyAccountOptionsTest</span>
            </div> <!-- main-panel-header rounded-window-top -->
            <div class="main-panel-content rounded-window-bottom">
              <div class="method">
                <div class="method-content">
                  <a name="LoginTest({Options=Invite Friends, Runmode=Y})">
                  </a> <!-- LoginTest({Options=Invite Friends, Runmode=Y}) -->
                  <span class="method-name">LoginTest</span>
                  <span class="parameters">({Options=Invite Friends, Runmode=Y})</span>
                  <div class="stack-trace">java.lang.AssertionError: expected [INVITE FRIENDS] but found [TRANSFERS]
	at com.baublebar.pages.TopMenuBarPage.myAccountOptions(TopMenuBarPage.java:349)
	at com.baublebar.testcases.topmenubar.MyAccountOptionsTest.LoginTest(MyAccountOptionsTest.java:34)
... Removed 28 stack frames
</div> <!-- stack-trace -->
                </div> <!-- method-content -->
              </div> <!-- method -->
            </div> <!-- main-panel-content rounded-window-bottom -->
          </div> <!-- suite-Firefox-class-failed -->
          <div class="suite-Firefox-class-failed">
            <div class="main-panel-header rounded-window-top">
              <img src="failed.png"/>
              <span class="class-name">com.baublebar.testcases.shoppingcart.PlaceOrderTest</span>
            </div> <!-- main-panel-header rounded-window-top -->
            <div class="main-panel-content rounded-window-bottom">
              <div class="method">
                <div class="method-content">
                  <a name="PlaceOrderTest({Runmode=Y, ProductName=ice-dog-tag-layered-pendant-necklace})">
                  </a> <!-- PlaceOrderTest({Runmode=Y, ProductName=ice-dog-tag-layered-pendant-necklace}) -->
                  <span class="method-name">PlaceOrderTest</span>
                  <span class="parameters">({Runmode=Y, ProductName=ice-dog-tag-layered-pendant-necklace})</span>
                  <div class="stack-trace">org.openqa.selenium.TimeoutException: Timed out after 30 seconds waiting for element to be clickable: [[RemoteWebDriver: safari on MAC (a02099879d3849a2b21bb80fc72d0b65)] -&gt; xpath: //*[@id=&apos;nav-top-link-cart&apos;]/a/span[1]]
Build info: version: &apos;2.43.1&apos;, revision: &apos;5163bce&apos;, time: &apos;2014-09-10 16:27:58&apos;
System info: host: &apos;Maitris-MacBook-Pro.local&apos;, ip: &apos;10.9.20.70&apos;, os.name: &apos;Mac OS X&apos;, os.arch: &apos;x86_64&apos;, os.version: &apos;10.9.5&apos;, java.version: &apos;1.6.0_65&apos;
Session ID: a02099879d3849a2b21bb80fc72d0b65
Driver info: org.openqa.selenium.remote.RemoteWebDriver
Capabilities [{platform=MAC, javascriptEnabled=true, hasMetadata=true, browserName=safari, networkConnectionEnabled=false, desired={platformVersion=8.2, deviceName=iPhone Simulator, platformName=iOS, browserName=safari, proxy={proxyAutoconfigUrl=http://127.0.0.1:19876/pac.js, proxyType=PAC}, webdriver.remote.quietExceptions=true}, locationContextEnabled=false, webdriver.remote.sessionid=a02099879d3849a2b21bb80fc72d0b65, platformVersion=8.2, databaseEnabled=false, platformName=iOS, deviceName=iPhone Simulator, safari=true, proxy={proxyAutoconfigUrl=http://127.0.0.1:19876/pac.js, proxyType=PAC}, webStorageEnabled=false, webdriver.remote.quietExceptions=true, warnings={}, takesScreenshot=true}]
	at org.openqa.selenium.support.ui.WebDriverWait.timeoutException(WebDriverWait.java:79)
	at org.openqa.selenium.support.ui.FluentWait.until(FluentWait.java:228)
	at com.baublebar.pages.BaublebarPage.placeOrder(BaublebarPage.java:224)
	at com.baublebar.testcases.shoppingcart.PlaceOrderTest.PlaceOrderTest(PlaceOrderTest.java:27)
... Removed 23 stack frames
</div> <!-- stack-trace -->
                </div> <!-- method-content -->
              </div> <!-- method -->
            </div> <!-- main-panel-content rounded-window-bottom -->
          </div> <!-- suite-Firefox-class-failed -->
          <div class="suite-Firefox-class-failed">
            <div class="main-panel-header rounded-window-top">
              <img src="failed.png"/>
              <span class="class-name">com.baublebar.testcases.topmenubar.SignupForDiscountTest</span>
            </div> <!-- main-panel-header rounded-window-top -->
            <div class="main-panel-content rounded-window-bottom">
              <div class="method">
                <div class="method-content">
                  <a name="signupForDiscountTest({Runmode=Y, DiscountEmail=cmaitri@yahoo.com})">
                  </a> <!-- signupForDiscountTest({Runmode=Y, DiscountEmail=cmaitri@yahoo.com}) -->
                  <span class="method-name">signupForDiscountTest</span>
                  <span class="parameters">({Runmode=Y, DiscountEmail=cmaitri@yahoo.com})</span>
                  <div class="stack-trace">org.openqa.selenium.TimeoutException: Timed out after 30 seconds waiting for visibility of [[RemoteWebDriver: safari on MAC (a02099879d3849a2b21bb80fc72d0b65)] -&gt; xpath: //*[@id=&apos;email-signup&apos;]/div/div[2]/p[1]]
Build info: version: &apos;2.43.1&apos;, revision: &apos;5163bce&apos;, time: &apos;2014-09-10 16:27:58&apos;
System info: host: &apos;Maitris-MacBook-Pro.local&apos;, ip: &apos;10.9.20.70&apos;, os.name: &apos;Mac OS X&apos;, os.arch: &apos;x86_64&apos;, os.version: &apos;10.9.5&apos;, java.version: &apos;1.6.0_65&apos;
Session ID: a02099879d3849a2b21bb80fc72d0b65
Driver info: org.openqa.selenium.remote.RemoteWebDriver
Capabilities [{platform=MAC, javascriptEnabled=true, hasMetadata=true, browserName=safari, networkConnectionEnabled=false, desired={platformVersion=8.2, deviceName=iPhone Simulator, platformName=iOS, browserName=safari, proxy={proxyAutoconfigUrl=http://127.0.0.1:19876/pac.js, proxyType=PAC}, webdriver.remote.quietExceptions=true}, locationContextEnabled=false, webdriver.remote.sessionid=a02099879d3849a2b21bb80fc72d0b65, platformVersion=8.2, databaseEnabled=false, platformName=iOS, deviceName=iPhone Simulator, safari=true, proxy={proxyAutoconfigUrl=http://127.0.0.1:19876/pac.js, proxyType=PAC}, webStorageEnabled=false, webdriver.remote.quietExceptions=true, warnings={}, takesScreenshot=true}]
	at org.openqa.selenium.support.ui.WebDriverWait.timeoutException(WebDriverWait.java:79)
	at org.openqa.selenium.support.ui.FluentWait.until(FluentWait.java:228)
	at com.baublebar.pages.TopMenuBarPage.signupForDiscount(TopMenuBarPage.java:192)
	at com.baublebar.testcases.topmenubar.SignupForDiscountTest.signupForDiscountTest(SignupForDiscountTest.java:34)
... Removed 23 stack frames
</div> <!-- stack-trace -->
                </div> <!-- method-content -->
              </div> <!-- method -->
            </div> <!-- main-panel-content rounded-window-bottom -->
          </div> <!-- suite-Firefox-class-failed -->
          <div class="suite-Firefox-class-failed">
            <div class="main-panel-header rounded-window-top">
              <img src="failed.png"/>
              <span class="class-name">com.baublebar.testcases.topmenubar.VisitusTest</span>
            </div> <!-- main-panel-header rounded-window-top -->
            <div class="main-panel-content rounded-window-bottom">
              <div class="method">
                <div class="method-content">
                  <a name="LocationsTest({Runmode=Y})">
                  </a> <!-- LocationsTest({Runmode=Y}) -->
                  <span class="method-name">LocationsTest</span>
                  <span class="parameters">({Runmode=Y})</span>
                  <div class="stack-trace">org.openqa.selenium.TimeoutException: Timed out after 30 seconds waiting for element to be clickable: [[RemoteWebDriver: safari on MAC (a02099879d3849a2b21bb80fc72d0b65)] -&gt; xpath: //*[@id=&apos;global&apos;]/div[1]/div[2]/ul/li[4]/a]
Build info: version: &apos;2.43.1&apos;, revision: &apos;5163bce&apos;, time: &apos;2014-09-10 16:27:58&apos;
System info: host: &apos;Maitris-MacBook-Pro.local&apos;, ip: &apos;10.9.20.70&apos;, os.name: &apos;Mac OS X&apos;, os.arch: &apos;x86_64&apos;, os.version: &apos;10.9.5&apos;, java.version: &apos;1.6.0_65&apos;
Session ID: a02099879d3849a2b21bb80fc72d0b65
Driver info: org.openqa.selenium.remote.RemoteWebDriver
Capabilities [{platform=MAC, javascriptEnabled=true, hasMetadata=true, browserName=safari, networkConnectionEnabled=false, desired={platformVersion=8.2, deviceName=iPhone Simulator, platformName=iOS, browserName=safari, proxy={proxyAutoconfigUrl=http://127.0.0.1:19876/pac.js, proxyType=PAC}, webdriver.remote.quietExceptions=true}, locationContextEnabled=false, webdriver.remote.sessionid=a02099879d3849a2b21bb80fc72d0b65, platformVersion=8.2, databaseEnabled=false, platformName=iOS, deviceName=iPhone Simulator, safari=true, proxy={proxyAutoconfigUrl=http://127.0.0.1:19876/pac.js, proxyType=PAC}, webStorageEnabled=false, webdriver.remote.quietExceptions=true, warnings={}, takesScreenshot=true}]
	at org.openqa.selenium.support.ui.WebDriverWait.timeoutException(WebDriverWait.java:79)
	at org.openqa.selenium.support.ui.FluentWait.until(FluentWait.java:228)
	at com.baublebar.pages.TopMenuBarPage.clickVisitUs(TopMenuBarPage.java:294)
	at com.baublebar.testcases.topmenubar.VisitusTest.LocationsTest(VisitusTest.java:33)
... Removed 23 stack frames
</div> <!-- stack-trace -->
                </div> <!-- method-content -->
              </div> <!-- method -->
            </div> <!-- main-panel-content rounded-window-bottom -->
          </div> <!-- suite-Firefox-class-failed -->
          <div class="suite-Firefox-class-failed">
            <div class="main-panel-header rounded-window-top">
              <img src="failed.png"/>
              <span class="class-name">com.baublebar.testcases.shoppingcart.PlaceOrderNewUserTest</span>
            </div> <!-- main-panel-header rounded-window-top -->
            <div class="main-panel-content rounded-window-bottom">
              <div class="method">
                <div class="method-content">
                  <a name="PlaceOrderTest({Zip=7890, ProductName=ice-dog-tag-layered-pendant-necklace, Runmode=Y, Phone=100-100-1000, Street=7...)">
                  </a> <!-- PlaceOrderTest({Zip=7890, ProductName=ice-dog-tag-layered-pendant-necklace, Runmode=Y, Phone=100-100-1000, Street=7...) -->
                  <span class="method-name">PlaceOrderTest</span>
                  <span class="parameters">({Zip=7890, ProductName=ice-dog-tag-layered-pendant-necklace, Runmode=Y, Phone=100-100-1000, Street=75 Lawrence St, UserName=NewUser, Password=test123, CreditCard=378282246310005, LastName=QA, City=Dallas, FirstName=Automation, CVVNumber=1234, State=Texas})</span>
                  <div class="stack-trace">org.openqa.selenium.TimeoutException: Timed out after 30 seconds waiting for element to be clickable: [[RemoteWebDriver: safari on MAC (a02099879d3849a2b21bb80fc72d0b65)] -&gt; xpath: //*[@id=&apos;nav-top-link-cart&apos;]/a/span[1]]
Build info: version: &apos;2.43.1&apos;, revision: &apos;5163bce&apos;, time: &apos;2014-09-10 16:27:58&apos;
System info: host: &apos;Maitris-MacBook-Pro.local&apos;, ip: &apos;10.9.20.70&apos;, os.name: &apos;Mac OS X&apos;, os.arch: &apos;x86_64&apos;, os.version: &apos;10.9.5&apos;, java.version: &apos;1.6.0_65&apos;
Session ID: a02099879d3849a2b21bb80fc72d0b65
Driver info: org.openqa.selenium.remote.RemoteWebDriver
Capabilities [{platform=MAC, javascriptEnabled=true, hasMetadata=true, browserName=safari, networkConnectionEnabled=false, desired={platformVersion=8.2, deviceName=iPhone Simulator, platformName=iOS, browserName=safari, proxy={proxyAutoconfigUrl=http://127.0.0.1:19876/pac.js, proxyType=PAC}, webdriver.remote.quietExceptions=true}, locationContextEnabled=false, webdriver.remote.sessionid=a02099879d3849a2b21bb80fc72d0b65, platformVersion=8.2, databaseEnabled=false, platformName=iOS, deviceName=iPhone Simulator, safari=true, proxy={proxyAutoconfigUrl=http://127.0.0.1:19876/pac.js, proxyType=PAC}, webStorageEnabled=false, webdriver.remote.quietExceptions=true, warnings={}, takesScreenshot=true}]
	at org.openqa.selenium.support.ui.WebDriverWait.timeoutException(WebDriverWait.java:79)
	at org.openqa.selenium.support.ui.FluentWait.until(FluentWait.java:228)
	at com.baublebar.pages.BaublebarPage.placeOrder(BaublebarPage.java:224)
	at com.baublebar.testcases.shoppingcart.PlaceOrderNewUserTest.PlaceOrderTest(PlaceOrderNewUserTest.java:27)
... Removed 23 stack frames
</div> <!-- stack-trace -->
                </div> <!-- method-content -->
              </div> <!-- method -->
            </div> <!-- main-panel-content rounded-window-bottom -->
          </div> <!-- suite-Firefox-class-failed -->
          <div class="suite-Firefox-class-failed">
            <div class="main-panel-header rounded-window-top">
              <img src="failed.png"/>
              <span class="class-name">com.baublebar.testcases.topmenubar.ContactusTest</span>
            </div> <!-- main-panel-header rounded-window-top -->
            <div class="main-panel-content rounded-window-bottom">
              <div class="method">
                <div class="method-content">
                  <a name="contactusTest({Runmode=Y})">
                  </a> <!-- contactusTest({Runmode=Y}) -->
                  <span class="method-name">contactusTest</span>
                  <span class="parameters">({Runmode=Y})</span>
                  <div class="stack-trace">org.openqa.selenium.TimeoutException: Timed out after 30 seconds waiting for element to be clickable: [[RemoteWebDriver: safari on MAC (a02099879d3849a2b21bb80fc72d0b65)] -&gt; xpath: //*[@id=&apos;global&apos;]/div[1]/div[2]/ul/li[3]/a]
Build info: version: &apos;2.43.1&apos;, revision: &apos;5163bce&apos;, time: &apos;2014-09-10 16:27:58&apos;
System info: host: &apos;Maitris-MacBook-Pro.local&apos;, ip: &apos;10.9.20.70&apos;, os.name: &apos;Mac OS X&apos;, os.arch: &apos;x86_64&apos;, os.version: &apos;10.9.5&apos;, java.version: &apos;1.6.0_65&apos;
Session ID: a02099879d3849a2b21bb80fc72d0b65
Driver info: org.openqa.selenium.remote.RemoteWebDriver
Capabilities [{platform=MAC, javascriptEnabled=true, hasMetadata=true, browserName=safari, networkConnectionEnabled=false, desired={platformVersion=8.2, deviceName=iPhone Simulator, platformName=iOS, browserName=safari, proxy={proxyAutoconfigUrl=http://127.0.0.1:19876/pac.js, proxyType=PAC}, webdriver.remote.quietExceptions=true}, locationContextEnabled=false, webdriver.remote.sessionid=a02099879d3849a2b21bb80fc72d0b65, platformVersion=8.2, databaseEnabled=false, platformName=iOS, deviceName=iPhone Simulator, safari=true, proxy={proxyAutoconfigUrl=http://127.0.0.1:19876/pac.js, proxyType=PAC}, webStorageEnabled=false, webdriver.remote.quietExceptions=true, warnings={}, takesScreenshot=true}]
	at org.openqa.selenium.support.ui.WebDriverWait.timeoutException(WebDriverWait.java:79)
	at org.openqa.selenium.support.ui.FluentWait.until(FluentWait.java:228)
	at com.baublebar.pages.TopMenuBarPage.clickContactUs(TopMenuBarPage.java:288)
	at com.baublebar.testcases.topmenubar.ContactusTest.contactusTest(ContactusTest.java:33)
... Removed 23 stack frames
</div> <!-- stack-trace -->
                </div> <!-- method-content -->
              </div> <!-- method -->
            </div> <!-- main-panel-content rounded-window-bottom -->
          </div> <!-- suite-Firefox-class-failed -->
          <div class="suite-Firefox-class-failed">
            <div class="main-panel-header rounded-window-top">
              <img src="failed.png"/>
              <span class="class-name">com.baublebar.testcases.topmenubar.ShoppingCartTest</span>
            </div> <!-- main-panel-header rounded-window-top -->
            <div class="main-panel-content rounded-window-bottom">
              <div class="method">
                <div class="method-content">
                  <a name="ShoppingCartTest({Runmode=Y})">
                  </a> <!-- ShoppingCartTest({Runmode=Y}) -->
                  <span class="method-name">ShoppingCartTest</span>
                  <span class="parameters">({Runmode=Y})</span>
                  <div class="stack-trace">org.openqa.selenium.TimeoutException: Timed out after 30 seconds waiting for visibility of Proxy element for: org.openqa.selenium.support.pagefactory.DefaultElementLocator@6d3d422d
Build info: version: &apos;2.43.1&apos;, revision: &apos;5163bce&apos;, time: &apos;2014-09-10 16:27:58&apos;
System info: host: &apos;Maitris-MacBook-Pro.local&apos;, ip: &apos;10.9.20.70&apos;, os.name: &apos;Mac OS X&apos;, os.arch: &apos;x86_64&apos;, os.version: &apos;10.9.5&apos;, java.version: &apos;1.6.0_65&apos;
Session ID: a02099879d3849a2b21bb80fc72d0b65
Driver info: org.openqa.selenium.remote.RemoteWebDriver
Capabilities [{platform=MAC, javascriptEnabled=true, hasMetadata=true, browserName=safari, networkConnectionEnabled=false, desired={platformVersion=8.2, deviceName=iPhone Simulator, platformName=iOS, browserName=safari, proxy={proxyAutoconfigUrl=http://127.0.0.1:19876/pac.js, proxyType=PAC}, webdriver.remote.quietExceptions=true}, locationContextEnabled=false, webdriver.remote.sessionid=a02099879d3849a2b21bb80fc72d0b65, platformVersion=8.2, databaseEnabled=false, platformName=iOS, deviceName=iPhone Simulator, safari=true, proxy={proxyAutoconfigUrl=http://127.0.0.1:19876/pac.js, proxyType=PAC}, webStorageEnabled=false, webdriver.remote.quietExceptions=true, warnings={}, takesScreenshot=true}]
	at org.openqa.selenium.support.ui.WebDriverWait.timeoutException(WebDriverWait.java:79)
	at org.openqa.selenium.support.ui.FluentWait.until(FluentWait.java:228)
	at com.baublebar.pages.TopMenuBarPage.clickShoppingCart(TopMenuBarPage.java:282)
	at com.baublebar.testcases.topmenubar.ShoppingCartTest.ShoppingCartTest(ShoppingCartTest.java:35)
Caused by: org.openqa.selenium.NoSuchElementException: An element could not be located on the page using the given search parameters. (WARNING: The server did not provide any stacktrace information)
Command duration or timeout: 111 milliseconds
For documentation on this error, please visit: http://seleniumhq.org/exceptions/no_such_element.html
Build info: version: &apos;2.43.1&apos;, revision: &apos;5163bce&apos;, time: &apos;2014-09-10 16:27:58&apos;
System info: host: &apos;Maitris-MacBook-Pro.local&apos;, ip: &apos;10.9.20.70&apos;, os.name: &apos;Mac OS X&apos;, os.arch: &apos;x86_64&apos;, os.version: &apos;10.9.5&apos;, java.version: &apos;1.6.0_65&apos;
Session ID: a02099879d3849a2b21bb80fc72d0b65
Driver info: org.openqa.selenium.remote.RemoteWebDriver
Capabilities [{platform=MAC, javascriptEnabled=true, hasMetadata=true, browserName=safari, networkConnectionEnabled=false, desired={platformVersion=8.2, deviceName=iPhone Simulator, platformName=iOS, browserName=safari, proxy={proxyAutoconfigUrl=http://127.0.0.1:19876/pac.js, proxyType=PAC}, webdriver.remote.quietExceptions=true}, locationContextEnabled=false, webdriver.remote.sessionid=a02099879d3849a2b21bb80fc72d0b65, platformVersion=8.2, databaseEnabled=false, platformName=iOS, deviceName=iPhone Simulator, safari=true, proxy={proxyAutoconfigUrl=http://127.0.0.1:19876/pac.js, proxyType=PAC}, webStorageEnabled=false, webdriver.remote.quietExceptions=true, warnings={}, takesScreenshot=true}]
	at org.openqa.selenium.remote.ErrorHandler.createThrowable(ErrorHandler.java:204)
	at org.openqa.selenium.remote.ErrorHandler.throwIfResponseFailed(ErrorHandler.java:156)
	at org.openqa.selenium.remote.RemoteWebDriver.execute(RemoteWebDriver.java:599)
	at org.openqa.selenium.remote.RemoteWebDriver.findElement(RemoteWebDriver.java:352)
	at org.openqa.selenium.remote.RemoteWebDriver.findElementByCssSelector(RemoteWebDriver.java:441)
	at org.openqa.selenium.By$ByCssSelector.findElement(By.java:426)
	at org.openqa.selenium.remote.RemoteWebDriver.findElement(RemoteWebDriver.java:344)
	at org.openqa.selenium.support.pagefactory.DefaultElementLocator.findElement(DefaultElementLocator.java:59)
	at org.openqa.selenium.support.pagefactory.internal.LocatingElementHandler.invoke(LocatingElementHandler.java:37)
	at com.sun.proxy.$Proxy11.isDisplayed(Unknown Source)
	at org.openqa.selenium.support.ui.ExpectedConditions.elementIfVisible(ExpectedConditions.java:227)
	at org.openqa.selenium.support.ui.ExpectedConditions.access$1(ExpectedConditions.java:226)
	at org.openqa.selenium.support.ui.ExpectedConditions$7.apply(ExpectedConditions.java:213)
	at org.openqa.selenium.support.ui.ExpectedConditions$7.apply(ExpectedConditions.java:1)
	at org.openqa.selenium.support.ui.FluentWait.until(FluentWait.java:208)
	... 25 more
... Removed 26 stack frames
</div> <!-- stack-trace -->
                </div> <!-- method-content -->
              </div> <!-- method -->
            </div> <!-- main-panel-content rounded-window-bottom -->
          </div> <!-- suite-Firefox-class-failed -->
          <div class="suite-Firefox-class-failed">
            <div class="main-panel-header rounded-window-top">
              <img src="failed.png"/>
              <span class="class-name">com.baublebar.testcases.topmenubar.LoginTest</span>
            </div> <!-- main-panel-header rounded-window-top -->
            <div class="main-panel-content rounded-window-bottom">
              <div class="method">
                <div class="method-content">
                  <a name="LoginTest({Username=qa@baublebar.com, Password=test123, Runmode=Y})">
                  </a> <!-- LoginTest({Username=qa@baublebar.com, Password=test123, Runmode=Y}) -->
                  <span class="method-name">LoginTest</span>
                  <span class="parameters">({Username=qa@baublebar.com, Password=test123, Runmode=Y})</span>
                  <div class="stack-trace">java.lang.AssertionError: expected [QA] but found []
	at com.baublebar.pages.TopMenuBarPage.doLogin(TopMenuBarPage.java:238)
	at com.baublebar.testcases.topmenubar.LoginTest.LoginTest(LoginTest.java:33)
	at java.util.concurrent.FutureTask$Sync.innerRun(FutureTask.java:303)
	at java.util.concurrent.FutureTask.run(FutureTask.java:138)
	at java.util.concurrent.Executors$RunnableAdapter.call(Executors.java:439)
	at java.util.concurrent.FutureTask$Sync.innerRun(FutureTask.java:303)
	at java.util.concurrent.FutureTask.run(FutureTask.java:138)
	at java.util.concurrent.ThreadPoolExecutor$Worker.runTask(ThreadPoolExecutor.java:895)
	at java.util.concurrent.ThreadPoolExecutor$Worker.run(ThreadPoolExecutor.java:918)
	at java.lang.Thread.run(Thread.java:695)
... Removed 14 stack frames
</div> <!-- stack-trace -->
                </div> <!-- method-content -->
              </div> <!-- method -->
            </div> <!-- main-panel-content rounded-window-bottom -->
          </div> <!-- suite-Firefox-class-failed -->
          <div class="suite-Firefox-class-failed">
            <div class="main-panel-header rounded-window-top">
              <img src="failed.png"/>
              <span class="class-name">com.baublebar.testcases.topmenubar.CreateAccountTest</span>
            </div> <!-- main-panel-header rounded-window-top -->
            <div class="main-panel-content rounded-window-bottom">
              <div class="method">
                <div class="method-content">
                  <a name="createAccTest({Username=automation, Password=add123, Runmode=Y})">
                  </a> <!-- createAccTest({Username=automation, Password=add123, Runmode=Y}) -->
                  <span class="method-name">createAccTest</span>
                  <span class="parameters">({Username=automation, Password=add123, Runmode=Y})</span>
                  <div class="stack-trace">org.openqa.selenium.TimeoutException: Timed out after 30 seconds waiting for element to be clickable: [[RemoteWebDriver: safari on MAC (a02099879d3849a2b21bb80fc72d0b65)] -&gt; xpath: //*[@id=&apos;nav-top-link-login&apos;]/a]
Build info: version: &apos;2.43.1&apos;, revision: &apos;5163bce&apos;, time: &apos;2014-09-10 16:27:58&apos;
System info: host: &apos;Maitris-MacBook-Pro.local&apos;, ip: &apos;10.9.20.70&apos;, os.name: &apos;Mac OS X&apos;, os.arch: &apos;x86_64&apos;, os.version: &apos;10.9.5&apos;, java.version: &apos;1.6.0_65&apos;
Session ID: a02099879d3849a2b21bb80fc72d0b65
Driver info: org.openqa.selenium.remote.RemoteWebDriver
Capabilities [{platform=MAC, javascriptEnabled=true, hasMetadata=true, browserName=safari, networkConnectionEnabled=false, desired={platformVersion=8.2, deviceName=iPhone Simulator, platformName=iOS, browserName=safari, proxy={proxyAutoconfigUrl=http://127.0.0.1:19876/pac.js, proxyType=PAC}, webdriver.remote.quietExceptions=true}, locationContextEnabled=false, webdriver.remote.sessionid=a02099879d3849a2b21bb80fc72d0b65, platformVersion=8.2, databaseEnabled=false, platformName=iOS, deviceName=iPhone Simulator, safari=true, proxy={proxyAutoconfigUrl=http://127.0.0.1:19876/pac.js, proxyType=PAC}, webStorageEnabled=false, webdriver.remote.quietExceptions=true, warnings={}, takesScreenshot=true}]
	at org.openqa.selenium.support.ui.WebDriverWait.timeoutException(WebDriverWait.java:79)
	at org.openqa.selenium.support.ui.FluentWait.until(FluentWait.java:228)
	at com.baublebar.pages.TopMenuBarPage.createAccount(TopMenuBarPage.java:202)
	at com.baublebar.testcases.topmenubar.CreateAccountTest.createAccTest(CreateAccountTest.java:33)
... Removed 23 stack frames
</div> <!-- stack-trace -->
                </div> <!-- method-content -->
              </div> <!-- method -->
            </div> <!-- main-panel-content rounded-window-bottom -->
          </div> <!-- suite-Firefox-class-failed -->
          <div class="suite-Firefox-class-passed">
            <div class="main-panel-header rounded-window-top">
              <img src="passed.png"/>
              <span class="class-name">com.baublebar.testcases.topmenubar.MyAccountOptionsTest</span>
            </div> <!-- main-panel-header rounded-window-top -->
            <div class="main-panel-content rounded-window-bottom">
              <div class="method">
                <div class="method-content">
                  <a name="LoginTest({Options=Dashboard, Runmode=Y})">
                  </a> <!-- LoginTest({Options=Dashboard, Runmode=Y}) -->
                  <span class="method-name">LoginTest</span>
                  <span class="parameters">({Options=Dashboard, Runmode=Y})</span>
                </div> <!-- method-content -->
              </div> <!-- method -->
              <div class="method">
                <div class="method-content">
                  <a name="LoginTest({Options=Vault Points, Runmode=Y})">
                  </a> <!-- LoginTest({Options=Vault Points, Runmode=Y}) -->
                  <span class="method-name">LoginTest</span>
                  <span class="parameters">({Options=Vault Points, Runmode=Y})</span>
                </div> <!-- method-content -->
              </div> <!-- method -->
              <div class="method">
                <div class="method-content">
                  <a name="LoginTest({Options=My Waitlist, Runmode=Y})">
                  </a> <!-- LoginTest({Options=My Waitlist, Runmode=Y}) -->
                  <span class="method-name">LoginTest</span>
                  <span class="parameters">({Options=My Waitlist, Runmode=Y})</span>
                </div> <!-- method-content -->
              </div> <!-- method -->
              <div class="method">
                <div class="method-content">
                  <a name="LoginTest({Options=My Hearts, Runmode=Y})">
                  </a> <!-- LoginTest({Options=My Hearts, Runmode=Y}) -->
                  <span class="method-name">LoginTest</span>
                  <span class="parameters">({Options=My Hearts, Runmode=Y})</span>
                </div> <!-- method-content -->
              </div> <!-- method -->
            </div> <!-- main-panel-content rounded-window-bottom -->
          </div> <!-- suite-Firefox-class-passed -->
          <div class="suite-Firefox-class-passed">
            <div class="main-panel-header rounded-window-top">
              <img src="passed.png"/>
              <span class="class-name">com.baublebar.testcases.LoadBaublebarTest</span>
            </div> <!-- main-panel-header rounded-window-top -->
            <div class="main-panel-content rounded-window-bottom">
              <div class="method">
                <div class="method-content">
                  <a name="loadBaublebar">
                  </a> <!-- loadBaublebar -->
                  <span class="method-name">loadBaublebar</span>
                </div> <!-- method-content -->
              </div> <!-- method -->
            </div> <!-- main-panel-content rounded-window-bottom -->
          </div> <!-- suite-Firefox-class-passed -->
          <div class="suite-Firefox-class-passed">
            <div class="main-panel-header rounded-window-top">
              <img src="passed.png"/>
              <span class="class-name">com.baublebar.testcases.mainnavigationbar.MainNavigationBarTest</span>
            </div> <!-- main-panel-header rounded-window-top -->
            <div class="main-panel-content rounded-window-bottom">
              <div class="method">
                <div class="method-content">
                  <a name="MainNavigationBarTest({Runmode=Y, CategoryName=Earrings})">
                  </a> <!-- MainNavigationBarTest({Runmode=Y, CategoryName=Earrings}) -->
                  <span class="method-name">MainNavigationBarTest</span>
                  <span class="parameters">({Runmode=Y, CategoryName=Earrings})</span>
                </div> <!-- method-content -->
              </div> <!-- method -->
              <div class="method">
                <div class="method-content">
                  <a name="MainNavigationBarTest({Runmode=Y, CategoryName=Rings})">
                  </a> <!-- MainNavigationBarTest({Runmode=Y, CategoryName=Rings}) -->
                  <span class="method-name">MainNavigationBarTest</span>
                  <span class="parameters">({Runmode=Y, CategoryName=Rings})</span>
                </div> <!-- method-content -->
              </div> <!-- method -->
              <div class="method">
                <div class="method-content">
                  <a name="MainNavigationBarTest({Runmode=Y, CategoryName=Minibar})">
                  </a> <!-- MainNavigationBarTest({Runmode=Y, CategoryName=Minibar}) -->
                  <span class="method-name">MainNavigationBarTest</span>
                  <span class="parameters">({Runmode=Y, CategoryName=Minibar})</span>
                </div> <!-- method-content -->
              </div> <!-- method -->
              <div class="method">
                <div class="method-content">
                  <a name="MainNavigationBarTest({Runmode=Y, CategoryName=Bracelets})">
                  </a> <!-- MainNavigationBarTest({Runmode=Y, CategoryName=Bracelets}) -->
                  <span class="method-name">MainNavigationBarTest</span>
                  <span class="parameters">({Runmode=Y, CategoryName=Bracelets})</span>
                </div> <!-- method-content -->
              </div> <!-- method -->
              <div class="method">
                <div class="method-content">
                  <a name="MainNavigationBarTest({Runmode=Y, CategoryName=Necklaces})">
                  </a> <!-- MainNavigationBarTest({Runmode=Y, CategoryName=Necklaces}) -->
                  <span class="method-name">MainNavigationBarTest</span>
                  <span class="parameters">({Runmode=Y, CategoryName=Necklaces})</span>
                </div> <!-- method-content -->
              </div> <!-- method -->
              <div class="method">
                <div class="method-content">
                  <a name="MainNavigationBarTest({Runmode=Y, CategoryName=Guest})">
                  </a> <!-- MainNavigationBarTest({Runmode=Y, CategoryName=Guest}) -->
                  <span class="method-name">MainNavigationBarTest</span>
                  <span class="parameters">({Runmode=Y, CategoryName=Guest})</span>
                </div> <!-- method-content -->
              </div> <!-- method -->
              <div class="method">
                <div class="method-content">
                  <a name="MainNavigationBarTest({Runmode=Y, CategoryName=Personalized})">
                  </a> <!-- MainNavigationBarTest({Runmode=Y, CategoryName=Personalized}) -->
                  <span class="method-name">MainNavigationBarTest</span>
                  <span class="parameters">({Runmode=Y, CategoryName=Personalized})</span>
                </div> <!-- method-content -->
              </div> <!-- method -->
              <div class="method">
                <div class="method-content">
                  <a name="MainNavigationBarTest({Runmode=Y, CategoryName=What’s New})">
                  </a> <!-- MainNavigationBarTest({Runmode=Y, CategoryName=What’s New}) -->
                  <span class="method-name">MainNavigationBarTest</span>
                  <span class="parameters">({Runmode=Y, CategoryName=What’s New})</span>
                </div> <!-- method-content -->
              </div> <!-- method -->
            </div> <!-- main-panel-content rounded-window-bottom -->
          </div> <!-- suite-Firefox-class-passed -->
        </div> <!-- panel Firefox -->
        <div panel-name="test-xml-Firefox" class="panel">
          <div class="main-panel-header rounded-window-top">
            <span class="header-content">/Users/maitriacharya/Automation/BaublebarTest/Suite2.xml</span>
          </div> <!-- main-panel-header rounded-window-top -->
          <div class="main-panel-content rounded-window-bottom">
            <pre>
&lt;?xml version=&quot;1.0&quot; encoding=&quot;UTF-8&quot;?&gt;
&lt;!DOCTYPE suite SYSTEM &quot;http://testng.org/testng-1.0.dtd&quot;&gt;
&lt;suite name=&quot;Firefox&quot;&gt;
  &lt;parameter name=&quot;platform&quot; value=&quot;WIN8_1&quot;/&gt;
  &lt;parameter name=&quot;browser&quot; value=&quot;FIREFOX&quot;/&gt;
  &lt;parameter name=&quot;version&quot; value=&quot;35&quot;/&gt;
  &lt;test name=&quot;LoadBaublebarTest&quot;&gt;
    &lt;classes&gt;
      &lt;class name=&quot;com.baublebar.testcases.LoadBaublebarTest&quot;/&gt;
    &lt;/classes&gt;
  &lt;/test&gt; &lt;!-- LoadBaublebarTest --&gt;
  &lt;test name=&quot;MainNavigationBarTest&quot;&gt;
    &lt;classes&gt;
      &lt;class name=&quot;com.baublebar.testcases.mainnavigationbar.MainNavigationBarTest&quot;/&gt;
    &lt;/classes&gt;
  &lt;/test&gt; &lt;!-- MainNavigationBarTest --&gt;
  &lt;test name=&quot;PlaceOrderNewUserTest&quot;&gt;
    &lt;classes&gt;
      &lt;class name=&quot;com.baublebar.testcases.shoppingcart.PlaceOrderNewUserTest&quot;/&gt;
    &lt;/classes&gt;
  &lt;/test&gt; &lt;!-- PlaceOrderNewUserTest --&gt;
  &lt;test name=&quot;PlaceOrderTest&quot;&gt;
    &lt;classes&gt;
      &lt;class name=&quot;com.baublebar.testcases.shoppingcart.PlaceOrderTest&quot;/&gt;
    &lt;/classes&gt;
  &lt;/test&gt; &lt;!-- PlaceOrderTest --&gt;
  &lt;test name=&quot;SignupForDiscountTest&quot;&gt;
    &lt;classes&gt;
      &lt;class name=&quot;com.baublebar.testcases.topmenubar.SignupForDiscountTest&quot;/&gt;
    &lt;/classes&gt;
  &lt;/test&gt; &lt;!-- SignupForDiscountTest --&gt;
  &lt;test name=&quot;ShoppingCartTest&quot;&gt;
    &lt;classes&gt;
      &lt;class name=&quot;com.baublebar.testcases.topmenubar.ShoppingCartTest&quot;/&gt;
    &lt;/classes&gt;
  &lt;/test&gt; &lt;!-- ShoppingCartTest --&gt;
  &lt;test name=&quot;LoginTest&quot;&gt;
    &lt;classes&gt;
      &lt;class name=&quot;com.baublebar.testcases.topmenubar.LoginTest&quot;/&gt;
    &lt;/classes&gt;
  &lt;/test&gt; &lt;!-- LoginTest --&gt;
  &lt;test name=&quot;MyAccountOptionsTest&quot;&gt;
    &lt;classes&gt;
      &lt;class name=&quot;com.baublebar.testcases.topmenubar.MyAccountOptionsTest&quot;/&gt;
    &lt;/classes&gt;
  &lt;/test&gt; &lt;!-- MyAccountOptionsTest --&gt;
  &lt;test name=&quot;LogoutTest&quot;&gt;
    &lt;classes&gt;
      &lt;class name=&quot;com.baublebar.testcases.topmenubar.LogoutTest&quot;/&gt;
    &lt;/classes&gt;
  &lt;/test&gt; &lt;!-- LogoutTest --&gt;
  &lt;test name=&quot;ContactusTest&quot;&gt;
    &lt;classes&gt;
      &lt;class name=&quot;com.baublebar.testcases.topmenubar.ContactusTest&quot;/&gt;
    &lt;/classes&gt;
  &lt;/test&gt; &lt;!-- ContactusTest --&gt;
  &lt;test name=&quot;VisitusTest&quot;&gt;
    &lt;classes&gt;
      &lt;class name=&quot;com.baublebar.testcases.topmenubar.VisitusTest&quot;/&gt;
    &lt;/classes&gt;
  &lt;/test&gt; &lt;!-- VisitusTest --&gt;
  &lt;test name=&quot;CreateAccountTest&quot;&gt;
    &lt;classes&gt;
      &lt;class name=&quot;com.baublebar.testcases.topmenubar.CreateAccountTest&quot;/&gt;
    &lt;/classes&gt;
  &lt;/test&gt; &lt;!-- CreateAccountTest --&gt;
&lt;/suite&gt; &lt;!-- Firefox --&gt;
            </pre>
          </div> <!-- main-panel-content rounded-window-bottom -->
        </div> <!-- panel -->
        <div panel-name="testlist-Firefox" class="panel">
          <div class="main-panel-header rounded-window-top">
            <span class="header-content">Tests for Firefox</span>
          </div> <!-- main-panel-header rounded-window-top -->
          <div class="main-panel-content rounded-window-bottom">
            <ul>
              <li>
                <span class="test-name">LoadBaublebarTest (1 class)</span>
              </li>
              <li>
                <span class="test-name">MainNavigationBarTest (1 class)</span>
              </li>
              <li>
                <span class="test-name">PlaceOrderNewUserTest (1 class)</span>
              </li>
              <li>
                <span class="test-name">PlaceOrderTest (1 class)</span>
              </li>
              <li>
                <span class="test-name">SignupForDiscountTest (1 class)</span>
              </li>
              <li>
                <span class="test-name">ShoppingCartTest (1 class)</span>
              </li>
              <li>
                <span class="test-name">LoginTest (1 class)</span>
              </li>
              <li>
                <span class="test-name">MyAccountOptionsTest (1 class)</span>
              </li>
              <li>
                <span class="test-name">LogoutTest (1 class)</span>
              </li>
              <li>
                <span class="test-name">ContactusTest (1 class)</span>
              </li>
              <li>
                <span class="test-name">VisitusTest (1 class)</span>
              </li>
              <li>
                <span class="test-name">CreateAccountTest (1 class)</span>
              </li>
            </ul>
          </div> <!-- main-panel-content rounded-window-bottom -->
        </div> <!-- panel -->
        <div panel-name="group-Firefox" class="panel">
          <div class="main-panel-header rounded-window-top">
            <span class="header-content">Groups for Firefox</span>
          </div> <!-- main-panel-header rounded-window-top -->
          <div class="main-panel-content rounded-window-bottom">
          </div> <!-- main-panel-content rounded-window-bottom -->
        </div> <!-- panel -->
        <div panel-name="times-Firefox" class="panel">
          <div class="main-panel-header rounded-window-top">
            <span class="header-content">Times for Firefox</span>
          </div> <!-- main-panel-header rounded-window-top -->
          <div class="main-panel-content rounded-window-bottom">
            <div class="times-div">
              <script type="text/javascript">
suiteTableInitFunctions.push('tableData_Firefox');
function tableData_Firefox() {
var data = new google.visualization.DataTable();
data.addColumn('number', 'Number');
data.addColumn('string', 'Method');
data.addColumn('string', 'Class');
data.addColumn('number', 'Time (ms)');
data.addRows(23);
data.setCell(0, 0, 0)
data.setCell(0, 1, 'signupForDiscountTest')
data.setCell(0, 2, 'com.baublebar.testcases.topmenubar.SignupForDiscountTest')
data.setCell(0, 3, 95391);
data.setCell(1, 0, 1)
data.setCell(1, 1, 'PlaceOrderTest')
data.setCell(1, 2, 'com.baublebar.testcases.shoppingcart.PlaceOrderTest')
data.setCell(1, 3, 66394);
data.setCell(2, 0, 2)
data.setCell(2, 1, 'ShoppingCartTest')
data.setCell(2, 2, 'com.baublebar.testcases.topmenubar.ShoppingCartTest')
data.setCell(2, 3, 61917);
data.setCell(3, 0, 3)
data.setCell(3, 1, 'PlaceOrderTest')
data.setCell(3, 2, 'com.baublebar.testcases.shoppingcart.PlaceOrderNewUserTest')
data.setCell(3, 3, 39992);
data.setCell(4, 0, 4)
data.setCell(4, 1, 'LocationsTest')
data.setCell(4, 2, 'com.baublebar.testcases.topmenubar.VisitusTest')
data.setCell(4, 3, 30745);
data.setCell(5, 0, 5)
data.setCell(5, 1, 'createAccTest')
data.setCell(5, 2, 'com.baublebar.testcases.topmenubar.CreateAccountTest')
data.setCell(5, 3, 30702);
data.setCell(6, 0, 6)
data.setCell(6, 1, 'LogoutTest')
data.setCell(6, 2, 'com.baublebar.testcases.topmenubar.LogoutTest')
data.setCell(6, 3, 30623);
data.setCell(7, 0, 7)
data.setCell(7, 1, 'contactusTest')
data.setCell(7, 2, 'com.baublebar.testcases.topmenubar.ContactusTest')
data.setCell(7, 3, 30200);
data.setCell(8, 0, 8)
data.setCell(8, 1, 'loadBaublebar')
data.setCell(8, 2, 'com.baublebar.testcases.LoadBaublebarTest')
data.setCell(8, 3, 17303);
data.setCell(9, 0, 9)
data.setCell(9, 1, 'LoginTest')
data.setCell(9, 2, 'com.baublebar.testcases.topmenubar.MyAccountOptionsTest')
data.setCell(9, 3, 16297);
data.setCell(10, 0, 10)
data.setCell(10, 1, 'LoginTest')
data.setCell(10, 2, 'com.baublebar.testcases.topmenubar.MyAccountOptionsTest')
data.setCell(10, 3, 11596);
data.setCell(11, 0, 11)
data.setCell(11, 1, 'LoginTest')
data.setCell(11, 2, 'com.baublebar.testcases.topmenubar.MyAccountOptionsTest')
data.setCell(11, 3, 11545);
data.setCell(12, 0, 12)
data.setCell(12, 1, 'LoginTest')
data.setCell(12, 2, 'com.baublebar.testcases.topmenubar.MyAccountOptionsTest')
data.setCell(12, 3, 8775);
data.setCell(13, 0, 13)
data.setCell(13, 1, 'LoginTest')
data.setCell(13, 2, 'com.baublebar.testcases.topmenubar.LoginTest')
data.setCell(13, 3, 7451);
data.setCell(14, 0, 14)
data.setCell(14, 1, 'LoginTest')
data.setCell(14, 2, 'com.baublebar.testcases.topmenubar.MyAccountOptionsTest')
data.setCell(14, 3, 5662);
data.setCell(15, 0, 15)
data.setCell(15, 1, 'MainNavigationBarTest')
data.setCell(15, 2, 'com.baublebar.testcases.mainnavigationbar.MainNavigationBarTest')
data.setCell(15, 3, 2805);
data.setCell(16, 0, 16)
data.setCell(16, 1, 'MainNavigationBarTest')
data.setCell(16, 2, 'com.baublebar.testcases.mainnavigationbar.MainNavigationBarTest')
data.setCell(16, 3, 2424);
data.setCell(17, 0, 17)
data.setCell(17, 1, 'MainNavigationBarTest')
data.setCell(17, 2, 'com.baublebar.testcases.mainnavigationbar.MainNavigationBarTest')
data.setCell(17, 3, 2337);
data.setCell(18, 0, 18)
data.setCell(18, 1, 'MainNavigationBarTest')
data.setCell(18, 2, 'com.baublebar.testcases.mainnavigationbar.MainNavigationBarTest')
data.setCell(18, 3, 2075);
data.setCell(19, 0, 19)
data.setCell(19, 1, 'MainNavigationBarTest')
data.setCell(19, 2, 'com.baublebar.testcases.mainnavigationbar.MainNavigationBarTest')
data.setCell(19, 3, 2039);
data.setCell(20, 0, 20)
data.setCell(20, 1, 'MainNavigationBarTest')
data.setCell(20, 2, 'com.baublebar.testcases.mainnavigationbar.MainNavigationBarTest')
data.setCell(20, 3, 2019);
data.setCell(21, 0, 21)
data.setCell(21, 1, 'MainNavigationBarTest')
data.setCell(21, 2, 'com.baublebar.testcases.mainnavigationbar.MainNavigationBarTest')
data.setCell(21, 3, 2017);
data.setCell(22, 0, 22)
data.setCell(22, 1, 'MainNavigationBarTest')
data.setCell(22, 2, 'com.baublebar.testcases.mainnavigationbar.MainNavigationBarTest')
data.setCell(22, 3, 2016);
window.suiteTableData['Firefox']= { tableData: data, tableDiv: 'times-div-Firefox'}
return data;
}
              </script>
              <span class="suite-total-time">Total running time: 8 minutes</span>
              <div id="times-div-Firefox">
              </div> <!-- times-div-Firefox -->
            </div> <!-- times-div -->
          </div> <!-- main-panel-content rounded-window-bottom -->
        </div> <!-- panel -->
        <div panel-name="reporter-Firefox" class="panel">
          <div class="main-panel-header rounded-window-top">
            <span class="header-content">Reporter output for Firefox</span>
          </div> <!-- main-panel-header rounded-window-top -->
          <div class="main-panel-content rounded-window-bottom">
          </div> <!-- main-panel-content rounded-window-bottom -->
        </div> <!-- panel -->
        <div panel-name="ignored-methods-Firefox" class="panel">
          <div class="main-panel-header rounded-window-top">
            <span class="header-content">0 ignored methods</span>
          </div> <!-- main-panel-header rounded-window-top -->
          <div class="main-panel-content rounded-window-bottom">
          </div> <!-- main-panel-content rounded-window-bottom -->
        </div> <!-- panel -->
        <div panel-name="chronological-Firefox" class="panel">
          <div class="main-panel-header rounded-window-top">
            <span class="header-content">Methods in chronological order</span>
          </div> <!-- main-panel-header rounded-window-top -->
          <div class="main-panel-content rounded-window-bottom">
            <div class="chronological-class">
              <div class="chronological-class-name">com.baublebar.testcases.LoadBaublebarTest</div> <!-- chronological-class-name -->
              <div class="configuration-suite before">
                <span class="method-name">setupDesireCapabilities(FIREFOX, WIN8_1, 35)</span>
                <span class="method-start">0 ms</span>
              </div> <!-- configuration-suite before -->
              <div class="test-method">
                <span class="method-name">loadBaublebar</span>
                <span class="method-start">148537 ms</span>
              </div> <!-- test-method -->
              <div class="configuration-method after">
                <span class="method-name">updateSauceTestName([TestResult name=loadBaublebar status=SUCCESS method=LoadBaublebarTest.loadBaublebar()[pri:0, instan...)</span>
                <span class="method-start">165840 ms</span>
              </div> <!-- configuration-method after -->
            </div> <!-- chronological-class -->
            <div class="chronological-class">
              <div class="chronological-class-name">com.baublebar.testcases.mainnavigationbar.MainNavigationBarTest</div> <!-- chronological-class-name -->
              <div class="test-method">
                <span class="method-name">MainNavigationBarTest({Runmode=Y, CategoryName=What’s New})</span>
                <span class="method-start">166259 ms</span>
              </div> <!-- test-method -->
              <div class="configuration-method after">
                <span class="method-name">updateSauceTestName([TestResult name=MainNavigationBarTest status=SUCCESS method=MainNavigationBarTest.MainNavigationBar...)</span>
                <span class="method-start">168596 ms</span>
              </div> <!-- configuration-method after -->
              <div class="test-method">
                <span class="method-name">MainNavigationBarTest({Runmode=Y, CategoryName=Necklaces})</span>
                <span class="method-start">168942 ms</span>
              </div> <!-- test-method -->
              <div class="configuration-method after">
                <span class="method-name">updateSauceTestName([TestResult name=MainNavigationBarTest status=SUCCESS method=MainNavigationBarTest.MainNavigationBar...)</span>
                <span class="method-start">170959 ms</span>
              </div> <!-- configuration-method after -->
              <div class="test-method">
                <span class="method-name">MainNavigationBarTest({Runmode=Y, CategoryName=Bracelets})</span>
                <span class="method-start">171718 ms</span>
              </div> <!-- test-method -->
              <div class="configuration-method after">
                <span class="method-name">updateSauceTestName([TestResult name=MainNavigationBarTest status=SUCCESS method=MainNavigationBarTest.MainNavigationBar...)</span>
                <span class="method-start">173757 ms</span>
              </div> <!-- configuration-method after -->
              <div class="test-method">
                <span class="method-name">MainNavigationBarTest({Runmode=Y, CategoryName=Earrings})</span>
                <span class="method-start">174133 ms</span>
              </div> <!-- test-method -->
              <div class="configuration-method after">
                <span class="method-name">updateSauceTestName([TestResult name=MainNavigationBarTest status=SUCCESS method=MainNavigationBarTest.MainNavigationBar...)</span>
                <span class="method-start">176149 ms</span>
              </div> <!-- configuration-method after -->
              <div class="test-method">
                <span class="method-name">MainNavigationBarTest({Runmode=Y, CategoryName=Rings})</span>
                <span class="method-start">176579 ms</span>
              </div> <!-- test-method -->
              <div class="configuration-method after">
                <span class="method-name">updateSauceTestName([TestResult name=MainNavigationBarTest status=SUCCESS method=MainNavigationBarTest.MainNavigationBar...)</span>
                <span class="method-start">178654 ms</span>
              </div> <!-- configuration-method after -->
              <div class="test-method">
                <span class="method-name">MainNavigationBarTest({Runmode=Y, CategoryName=Personalized})</span>
                <span class="method-start">179327 ms</span>
              </div> <!-- test-method -->
              <div class="configuration-method after">
                <span class="method-name">updateSauceTestName([TestResult name=MainNavigationBarTest status=SUCCESS method=MainNavigationBarTest.MainNavigationBar...)</span>
                <span class="method-start">181346 ms</span>
              </div> <!-- configuration-method after -->
              <div class="test-method">
                <span class="method-name">MainNavigationBarTest({Runmode=Y, CategoryName=Guest})</span>
                <span class="method-start">181643 ms</span>
              </div> <!-- test-method -->
              <div class="configuration-method after">
                <span class="method-name">updateSauceTestName([TestResult name=MainNavigationBarTest status=SUCCESS method=MainNavigationBarTest.MainNavigationBar...)</span>
                <span class="method-start">184067 ms</span>
              </div> <!-- configuration-method after -->
              <div class="test-method">
                <span class="method-name">MainNavigationBarTest({Runmode=Y, CategoryName=Minibar})</span>
                <span class="method-start">184604 ms</span>
              </div> <!-- test-method -->
              <div class="configuration-method after">
                <span class="method-name">updateSauceTestName([TestResult name=MainNavigationBarTest status=SUCCESS method=MainNavigationBarTest.MainNavigationBar...)</span>
                <span class="method-start">187409 ms</span>
              </div> <!-- configuration-method after -->
            </div> <!-- chronological-class -->
            <div class="chronological-class">
              <div class="chronological-class-name">com.baublebar.testcases.shoppingcart.PlaceOrderNewUserTest</div> <!-- chronological-class-name -->
              <div class="test-method">
                <img src="failed.png">
                </img>
                <span class="method-name">PlaceOrderTest({Zip=7890, ProductName=ice-dog-tag-layered-pendant-necklace, Runmode=Y, Phone=100-100-1000, Street=7...)</span>
                <span class="method-start">187608 ms</span>
              </div> <!-- test-method -->
              <div class="configuration-method after">
                <span class="method-name">updateSauceTestName([TestResult name=PlaceOrderTest status=FAILURE method=PlaceOrderNewUserTest.PlaceOrderTest(java.util...)</span>
                <span class="method-start">227600 ms</span>
              </div> <!-- configuration-method after -->
            </div> <!-- chronological-class -->
            <div class="chronological-class">
              <div class="chronological-class-name">com.baublebar.testcases.shoppingcart.PlaceOrderTest</div> <!-- chronological-class-name -->
              <div class="test-method">
                <img src="failed.png">
                </img>
                <span class="method-name">PlaceOrderTest({Runmode=Y, ProductName=ice-dog-tag-layered-pendant-necklace})</span>
                <span class="method-start">228214 ms</span>
              </div> <!-- test-method -->
              <div class="configuration-method after">
                <span class="method-name">updateSauceTestName([TestResult name=PlaceOrderTest status=FAILURE method=PlaceOrderTest.PlaceOrderTest(java.util.Hashta...)</span>
                <span class="method-start">294608 ms</span>
              </div> <!-- configuration-method after -->
            </div> <!-- chronological-class -->
            <div class="chronological-class">
              <div class="chronological-class-name">com.baublebar.testcases.topmenubar.SignupForDiscountTest</div> <!-- chronological-class-name -->
              <div class="test-method">
                <img src="failed.png">
                </img>
                <span class="method-name">signupForDiscountTest({Runmode=Y, DiscountEmail=cmaitri@yahoo.com})</span>
                <span class="method-start">294886 ms</span>
              </div> <!-- test-method -->
              <div class="configuration-method after">
                <span class="method-name">updateSauceTestName([TestResult name=signupForDiscountTest status=FAILURE method=SignupForDiscountTest.signupForDiscount...)</span>
                <span class="method-start">390278 ms</span>
              </div> <!-- configuration-method after -->
            </div> <!-- chronological-class -->
            <div class="chronological-class">
              <div class="chronological-class-name">com.baublebar.testcases.topmenubar.ShoppingCartTest</div> <!-- chronological-class-name -->
              <div class="test-method">
                <img src="failed.png">
                </img>
                <span class="method-name">ShoppingCartTest({Runmode=Y})</span>
                <span class="method-start">390651 ms</span>
              </div> <!-- test-method -->
              <div class="configuration-method after">
                <span class="method-name">updateSauceTestName([TestResult name=ShoppingCartTest status=FAILURE method=ShoppingCartTest.ShoppingCartTest(java.util....)</span>
                <span class="method-start">452568 ms</span>
              </div> <!-- configuration-method after -->
            </div> <!-- chronological-class -->
            <div class="chronological-class">
              <div class="chronological-class-name">com.baublebar.testcases.topmenubar.LoginTest</div> <!-- chronological-class-name -->
              <div class="test-method">
                <img src="failed.png">
                </img>
                <span class="method-name">LoginTest({Username=qa@baublebar.com, Password=test123, Runmode=Y})</span>
                <span class="method-start">453322 ms</span>
              </div> <!-- test-method -->
              <div class="configuration-method after">
                <span class="method-name">updateSauceTestName([TestResult name=LoginTest status=FAILURE method=LoginTest.LoginTest(java.util.Hashtable)[pri:0, ins...)</span>
                <span class="method-start">460773 ms</span>
              </div> <!-- configuration-method after -->
            </div> <!-- chronological-class -->
            <div class="chronological-class">
              <div class="chronological-class-name">com.baublebar.testcases.topmenubar.MyAccountOptionsTest</div> <!-- chronological-class-name -->
              <div class="test-method">
                <span class="method-name">LoginTest({Options=Dashboard, Runmode=Y})</span>
                <span class="method-start">461049 ms</span>
              </div> <!-- test-method -->
              <div class="configuration-method after">
                <span class="method-name">updateSauceTestName([TestResult name=LoginTest status=SUCCESS method=MyAccountOptionsTest.LoginTest(java.util.Hashtable)...)</span>
                <span class="method-start">472594 ms</span>
              </div> <!-- configuration-method after -->
              <div class="test-method">
                <span class="method-name">LoginTest({Options=My Hearts, Runmode=Y})</span>
                <span class="method-start">473145 ms</span>
              </div> <!-- test-method -->
              <div class="configuration-method after">
                <span class="method-name">updateSauceTestName([TestResult name=LoginTest status=SUCCESS method=MyAccountOptionsTest.LoginTest(java.util.Hashtable)...)</span>
                <span class="method-start">484741 ms</span>
              </div> <!-- configuration-method after -->
              <div class="test-method">
                <span class="method-name">LoginTest({Options=My Waitlist, Runmode=Y})</span>
                <span class="method-start">485386 ms</span>
              </div> <!-- test-method -->
              <div class="configuration-method after">
                <span class="method-name">updateSauceTestName([TestResult name=LoginTest status=SUCCESS method=MyAccountOptionsTest.LoginTest(java.util.Hashtable)...)</span>
                <span class="method-start">494161 ms</span>
              </div> <!-- configuration-method after -->
              <div class="test-method">
                <span class="method-name">LoginTest({Options=Vault Points, Runmode=Y})</span>
                <span class="method-start">494444 ms</span>
              </div> <!-- test-method -->
              <div class="configuration-method after">
                <span class="method-name">updateSauceTestName([TestResult name=LoginTest status=SUCCESS method=MyAccountOptionsTest.LoginTest(java.util.Hashtable)...)</span>
                <span class="method-start">510741 ms</span>
              </div> <!-- configuration-method after -->
              <div class="test-method">
                <img src="failed.png">
                </img>
                <span class="method-name">LoginTest({Options=Invite Friends, Runmode=Y})</span>
                <span class="method-start">512139 ms</span>
              </div> <!-- test-method -->
              <div class="configuration-method after">
                <span class="method-name">updateSauceTestName([TestResult name=LoginTest status=FAILURE method=MyAccountOptionsTest.LoginTest(java.util.Hashtable)...)</span>
                <span class="method-start">517801 ms</span>
              </div> <!-- configuration-method after -->
            </div> <!-- chronological-class -->
            <div class="chronological-class">
              <div class="chronological-class-name">com.baublebar.testcases.topmenubar.LogoutTest</div> <!-- chronological-class-name -->
              <div class="test-method">
                <img src="failed.png">
                </img>
                <span class="method-name">LogoutTest({Runmode=Y})</span>
                <span class="method-start">518144 ms</span>
              </div> <!-- test-method -->
              <div class="configuration-method after">
                <span class="method-name">updateSauceTestName([TestResult name=LogoutTest status=FAILURE method=LogoutTest.LogoutTest(java.util.Hashtable)[pri:0, ...)</span>
                <span class="method-start">548767 ms</span>
              </div> <!-- configuration-method after -->
            </div> <!-- chronological-class -->
            <div class="chronological-class">
              <div class="chronological-class-name">com.baublebar.testcases.topmenubar.ContactusTest</div> <!-- chronological-class-name -->
              <div class="test-method">
                <img src="failed.png">
                </img>
                <span class="method-name">contactusTest({Runmode=Y})</span>
                <span class="method-start">549276 ms</span>
              </div> <!-- test-method -->
              <div class="configuration-method after">
                <span class="method-name">updateSauceTestName([TestResult name=contactusTest status=FAILURE method=ContactusTest.contactusTest(java.util.Hashtable...)</span>
                <span class="method-start">579476 ms</span>
              </div> <!-- configuration-method after -->
            </div> <!-- chronological-class -->
            <div class="chronological-class">
              <div class="chronological-class-name">com.baublebar.testcases.topmenubar.VisitusTest</div> <!-- chronological-class-name -->
              <div class="test-method">
                <img src="failed.png">
                </img>
                <span class="method-name">LocationsTest({Runmode=Y})</span>
                <span class="method-start">586176 ms</span>
              </div> <!-- test-method -->
              <div class="configuration-method after">
                <span class="method-name">updateSauceTestName([TestResult name=LocationsTest status=FAILURE method=VisitusTest.LocationsTest(java.util.Hashtable)[...)</span>
                <span class="method-start">616921 ms</span>
              </div> <!-- configuration-method after -->
            </div> <!-- chronological-class -->
            <div class="chronological-class">
              <div class="chronological-class-name">com.baublebar.testcases.topmenubar.CreateAccountTest</div> <!-- chronological-class-name -->
              <div class="test-method">
                <img src="failed.png">
                </img>
                <span class="method-name">createAccTest({Username=automation, Password=add123, Runmode=Y})</span>
                <span class="method-start">617362 ms</span>
              </div> <!-- test-method -->
              <div class="configuration-method after">
                <span class="method-name">updateSauceTestName([TestResult name=createAccTest status=FAILURE method=CreateAccountTest.createAccTest(java.util.Hasht...)</span>
                <span class="method-start">648064 ms</span>
              </div> <!-- configuration-method after -->
              <div class="configuration-suite after">
                <span class="method-name">quitDriver</span>
                <span class="method-start">648731 ms</span>
              </div> <!-- configuration-suite after -->
          </div> <!-- main-panel-content rounded-window-bottom -->
        </div> <!-- panel -->
      </div> <!-- main-panel-root -->
    </div> <!-- wrapper -->
  </body>
</html>
