<?xml version="1.0" encoding="UTF-8"?>
<testng-results skipped="0" failed="1" total="1" passed="0">
  <reporter-output>
  </reporter-output>
  <suite name="Firefox" duration-ms="43093" started-at="2015-04-24T14:13:17Z" finished-at="2015-04-24T14:14:00Z">
    <groups>
    </groups>
    <test name="LoadBaublebarTest" duration-ms="43093" started-at="2015-04-24T14:13:17Z" finished-at="2015-04-24T14:14:00Z">
      <class name="com.baublebar.testcases.LoadBaublebarTest">
        <test-method status="PASS" signature="setupDesireCapabilities(java.lang.String, org.openqa.selenium.Platform, java.lang.String)[pri:0, instance:com.baublebar.testcases.LoadBaublebarTest@69c60260]" name="setupDesireCapabilities" is-config="true" duration-ms="9447" started-at="2015-04-24T10:13:08Z" finished-at="2015-04-24T10:13:17Z">
          <params>
            <param index="0">
              <value>
                <![CDATA[FIREFOX]]>
              </value>
            </param>
            <param index="1">
              <value>
                <![CDATA[WIN8_1]]>
              </value>
            </param>
            <param index="2">
              <value>
                <![CDATA[35]]>
              </value>
            </param>
          </params>
          <reporter-output>
          </reporter-output>
        </test-method> <!-- setupDesireCapabilities -->
        <test-method status="FAIL" signature="loadBaublebar()[pri:0, instance:com.baublebar.testcases.LoadBaublebarTest@69c60260]" name="loadBaublebar" duration-ms="42617" started-at="2015-04-24T10:13:17Z" finished-at="2015-04-24T10:14:00Z">
          <exception class="org.junit.ComparisonFailure">
            <message>
              <![CDATA[expected:<[The Final Say in Fashion Jewelry | BaubleBar]> but was:<[Problem loading page]>]]>
            </message>
            <full-stacktrace>
              <![CDATA[org.junit.ComparisonFailure: expected:<[The Final Say in Fashion Jewelry | BaubleBar]> but was:<[Problem loading page]>
	at org.junit.Assert.assertEquals(Assert.java:115)
	at org.junit.Assert.assertEquals(Assert.java:144)
	at com.baublebar.pages.BaublebarPage.loadBaublebar(BaublebarPage.java:176)
	at com.baublebar.testcases.LoadBaublebarTest.loadBaublebar(LoadBaublebarTest.java:56)
	at sun.reflect.NativeMethodAccessorImpl.invoke0(Native Method)
	at sun.reflect.NativeMethodAccessorImpl.invoke(NativeMethodAccessorImpl.java:57)
	at sun.reflect.DelegatingMethodAccessorImpl.invoke(DelegatingMethodAccessorImpl.java:43)
	at java.lang.reflect.Method.invoke(Method.java:606)
	at org.testng.internal.MethodInvocationHelper.invokeMethod(MethodInvocationHelper.java:84)
	at org.testng.internal.Invoker.invokeMethod(Invoker.java:714)
	at org.testng.internal.Invoker.invokeTestMethod(Invoker.java:901)
	at org.testng.internal.Invoker.invokeTestMethods(Invoker.java:1231)
	at org.testng.internal.TestMethodWorker.invokeTestMethods(TestMethodWorker.java:127)
	at org.testng.internal.TestMethodWorker.run(TestMethodWorker.java:111)
	at org.testng.TestRunner.privateRun(TestRunner.java:767)
	at org.testng.TestRunner.run(TestRunner.java:617)
	at org.testng.SuiteRunner.runTest(SuiteRunner.java:334)
	at org.testng.SuiteRunner.runSequentially(SuiteRunner.java:329)
	at org.testng.SuiteRunner.privateRun(SuiteRunner.java:291)
	at org.testng.SuiteRunner.run(SuiteRunner.java:240)
	at org.testng.SuiteRunnerWorker.runSuite(SuiteRunnerWorker.java:52)
	at org.testng.SuiteRunnerWorker.run(SuiteRunnerWorker.java:86)
	at org.testng.TestNG.runSuitesSequentially(TestNG.java:1224)
	at org.testng.TestNG.runSuitesLocally(TestNG.java:1149)
	at org.testng.TestNG.run(TestNG.java:1057)
	at org.testng.TestNG.privateMain(TestNG.java:1364)
	at org.testng.TestNG.main(TestNG.java:1333)
]]>
            </full-stacktrace>
          </exception> <!-- org.junit.ComparisonFailure -->
          <reporter-output>
          </reporter-output>
        </test-method> <!-- loadBaublebar -->
        <test-method status="PASS" signature="updateSauceTestName(org.testng.ITestResult)[pri:0, instance:com.baublebar.testcases.LoadBaublebarTest@69c60260]" name="updateSauceTestName" is-config="true" duration-ms="470" started-at="2015-04-24T10:14:00Z" finished-at="2015-04-24T10:14:00Z">
          <params>
            <param index="0">
              <value>
                <![CDATA[[TestResult name=loadBaublebar status=FAILURE method=LoadBaublebarTest.loadBaublebar()[pri:0, instance:com.baublebar.testcases.LoadBaublebarTest@69c60260] output={null}]]]>
              </value>
            </param>
          </params>
          <reporter-output>
          </reporter-output>
        </test-method> <!-- updateSauceTestName -->
        <test-method status="PASS" signature="quitDriver()[pri:0, instance:com.baublebar.testcases.LoadBaublebarTest@69c60260]" name="quitDriver" is-config="true" duration-ms="178" started-at="2015-04-24T10:14:00Z" finished-at="2015-04-24T10:14:01Z">
          <reporter-output>
          </reporter-output>
        </test-method> <!-- quitDriver -->
      </class> <!-- com.baublebar.testcases.LoadBaublebarTest -->
    </test> <!-- LoadBaublebarTest -->
  </suite> <!-- Firefox -->
</testng-results>
